<?xml version="1.0" encoding="UTF-8" standalone="no"?>
<l7:Bundle xmlns:l7="http://ns.l7tech.com/2010/04/gateway-management">
    <l7:References>
        <l7:Item>
            <l7:Name>circuitbreaker</l7:Name>
            <l7:Id>a658c01021582ea4513e76096705732e</l7:Id>
            <l7:Type>FOLDER</l7:Type>
            <l7:TimeStamp>2017-08-30T15:26:06.793-07:00</l7:TimeStamp>
            <l7:Link rel="self" uri="https://10.7.39.164:9443/restman/1.0/folders/a658c01021582ea4513e76096705732e"/>
            <l7:Resource>
                <l7:Folder folderId="0000000000000000ffffffffffffec76" id="a658c01021582ea4513e76096705732e" version="0">
                    <l7:Name>circuitbreaker</l7:Name>
                </l7:Folder>
            </l7:Resource>
        </l7:Item>
        <l7:Item>
            <l7:Name>circuitbreaker</l7:Name>
            <l7:Id>a658c01021582ea4513e76096705736f</l7:Id>
            <l7:Type>FOLDER</l7:Type>
            <l7:TimeStamp>2017-09-06T11:44:08.640-07:00</l7:TimeStamp>
            <l7:Link rel="self" uri="https://10.7.39.164:9443/restman/1.0/folders/a658c01021582ea4513e76096705736f"/>
            <l7:Resource>
                <l7:Folder folderId="a658c01021582ea4513e76096705732e" id="a658c01021582ea4513e76096705736f" version="1">
                    <l7:Name>circuitbreaker</l7:Name>
                </l7:Folder>
            </l7:Resource>
        </l7:Item>
        <l7:Item>
            <l7:Name>nocircuitbreaker</l7:Name>
            <l7:Id>78ce9cd2b709d9a5401972feb74e49b3</l7:Id>
            <l7:Type>FOLDER</l7:Type>
            <l7:TimeStamp>2017-09-06T11:44:08.640-07:00</l7:TimeStamp>
            <l7:Link rel="self" uri="https://10.7.39.164:9443/restman/1.0/folders/78ce9cd2b709d9a5401972feb74e49b3"/>
            <l7:Resource>
                <l7:Folder folderId="a658c01021582ea4513e76096705732e" id="78ce9cd2b709d9a5401972feb74e49b3" version="0">
                    <l7:Name>nocircuitbreaker</l7:Name>
                </l7:Folder>
            </l7:Resource>
        </l7:Item>
        <l7:Item>
            <l7:Name>circuitbreaker-delay</l7:Name>
            <l7:Id>a658c01021582ea4513e7609670573ef</l7:Id>
            <l7:Type>SERVICE</l7:Type>
            <l7:TimeStamp>2017-09-06T12:00:43.190-07:00</l7:TimeStamp>
            <l7:Link rel="self" uri="https://10.7.39.164:9443/restman/1.0/services/a658c01021582ea4513e7609670573ef"/>
            <l7:Resource>
                <l7:Service id="a658c01021582ea4513e7609670573ef" version="4">
                    <l7:ServiceDetail folderId="a658c01021582ea4513e76096705736f" id="a658c01021582ea4513e7609670573ef" version="4">
                        <l7:Name>circuitbreaker-delay</l7:Name>
                        <l7:Enabled>true</l7:Enabled>
                        <l7:ServiceMappings>
                            <l7:HttpMapping>
                                <l7:UrlPattern>/test/circuitbreaker/delay</l7:UrlPattern>
                                <l7:Verbs>
                                    <l7:Verb>GET</l7:Verb>
                                    <l7:Verb>POST</l7:Verb>
                                    <l7:Verb>PUT</l7:Verb>
                                    <l7:Verb>DELETE</l7:Verb>
                                </l7:Verbs>
                            </l7:HttpMapping>
                        </l7:ServiceMappings>
                        <l7:Properties>
                            <l7:Property key="internal">
                                <l7:BooleanValue>false</l7:BooleanValue>
                            </l7:Property>
                            <l7:Property key="policyRevision">
                                <l7:LongValue>57</l7:LongValue>
                            </l7:Property>
                            <l7:Property key="soap">
                                <l7:BooleanValue>false</l7:BooleanValue>
                            </l7:Property>
                            <l7:Property key="tracingEnabled">
                                <l7:BooleanValue>false</l7:BooleanValue>
                            </l7:Property>
                            <l7:Property key="wssProcessingEnabled">
                                <l7:BooleanValue>false</l7:BooleanValue>
                            </l7:Property>
                        </l7:Properties>
                    </l7:ServiceDetail>
                    <l7:Resources>
                        <l7:ResourceSet tag="policy">
                            <l7:Resource type="policy" version="56">
                                &lt;?xml version="1.0" encoding="UTF-8"?&gt;
                                &lt;wsp:Policy xmlns:L7p="http://www.layer7tech.com/ws/policy" xmlns:wsp="http://schemas.xmlsoap.org/ws/2002/12/policy"&gt;
                                &lt;wsp:All wsp:Usage="Required"&gt;
                                &lt;L7p:CircuitBreaker L7p:Usage="Required" latencyCircuitEnabled="true" latencyCircuitMaxFailures="10000" latencyCircuitMaxLatency="60000" latencyCircuitRecoveryPeriod="60000" latencyCircuitSamplingWindow="60000" policyFailureCircuitEnabled="true" policyFailureCircuitMaxFailures="10000" policyFailureCircuitRecoveryPeriod="60000" policyFailureCircuitSamplingWindow="60000"&gt;
                                &lt;L7p:CustomAssertion&gt;
                                &lt;L7p:base64SerializedValue&gt;rO0ABXNyADFjb20ubDd0ZWNoLnBvbGljeS5hc3NlcnRpb24uQ3VzdG9tQXNzZXJ0aW9uSG9sZGVyZtcreFwddTICAAlaAAxpc1VpQXV0b09wZW5MAApjYXRlZ29yaWVzdAAPTGphdmEvdXRpbC9TZXQ7TAAIY2F0ZWdvcnl0ACpMY29tL2w3dGVjaC9wb2xpY3kvYXNzZXJ0aW9uL2V4dC9DYXRlZ29yeTtMAA9jdXN0b21Bc3NlcnRpb250ADFMY29tL2w3dGVjaC9wb2xpY3kvYXNzZXJ0aW9uL2V4dC9DdXN0b21Bc3NlcnRpb247TAAUY3VzdG9tTW9kdWxlRmlsZU5hbWV0ABJMamF2YS9sYW5nL1N0cmluZztMAA9kZXNjcmlwdGlvblRleHRxAH4ABEwAD3BhbGV0dGVOb2RlTmFtZXEAfgAETAAOcG9saWN5Tm9kZU5hbWVxAH4ABEwAHnJlZ2lzdGVyZWRDdXN0b21GZWF0dXJlU2V0TmFtZXEAfgAEeHIAJWNvbS5sN3RlY2gucG9saWN5LmFzc2VydGlvbi5Bc3NlcnRpb27bX2OZPL2isQIAAloAB2VuYWJsZWRMABBhc3NlcnRpb25Db21tZW50dAAvTGNvbS9sN3RlY2gvcG9saWN5L2Fzc2VydGlvbi9Bc3NlcnRpb24kQ29tbWVudDt4cAFwAHNyABFqYXZhLnV0aWwuSGFzaFNldLpEhZWWuLc0AwAAeHB3DAAAAAI/QAAAAAAAAXNyAChjb20ubDd0ZWNoLnBvbGljeS5hc3NlcnRpb24uZXh0LkNhdGVnb3J5WrCcZaFE/jUCAAJJAAVteUtleUwABm15TmFtZXEAfgAEeHAAAAAKdAALUG9saWN5TG9naWN4cHNyADpjb20ubDd0ZWNoLnRlc3QuY3VzdG9tYXNzZXJ0aW9uLmRlbGF5LkN1c3RvbUFzc2VydGlvbkRlbGF5Wm4IwXxPjl0CAAFJAAVkZWxheXhwAAAACnQAGERlbGF5Q3VzdG9tQXNzZXJ0aW9uLmphcnQAIzxodG1sPkRlbGF5IEN1c3RvbSBBc3NlcnRpb248L2h0bWw+cHBw&lt;/L7p:base64SerializedValue&gt;
                                &lt;/L7p:CustomAssertion&gt;
                                &lt;L7p:HardcodedResponse&gt;
                                &lt;L7p:Base64ResponseBody stringValue="VGVzdCBTdWNjZXNzZnVs"/&gt;
                                &lt;/L7p:HardcodedResponse&gt;
                                &lt;/L7p:CircuitBreaker&gt;
                                &lt;/wsp:All&gt;
                                &lt;/wsp:Policy&gt;
                            </l7:Resource>
                        </l7:ResourceSet>
                    </l7:Resources>
                </l7:Service>
            </l7:Resource>
        </l7:Item>
        <l7:Item>
            <l7:Name>no-circuitbreaker</l7:Name>
            <l7:Id>78ce9cd2b709d9a5401972feb74e4a0a</l7:Id>
            <l7:Type>SERVICE</l7:Type>
            <l7:TimeStamp>2017-09-06T12:00:43.190-07:00</l7:TimeStamp>
            <l7:Link rel="self" uri="https://10.7.39.164:9443/restman/1.0/services/78ce9cd2b709d9a5401972feb74e4a0a"/>
            <l7:Resource>
                <l7:Service id="78ce9cd2b709d9a5401972feb74e4a0a" version="3">
                    <l7:ServiceDetail folderId="78ce9cd2b709d9a5401972feb74e49b3" id="78ce9cd2b709d9a5401972feb74e4a0a" version="3">
                        <l7:Name>no-circuitbreaker</l7:Name>
                        <l7:Enabled>true</l7:Enabled>
                        <l7:ServiceMappings>
                            <l7:HttpMapping>
                                <l7:UrlPattern>/test/nocircuitbreaker/delay</l7:UrlPattern>
                                <l7:Verbs>
                                    <l7:Verb>GET</l7:Verb>
                                    <l7:Verb>POST</l7:Verb>
                                    <l7:Verb>PUT</l7:Verb>
                                    <l7:Verb>DELETE</l7:Verb>
                                </l7:Verbs>
                            </l7:HttpMapping>
                        </l7:ServiceMappings>
                        <l7:Properties>
                            <l7:Property key="internal">
                                <l7:BooleanValue>false</l7:BooleanValue>
                            </l7:Property>
                            <l7:Property key="policyRevision">
                                <l7:LongValue>3</l7:LongValue>
                            </l7:Property>
                            <l7:Property key="soap">
                                <l7:BooleanValue>false</l7:BooleanValue>
                            </l7:Property>
                            <l7:Property key="tracingEnabled">
                                <l7:BooleanValue>false</l7:BooleanValue>
                            </l7:Property>
                            <l7:Property key="wssProcessingEnabled">
                                <l7:BooleanValue>false</l7:BooleanValue>
                            </l7:Property>
                        </l7:Properties>
                    </l7:ServiceDetail>
                    <l7:Resources>
                        <l7:ResourceSet tag="policy">
                            <l7:Resource type="policy" version="2">&lt;?xml version="1.0" encoding="UTF-8"?&gt;
                                &lt;wsp:Policy xmlns:L7p="http://www.layer7tech.com/ws/policy" xmlns:wsp="http://schemas.xmlsoap.org/ws/2002/12/policy"&gt;
                                &lt;wsp:All wsp:Usage="Required"&gt;
                                &lt;L7p:CustomAssertion&gt;
                                &lt;L7p:base64SerializedValue&gt;rO0ABXNyADFjb20ubDd0ZWNoLnBvbGljeS5hc3NlcnRpb24uQ3VzdG9tQXNzZXJ0aW9uSG9sZGVyZtcreFwddTICAAlaAAxpc1VpQXV0b09wZW5MAApjYXRlZ29yaWVzdAAPTGphdmEvdXRpbC9TZXQ7TAAIY2F0ZWdvcnl0ACpMY29tL2w3dGVjaC9wb2xpY3kvYXNzZXJ0aW9uL2V4dC9DYXRlZ29yeTtMAA9jdXN0b21Bc3NlcnRpb250ADFMY29tL2w3dGVjaC9wb2xpY3kvYXNzZXJ0aW9uL2V4dC9DdXN0b21Bc3NlcnRpb247TAAUY3VzdG9tTW9kdWxlRmlsZU5hbWV0ABJMamF2YS9sYW5nL1N0cmluZztMAA9kZXNjcmlwdGlvblRleHRxAH4ABEwAD3BhbGV0dGVOb2RlTmFtZXEAfgAETAAOcG9saWN5Tm9kZU5hbWVxAH4ABEwAHnJlZ2lzdGVyZWRDdXN0b21GZWF0dXJlU2V0TmFtZXEAfgAEeHIAJWNvbS5sN3RlY2gucG9saWN5LmFzc2VydGlvbi5Bc3NlcnRpb27bX2OZPL2isQIAAloAB2VuYWJsZWRMABBhc3NlcnRpb25Db21tZW50dAAvTGNvbS9sN3RlY2gvcG9saWN5L2Fzc2VydGlvbi9Bc3NlcnRpb24kQ29tbWVudDt4cAFwAHNyABFqYXZhLnV0aWwuSGFzaFNldLpEhZWWuLc0AwAAeHB3DAAAAAI/QAAAAAAAAXNyAChjb20ubDd0ZWNoLnBvbGljeS5hc3NlcnRpb24uZXh0LkNhdGVnb3J5WrCcZaFE/jUCAAJJAAVteUtleUwABm15TmFtZXEAfgAEeHAAAAAKdAALUG9saWN5TG9naWN4cHNyADpjb20ubDd0ZWNoLnRlc3QuY3VzdG9tYXNzZXJ0aW9uLmRlbGF5LkN1c3RvbUFzc2VydGlvbkRlbGF5Wm4IwXxPjl0CAAFJAAVkZWxheXhwAAAACnQAGERlbGF5Q3VzdG9tQXNzZXJ0aW9uLmphcnQAIzxodG1sPkRlbGF5IEN1c3RvbSBBc3NlcnRpb248L2h0bWw+cHBw&lt;/L7p:base64SerializedValue&gt;
                                &lt;/L7p:CustomAssertion&gt;
                                &lt;L7p:HardcodedResponse&gt;
                                &lt;L7p:Base64ResponseBody stringValue="VGVzdCBTdWNjZXNzZnVs"/&gt;
                                &lt;/L7p:HardcodedResponse&gt;
                                &lt;/wsp:All&gt;
                                &lt;/wsp:Policy&gt;
                            </l7:Resource>
                        </l7:ResourceSet>
                    </l7:Resources>
                </l7:Service>
            </l7:Resource>
        </l7:Item>
      </l7:References>
    <l7:Mappings>
        <l7:Mapping action="NewOrExisting" srcId="a658c01021582ea4513e76096705732e" srcUri="https://agopinath-ssg91.ca.com:8443/restman/1.0/folders/a658c01021582ea4513e76096705732e" type="FOLDER"/>
        <l7:Mapping action="NewOrExisting" srcId="a658c01021582ea4513e76096705736f" srcUri="https://agopinath-ssg91.ca.com:8443/restman/1.0/folders/a658c01021582ea4513e76096705736f" type="FOLDER"/>
        <l7:Mapping action="NewOrExisting" srcId="78ce9cd2b709d9a5401972feb74e49b3" srcUri="https://agopinath-ssg91.ca.com:8443/restman/1.0/folders/78ce9cd2b709d9a5401972feb74e49b3" type="FOLDER"/>
        <l7:Mapping action="NewOrExisting" srcId="a658c01021582ea4513e7609670573ef" srcUri="https://agopinath-ssg91.ca.com:8443/restman/1.0/services/a658c01021582ea4513e7609670573ef" type="SERVICE"/>
        <l7:Mapping action="NewOrExisting" srcId="78ce9cd2b709d9a5401972feb74e4a0a" srcUri="https://agopinath-ssg91.ca.com:8443/restman/1.0/services/78ce9cd2b709d9a5401972feb74e4a0a" type="SERVICE"/>
    </l7:Mappings>
</l7:Bundle>
