<?xml version="1.0" encoding="UTF-8" standalone="no"?>
<l7:Bundle
    xmlns:l7="http://ns.l7tech.com/2010/04/gateway-management">
    <l7:References>
        <l7:Item>
            <l7:Name>test</l7:Name>
            <l7:Id>71489e6b3f531c24ce7c374951175634</l7:Id>
            <l7:Type>FOLDER</l7:Type>
            <l7:TimeStamp>2019-01-22T11:08:12.251-08:00</l7:TimeStamp>
            <l7:Resource>
                <l7:Folder folderId="0000000000000000ffffffffffffec76" id="71489e6b3f531c24ce7c374951175634" version="0">
                    <l7:Name>test</l7:Name>
                </l7:Folder>
            </l7:Resource>
        </l7:Item>
        <l7:Item>
            <l7:Name>email</l7:Name>
            <l7:Id>2bcbc0a3e8ba0f534e476d2cd3bdb9f8</l7:Id>
            <l7:Type>FOLDER</l7:Type>
            <l7:TimeStamp>2019-01-22T11:08:12.251-08:00</l7:TimeStamp>
            <l7:Resource>
                <l7:Folder folderId="71489e6b3f531c24ce7c374951175634" id="2bcbc0a3e8ba0f534e476d2cd3bdb9f8" version="0">
                    <l7:Name>email</l7:Name>
                </l7:Folder>
            </l7:Resource>
        </l7:Item>
        <l7:Item>
            <l7:Name>SAML</l7:Name>
            <l7:Id>71489e6b3f531c24ce7c374951175676</l7:Id>
            <l7:Type>FOLDER</l7:Type>
            <l7:TimeStamp>2019-01-22T11:08:12.251-08:00</l7:TimeStamp>
            <l7:Resource>
                <l7:Folder folderId="71489e6b3f531c24ce7c374951175634" id="71489e6b3f531c24ce7c374951175676" version="0">
                    <l7:Name>SAML</l7:Name>
                </l7:Folder>
            </l7:Resource>
        </l7:Item>
        <l7:Item>
            <l7:Name>2.0</l7:Name>
            <l7:Id>c45657033a1a2f683672b349d6a9cb5f</l7:Id>
            <l7:Type>FOLDER</l7:Type>
            <l7:TimeStamp>2019-01-22T11:08:12.251-08:00</l7:TimeStamp>
            <l7:Resource>
                <l7:Folder folderId="71489e6b3f531c24ce7c374951175676" id="c45657033a1a2f683672b349d6a9cb5f" version="0">
                    <l7:Name>2.0</l7:Name>
                </l7:Folder>
            </l7:Resource>
        </l7:Item>
        <l7:Item>
            <l7:Name>creation</l7:Name>
            <l7:Id>c45657033a1a2f683672b349d6a9cba0</l7:Id>
            <l7:Type>FOLDER</l7:Type>
            <l7:TimeStamp>2019-01-22T11:08:12.251-08:00</l7:TimeStamp>
            <l7:Resource>
                <l7:Folder folderId="c45657033a1a2f683672b349d6a9cb5f" id="c45657033a1a2f683672b349d6a9cba0" version="0">
                    <l7:Name>creation</l7:Name>
                </l7:Folder>
            </l7:Resource>
        </l7:Item>
        <l7:Item>
            <l7:Name>validation</l7:Name>
            <l7:Id>c45657033a1a2f683672b349d6a9dcef</l7:Id>
            <l7:Type>FOLDER</l7:Type>
            <l7:TimeStamp>2019-01-22T11:08:12.251-08:00</l7:TimeStamp>
            <l7:Resource>
                <l7:Folder folderId="c45657033a1a2f683672b349d6a9cb5f" id="c45657033a1a2f683672b349d6a9dcef" version="0">
                    <l7:Name>validation</l7:Name>
                </l7:Folder>
            </l7:Resource>
        </l7:Item>
        <l7:Item>
            <l7:Name>JWT</l7:Name>
            <l7:Id>71489e6b3f531c24ce7c37495117573b</l7:Id>
            <l7:Type>FOLDER</l7:Type>
            <l7:TimeStamp>2019-01-22T11:08:12.251-08:00</l7:TimeStamp>
            <l7:Resource>
                <l7:Folder folderId="71489e6b3f531c24ce7c374951175634" id="71489e6b3f531c24ce7c37495117573b" version="0">
                    <l7:Name>JWT</l7:Name>
                </l7:Folder>
            </l7:Resource>
        </l7:Item>
        <l7:Item>
            <l7:Name>creation</l7:Name>
            <l7:Id>71489e6b3f531c24ce7c37495117577d</l7:Id>
            <l7:Type>FOLDER</l7:Type>
            <l7:TimeStamp>2019-01-22T11:08:12.251-08:00</l7:TimeStamp>
            <l7:Resource>
                <l7:Folder folderId="71489e6b3f531c24ce7c37495117573b" id="71489e6b3f531c24ce7c37495117577d" version="0">
                    <l7:Name>creation</l7:Name>
                </l7:Folder>
            </l7:Resource>
        </l7:Item>
        <l7:Item>
            <l7:Name>validation</l7:Name>
            <l7:Id>71489e6b3f531c24ce7c3749511757bf</l7:Id>
            <l7:Type>FOLDER</l7:Type>
            <l7:TimeStamp>2019-01-22T11:08:12.251-08:00</l7:TimeStamp>
            <l7:Resource>
                <l7:Folder folderId="71489e6b3f531c24ce7c37495117573b" id="71489e6b3f531c24ce7c3749511757bf" version="0">
                    <l7:Name>validation</l7:Name>
                </l7:Folder>
            </l7:Resource>
        </l7:Item>
        <l7:Item>
            <l7:Name>jdbc</l7:Name>
            <l7:Id>71489e6b3f531c24ce7c374951181ae7</l7:Id>
            <l7:Type>FOLDER</l7:Type>
            <l7:TimeStamp>2019-01-22T11:08:12.251-08:00</l7:TimeStamp>
            <l7:Resource>
                <l7:Folder folderId="71489e6b3f531c24ce7c374951175634" id="71489e6b3f531c24ce7c374951181ae7" version="0">
                    <l7:Name>jdbc</l7:Name>
                </l7:Folder>
            </l7:Resource>
        </l7:Item>
        <l7:Item>
            <l7:Name>regex</l7:Name>
            <l7:Id>71489e6b3f531c24ce7c374951182470</l7:Id>
            <l7:Type>FOLDER</l7:Type>
            <l7:TimeStamp>2019-01-22T11:08:12.251-08:00</l7:TimeStamp>
            <l7:Resource>
                <l7:Folder folderId="71489e6b3f531c24ce7c374951175634" id="71489e6b3f531c24ce7c374951182470" version="0">
                    <l7:Name>regex</l7:Name>
                </l7:Folder>
            </l7:Resource>
        </l7:Item>
        <l7:Item>
            <l7:Name>xpath</l7:Name>
            <l7:Id>71489e6b3f531c24ce7c3749511a05d5</l7:Id>
            <l7:Type>FOLDER</l7:Type>
            <l7:TimeStamp>2019-01-22T11:08:12.251-08:00</l7:TimeStamp>
            <l7:Resource>
                <l7:Folder folderId="71489e6b3f531c24ce7c374951175634" id="71489e6b3f531c24ce7c3749511a05d5" version="0">
                    <l7:Name>xpath</l7:Name>
                </l7:Folder>
            </l7:Resource>
        </l7:Item>
        <l7:Item>
            <l7:Name>1.0</l7:Name>
            <l7:Id>c45657033a1a2f683672b349d6a76045</l7:Id>
            <l7:Type>FOLDER</l7:Type>
            <l7:TimeStamp>2019-01-22T11:08:12.252-08:00</l7:TimeStamp>
            <l7:Resource>
                <l7:Folder folderId="71489e6b3f531c24ce7c3749511a05d5" id="c45657033a1a2f683672b349d6a76045" version="0">
                    <l7:Name>1.0</l7:Name>
                </l7:Folder>
            </l7:Resource>
        </l7:Item>
        <l7:Item>
            <l7:Name>2.0</l7:Name>
            <l7:Id>c45657033a1a2f683672b349d6a76599</l7:Id>
            <l7:Type>FOLDER</l7:Type>
            <l7:TimeStamp>2019-01-22T11:08:12.252-08:00</l7:TimeStamp>
            <l7:Resource>
                <l7:Folder folderId="71489e6b3f531c24ce7c3749511a05d5" id="c45657033a1a2f683672b349d6a76599" version="0">
                    <l7:Name>2.0</l7:Name>
                </l7:Folder>
            </l7:Resource>
        </l7:Item>
        <l7:Item>
            <l7:Name>xslt</l7:Name>
            <l7:Id>71489e6b3f531c24ce7c3749511b069a</l7:Id>
            <l7:Type>FOLDER</l7:Type>
            <l7:TimeStamp>2019-01-22T11:08:12.252-08:00</l7:TimeStamp>
            <l7:Resource>
                <l7:Folder folderId="71489e6b3f531c24ce7c374951175634" id="71489e6b3f531c24ce7c3749511b069a" version="0">
                    <l7:Name>xslt</l7:Name>
                </l7:Folder>
            </l7:Resource>
        </l7:Item>
        <l7:Item>
            <l7:Name>1.0</l7:Name>
            <l7:Id>71489e6b3f531c24ce7c3749511b0be5</l7:Id>
            <l7:Type>FOLDER</l7:Type>
            <l7:TimeStamp>2019-01-22T11:08:12.252-08:00</l7:TimeStamp>
            <l7:Resource>
                <l7:Folder folderId="71489e6b3f531c24ce7c3749511b069a" id="71489e6b3f531c24ce7c3749511b0be5" version="0">
                    <l7:Name>1.0</l7:Name>
                </l7:Folder>
            </l7:Resource>
        </l7:Item>
        <l7:Item>
            <l7:Name>2.0</l7:Name>
            <l7:Id>71489e6b3f531c24ce7c3749511c1d1d</l7:Id>
            <l7:Type>FOLDER</l7:Type>
            <l7:TimeStamp>2019-01-22T11:08:12.253-08:00</l7:TimeStamp>
            <l7:Resource>
                <l7:Folder folderId="71489e6b3f531c24ce7c3749511b069a" id="71489e6b3f531c24ce7c3749511c1d1d" version="0">
                    <l7:Name>2.0</l7:Name>
                </l7:Folder>
            </l7:Resource>
        </l7:Item>
        <l7:Item>
            <l7:Name>jms</l7:Name>
            <l7:Id>7bbaa20c818d93d8cdee010f3051d443</l7:Id>
            <l7:Type>FOLDER</l7:Type>
            <l7:TimeStamp>2019-01-22T11:08:12.253-08:00</l7:TimeStamp>
            <l7:Resource>
                <l7:Folder folderId="71489e6b3f531c24ce7c374951175634" id="7bbaa20c818d93d8cdee010f3051d443" version="0">
                    <l7:Name>jms</l7:Name>
                </l7:Folder>
            </l7:Resource>
        </l7:Item>
        <l7:Item>
            <l7:Name>JSON</l7:Name>
            <l7:Id>89f8b4e6dc54f3be57cf17a83bb9ac05</l7:Id>
            <l7:Type>FOLDER</l7:Type>
            <l7:TimeStamp>2019-01-22T11:08:12.253-08:00</l7:TimeStamp>
            <l7:Resource>
                <l7:Folder folderId="71489e6b3f531c24ce7c374951175634" id="89f8b4e6dc54f3be57cf17a83bb9ac05" version="0">
                    <l7:Name>JSON</l7:Name>
                </l7:Folder>
            </l7:Resource>
        </l7:Item>
        <l7:Item>
            <l7:Name>2.0</l7:Name>
            <l7:Id>89f8b4e6dc54f3be57cf17a83bb9ac48</l7:Id>
            <l7:Type>FOLDER</l7:Type>
            <l7:TimeStamp>2019-01-22T11:08:12.253-08:00</l7:TimeStamp>
            <l7:Resource>
                <l7:Folder folderId="89f8b4e6dc54f3be57cf17a83bb9ac05" id="89f8b4e6dc54f3be57cf17a83bb9ac48" version="0">
                    <l7:Name>2.0</l7:Name>
                </l7:Folder>
            </l7:Resource>
        </l7:Item>
        <l7:Item>
            <l7:Name>validation</l7:Name>
            <l7:Id>89f8b4e6dc54f3be57cf17a83bb9ac86</l7:Id>
            <l7:Type>FOLDER</l7:Type>
            <l7:TimeStamp>2019-01-22T11:08:12.253-08:00</l7:TimeStamp>
            <l7:Resource>
                <l7:Folder folderId="89f8b4e6dc54f3be57cf17a83bb9ac48" id="89f8b4e6dc54f3be57cf17a83bb9ac86" version="0">
                    <l7:Name>validation</l7:Name>
                </l7:Folder>
            </l7:Resource>
        </l7:Item>
        <l7:Item>
            <l7:Name>mq</l7:Name>
            <l7:Id>967ef3ce158d563a541d66f83a55902e</l7:Id>
            <l7:Type>FOLDER</l7:Type>
            <l7:TimeStamp>2019-01-22T11:08:12.261-08:00</l7:TimeStamp>
            <l7:Resource>
                <l7:Folder folderId="71489e6b3f531c24ce7c374951175634" id="967ef3ce158d563a541d66f83a55902e" version="0">
                    <l7:Name>mq</l7:Name>
                </l7:Folder>
            </l7:Resource>
        </l7:Item>
        <l7:Item>
            <l7:Name>no-op</l7:Name>
            <l7:Id>a75021d1d21226a4af3ee792daa0b3be</l7:Id>
            <l7:Type>FOLDER</l7:Type>
            <l7:TimeStamp>2019-01-22T11:08:12.261-08:00</l7:TimeStamp>
            <l7:Resource>
                <l7:Folder folderId="71489e6b3f531c24ce7c374951175634" id="a75021d1d21226a4af3ee792daa0b3be" version="0">
                    <l7:Name>no-op</l7:Name>
                </l7:Folder>
            </l7:Resource>
        </l7:Item>
        <l7:Item>
            <l7:Name>route</l7:Name>
            <l7:Id>c45657033a1a2f683672b349d6a721c7</l7:Id>
            <l7:Type>FOLDER</l7:Type>
            <l7:TimeStamp>2019-01-22T11:08:12.261-08:00</l7:TimeStamp>
            <l7:Resource>
                <l7:Folder folderId="71489e6b3f531c24ce7c374951175634" id="c45657033a1a2f683672b349d6a721c7" version="0">
                    <l7:Name>route</l7:Name>
                </l7:Folder>
            </l7:Resource>
        </l7:Item>
        <l7:Item>
            <l7:Name>audit</l7:Name>
            <l7:Id>71489e6b3f531c24ce7c3749511822e9</l7:Id>
            <l7:Type>POLICY</l7:Type>
            <l7:TimeStamp>2019-01-22T11:08:12.330-08:00</l7:TimeStamp>
            <l7:Resource>
                <l7:Policy guid="34c9541b-ae5b-4850-b196-bad6fd641919" id="71489e6b3f531c24ce7c3749511822e9" version="0">
                    <l7:PolicyDetail folderId="71489e6b3f531c24ce7c374951182279" guid="34c9541b-ae5b-4850-b196-bad6fd641919" id="71489e6b3f531c24ce7c3749511822e9" version="0">
                        <l7:Name>audit</l7:Name>
                        <l7:PolicyType>Include</l7:PolicyType>
                        <l7:Properties>
                            <l7:Property key="revision">
                                <l7:LongValue>1</l7:LongValue>
                            </l7:Property>
                            <l7:Property key="soap">
                                <l7:BooleanValue>false</l7:BooleanValue>
                            </l7:Property>
                        </l7:Properties>
                    </l7:PolicyDetail>
                    <l7:Resources>
                        <l7:ResourceSet tag="policy">
                            <l7:Resource type="policy">&lt;?xml version=&quot;1.0&quot; encoding=&quot;UTF-8&quot;?&gt;
&lt;wsp:Policy
                                xmlns:L7p=&quot;http://www.layer7tech.com/ws/policy&quot;
                                xmlns:wsp=&quot;http://schemas.xmlsoap.org/ws/2002/12/policy&quot;&gt;
    &lt;wsp:All wsp:Usage=&quot;Required&quot;&gt;
        &lt;wsp:OneOrMore wsp:Usage=&quot;Required&quot;&gt;
            &lt;wsp:All wsp:Usage=&quot;Required&quot;&gt;
                &lt;L7p:ComparisonAssertion&gt;
                    &lt;L7p:CaseSensitive booleanValue=&quot;false&quot;/&gt;
                    &lt;L7p:Expression1 stringValue=&quot;${request.http.parameter.enableaudit}&quot;/&gt;
                    &lt;L7p:Operator operatorNull=&quot;null&quot;/&gt;
                    &lt;L7p:Predicates predicates=&quot;included&quot;&gt;
                        &lt;L7p:item dataType=&quot;included&quot;&gt;
                            &lt;L7p:Type variableDataType=&quot;string&quot;/&gt;
                        &lt;/L7p:item&gt;
                        &lt;L7p:item binary=&quot;included&quot;&gt;
                            &lt;L7p:RightValue stringValue=&quot;true&quot;/&gt;
                        &lt;/L7p:item&gt;
                    &lt;/L7p:Predicates&gt;
                &lt;/L7p:ComparisonAssertion&gt;
                &lt;L7p:AuditAssertion&gt;
                    &lt;L7p:SaveRequest booleanValue=&quot;true&quot;/&gt;
                    &lt;L7p:SaveResponse booleanValue=&quot;true&quot;/&gt;
                &lt;/L7p:AuditAssertion&gt;
                &lt;L7p:assertionComment&gt;
                    &lt;L7p:Properties mapValue=&quot;included&quot;&gt;
                        &lt;L7p:entry&gt;
                            &lt;L7p:key stringValue=&quot;LEFT.COMMENT&quot;/&gt;
                            &lt;L7p:value stringValue=&quot;Enable Audit&quot;/&gt;
                        &lt;/L7p:entry&gt;
                        &lt;L7p:entry&gt;
                            &lt;L7p:key stringValue=&quot;RIGHT.COMMENT&quot;/&gt;
                            &lt;L7p:value stringValue=&quot;If the enableaudit HTTP parameter is set, audit the request and response in policy&quot;/&gt;
                        &lt;/L7p:entry&gt;
                    &lt;/L7p:Properties&gt;
                &lt;/L7p:assertionComment&gt;
            &lt;/wsp:All&gt;
            &lt;L7p:TrueAssertion/&gt;
            &lt;L7p:assertionComment&gt;
                &lt;L7p:Properties mapValue=&quot;included&quot;&gt;
                    &lt;L7p:entry&gt;
                        &lt;L7p:key stringValue=&quot;LEFT.COMMENT&quot;/&gt;
                        &lt;L7p:value stringValue=&quot;Enable Audit&quot;/&gt;
                    &lt;/L7p:entry&gt;
                    &lt;L7p:entry&gt;
                        &lt;L7p:key stringValue=&quot;RIGHT.COMMENT&quot;/&gt;
                        &lt;L7p:value stringValue=&quot;If the enableaudit parameter is set, then enable it, otherwise continue.&quot;/&gt;
                    &lt;/L7p:entry&gt;
                &lt;/L7p:Properties&gt;
            &lt;/L7p:assertionComment&gt;
        &lt;/wsp:OneOrMore&gt;
    &lt;/wsp:All&gt;
&lt;/wsp:Policy&gt;

                            </l7:Resource>
                        </l7:ResourceSet>
                    </l7:Resources>
                </l7:Policy>
            </l7:Resource>
        </l7:Item>
        <l7:Item>
            <l7:Name>ssl</l7:Name>
            <l7:Id>71489e6b3f531c24ce7c3749511822d4</l7:Id>
            <l7:Type>POLICY</l7:Type>
            <l7:TimeStamp>2019-01-22T11:08:12.341-08:00</l7:TimeStamp>
            <l7:Resource>
                <l7:Policy guid="6f016e20-e7b7-4228-a22f-e64c6fb0ae51" id="71489e6b3f531c24ce7c3749511822d4" version="0">
                    <l7:PolicyDetail folderId="71489e6b3f531c24ce7c374951182279" guid="6f016e20-e7b7-4228-a22f-e64c6fb0ae51" id="71489e6b3f531c24ce7c3749511822d4" version="0">
                        <l7:Name>ssl</l7:Name>
                        <l7:PolicyType>Include</l7:PolicyType>
                        <l7:Properties>
                            <l7:Property key="revision">
                                <l7:LongValue>1</l7:LongValue>
                            </l7:Property>
                            <l7:Property key="soap">
                                <l7:BooleanValue>false</l7:BooleanValue>
                            </l7:Property>
                        </l7:Properties>
                    </l7:PolicyDetail>
                    <l7:Resources>
                        <l7:ResourceSet tag="policy">
                            <l7:Resource type="policy">&lt;?xml version=&quot;1.0&quot; encoding=&quot;UTF-8&quot;?&gt;
&lt;wsp:Policy
                                xmlns:L7p=&quot;http://www.layer7tech.com/ws/policy&quot;
                                xmlns:wsp=&quot;http://schemas.xmlsoap.org/ws/2002/12/policy&quot;&gt;
    &lt;wsp:All wsp:Usage=&quot;Required&quot;&gt;
        &lt;L7p:SetVariable&gt;
            &lt;L7p:Base64Expression stringValue=&quot;JHtyZXF1ZXN0Lmh0dHAucGFyYW1ldGVyLmVuYWJsZXNzbH0=&quot;/&gt;
            &lt;L7p:VariableToSet stringValue=&quot;enablessl&quot;/&gt;
        &lt;/L7p:SetVariable&gt;
        &lt;wsp:OneOrMore wsp:Usage=&quot;Required&quot;&gt;
            &lt;wsp:All wsp:Usage=&quot;Required&quot;&gt;
                &lt;L7p:ComparisonAssertion&gt;
                    &lt;L7p:CaseSensitive booleanValue=&quot;false&quot;/&gt;
                    &lt;L7p:Expression1 stringValue=&quot;${enablessl}&quot;/&gt;
                    &lt;L7p:Operator operatorNull=&quot;null&quot;/&gt;
                    &lt;L7p:Predicates predicates=&quot;included&quot;&gt;
                        &lt;L7p:item dataType=&quot;included&quot;&gt;
                            &lt;L7p:Type variableDataType=&quot;string&quot;/&gt;
                        &lt;/L7p:item&gt;
                        &lt;L7p:item binary=&quot;included&quot;&gt;
                            &lt;L7p:Operator operator=&quot;EMPTY&quot;/&gt;
                            &lt;L7p:RightValue stringValue=&quot;true&quot;/&gt;
                        &lt;/L7p:item&gt;
                    &lt;/L7p:Predicates&gt;
                &lt;/L7p:ComparisonAssertion&gt;
                &lt;L7p:assertionComment&gt;
                    &lt;L7p:Properties mapValue=&quot;included&quot;&gt;
                        &lt;L7p:entry&gt;
                            &lt;L7p:key stringValue=&quot;LEFT.COMMENT&quot;/&gt;
                            &lt;L7p:value stringValue=&quot;Require SSL&quot;/&gt;
                        &lt;/L7p:entry&gt;
                        &lt;L7p:entry&gt;
                            &lt;L7p:key stringValue=&quot;RIGHT.COMMENT&quot;/&gt;
                            &lt;L7p:value stringValue=&quot;If the enablessl HTTP parameter is true, require SSL&quot;/&gt;
                        &lt;/L7p:entry&gt;
                    &lt;/L7p:Properties&gt;
                &lt;/L7p:assertionComment&gt;
            &lt;/wsp:All&gt;
            &lt;wsp:All wsp:Usage=&quot;Required&quot;&gt;
                &lt;L7p:ComparisonAssertion&gt;
                    &lt;L7p:CaseSensitive booleanValue=&quot;false&quot;/&gt;
                    &lt;L7p:Expression1 stringValue=&quot;${enablessl}&quot;/&gt;
                    &lt;L7p:Operator operatorNull=&quot;null&quot;/&gt;
                    &lt;L7p:Predicates predicates=&quot;included&quot;&gt;
                        &lt;L7p:item dataType=&quot;included&quot;&gt;
                            &lt;L7p:Type variableDataType=&quot;string&quot;/&gt;
                        &lt;/L7p:item&gt;
                        &lt;L7p:item binary=&quot;included&quot;&gt;
                            &lt;L7p:Operator operator=&quot;CONTAINS&quot;/&gt;
                            &lt;L7p:RightValue stringValue=&quot;true&quot;/&gt;
                        &lt;/L7p:item&gt;
                    &lt;/L7p:Predicates&gt;
                &lt;/L7p:ComparisonAssertion&gt;
                &lt;L7p:SslAssertion/&gt;
                &lt;L7p:assertionComment&gt;
                    &lt;L7p:Properties mapValue=&quot;included&quot;&gt;
                        &lt;L7p:entry&gt;
                            &lt;L7p:key stringValue=&quot;LEFT.COMMENT&quot;/&gt;
                            &lt;L7p:value stringValue=&quot;Require SSL&quot;/&gt;
                        &lt;/L7p:entry&gt;
                        &lt;L7p:entry&gt;
                            &lt;L7p:key stringValue=&quot;RIGHT.COMMENT&quot;/&gt;
                            &lt;L7p:value stringValue=&quot;If the enablessl HTTP parameter is true, require SSL&quot;/&gt;
                        &lt;/L7p:entry&gt;
                    &lt;/L7p:Properties&gt;
                &lt;/L7p:assertionComment&gt;
            &lt;/wsp:All&gt;
            &lt;wsp:All wsp:Usage=&quot;Required&quot;&gt;
                &lt;L7p:SetVariable&gt;
                    &lt;L7p:Base64Expression stringValue=&quot;ZW5hYmxlc3NsIGh0dHAgcGFyYW1ldGVyIGV4aXN0cywgaXMgbm90IHNldCB0byB0cnVlIE9SICBzZXQgdG8gdHJ1ZSBhbmQgU1NMIG5vdCB1c2Vk&quot;/&gt;
                    &lt;L7p:VariableToSet stringValue=&quot;returnMessage&quot;/&gt;
                &lt;/L7p:SetVariable&gt;
                &lt;L7p:FalseAssertion/&gt;
            &lt;/wsp:All&gt;
            &lt;L7p:assertionComment&gt;
                &lt;L7p:Properties mapValue=&quot;included&quot;&gt;
                    &lt;L7p:entry&gt;
                        &lt;L7p:key stringValue=&quot;LEFT.COMMENT&quot;/&gt;
                        &lt;L7p:value stringValue=&quot;Require SSL&quot;/&gt;
                    &lt;/L7p:entry&gt;
                    &lt;L7p:entry&gt;
                        &lt;L7p:key stringValue=&quot;RIGHT.COMMENT&quot;/&gt;
                        &lt;L7p:value stringValue=&quot;If enablessl parameter is set, then require it, otherwise, continue.&quot;/&gt;
                    &lt;/L7p:entry&gt;
                &lt;/L7p:Properties&gt;
            &lt;/L7p:assertionComment&gt;
        &lt;/wsp:OneOrMore&gt;
        &lt;L7p:ExportVariables&gt;
            &lt;L7p:ExportedVars stringArrayValue=&quot;included&quot;&gt;
                &lt;L7p:item stringValue=&quot;returnMessage&quot;/&gt;
            &lt;/L7p:ExportedVars&gt;
        &lt;/L7p:ExportVariables&gt;
    &lt;/wsp:All&gt;
&lt;/wsp:Policy&gt;

                            </l7:Resource>
                        </l7:ResourceSet>
                    </l7:Resources>
                </l7:Policy>
            </l7:Resource>
        </l7:Item>
        <l7:Item>
            <l7:Name>help</l7:Name>
            <l7:Id>71489e6b3f531c24ce7c3749511822be</l7:Id>
            <l7:Type>POLICY</l7:Type>
            <l7:TimeStamp>2019-01-22T11:08:12.364-08:00</l7:TimeStamp>
            <l7:Resource>
                <l7:Policy guid="81d7a287-a457-4282-80c7-5a24b811b6d6" id="71489e6b3f531c24ce7c3749511822be" version="0">
                    <l7:PolicyDetail folderId="71489e6b3f531c24ce7c374951182279" guid="81d7a287-a457-4282-80c7-5a24b811b6d6" id="71489e6b3f531c24ce7c3749511822be" version="0">
                        <l7:Name>help</l7:Name>
                        <l7:PolicyType>Include</l7:PolicyType>
                        <l7:Properties>
                            <l7:Property key="revision">
                                <l7:LongValue>1</l7:LongValue>
                            </l7:Property>
                            <l7:Property key="soap">
                                <l7:BooleanValue>false</l7:BooleanValue>
                            </l7:Property>
                        </l7:Properties>
                    </l7:PolicyDetail>
                    <l7:Resources>
                        <l7:ResourceSet tag="policy">
                            <l7:Resource type="policy">&lt;?xml version=&quot;1.0&quot; encoding=&quot;UTF-8&quot;?&gt;
&lt;wsp:Policy
                                xmlns:L7p=&quot;http://www.layer7tech.com/ws/policy&quot;
                                xmlns:wsp=&quot;http://schemas.xmlsoap.org/ws/2002/12/policy&quot;&gt;
    &lt;wsp:All wsp:Usage=&quot;Required&quot;&gt;
        &lt;L7p:SetVariable&gt;
            &lt;L7p:Base64Expression stringValue=&quot;JHtyZXF1ZXN0Lmh0dHAucGFyYW1ldGVyLmhlbHB9&quot;/&gt;
            &lt;L7p:VariableToSet stringValue=&quot;enablehelp&quot;/&gt;
        &lt;/L7p:SetVariable&gt;
        &lt;wsp:OneOrMore wsp:Usage=&quot;Required&quot;&gt;
            &lt;wsp:All wsp:Usage=&quot;Required&quot;&gt;
                &lt;L7p:ComparisonAssertion&gt;
                    &lt;L7p:CaseSensitive booleanValue=&quot;false&quot;/&gt;
                    &lt;L7p:Expression1 stringValue=&quot;${enablehelp}&quot;/&gt;
                    &lt;L7p:Operator operatorNull=&quot;null&quot;/&gt;
                    &lt;L7p:Predicates predicates=&quot;included&quot;&gt;
                        &lt;L7p:item dataType=&quot;included&quot;&gt;
                            &lt;L7p:Type variableDataType=&quot;string&quot;/&gt;
                        &lt;/L7p:item&gt;
                        &lt;L7p:item binary=&quot;included&quot;&gt;
                            &lt;L7p:Operator operator=&quot;EMPTY&quot;/&gt;
                            &lt;L7p:RightValue stringValue=&quot;true&quot;/&gt;
                        &lt;/L7p:item&gt;
                    &lt;/L7p:Predicates&gt;
                &lt;/L7p:ComparisonAssertion&gt;
            &lt;/wsp:All&gt;
            &lt;wsp:All wsp:Usage=&quot;Required&quot;&gt;
                &lt;L7p:ComparisonAssertion&gt;
                    &lt;L7p:CaseSensitive booleanValue=&quot;false&quot;/&gt;
                    &lt;L7p:Expression1 stringValue=&quot;${enablehelp}&quot;/&gt;
                    &lt;L7p:Operator operatorNull=&quot;null&quot;/&gt;
                    &lt;L7p:Predicates predicates=&quot;included&quot;&gt;
                        &lt;L7p:item dataType=&quot;included&quot;&gt;
                            &lt;L7p:Type variableDataType=&quot;string&quot;/&gt;
                        &lt;/L7p:item&gt;
                        &lt;L7p:item binary=&quot;included&quot;&gt;
                            &lt;L7p:Operator operator=&quot;CONTAINS&quot;/&gt;
                            &lt;L7p:RightValue stringValue=&quot;true&quot;/&gt;
                        &lt;/L7p:item&gt;
                    &lt;/L7p:Predicates&gt;
                &lt;/L7p:ComparisonAssertion&gt;
                &lt;L7p:SetVariable&gt;
                    &lt;L7p:Base64Expression stringValue=&quot;JHtoZWxwfQ==&quot;/&gt;
                    &lt;L7p:VariableToSet stringValue=&quot;returnMessage&quot;/&gt;
                &lt;/L7p:SetVariable&gt;
                &lt;L7p:FalseAssertion/&gt;
                &lt;L7p:assertionComment&gt;
                    &lt;L7p:Properties mapValue=&quot;included&quot;&gt;
                        &lt;L7p:entry&gt;
                            &lt;L7p:key stringValue=&quot;LEFT.COMMENT&quot;/&gt;
                            &lt;L7p:value stringValue=&quot;Enable help&quot;/&gt;
                        &lt;/L7p:entry&gt;
                        &lt;L7p:entry&gt;
                            &lt;L7p:key stringValue=&quot;RIGHT.COMMENT&quot;/&gt;
                            &lt;L7p:value stringValue=&quot;If the help HTTP parameter is set, return the help message for specific to a policy&quot;/&gt;
                        &lt;/L7p:entry&gt;
                    &lt;/L7p:Properties&gt;
                &lt;/L7p:assertionComment&gt;
            &lt;/wsp:All&gt;
            &lt;wsp:All wsp:Usage=&quot;Required&quot;&gt;
                &lt;L7p:TrueAssertion/&gt;
            &lt;/wsp:All&gt;
            &lt;L7p:assertionComment&gt;
                &lt;L7p:Properties mapValue=&quot;included&quot;&gt;
                    &lt;L7p:entry&gt;
                        &lt;L7p:key stringValue=&quot;LEFT.COMMENT&quot;/&gt;
                        &lt;L7p:value stringValue=&quot;Enable Help&quot;/&gt;
                    &lt;/L7p:entry&gt;
                    &lt;L7p:entry&gt;
                        &lt;L7p:key stringValue=&quot;RIGHT.COMMENT&quot;/&gt;
                        &lt;L7p:value stringValue=&quot;If the help http parameter is set, then return template message. Otherwise, continue processing.&quot;/&gt;
                    &lt;/L7p:entry&gt;
                &lt;/L7p:Properties&gt;
            &lt;/L7p:assertionComment&gt;
        &lt;/wsp:OneOrMore&gt;
        &lt;L7p:ExportVariables&gt;
            &lt;L7p:ExportedVars stringArrayValue=&quot;included&quot;&gt;
                &lt;L7p:item stringValue=&quot;returnMessage&quot;/&gt;
            &lt;/L7p:ExportedVars&gt;
        &lt;/L7p:ExportVariables&gt;
    &lt;/wsp:All&gt;
&lt;/wsp:Policy&gt;

                            </l7:Resource>
                        </l7:ResourceSet>
                    </l7:Resources>
                </l7:Policy>
            </l7:Resource>
        </l7:Item>
        <l7:Item>
            <l7:Name>email-assertion</l7:Name>
            <l7:Id>2bcbc0a3e8ba0f534e476d2cd3bdb939</l7:Id>
            <l7:Type>POLICY</l7:Type>
            <l7:TimeStamp>2019-01-22T11:08:12.369-08:00</l7:TimeStamp>
            <l7:Resource>
                <l7:Policy guid="522a722d-5ecc-42d7-ab15-17c91d0a6bc7" id="2bcbc0a3e8ba0f534e476d2cd3bdb939" version="1">
                    <l7:PolicyDetail folderId="2bcbc0a3e8ba0f534e476d2cd3bdb8f6" guid="522a722d-5ecc-42d7-ab15-17c91d0a6bc7" id="2bcbc0a3e8ba0f534e476d2cd3bdb939" version="1">
                        <l7:Name>email-assertion</l7:Name>
                        <l7:PolicyType>Include</l7:PolicyType>
                        <l7:Properties>
                            <l7:Property key="revision">
                                <l7:LongValue>1</l7:LongValue>
                            </l7:Property>
                            <l7:Property key="soap">
                                <l7:BooleanValue>false</l7:BooleanValue>
                            </l7:Property>
                        </l7:Properties>
                    </l7:PolicyDetail>
                    <l7:Resources>
                        <l7:ResourceSet tag="policy">
                            <l7:Resource type="policy">&lt;?xml version=&quot;1.0&quot; encoding=&quot;UTF-8&quot;?&gt;
&lt;wsp:Policy
                                xmlns:L7p=&quot;http://www.layer7tech.com/ws/policy&quot;
                                xmlns:wsp=&quot;http://schemas.xmlsoap.org/ws/2002/12/policy&quot;&gt;
    &lt;wsp:All wsp:Usage=&quot;Required&quot;&gt;
        &lt;wsp:OneOrMore wsp:Usage=&quot;Required&quot;&gt;
            &lt;wsp:All wsp:Usage=&quot;Required&quot;&gt;
                &lt;L7p:Email&gt;
                    &lt;L7p:Attachments Attachments=&quot;included&quot;&gt;
                        &lt;L7p:item Attachment=&quot;included&quot;&gt;
                            &lt;L7p:Name stringValue=&quot;abc&quot;/&gt;
                            &lt;L7p:SourceVariable stringValue=&quot;request.parts&quot;/&gt;
                        &lt;/L7p:item&gt;
                    &lt;/L7p:Attachments&gt;
                    &lt;L7p:Base64message stringValue=&quot;VGVzdCBtYWlsCgpzZGZhc2ZhcwoKYWRzZmFmCgphCnNmZApzYQo=&quot;/&gt;
                    &lt;L7p:SmtpHost stringValue=&quot;maildrop.l7tech.com&quot;/&gt;
                    &lt;L7p:TargetEmailAddress stringValue=&quot;qa1@redmond.local&quot;/&gt;
                &lt;/L7p:Email&gt;
                &lt;L7p:SetVariable&gt;
                    &lt;L7p:Base64Expression stringValue=&quot;RW1haWwgQXNzZXJ0aW9uIFN1Y2Nlc3NmdWw=&quot;/&gt;
                    &lt;L7p:VariableToSet stringValue=&quot;returnMessage&quot;/&gt;
                &lt;/L7p:SetVariable&gt;
                &lt;L7p:SetVariable&gt;
                    &lt;L7p:Base64Expression stringValue=&quot;MjAw&quot;/&gt;
                    &lt;L7p:DataType variableDataType=&quot;int&quot;/&gt;
                    &lt;L7p:VariableToSet stringValue=&quot;returnCode&quot;/&gt;
                &lt;/L7p:SetVariable&gt;
            &lt;/wsp:All&gt;
            &lt;L7p:SetVariable&gt;
                &lt;L7p:Base64Expression stringValue=&quot;RW1haWwgQXNzZXJ0aW9uIGZhaWxlZA==&quot;/&gt;
                &lt;L7p:VariableToSet stringValue=&quot;returnMessage&quot;/&gt;
            &lt;/L7p:SetVariable&gt;
            &lt;L7p:SetVariable&gt;
                &lt;L7p:Base64Expression stringValue=&quot;NTAw&quot;/&gt;
                &lt;L7p:DataType variableDataType=&quot;int&quot;/&gt;
                &lt;L7p:VariableToSet stringValue=&quot;returnCode&quot;/&gt;
            &lt;/L7p:SetVariable&gt;
        &lt;/wsp:OneOrMore&gt;
    &lt;/wsp:All&gt;
&lt;/wsp:Policy&gt;

                            </l7:Resource>
                        </l7:ResourceSet>
                    </l7:Resources>
                </l7:Policy>
            </l7:Resource>
        </l7:Item>
        <l7:Item>
            <l7:Name>email-assertion</l7:Name>
            <l7:Id>2bcbc0a3e8ba0f534e476d2cd3bdba66</l7:Id>
            <l7:Type>SERVICE</l7:Type>
            <l7:TimeStamp>2019-01-22T11:08:12.402-08:00</l7:TimeStamp>
            <l7:Resource>
                <l7:Service id="2bcbc0a3e8ba0f534e476d2cd3bdba66" version="2">
                    <l7:ServiceDetail folderId="2bcbc0a3e8ba0f534e476d2cd3bdb9f8" id="2bcbc0a3e8ba0f534e476d2cd3bdba66" version="2">
                        <l7:Name>email-assertion</l7:Name>
                        <l7:Enabled>true</l7:Enabled>
                        <l7:ServiceMappings>
                            <l7:HttpMapping>
                                <l7:UrlPattern>/test/email</l7:UrlPattern>
                                <l7:Verbs>
                                    <l7:Verb>POST</l7:Verb>
                                </l7:Verbs>
                            </l7:HttpMapping>
                        </l7:ServiceMappings>
                        <l7:Properties>
                            <l7:Property key="internal">
                                <l7:BooleanValue>false</l7:BooleanValue>
                            </l7:Property>
                            <l7:Property key="policyRevision">
                                <l7:LongValue>1</l7:LongValue>
                            </l7:Property>
                            <l7:Property key="soap">
                                <l7:BooleanValue>false</l7:BooleanValue>
                            </l7:Property>
                            <l7:Property key="tracingEnabled">
                                <l7:BooleanValue>false</l7:BooleanValue>
                            </l7:Property>
                            <l7:Property key="wssProcessingEnabled">
                                <l7:BooleanValue>false</l7:BooleanValue>
                            </l7:Property>
                        </l7:Properties>
                    </l7:ServiceDetail>
                    <l7:Resources>
                        <l7:ResourceSet tag="policy">
                            <l7:Resource type="policy" version="1">&lt;?xml version=&quot;1.0&quot; encoding=&quot;UTF-8&quot;?&gt;
&lt;wsp:Policy
                                xmlns:L7p=&quot;http://www.layer7tech.com/ws/policy&quot;
                                xmlns:wsp=&quot;http://schemas.xmlsoap.org/ws/2002/12/policy&quot;&gt;
    &lt;wsp:All wsp:Usage=&quot;Required&quot;&gt;
        &lt;L7p:SetVariable&gt;
            &lt;L7p:Base64Expression stringValue=&quot;UmVxdWVzdDogUE9TVCByZXF1ZXN0IHRvIHRoaXMgZW5kcG9pbnQuDQpXaGVuIHJlcXVlc3QgaXMgcmVjZWl2ZWQgb24gdGhpcyBlbmRwb2ludCwgYW4gZW1haWwgaXMgc2VudCB0byBjb25maWd1cmVkIG1haWwgYWRkcmVzcyB3aXRoDQp0aGUgYXR0YWNobWVudCBzYW1lIGFzIHRoZSBmaWxlIG1pbWUgYXR0YWNobWVudCBpbiB0aGUgcmVxdWVzdA==&quot;/&gt;
            &lt;L7p:VariableToSet stringValue=&quot;help&quot;/&gt;
        &lt;/L7p:SetVariable&gt;
        &lt;L7p:Include&gt;
            &lt;L7p:PolicyGuid stringValue=&quot;34c9541b-ae5b-4850-b196-bad6fd641919&quot;/&gt;
        &lt;/L7p:Include&gt;
        &lt;L7p:Include&gt;
            &lt;L7p:PolicyGuid stringValue=&quot;6f016e20-e7b7-4228-a22f-e64c6fb0ae51&quot;/&gt;
        &lt;/L7p:Include&gt;
        &lt;L7p:Include&gt;
            &lt;L7p:PolicyGuid stringValue=&quot;81d7a287-a457-4282-80c7-5a24b811b6d6&quot;/&gt;
        &lt;/L7p:Include&gt;
        &lt;L7p:Include&gt;
            &lt;L7p:PolicyGuid stringValue=&quot;522a722d-5ecc-42d7-ab15-17c91d0a6bc7&quot;/&gt;
        &lt;/L7p:Include&gt;
        &lt;L7p:HardcodedResponse&gt;
            &lt;L7p:Base64ResponseBody stringValue=&quot;JHtyZXR1cm5NZXNzYWdlfQ==&quot;/&gt;
            &lt;L7p:ResponseStatus stringValue=&quot;${returnCode}&quot;/&gt;
        &lt;/L7p:HardcodedResponse&gt;
    &lt;/wsp:All&gt;
&lt;/wsp:Policy&gt;

                            </l7:Resource>
                        </l7:ResourceSet>
                    </l7:Resources>
                </l7:Service>
            </l7:Resource>
        </l7:Item>
        <l7:Item>
            <l7:Name>basic credentials</l7:Name>
            <l7:Id>c45657033a1a2f683672b349d6a9ce3f</l7:Id>
            <l7:Type>POLICY</l7:Type>
            <l7:TimeStamp>2019-01-22T11:08:12.405-08:00</l7:TimeStamp>
            <l7:Resource>
                <l7:Policy guid="0a6000c1-cc95-4d68-ad7b-722ee4802067" id="c45657033a1a2f683672b349d6a9ce3f" version="0">
                    <l7:PolicyDetail folderId="71489e6b3f531c24ce7c374951182279" guid="0a6000c1-cc95-4d68-ad7b-722ee4802067" id="c45657033a1a2f683672b349d6a9ce3f" version="0">
                        <l7:Name>basic credentials</l7:Name>
                        <l7:PolicyType>Include</l7:PolicyType>
                        <l7:Properties>
                            <l7:Property key="revision">
                                <l7:LongValue>1</l7:LongValue>
                            </l7:Property>
                            <l7:Property key="soap">
                                <l7:BooleanValue>false</l7:BooleanValue>
                            </l7:Property>
                        </l7:Properties>
                    </l7:PolicyDetail>
                    <l7:Resources>
                        <l7:ResourceSet tag="policy">
                            <l7:Resource type="policy">&lt;?xml version=&quot;1.0&quot; encoding=&quot;UTF-8&quot;?&gt;
&lt;wsp:Policy
                                xmlns:L7p=&quot;http://www.layer7tech.com/ws/policy&quot;
                                xmlns:wsp=&quot;http://schemas.xmlsoap.org/ws/2002/12/policy&quot;&gt;
    &lt;wsp:All wsp:Usage=&quot;Required&quot;&gt;
        &lt;L7p:HttpBasic/&gt;
    &lt;/wsp:All&gt;
&lt;/wsp:Policy&gt;

                            </l7:Resource>
                        </l7:ResourceSet>
                    </l7:Resources>
                </l7:Policy>
            </l7:Resource>
        </l7:Item>
        <l7:Item>
            <l7:Name>Internal Identity Provider</l7:Name>
            <l7:Id>0000000000000000fffffffffffffffe</l7:Id>
            <l7:Type>ID_PROVIDER_CONFIG</l7:Type>
            <l7:TimeStamp>2019-01-22T11:08:12.406-08:00</l7:TimeStamp>
            <l7:Resource>
                <l7:IdentityProvider id="0000000000000000fffffffffffffffe" version="0">
                    <l7:Name>Internal Identity Provider</l7:Name>
                    <l7:IdentityProviderType>Internal</l7:IdentityProviderType>
                </l7:IdentityProvider>
            </l7:Resource>
        </l7:Item>
        <l7:Item>
            <l7:Name>authenticate - internal</l7:Name>
            <l7:Id>71489e6b3f531c24ce7c3749511a065c</l7:Id>
            <l7:Type>POLICY</l7:Type>
            <l7:TimeStamp>2019-01-22T11:08:12.409-08:00</l7:TimeStamp>
            <l7:Resource>
                <l7:Policy guid="522a722d-5ecc-42d7-ab15-17c91d0a6bc5" id="71489e6b3f531c24ce7c3749511a065c" version="0">
                    <l7:PolicyDetail folderId="71489e6b3f531c24ce7c3749511a0618" guid="522a722d-5ecc-42d7-ab15-17c91d0a6bc5" id="71489e6b3f531c24ce7c3749511a065c" version="0">
                        <l7:Name>authenticate - internal</l7:Name>
                        <l7:PolicyType>Include</l7:PolicyType>
                        <l7:Properties>
                            <l7:Property key="revision">
                                <l7:LongValue>1</l7:LongValue>
                            </l7:Property>
                            <l7:Property key="soap">
                                <l7:BooleanValue>false</l7:BooleanValue>
                            </l7:Property>
                        </l7:Properties>
                    </l7:PolicyDetail>
                    <l7:Resources>
                        <l7:ResourceSet tag="policy">
                            <l7:Resource type="policy">&lt;?xml version=&quot;1.0&quot; encoding=&quot;UTF-8&quot;?&gt;
&lt;wsp:Policy
                                xmlns:L7p=&quot;http://www.layer7tech.com/ws/policy&quot;
                                xmlns:wsp=&quot;http://schemas.xmlsoap.org/ws/2002/12/policy&quot;&gt;
    &lt;wsp:All wsp:Usage=&quot;Required&quot;&gt;
        &lt;L7p:Authentication&gt;
            &lt;L7p:IdentityProviderOid goidValue=&quot;0000000000000000fffffffffffffffe&quot;/&gt;
        &lt;/L7p:Authentication&gt;
    &lt;/wsp:All&gt;
&lt;/wsp:Policy&gt;

                            </l7:Resource>
                        </l7:ResourceSet>
                    </l7:Resources>
                </l7:Policy>
            </l7:Resource>
        </l7:Item>
        <l7:Item>
            <l7:Name>SAML 2.0 - create bearer</l7:Name>
            <l7:Id>c45657033a1a2f683672b349d6a9ca92</l7:Id>
            <l7:Type>POLICY</l7:Type>
            <l7:TimeStamp>2019-01-22T11:08:12.419-08:00</l7:TimeStamp>
            <l7:Resource>
                <l7:Policy guid="d811a0a3-effd-4cf1-bdc3-d071c81d8628" id="c45657033a1a2f683672b349d6a9ca92" version="1">
                    <l7:PolicyDetail folderId="c45657033a1a2f683672b349d6a9ca4d" guid="d811a0a3-effd-4cf1-bdc3-d071c81d8628" id="c45657033a1a2f683672b349d6a9ca92" version="1">
                        <l7:Name>SAML 2.0 - create bearer</l7:Name>
                        <l7:PolicyType>Include</l7:PolicyType>
                        <l7:Properties>
                            <l7:Property key="revision">
                                <l7:LongValue>1</l7:LongValue>
                            </l7:Property>
                            <l7:Property key="soap">
                                <l7:BooleanValue>false</l7:BooleanValue>
                            </l7:Property>
                        </l7:Properties>
                    </l7:PolicyDetail>
                    <l7:Resources>
                        <l7:ResourceSet tag="policy">
                            <l7:Resource type="policy">&lt;?xml version=&quot;1.0&quot; encoding=&quot;UTF-8&quot;?&gt;
&lt;wsp:Policy
                                xmlns:L7p=&quot;http://www.layer7tech.com/ws/policy&quot;
                                xmlns:wsp=&quot;http://schemas.xmlsoap.org/ws/2002/12/policy&quot;&gt;
    &lt;wsp:All wsp:Usage=&quot;Required&quot;&gt;
        &lt;L7p:SamlIssuer&gt;
            &lt;L7p:AuthenticationStatement samlAuthenticationInfo=&quot;included&quot;&gt;
                &lt;L7p:AuthenticationMethods stringArrayValue=&quot;included&quot;/&gt;
                &lt;L7p:IncludeAuthenticationContextDeclaration booleanValue=&quot;false&quot;/&gt;
            &lt;/L7p:AuthenticationStatement&gt;
            &lt;L7p:NameQualifier stringValue=&quot;&quot;/&gt;
            &lt;L7p:SubjectConfirmationMethodUri stringValue=&quot;urn:oasis:names:tc:SAML:1.0:cm:bearer&quot;/&gt;
            &lt;L7p:Version boxedIntegerValue=&quot;2&quot;/&gt;
        &lt;/L7p:SamlIssuer&gt;
        &lt;L7p:SetVariable&gt;
            &lt;L7p:Base64Expression stringValue=&quot;JHtpc3N1ZWRTYW1sQXNzZXJ0aW9ufQ==&quot;/&gt;
            &lt;L7p:VariableToSet stringValue=&quot;returnMessage&quot;/&gt;
        &lt;/L7p:SetVariable&gt;
    &lt;/wsp:All&gt;
&lt;/wsp:Policy&gt;

                            </l7:Resource>
                        </l7:ResourceSet>
                    </l7:Resources>
                </l7:Policy>
            </l7:Resource>
        </l7:Item>
        <l7:Item>
            <l7:Name>SAML 2.0 - Create Bearer Token</l7:Name>
            <l7:Id>c45657033a1a2f683672b349d6a9cb1c</l7:Id>
            <l7:Type>SERVICE</l7:Type>
            <l7:TimeStamp>2019-01-22T11:08:12.437-08:00</l7:TimeStamp>
            <l7:Resource>
                <l7:Service id="c45657033a1a2f683672b349d6a9cb1c" version="4">
                    <l7:ServiceDetail folderId="c45657033a1a2f683672b349d6a9cba0" id="c45657033a1a2f683672b349d6a9cb1c" version="4">
                        <l7:Name>SAML 2.0 - Create Bearer Token</l7:Name>
                        <l7:Enabled>true</l7:Enabled>
                        <l7:ServiceMappings>
                            <l7:HttpMapping>
                                <l7:UrlPattern>/test/saml/2.0/create/bearer</l7:UrlPattern>
                                <l7:Verbs>
                                    <l7:Verb>GET</l7:Verb>
                                    <l7:Verb>POST</l7:Verb>
                                    <l7:Verb>PUT</l7:Verb>
                                    <l7:Verb>DELETE</l7:Verb>
                                </l7:Verbs>
                            </l7:HttpMapping>
                        </l7:ServiceMappings>
                        <l7:Properties>
                            <l7:Property key="internal">
                                <l7:BooleanValue>false</l7:BooleanValue>
                            </l7:Property>
                            <l7:Property key="policyRevision">
                                <l7:LongValue>3</l7:LongValue>
                            </l7:Property>
                            <l7:Property key="property.latencyMetrics.captureClientAndFolder">
                                <l7:StringValue>false|false</l7:StringValue>
                            </l7:Property>
                            <l7:Property key="property.latencyMetrics.settings">
                                <l7:StringValue>false|INTERVAL|15000</l7:StringValue>
                            </l7:Property>
                            <l7:Property key="property.latencyMetrics.subservices">
                                <l7:StringValue></l7:StringValue>
                            </l7:Property>
                            <l7:Property key="soap">
                                <l7:BooleanValue>false</l7:BooleanValue>
                            </l7:Property>
                            <l7:Property key="tracingEnabled">
                                <l7:BooleanValue>false</l7:BooleanValue>
                            </l7:Property>
                            <l7:Property key="wssProcessingEnabled">
                                <l7:BooleanValue>false</l7:BooleanValue>
                            </l7:Property>
                        </l7:Properties>
                    </l7:ServiceDetail>
                    <l7:Resources>
                        <l7:ResourceSet tag="policy">
                            <l7:Resource type="policy" version="2">&lt;?xml version=&quot;1.0&quot; encoding=&quot;UTF-8&quot;?&gt;
&lt;wsp:Policy
                                xmlns:L7p=&quot;http://www.layer7tech.com/ws/policy&quot;
                                xmlns:wsp=&quot;http://schemas.xmlsoap.org/ws/2002/12/policy&quot;&gt;
    &lt;wsp:All wsp:Usage=&quot;Required&quot;&gt;
        &lt;L7p:SetVariable&gt;
            &lt;L7p:Base64Expression stringValue=&quot;UmVxdWVzdDogR0VUIHJlcXVlc3QgdG8gdGhpcyBlbmRwb2ludCB3aXRoDQoqIEF1dGhvcml6YXRpb24gSGVhZGVyIChCYXNpYyBDcmVkZW50aWFscykNClJlc3BvbnNlOiBBIHZhbGlkIFNBTUwgdG9rZW4=&quot;/&gt;
            &lt;L7p:VariableToSet stringValue=&quot;help&quot;/&gt;
        &lt;/L7p:SetVariable&gt;
        &lt;L7p:Include&gt;
            &lt;L7p:PolicyGuid stringValue=&quot;0a6000c1-cc95-4d68-ad7b-722ee4802067&quot;/&gt;
        &lt;/L7p:Include&gt;
        &lt;L7p:Include&gt;
            &lt;L7p:PolicyGuid stringValue=&quot;522a722d-5ecc-42d7-ab15-17c91d0a6bc5&quot;/&gt;
        &lt;/L7p:Include&gt;
        &lt;L7p:Include&gt;
            &lt;L7p:Enabled booleanValue=&quot;false&quot;/&gt;
            &lt;L7p:PolicyGuid stringValue=&quot;6f016e20-e7b7-4228-a22f-e64c6fb0ae51&quot;/&gt;
        &lt;/L7p:Include&gt;
        &lt;L7p:Include&gt;
            &lt;L7p:Enabled booleanValue=&quot;false&quot;/&gt;
            &lt;L7p:PolicyGuid stringValue=&quot;34c9541b-ae5b-4850-b196-bad6fd641919&quot;/&gt;
        &lt;/L7p:Include&gt;
        &lt;L7p:Include&gt;
            &lt;L7p:Enabled booleanValue=&quot;false&quot;/&gt;
            &lt;L7p:PolicyGuid stringValue=&quot;81d7a287-a457-4282-80c7-5a24b811b6d6&quot;/&gt;
        &lt;/L7p:Include&gt;
        &lt;L7p:Include&gt;
            &lt;L7p:PolicyGuid stringValue=&quot;d811a0a3-effd-4cf1-bdc3-d071c81d8628&quot;/&gt;
        &lt;/L7p:Include&gt;
        &lt;L7p:HardcodedResponse&gt;
            &lt;L7p:Base64ResponseBody stringValue=&quot;JHtyZXR1cm5NZXNzYWdlfQ==&quot;/&gt;
            &lt;L7p:ResponseContentType stringValue=&quot;text/plain; charset=UTF-8&quot;/&gt;
        &lt;/L7p:HardcodedResponse&gt;
    &lt;/wsp:All&gt;
&lt;/wsp:Policy&gt;

                            </l7:Resource>
                        </l7:ResourceSet>
                    </l7:Resources>
                </l7:Service>
            </l7:Resource>
        </l7:Item>
        <l7:Item>
            <l7:Name>SAML 2.0 - validate bearer</l7:Name>
            <l7:Id>c45657033a1a2f683672b349d6a9dd76</l7:Id>
            <l7:Type>POLICY</l7:Type>
            <l7:TimeStamp>2019-01-22T11:08:12.439-08:00</l7:TimeStamp>
            <l7:Resource>
                <l7:Policy guid="0ecf7794-a3e5-4073-9577-d220c1e7bdd9" id="c45657033a1a2f683672b349d6a9dd76" version="1">
                    <l7:PolicyDetail folderId="c45657033a1a2f683672b349d6a9dd30" guid="0ecf7794-a3e5-4073-9577-d220c1e7bdd9" id="c45657033a1a2f683672b349d6a9dd76" version="1">
                        <l7:Name>SAML 2.0 - validate bearer</l7:Name>
                        <l7:PolicyType>Include</l7:PolicyType>
                        <l7:Properties>
                            <l7:Property key="revision">
                                <l7:LongValue>1</l7:LongValue>
                            </l7:Property>
                            <l7:Property key="soap">
                                <l7:BooleanValue>false</l7:BooleanValue>
                            </l7:Property>
                        </l7:Properties>
                    </l7:PolicyDetail>
                    <l7:Resources>
                        <l7:ResourceSet tag="policy">
                            <l7:Resource type="policy">&lt;?xml version=&quot;1.0&quot; encoding=&quot;UTF-8&quot;?&gt;
&lt;wsp:Policy
                                xmlns:L7p=&quot;http://www.layer7tech.com/ws/policy&quot;
                                xmlns:wsp=&quot;http://schemas.xmlsoap.org/ws/2002/12/policy&quot;&gt;
    &lt;wsp:All wsp:Usage=&quot;Required&quot;&gt;
        &lt;L7p:ValidateNonSoapSamlToken&gt;
            &lt;L7p:AuthenticationStatement samlAuthenticationInfo=&quot;included&quot;&gt;
                &lt;L7p:AuthenticationMethods stringArrayValue=&quot;included&quot;&gt;
                    &lt;L7p:item stringValue=&quot;urn:ietf:rfc:1510&quot;/&gt;
                    &lt;L7p:item stringValue=&quot;urn:oasis:names:tc:SAML:2.0:ac:classes:MobileTwoFactorContract&quot;/&gt;
                    &lt;L7p:item stringValue=&quot;urn:oasis:names:tc:SAML:1.0:am:unspecified&quot;/&gt;
                    &lt;L7p:item stringValue=&quot;urn:oasis:names:tc:SAML:1.0:am:SPKI&quot;/&gt;
                    &lt;L7p:item stringValue=&quot;urn:oasis:names:tc:SAML:1.0:am:X509-PKI&quot;/&gt;
                    &lt;L7p:item stringValue=&quot;urn:oasis:names:tc:SAML:2.0:ac:classes:Smartcard&quot;/&gt;
                    &lt;L7p:item stringValue=&quot;urn:ietf:rfc:3075&quot;/&gt;
                    &lt;L7p:item stringValue=&quot;urn:oasis:names:tc:SAML:2.0:ac:classes:TimeSyncToken&quot;/&gt;
                    &lt;L7p:item stringValue=&quot;urn:ietf:rfc:2945&quot;/&gt;
                    &lt;L7p:item stringValue=&quot;urn:oasis:names:tc:SAML:2.0:ac:classes:SmartcardPKI&quot;/&gt;
                    &lt;L7p:item stringValue=&quot;urn:oasis:names:tc:SAML:2.0:ac:classes:PreviousSession&quot;/&gt;
                    &lt;L7p:item stringValue=&quot;urn:oasis:names:tc:SAML:2.0:ac:classes:MobileTwoFactorUnregistered&quot;/&gt;
                    &lt;L7p:item stringValue=&quot;urn:oasis:names:tc:SAML:2.0:ac:classes:MobileOneFactorContract&quot;/&gt;
                    &lt;L7p:item stringValue=&quot;urn:oasis:names:tc:SAML:2.0:ac:classes:NomadTelephony&quot;/&gt;
                    &lt;L7p:item stringValue=&quot;urn:oasis:names:tc:SAML:2.0:ac:classes:MobileOneFactorUnregistered&quot;/&gt;
                    &lt;L7p:item stringValue=&quot;urn:oasis:names:tc:SAML:2.0:ac:classes:AuthenticatedTelephony&quot;/&gt;
                    &lt;L7p:item stringValue=&quot;urn:oasis:names:tc:SAML:1.0:am:PGP&quot;/&gt;
                    &lt;L7p:item stringValue=&quot;urn:ietf:rfc:2246&quot;/&gt;
                    &lt;L7p:item stringValue=&quot;urn:oasis:names:tc:SAML:2.0:ac:classes:PersonalizedTelephony&quot;/&gt;
                    &lt;L7p:item stringValue=&quot;urn:oasis:names:tc:SAML:2.0:ac:classes:InternetProtocol&quot;/&gt;
                    &lt;L7p:item stringValue=&quot;urn:oasis:names:tc:SAML:2.0:ac:classes:Telephony&quot;/&gt;
                    &lt;L7p:item stringValue=&quot;urn:oasis:names:tc:SAML:2.0:ac:classes:InternetProtocolPassword&quot;/&gt;
                    &lt;L7p:item stringValue=&quot;urn:oasis:names:tc:SAML:2.0:ac:classes:PasswordProtectedTransport&quot;/&gt;
                    &lt;L7p:item stringValue=&quot;urn:oasis:names:tc:SAML:2.0:ac:classes:SoftwarePKI&quot;/&gt;
                    &lt;L7p:item stringValue=&quot;urn:oasis:names:tc:SAML:1.0:am:password&quot;/&gt;
                &lt;/L7p:AuthenticationMethods&gt;
            &lt;/L7p:AuthenticationStatement&gt;
            &lt;L7p:NameFormats stringArrayValue=&quot;included&quot;&gt;
                &lt;L7p:item stringValue=&quot;urn:oasis:names:tc:SAML:1.1:nameid-format:unspecified&quot;/&gt;
            &lt;/L7p:NameFormats&gt;
            &lt;L7p:NameQualifier stringValue=&quot;&quot;/&gt;
            &lt;L7p:SubjectConfirmations stringArrayValue=&quot;included&quot;&gt;
                &lt;L7p:item stringValue=&quot;urn:oasis:names:tc:SAML:1.0:cm:bearer&quot;/&gt;
            &lt;/L7p:SubjectConfirmations&gt;
            &lt;L7p:Version boxedIntegerValue=&quot;2&quot;/&gt;
        &lt;/L7p:ValidateNonSoapSamlToken&gt;
        &lt;L7p:SetVariable&gt;
            &lt;L7p:Base64Expression stringValue=&quot;VG9rZW4gVmFsaWRhdGVkLg0KRm91bmQgQXR0cmlidXRlczogJHtzYW1sLmF0dHJ9&quot;/&gt;
            &lt;L7p:VariableToSet stringValue=&quot;returnMessage&quot;/&gt;
        &lt;/L7p:SetVariable&gt;
    &lt;/wsp:All&gt;
&lt;/wsp:Policy&gt;

                            </l7:Resource>
                        </l7:ResourceSet>
                    </l7:Resources>
                </l7:Policy>
            </l7:Resource>
        </l7:Item>
        <l7:Item>
            <l7:Name>SAML 2.0 - Validate Bearer Token</l7:Name>
            <l7:Id>c45657033a1a2f683672b349d6a9ddac</l7:Id>
            <l7:Type>SERVICE</l7:Type>
            <l7:TimeStamp>2019-01-22T11:08:12.465-08:00</l7:TimeStamp>
            <l7:Resource>
                <l7:Service id="c45657033a1a2f683672b349d6a9ddac" version="4">
                    <l7:ServiceDetail folderId="c45657033a1a2f683672b349d6a9dcef" id="c45657033a1a2f683672b349d6a9ddac" version="4">
                        <l7:Name>SAML 2.0 - Validate Bearer Token</l7:Name>
                        <l7:Enabled>true</l7:Enabled>
                        <l7:ServiceMappings>
                            <l7:HttpMapping>
                                <l7:UrlPattern>/test/saml/2.0/validate/bearer</l7:UrlPattern>
                                <l7:Verbs>
                                    <l7:Verb>GET</l7:Verb>
                                    <l7:Verb>POST</l7:Verb>
                                    <l7:Verb>PUT</l7:Verb>
                                    <l7:Verb>DELETE</l7:Verb>
                                </l7:Verbs>
                            </l7:HttpMapping>
                        </l7:ServiceMappings>
                        <l7:Properties>
                            <l7:Property key="internal">
                                <l7:BooleanValue>false</l7:BooleanValue>
                            </l7:Property>
                            <l7:Property key="policyRevision">
                                <l7:LongValue>3</l7:LongValue>
                            </l7:Property>
                            <l7:Property key="property.latencyMetrics.captureClientAndFolder">
                                <l7:StringValue>false|false</l7:StringValue>
                            </l7:Property>
                            <l7:Property key="property.latencyMetrics.settings">
                                <l7:StringValue>false|INTERVAL|15000</l7:StringValue>
                            </l7:Property>
                            <l7:Property key="property.latencyMetrics.subservices">
                                <l7:StringValue></l7:StringValue>
                            </l7:Property>
                            <l7:Property key="soap">
                                <l7:BooleanValue>false</l7:BooleanValue>
                            </l7:Property>
                            <l7:Property key="tracingEnabled">
                                <l7:BooleanValue>false</l7:BooleanValue>
                            </l7:Property>
                            <l7:Property key="wssProcessingEnabled">
                                <l7:BooleanValue>false</l7:BooleanValue>
                            </l7:Property>
                        </l7:Properties>
                    </l7:ServiceDetail>
                    <l7:Resources>
                        <l7:ResourceSet tag="policy">
                            <l7:Resource type="policy" version="2">&lt;?xml version=&quot;1.0&quot; encoding=&quot;UTF-8&quot;?&gt;
&lt;wsp:Policy
                                xmlns:L7p=&quot;http://www.layer7tech.com/ws/policy&quot;
                                xmlns:wsp=&quot;http://schemas.xmlsoap.org/ws/2002/12/policy&quot;&gt;
    &lt;wsp:All wsp:Usage=&quot;Required&quot;&gt;
        &lt;L7p:SetVariable&gt;
            &lt;L7p:Base64Expression stringValue=&quot;UmVxdWVzdDogUE9TVCByZXF1ZXN0IHRvIHRoaXMgZW5kcG9pbnQgd2l0aA0KKiBBdXRob3JpemF0aW9uIEhlYWRlciAoQmFzaWMgQ3JlZGVudGlhbHMpDQoqIENvbnRlbnQtVHlwZSBoZWFkZXIgb2YgdHlwZSAndGV4dC94bWwnDQoqIEEgdmFsaWQgU0FNTCBUb2tlbiBhcyBjb250ZW50DQpSZXNwb25zZTogQSB2YWxpZCBTQU1MIHRva2Vu&quot;/&gt;
            &lt;L7p:VariableToSet stringValue=&quot;help&quot;/&gt;
        &lt;/L7p:SetVariable&gt;
        &lt;L7p:Include&gt;
            &lt;L7p:PolicyGuid stringValue=&quot;0a6000c1-cc95-4d68-ad7b-722ee4802067&quot;/&gt;
        &lt;/L7p:Include&gt;
        &lt;L7p:Include&gt;
            &lt;L7p:PolicyGuid stringValue=&quot;522a722d-5ecc-42d7-ab15-17c91d0a6bc5&quot;/&gt;
        &lt;/L7p:Include&gt;
        &lt;L7p:Include&gt;
            &lt;L7p:Enabled booleanValue=&quot;false&quot;/&gt;
            &lt;L7p:PolicyGuid stringValue=&quot;6f016e20-e7b7-4228-a22f-e64c6fb0ae51&quot;/&gt;
        &lt;/L7p:Include&gt;
        &lt;L7p:Include&gt;
            &lt;L7p:Enabled booleanValue=&quot;false&quot;/&gt;
            &lt;L7p:PolicyGuid stringValue=&quot;34c9541b-ae5b-4850-b196-bad6fd641919&quot;/&gt;
        &lt;/L7p:Include&gt;
        &lt;L7p:Include&gt;
            &lt;L7p:Enabled booleanValue=&quot;false&quot;/&gt;
            &lt;L7p:PolicyGuid stringValue=&quot;81d7a287-a457-4282-80c7-5a24b811b6d6&quot;/&gt;
        &lt;/L7p:Include&gt;
        &lt;L7p:Include&gt;
            &lt;L7p:PolicyGuid stringValue=&quot;0ecf7794-a3e5-4073-9577-d220c1e7bdd9&quot;/&gt;
        &lt;/L7p:Include&gt;
        &lt;L7p:HardcodedResponse&gt;
            &lt;L7p:Base64ResponseBody stringValue=&quot;JHtyZXR1cm5NZXNzYWdlfQ==&quot;/&gt;
            &lt;L7p:ResponseContentType stringValue=&quot;text/plain; charset=UTF-8&quot;/&gt;
        &lt;/L7p:HardcodedResponse&gt;
    &lt;/wsp:All&gt;
&lt;/wsp:Policy&gt;

                            </l7:Resource>
                        </l7:ResourceSet>
                    </l7:Resources>
                </l7:Service>
            </l7:Resource>
        </l7:Item>
        <l7:Item>
            <l7:Name>JWT - encode - none signature</l7:Name>
            <l7:Id>71489e6b3f531c24ce7c3749511811f1</l7:Id>
            <l7:Type>SERVICE</l7:Type>
            <l7:TimeStamp>2019-01-22T11:08:12.479-08:00</l7:TimeStamp>
            <l7:Resource>
                <l7:Service id="71489e6b3f531c24ce7c3749511811f1" version="2">
                    <l7:ServiceDetail folderId="71489e6b3f531c24ce7c37495117577d" id="71489e6b3f531c24ce7c3749511811f1" version="2">
                        <l7:Name>JWT - encode - none signature</l7:Name>
                        <l7:Enabled>true</l7:Enabled>
                        <l7:ServiceMappings>
                            <l7:HttpMapping>
                                <l7:UrlPattern>/test/jwt/creation/none</l7:UrlPattern>
                                <l7:Verbs>
                                    <l7:Verb>GET</l7:Verb>
                                    <l7:Verb>POST</l7:Verb>
                                    <l7:Verb>PUT</l7:Verb>
                                    <l7:Verb>DELETE</l7:Verb>
                                </l7:Verbs>
                            </l7:HttpMapping>
                        </l7:ServiceMappings>
                        <l7:Properties>
                            <l7:Property key="internal">
                                <l7:BooleanValue>false</l7:BooleanValue>
                            </l7:Property>
                            <l7:Property key="policyRevision">
                                <l7:LongValue>1</l7:LongValue>
                            </l7:Property>
                            <l7:Property key="soap">
                                <l7:BooleanValue>false</l7:BooleanValue>
                            </l7:Property>
                            <l7:Property key="tracingEnabled">
                                <l7:BooleanValue>false</l7:BooleanValue>
                            </l7:Property>
                            <l7:Property key="wssProcessingEnabled">
                                <l7:BooleanValue>false</l7:BooleanValue>
                            </l7:Property>
                        </l7:Properties>
                    </l7:ServiceDetail>
                    <l7:Resources>
                        <l7:ResourceSet tag="policy">
                            <l7:Resource type="policy" version="1">&lt;?xml version=&quot;1.0&quot; encoding=&quot;UTF-8&quot;?&gt;
&lt;wsp:Policy
                                xmlns:L7p=&quot;http://www.layer7tech.com/ws/policy&quot;
                                xmlns:wsp=&quot;http://schemas.xmlsoap.org/ws/2002/12/policy&quot;&gt;
    &lt;wsp:All wsp:Usage=&quot;Required&quot;&gt;
        &lt;L7p:SetVariable&gt;
            &lt;L7p:Base64Expression stringValue=&quot;UmVxdWVzdDogUE9TVCByZXF1ZXN0IHRvIHRoaXMgZW5kcG9pbnQgd2l0aCBhIEpTT04gcGF5bG9hZC4NClJlc3BvbnNlOiBBbiBlbmNvZGVkIEpXVCB1c2luZyB0aGUgcGF5bG9hZA==&quot;/&gt;
            &lt;L7p:VariableToSet stringValue=&quot;help&quot;/&gt;
        &lt;/L7p:SetVariable&gt;
        &lt;L7p:Include&gt;
            &lt;L7p:PolicyGuid stringValue=&quot;81d7a287-a457-4282-80c7-5a24b811b6d6&quot;/&gt;
        &lt;/L7p:Include&gt;
        &lt;L7p:Include&gt;
            &lt;L7p:PolicyGuid stringValue=&quot;6f016e20-e7b7-4228-a22f-e64c6fb0ae51&quot;/&gt;
        &lt;/L7p:Include&gt;
        &lt;L7p:Include&gt;
            &lt;L7p:PolicyGuid stringValue=&quot;34c9541b-ae5b-4850-b196-bad6fd641919&quot;/&gt;
        &lt;/L7p:Include&gt;
    &lt;/wsp:All&gt;
&lt;/wsp:Policy&gt;

                            </l7:Resource>
                        </l7:ResourceSet>
                    </l7:Resources>
                </l7:Service>
            </l7:Resource>
        </l7:Item>
        <l7:Item>
            <l7:Name>jdbc - insert</l7:Name>
            <l7:Id>71489e6b3f531c24ce7c3749511939f5</l7:Id>
            <l7:Type>POLICY</l7:Type>
            <l7:TimeStamp>2019-01-22T11:08:12.509-08:00</l7:TimeStamp>
            <l7:Resource>
                <l7:Policy guid="c2e931e3-7f95-47fe-bf58-2d76f2bf7cd5" id="71489e6b3f531c24ce7c3749511939f5" version="0">
                    <l7:PolicyDetail folderId="71489e6b3f531c24ce7c3749511939a9" guid="c2e931e3-7f95-47fe-bf58-2d76f2bf7cd5" id="71489e6b3f531c24ce7c3749511939f5" version="0">
                        <l7:Name>jdbc - insert</l7:Name>
                        <l7:PolicyType>Include</l7:PolicyType>
                        <l7:Properties>
                            <l7:Property key="revision">
                                <l7:LongValue>1</l7:LongValue>
                            </l7:Property>
                            <l7:Property key="soap">
                                <l7:BooleanValue>false</l7:BooleanValue>
                            </l7:Property>
                        </l7:Properties>
                    </l7:PolicyDetail>
                    <l7:Resources>
                        <l7:ResourceSet tag="policy">
                            <l7:Resource type="policy">&lt;?xml version=&quot;1.0&quot; encoding=&quot;UTF-8&quot;?&gt;
&lt;wsp:Policy
                                xmlns:L7p=&quot;http://www.layer7tech.com/ws/policy&quot;
                                xmlns:wsp=&quot;http://schemas.xmlsoap.org/ws/2002/12/policy&quot;&gt;
    &lt;wsp:All wsp:Usage=&quot;Required&quot;&gt;
        &lt;wsp:OneOrMore wsp:Usage=&quot;Required&quot;&gt;
            &lt;wsp:All wsp:Usage=&quot;Required&quot;&gt;
                &lt;L7p:ComparisonAssertion&gt;
                    &lt;L7p:CaseSensitive booleanValue=&quot;false&quot;/&gt;
                    &lt;L7p:Expression1 stringValue=&quot;${request.http.parameter.jdbcName}&quot;/&gt;
                    &lt;L7p:Operator operatorNull=&quot;null&quot;/&gt;
                    &lt;L7p:Predicates predicates=&quot;included&quot;&gt;
                        &lt;L7p:item dataType=&quot;included&quot;&gt;
                            &lt;L7p:Type variableDataType=&quot;string&quot;/&gt;
                        &lt;/L7p:item&gt;
                        &lt;L7p:item binary=&quot;included&quot;&gt;
                            &lt;L7p:Negated booleanValue=&quot;true&quot;/&gt;
                            &lt;L7p:Operator operator=&quot;EMPTY&quot;/&gt;
                            &lt;L7p:RightValue stringValue=&quot;&quot;/&gt;
                        &lt;/L7p:item&gt;
                    &lt;/L7p:Predicates&gt;
                &lt;/L7p:ComparisonAssertion&gt;
                &lt;L7p:SetVariable&gt;
                    &lt;L7p:Base64Expression stringValue=&quot;JHtyZXF1ZXN0Lmh0dHAucGFyYW1ldGVyLmpkYmNOYW1lfQ==&quot;/&gt;
                    &lt;L7p:VariableToSet stringValue=&quot;connection&quot;/&gt;
                &lt;/L7p:SetVariable&gt;
                &lt;L7p:SetVariable&gt;
                    &lt;L7p:Base64Expression stringValue=&quot;JHtnYXRld2F5LnJhbmRvbS40LmludGVnZXJ9&quot;/&gt;
                    &lt;L7p:VariableToSet stringValue=&quot;customerid&quot;/&gt;
                &lt;/L7p:SetVariable&gt;
                &lt;L7p:SetVariable&gt;
                    &lt;L7p:Base64Expression stringValue=&quot;JHtyZXF1ZXN0aWR9&quot;/&gt;
                    &lt;L7p:VariableToSet stringValue=&quot;name&quot;/&gt;
                &lt;/L7p:SetVariable&gt;
                &lt;L7p:JdbcQuery&gt;
                    &lt;L7p:AssertionComment assertionComment=&quot;included&quot;&gt;
                        &lt;L7p:Properties mapValue=&quot;included&quot;&gt;
                            &lt;L7p:entry&gt;
                                &lt;L7p:key stringValue=&quot;LEFT.COMMENT&quot;/&gt;
                                &lt;L7p:value stringValue=&quot;INSERT&quot;/&gt;
                            &lt;/L7p:entry&gt;
                            &lt;L7p:entry&gt;
                                &lt;L7p:key stringValue=&quot;RIGHT.COMMENT&quot;/&gt;
                                &lt;L7p:value stringValue=&quot;Insert a row into the 'customers' table using a random ID and requestId for name.&quot;/&gt;
                            &lt;/L7p:entry&gt;
                        &lt;/L7p:Properties&gt;
                    &lt;/L7p:AssertionComment&gt;
                    &lt;L7p:ConnectionName stringValue=&quot;${connection}&quot;/&gt;
                    &lt;L7p:ConvertVariablesToStrings booleanValue=&quot;false&quot;/&gt;
                    &lt;L7p:SqlQuery stringValueReference=&quot;inline&quot;&gt;&lt;![CDATA[INSERT
                                                INTO customers
                                                (customerID, customerName)
                                                VALUES
                                                (${customerid}, ${name})]]&gt;&lt;/L7p:SqlQuery&gt;
                &lt;/L7p:JdbcQuery&gt;
                &lt;L7p:SetVariable&gt;
                    &lt;L7p:Base64Expression stringValue=&quot;SW5zZXJ0ZWQgJHtqZGJjUXVlcnkucXVlcnlyZXN1bHQuY291bnR9IHJlY29yZChzKS4gDQpJbnNlcnRlZCByZWNvcmQgd2l0aCBjdXN0b21lcklkOiAke2N1c3RvbWVyaWR9IGFuZCBuYW1lOiAke25hbWV9&quot;/&gt;
                    &lt;L7p:VariableToSet stringValue=&quot;returnMessage&quot;/&gt;
                &lt;/L7p:SetVariable&gt;
                &lt;L7p:SetVariable&gt;
                    &lt;L7p:Base64Expression stringValue=&quot;MjAw&quot;/&gt;
                    &lt;L7p:DataType variableDataType=&quot;int&quot;/&gt;
                    &lt;L7p:VariableToSet stringValue=&quot;returnCode&quot;/&gt;
                &lt;/L7p:SetVariable&gt;
            &lt;/wsp:All&gt;
            &lt;L7p:SetVariable&gt;
                &lt;L7p:Base64Expression stringValue=&quot;SU5TRVJUIEpEQkMgcXVlcnkgZmFpbGVkLg==&quot;/&gt;
                &lt;L7p:VariableToSet stringValue=&quot;returnMessage&quot;/&gt;
            &lt;/L7p:SetVariable&gt;
            &lt;L7p:SetVariable&gt;
                &lt;L7p:Base64Expression stringValue=&quot;NTAw&quot;/&gt;
                &lt;L7p:DataType variableDataType=&quot;int&quot;/&gt;
                &lt;L7p:VariableToSet stringValue=&quot;returnCode&quot;/&gt;
            &lt;/L7p:SetVariable&gt;
            &lt;L7p:assertionComment&gt;
                &lt;L7p:Properties mapValue=&quot;included&quot;&gt;
                    &lt;L7p:entry&gt;
                        &lt;L7p:key stringValue=&quot;RIGHT.COMMENT&quot;/&gt;
                        &lt;L7p:value stringValue=&quot;Generate data and generate insert into customers table or set an error message on failure&quot;/&gt;
                    &lt;/L7p:entry&gt;
                &lt;/L7p:Properties&gt;
            &lt;/L7p:assertionComment&gt;
        &lt;/wsp:OneOrMore&gt;
    &lt;/wsp:All&gt;
&lt;/wsp:Policy&gt;

                            </l7:Resource>
                        </l7:ResourceSet>
                    </l7:Resources>
                </l7:Policy>
            </l7:Resource>
        </l7:Item>
        <l7:Item>
            <l7:Name>JDBC - insert</l7:Name>
            <l7:Id>71489e6b3f531c24ce7c374951181b2f</l7:Id>
            <l7:Type>SERVICE</l7:Type>
            <l7:TimeStamp>2019-01-22T11:08:12.523-08:00</l7:TimeStamp>
            <l7:Resource>
                <l7:Service id="71489e6b3f531c24ce7c374951181b2f" version="2">
                    <l7:ServiceDetail folderId="71489e6b3f531c24ce7c374951181ae7" id="71489e6b3f531c24ce7c374951181b2f" version="2">
                        <l7:Name>JDBC - insert</l7:Name>
                        <l7:Enabled>true</l7:Enabled>
                        <l7:ServiceMappings>
                            <l7:HttpMapping>
                                <l7:UrlPattern>/test/jdbc/insert</l7:UrlPattern>
                                <l7:Verbs>
                                    <l7:Verb>POST</l7:Verb>
                                </l7:Verbs>
                            </l7:HttpMapping>
                        </l7:ServiceMappings>
                        <l7:Properties>
                            <l7:Property key="internal">
                                <l7:BooleanValue>false</l7:BooleanValue>
                            </l7:Property>
                            <l7:Property key="policyRevision">
                                <l7:LongValue>1</l7:LongValue>
                            </l7:Property>
                            <l7:Property key="soap">
                                <l7:BooleanValue>false</l7:BooleanValue>
                            </l7:Property>
                            <l7:Property key="tracingEnabled">
                                <l7:BooleanValue>false</l7:BooleanValue>
                            </l7:Property>
                            <l7:Property key="wssProcessingEnabled">
                                <l7:BooleanValue>false</l7:BooleanValue>
                            </l7:Property>
                        </l7:Properties>
                    </l7:ServiceDetail>
                    <l7:Resources>
                        <l7:ResourceSet tag="policy">
                            <l7:Resource type="policy" version="0">&lt;?xml version=&quot;1.0&quot; encoding=&quot;UTF-8&quot;?&gt;
&lt;wsp:Policy
                                xmlns:L7p=&quot;http://www.layer7tech.com/ws/policy&quot;
                                xmlns:wsp=&quot;http://schemas.xmlsoap.org/ws/2002/12/policy&quot;&gt;
    &lt;wsp:All wsp:Usage=&quot;Required&quot;&gt;
        &lt;L7p:SetVariable&gt;
            &lt;L7p:Base64Expression stringValue=&quot;UmVxdWVzdDogUE9TVCByZXF1ZXN0IHRvIHRoaXMgZW5kcG9pbnQgd2l0aCBodHRwIHBhcmFtZXRlciAnamRiY05hbWUnIG1hdGNoaW5nIHRoZSBjb25uZWN0aW9uIG5hbWUgaW4gdGhlIEdhdGV3YXkuDQpSZXNwb25zZTogUm93IGNvdW50IGlmIHN1Y2Nlc3NmdWwsIGVycm9yIG1lc3NhZ2Ugb3RoZXJ3aXNlLg0KDQpOb3RlIHRoYXQgdGhpcyBxdWVyeSBpbnNlcnRzIGEgcm93IGludG8gdGhlICdjdXN0b21lcnMnIHRhYmxlIGluIHRoZSBkYXRhYmFzZSB1c2luZyBhIHJhbmRvbWx5IGdlbmVyYXRlZCBjdXN0b21lcklkIGFuZCByZXF1ZXN0SWQgZm9yIG5hbWUu&quot;/&gt;
            &lt;L7p:VariableToSet stringValue=&quot;help&quot;/&gt;
        &lt;/L7p:SetVariable&gt;
        &lt;L7p:Include&gt;
            &lt;L7p:PolicyGuid stringValue=&quot;6f016e20-e7b7-4228-a22f-e64c6fb0ae51&quot;/&gt;
        &lt;/L7p:Include&gt;
        &lt;L7p:Include&gt;
            &lt;L7p:PolicyGuid stringValue=&quot;34c9541b-ae5b-4850-b196-bad6fd641919&quot;/&gt;
        &lt;/L7p:Include&gt;
        &lt;L7p:Include&gt;
            &lt;L7p:PolicyGuid stringValue=&quot;81d7a287-a457-4282-80c7-5a24b811b6d6&quot;/&gt;
        &lt;/L7p:Include&gt;
        &lt;L7p:Include&gt;
            &lt;L7p:PolicyGuid stringValue=&quot;c2e931e3-7f95-47fe-bf58-2d76f2bf7cd5&quot;/&gt;
        &lt;/L7p:Include&gt;
        &lt;L7p:HardcodedResponse&gt;
            &lt;L7p:Base64ResponseBody stringValue=&quot;JHtyZXR1cm5NZXNzYWdlfQ==&quot;/&gt;
            &lt;L7p:ResponseContentType stringValue=&quot;text/plain; charset=UTF-8&quot;/&gt;
            &lt;L7p:ResponseStatus stringValue=&quot;${returnCode}&quot;/&gt;
        &lt;/L7p:HardcodedResponse&gt;
    &lt;/wsp:All&gt;
&lt;/wsp:Policy&gt;

                            </l7:Resource>
                        </l7:ResourceSet>
                    </l7:Resources>
                </l7:Service>
            </l7:Resource>
        </l7:Item>
        <l7:Item>
            <l7:Name>jdbc - search</l7:Name>
            <l7:Id>71489e6b3f531c24ce7c37495119f273</l7:Id>
            <l7:Type>POLICY</l7:Type>
            <l7:TimeStamp>2019-01-22T11:08:12.545-08:00</l7:TimeStamp>
            <l7:Resource>
                <l7:Policy guid="a4234912-8ec2-4379-afa7-b269a5ec4d5e" id="71489e6b3f531c24ce7c37495119f273" version="1">
                    <l7:PolicyDetail folderId="71489e6b3f531c24ce7c3749511939a9" guid="a4234912-8ec2-4379-afa7-b269a5ec4d5e" id="71489e6b3f531c24ce7c37495119f273" version="1">
                        <l7:Name>jdbc - search</l7:Name>
                        <l7:PolicyType>Include</l7:PolicyType>
                        <l7:Properties>
                            <l7:Property key="revision">
                                <l7:LongValue>2</l7:LongValue>
                            </l7:Property>
                            <l7:Property key="soap">
                                <l7:BooleanValue>false</l7:BooleanValue>
                            </l7:Property>
                        </l7:Properties>
                    </l7:PolicyDetail>
                    <l7:Resources>
                        <l7:ResourceSet tag="policy">
                            <l7:Resource type="policy">&lt;?xml version=&quot;1.0&quot; encoding=&quot;UTF-8&quot;?&gt;
&lt;wsp:Policy
                                xmlns:L7p=&quot;http://www.layer7tech.com/ws/policy&quot;
                                xmlns:wsp=&quot;http://schemas.xmlsoap.org/ws/2002/12/policy&quot;&gt;
    &lt;wsp:All wsp:Usage=&quot;Required&quot;&gt;
        &lt;wsp:OneOrMore wsp:Usage=&quot;Required&quot;&gt;
            &lt;wsp:All wsp:Usage=&quot;Required&quot;&gt;
                &lt;L7p:ComparisonAssertion&gt;
                    &lt;L7p:CaseSensitive booleanValue=&quot;false&quot;/&gt;
                    &lt;L7p:Expression1 stringValue=&quot;${request.http.parameter.jdbcName}&quot;/&gt;
                    &lt;L7p:Operator operatorNull=&quot;null&quot;/&gt;
                    &lt;L7p:Predicates predicates=&quot;included&quot;&gt;
                        &lt;L7p:item dataType=&quot;included&quot;&gt;
                            &lt;L7p:Type variableDataType=&quot;string&quot;/&gt;
                        &lt;/L7p:item&gt;
                        &lt;L7p:item binary=&quot;included&quot;&gt;
                            &lt;L7p:Negated booleanValue=&quot;true&quot;/&gt;
                            &lt;L7p:Operator operator=&quot;EMPTY&quot;/&gt;
                            &lt;L7p:RightValue stringValue=&quot;&quot;/&gt;
                        &lt;/L7p:item&gt;
                    &lt;/L7p:Predicates&gt;
                &lt;/L7p:ComparisonAssertion&gt;
                &lt;L7p:SetVariable&gt;
                    &lt;L7p:Base64Expression stringValue=&quot;JHtyZXF1ZXN0Lmh0dHAucGFyYW1ldGVyLmpkYmNOYW1lfQ==&quot;/&gt;
                    &lt;L7p:VariableToSet stringValue=&quot;connection&quot;/&gt;
                &lt;/L7p:SetVariable&gt;
                &lt;L7p:JdbcQuery&gt;
                    &lt;L7p:AssertionComment assertionComment=&quot;included&quot;&gt;
                        &lt;L7p:Properties mapValue=&quot;included&quot;&gt;
                            &lt;L7p:entry&gt;
                                &lt;L7p:key stringValue=&quot;LEFT.COMMENT&quot;/&gt;
                                &lt;L7p:value stringValue=&quot;SEARCH&quot;/&gt;
                            &lt;/L7p:entry&gt;
                            &lt;L7p:entry&gt;
                                &lt;L7p:key stringValue=&quot;RIGHT.COMMENT&quot;/&gt;
                                &lt;L7p:value stringValue=&quot;Checks the 'customers' table for IDs and names&quot;/&gt;
                            &lt;/L7p:entry&gt;
                        &lt;/L7p:Properties&gt;
                    &lt;/L7p:AssertionComment&gt;
                    &lt;L7p:ConnectionName stringValue=&quot;${connection}&quot;/&gt;
                    &lt;L7p:ConvertVariablesToStrings booleanValue=&quot;false&quot;/&gt;
                    &lt;L7p:NamingMap mapValue=&quot;included&quot;&gt;
                        &lt;L7p:entry&gt;
                            &lt;L7p:key stringValue=&quot;customerId&quot;/&gt;
                            &lt;L7p:value stringValue=&quot;id&quot;/&gt;
                        &lt;/L7p:entry&gt;
                        &lt;L7p:entry&gt;
                            &lt;L7p:key stringValue=&quot;customerName&quot;/&gt;
                            &lt;L7p:value stringValue=&quot;name&quot;/&gt;
                        &lt;/L7p:entry&gt;
                    &lt;/L7p:NamingMap&gt;
                    &lt;L7p:SqlQuery stringValueReference=&quot;inline&quot;&gt;&lt;![CDATA[SELECT customerId, customerName
                                            FROM customers]]&gt;&lt;/L7p:SqlQuery&gt;
                &lt;/L7p:JdbcQuery&gt;
                &lt;L7p:SetVariable&gt;
                    &lt;L7p:Base64Expression stringValue=&quot;UmV0cmlldmVkICR7amRiY1F1ZXJ5LnF1ZXJ5cmVzdWx0LmNvdW50fSByZWNvcmQocykuDQp8ICMgfCBJRCB8IE5hbWUgfA0KDQoke2pkYmNRdWVyeS5pZH0NCg0KJHtqZGJjUXVlcnkubmFtZX0=&quot;/&gt;
                    &lt;L7p:VariableToSet stringValue=&quot;returnMessage&quot;/&gt;
                &lt;/L7p:SetVariable&gt;
                &lt;L7p:SetVariable&gt;
                    &lt;L7p:Base64Expression stringValue=&quot;MjAw&quot;/&gt;
                    &lt;L7p:DataType variableDataType=&quot;int&quot;/&gt;
                    &lt;L7p:VariableToSet stringValue=&quot;returnCode&quot;/&gt;
                &lt;/L7p:SetVariable&gt;
                &lt;L7p:ForEachLoop L7p:Enabled=&quot;false&quot;
                    L7p:Usage=&quot;Required&quot; loopVariable=&quot;jdbcQuery.id&quot; variablePrefix=&quot;ids&quot;&gt;
                    &lt;L7p:SetVariable&gt;
                        &lt;L7p:Base64Expression stringValue=&quot;JHtpZHMuaXRlcmF0aW9uc30=&quot;/&gt;
                        &lt;L7p:DataType variableDataType=&quot;int&quot;/&gt;
                        &lt;L7p:VariableToSet stringValue=&quot;idIndex&quot;/&gt;
                    &lt;/L7p:SetVariable&gt;
                    &lt;L7p:SetVariable&gt;
                        &lt;L7p:AssertionComment assertionComment=&quot;included&quot;&gt;
                            &lt;L7p:Properties mapValue=&quot;included&quot;&gt;
                                &lt;L7p:entry&gt;
                                    &lt;L7p:key stringValue=&quot;RIGHT.COMMENT&quot;/&gt;
                                    &lt;L7p:value stringValue=&quot;${jdbcQuery.id[idIndex]}&quot;/&gt;
                                &lt;/L7p:entry&gt;
                            &lt;/L7p:Properties&gt;
                        &lt;/L7p:AssertionComment&gt;
                        &lt;L7p:Base64Expression stringValue=&quot;JHtyZXR1cm5NZXNzYWdlfQ0KfCAke2lkSW5kZXh9IHwgJHtqZGJjUXVlcnkuaWQgaWRJbmRleH0gfCAke2pkYmNRdWVyeS5uYW1lIGlkSW5kZXh9IHwg&quot;/&gt;
                        &lt;L7p:VariableToSet stringValue=&quot;returnMessage&quot;/&gt;
                    &lt;/L7p:SetVariable&gt;
                &lt;/L7p:ForEachLoop&gt;
            &lt;/wsp:All&gt;
            &lt;L7p:SetVariable&gt;
                &lt;L7p:Base64Expression stringValue=&quot;U0VMRUNUIEpEQkMgcXVlcnkgZmFpbGVkLg==&quot;/&gt;
                &lt;L7p:VariableToSet stringValue=&quot;returnMessage&quot;/&gt;
            &lt;/L7p:SetVariable&gt;
            &lt;L7p:SetVariable&gt;
                &lt;L7p:Base64Expression stringValue=&quot;NTAw&quot;/&gt;
                &lt;L7p:DataType variableDataType=&quot;int&quot;/&gt;
                &lt;L7p:VariableToSet stringValue=&quot;returnCode&quot;/&gt;
            &lt;/L7p:SetVariable&gt;
        &lt;/wsp:OneOrMore&gt;
    &lt;/wsp:All&gt;
&lt;/wsp:Policy&gt;

                            </l7:Resource>
                        </l7:ResourceSet>
                    </l7:Resources>
                </l7:Policy>
            </l7:Resource>
        </l7:Item>
        <l7:Item>
            <l7:Name>JDBC - search</l7:Name>
            <l7:Id>71489e6b3f531c24ce7c374951181b7a</l7:Id>
            <l7:Type>SERVICE</l7:Type>
            <l7:TimeStamp>2019-01-22T11:08:12.584-08:00</l7:TimeStamp>
            <l7:Resource>
                <l7:Service id="71489e6b3f531c24ce7c374951181b7a" version="4">
                    <l7:ServiceDetail folderId="71489e6b3f531c24ce7c374951181ae7" id="71489e6b3f531c24ce7c374951181b7a" version="4">
                        <l7:Name>JDBC - search</l7:Name>
                        <l7:Enabled>true</l7:Enabled>
                        <l7:ServiceMappings>
                            <l7:HttpMapping>
                                <l7:UrlPattern>/test/jdbc/search</l7:UrlPattern>
                                <l7:Verbs>
                                    <l7:Verb>GET</l7:Verb>
                                    <l7:Verb>POST</l7:Verb>
                                </l7:Verbs>
                            </l7:HttpMapping>
                        </l7:ServiceMappings>
                        <l7:Properties>
                            <l7:Property key="internal">
                                <l7:BooleanValue>false</l7:BooleanValue>
                            </l7:Property>
                            <l7:Property key="policyRevision">
                                <l7:LongValue>2</l7:LongValue>
                            </l7:Property>
                            <l7:Property key="property.latencyMetrics.captureClientAndFolder">
                                <l7:StringValue>false|false</l7:StringValue>
                            </l7:Property>
                            <l7:Property key="property.latencyMetrics.settings">
                                <l7:StringValue>false|INTERVAL|15000</l7:StringValue>
                            </l7:Property>
                            <l7:Property key="property.latencyMetrics.subservices">
                                <l7:StringValue></l7:StringValue>
                            </l7:Property>
                            <l7:Property key="soap">
                                <l7:BooleanValue>false</l7:BooleanValue>
                            </l7:Property>
                            <l7:Property key="tracingEnabled">
                                <l7:BooleanValue>false</l7:BooleanValue>
                            </l7:Property>
                            <l7:Property key="wssProcessingEnabled">
                                <l7:BooleanValue>false</l7:BooleanValue>
                            </l7:Property>
                        </l7:Properties>
                    </l7:ServiceDetail>
                    <l7:Resources>
                        <l7:ResourceSet tag="policy">
                            <l7:Resource type="policy" version="1">&lt;?xml version=&quot;1.0&quot; encoding=&quot;UTF-8&quot;?&gt;
&lt;wsp:Policy
                                xmlns:L7p=&quot;http://www.layer7tech.com/ws/policy&quot;
                                xmlns:wsp=&quot;http://schemas.xmlsoap.org/ws/2002/12/policy&quot;&gt;
    &lt;wsp:All wsp:Usage=&quot;Required&quot;&gt;
        &lt;L7p:SetVariable&gt;
            &lt;L7p:Base64Expression stringValue=&quot;UmVxdWVzdCA6IFBPU1QgcmVxdWVzdCB0byB0aGlzIGVuZHBvaW50IHdpdGggaHR0cCBwYXJhbWV0ZXIgJ2pkYmNOYW1lJyBtYXRjaGluZyB0aGUgZGF0YWJhc2UgY29ubmVjdGlvbiBuYW1lIGNvbmZpZ3VyZWQgaW4gdGhlIEdhdGV3YXkuDQpSZXNwb25zZTogVGhlIG51bWJlciBvZiByb3dzIGZvdW5kIGFuZCB0aGUgcmVzdWx0IHNldCBmcm9tIHRoZSAnY3VzdG9tZXJzJyB0YWJsZS4=&quot;/&gt;
            &lt;L7p:VariableToSet stringValue=&quot;help&quot;/&gt;
        &lt;/L7p:SetVariable&gt;
        &lt;L7p:Include&gt;
            &lt;L7p:Enabled booleanValue=&quot;false&quot;/&gt;
            &lt;L7p:PolicyGuid stringValue=&quot;6f016e20-e7b7-4228-a22f-e64c6fb0ae51&quot;/&gt;
        &lt;/L7p:Include&gt;
        &lt;L7p:Include&gt;
            &lt;L7p:Enabled booleanValue=&quot;false&quot;/&gt;
            &lt;L7p:PolicyGuid stringValue=&quot;34c9541b-ae5b-4850-b196-bad6fd641919&quot;/&gt;
        &lt;/L7p:Include&gt;
        &lt;L7p:Include&gt;
            &lt;L7p:Enabled booleanValue=&quot;false&quot;/&gt;
            &lt;L7p:PolicyGuid stringValue=&quot;81d7a287-a457-4282-80c7-5a24b811b6d6&quot;/&gt;
        &lt;/L7p:Include&gt;
        &lt;L7p:Include&gt;
            &lt;L7p:PolicyGuid stringValue=&quot;a4234912-8ec2-4379-afa7-b269a5ec4d5e&quot;/&gt;
        &lt;/L7p:Include&gt;
        &lt;L7p:HardcodedResponse&gt;
            &lt;L7p:Base64ResponseBody stringValue=&quot;JHtyZXR1cm5NZXNzYWdlfQ==&quot;/&gt;
            &lt;L7p:ResponseContentType stringValue=&quot;text/plain; charset=UTF-8&quot;/&gt;
            &lt;L7p:ResponseStatus stringValue=&quot;${returnCode}&quot;/&gt;
        &lt;/L7p:HardcodedResponse&gt;
    &lt;/wsp:All&gt;
&lt;/wsp:Policy&gt;

                            </l7:Resource>
                        </l7:ResourceSet>
                    </l7:Resources>
                </l7:Service>
            </l7:Resource>
        </l7:Item>
        <l7:Item>
            <l7:Name>jdbc - delete</l7:Name>
            <l7:Id>c45657033a1a2f683672b349d6a7a5b0</l7:Id>
            <l7:Type>POLICY</l7:Type>
            <l7:TimeStamp>2019-01-22T11:08:12.604-08:00</l7:TimeStamp>
            <l7:Resource>
                <l7:Policy guid="2a8fb270-e722-4a3a-9b2c-ebb0e539031d" id="c45657033a1a2f683672b349d6a7a5b0" version="0">
                    <l7:PolicyDetail folderId="71489e6b3f531c24ce7c3749511939a9" guid="2a8fb270-e722-4a3a-9b2c-ebb0e539031d" id="c45657033a1a2f683672b349d6a7a5b0" version="0">
                        <l7:Name>jdbc - delete</l7:Name>
                        <l7:PolicyType>Include</l7:PolicyType>
                        <l7:Properties>
                            <l7:Property key="revision">
                                <l7:LongValue>1</l7:LongValue>
                            </l7:Property>
                            <l7:Property key="soap">
                                <l7:BooleanValue>false</l7:BooleanValue>
                            </l7:Property>
                        </l7:Properties>
                    </l7:PolicyDetail>
                    <l7:Resources>
                        <l7:ResourceSet tag="policy">
                            <l7:Resource type="policy">&lt;?xml version=&quot;1.0&quot; encoding=&quot;UTF-8&quot;?&gt;
&lt;wsp:Policy
                                xmlns:L7p=&quot;http://www.layer7tech.com/ws/policy&quot;
                                xmlns:wsp=&quot;http://schemas.xmlsoap.org/ws/2002/12/policy&quot;&gt;
    &lt;wsp:All wsp:Usage=&quot;Required&quot;&gt;
        &lt;wsp:OneOrMore wsp:Usage=&quot;Required&quot;&gt;
            &lt;wsp:All wsp:Usage=&quot;Required&quot;&gt;
                &lt;L7p:ComparisonAssertion&gt;
                    &lt;L7p:CaseSensitive booleanValue=&quot;false&quot;/&gt;
                    &lt;L7p:Expression1 stringValue=&quot;${request.http.parameter.jdbcName}&quot;/&gt;
                    &lt;L7p:Operator operatorNull=&quot;null&quot;/&gt;
                    &lt;L7p:Predicates predicates=&quot;included&quot;&gt;
                        &lt;L7p:item dataType=&quot;included&quot;&gt;
                            &lt;L7p:Type variableDataType=&quot;string&quot;/&gt;
                        &lt;/L7p:item&gt;
                        &lt;L7p:item binary=&quot;included&quot;&gt;
                            &lt;L7p:Negated booleanValue=&quot;true&quot;/&gt;
                            &lt;L7p:Operator operator=&quot;EMPTY&quot;/&gt;
                            &lt;L7p:RightValue stringValue=&quot;&quot;/&gt;
                        &lt;/L7p:item&gt;
                    &lt;/L7p:Predicates&gt;
                &lt;/L7p:ComparisonAssertion&gt;
                &lt;L7p:ComparisonAssertion&gt;
                    &lt;L7p:CaseSensitive booleanValue=&quot;false&quot;/&gt;
                    &lt;L7p:Expression1 stringValue=&quot;${request.http.parameter.customerId}&quot;/&gt;
                    &lt;L7p:Operator operatorNull=&quot;null&quot;/&gt;
                    &lt;L7p:Predicates predicates=&quot;included&quot;&gt;
                        &lt;L7p:item dataType=&quot;included&quot;&gt;
                            &lt;L7p:Type variableDataType=&quot;string&quot;/&gt;
                        &lt;/L7p:item&gt;
                        &lt;L7p:item binary=&quot;included&quot;&gt;
                            &lt;L7p:Negated booleanValue=&quot;true&quot;/&gt;
                            &lt;L7p:Operator operator=&quot;EMPTY&quot;/&gt;
                            &lt;L7p:RightValue stringValue=&quot;&quot;/&gt;
                        &lt;/L7p:item&gt;
                    &lt;/L7p:Predicates&gt;
                &lt;/L7p:ComparisonAssertion&gt;
                &lt;L7p:SetVariable&gt;
                    &lt;L7p:Base64Expression stringValue=&quot;JHtyZXF1ZXN0Lmh0dHAucGFyYW1ldGVyLmN1c3RvbWVySWR9&quot;/&gt;
                    &lt;L7p:VariableToSet stringValue=&quot;id&quot;/&gt;
                &lt;/L7p:SetVariable&gt;
                &lt;L7p:SetVariable&gt;
                    &lt;L7p:Base64Expression stringValue=&quot;JHtyZXF1ZXN0Lmh0dHAucGFyYW1ldGVyLmpkYmNOYW1lfQ==&quot;/&gt;
                    &lt;L7p:VariableToSet stringValue=&quot;connection&quot;/&gt;
                &lt;/L7p:SetVariable&gt;
                &lt;L7p:JdbcQuery&gt;
                    &lt;L7p:AssertionComment assertionComment=&quot;included&quot;&gt;
                        &lt;L7p:Properties mapValue=&quot;included&quot;&gt;
                            &lt;L7p:entry&gt;
                                &lt;L7p:key stringValue=&quot;LEFT.COMMENT&quot;/&gt;
                                &lt;L7p:value stringValue=&quot;DELETE&quot;/&gt;
                            &lt;/L7p:entry&gt;
                            &lt;L7p:entry&gt;
                                &lt;L7p:key stringValue=&quot;RIGHT.COMMENT&quot;/&gt;
                                &lt;L7p:value stringValue=&quot;Delete from the 'customers' table based on the ID provided&quot;/&gt;
                            &lt;/L7p:entry&gt;
                        &lt;/L7p:Properties&gt;
                    &lt;/L7p:AssertionComment&gt;
                    &lt;L7p:ConnectionName stringValue=&quot;${connection}&quot;/&gt;
                    &lt;L7p:ConvertVariablesToStrings booleanValue=&quot;false&quot;/&gt;
                    &lt;L7p:MaxRecords intValue=&quot;100&quot;/&gt;
                    &lt;L7p:SqlQuery stringValueReference=&quot;inline&quot;&gt;&lt;![CDATA[DELETE
                                            FROM customers
                                            WHERE customerId=${id}]]&gt;&lt;/L7p:SqlQuery&gt;
                &lt;/L7p:JdbcQuery&gt;
                &lt;L7p:SetVariable&gt;
                    &lt;L7p:Base64Expression stringValue=&quot;QXR0ZW1wdGVkIHRvIHJlbW92ZSByb3cgd2l0aCBjdXN0b21lcklkOiAke2lkfS4NClJlbW92ZWQgJHtqZGJjUXVlcnkucXVlcnlyZXN1bHQuY291bnR9IHJlY29yZChzKS4NCg==&quot;/&gt;
                    &lt;L7p:VariableToSet stringValue=&quot;returnMessage&quot;/&gt;
                &lt;/L7p:SetVariable&gt;
                &lt;L7p:SetVariable&gt;
                    &lt;L7p:Base64Expression stringValue=&quot;MjAw&quot;/&gt;
                    &lt;L7p:DataType variableDataType=&quot;int&quot;/&gt;
                    &lt;L7p:VariableToSet stringValue=&quot;returnCode&quot;/&gt;
                &lt;/L7p:SetVariable&gt;
            &lt;/wsp:All&gt;
            &lt;L7p:SetVariable&gt;
                &lt;L7p:Base64Expression stringValue=&quot;REVMRVRFIEpEQkMgcXVlcnkgZmFpbGVkLg==&quot;/&gt;
                &lt;L7p:VariableToSet stringValue=&quot;returnMessage&quot;/&gt;
            &lt;/L7p:SetVariable&gt;
            &lt;L7p:SetVariable&gt;
                &lt;L7p:Base64Expression stringValue=&quot;NTAw&quot;/&gt;
                &lt;L7p:DataType variableDataType=&quot;int&quot;/&gt;
                &lt;L7p:VariableToSet stringValue=&quot;returnCode&quot;/&gt;
            &lt;/L7p:SetVariable&gt;
        &lt;/wsp:OneOrMore&gt;
    &lt;/wsp:All&gt;
&lt;/wsp:Policy&gt;

                            </l7:Resource>
                        </l7:ResourceSet>
                    </l7:Resources>
                </l7:Policy>
            </l7:Resource>
        </l7:Item>
        <l7:Item>
            <l7:Name>JDBC - delete</l7:Name>
            <l7:Id>c45657033a1a2f683672b349d6a7aa26</l7:Id>
            <l7:Type>SERVICE</l7:Type>
            <l7:TimeStamp>2019-01-22T11:08:12.629-08:00</l7:TimeStamp>
            <l7:Resource>
                <l7:Service id="c45657033a1a2f683672b349d6a7aa26" version="2">
                    <l7:ServiceDetail folderId="71489e6b3f531c24ce7c374951181ae7" id="c45657033a1a2f683672b349d6a7aa26" version="2">
                        <l7:Name>JDBC - delete</l7:Name>
                        <l7:Enabled>true</l7:Enabled>
                        <l7:ServiceMappings>
                            <l7:HttpMapping>
                                <l7:UrlPattern>/test/jdbc/delete</l7:UrlPattern>
                                <l7:Verbs>
                                    <l7:Verb>POST</l7:Verb>
                                </l7:Verbs>
                            </l7:HttpMapping>
                        </l7:ServiceMappings>
                        <l7:Properties>
                            <l7:Property key="internal">
                                <l7:BooleanValue>false</l7:BooleanValue>
                            </l7:Property>
                            <l7:Property key="policyRevision">
                                <l7:LongValue>1</l7:LongValue>
                            </l7:Property>
                            <l7:Property key="soap">
                                <l7:BooleanValue>false</l7:BooleanValue>
                            </l7:Property>
                            <l7:Property key="tracingEnabled">
                                <l7:BooleanValue>false</l7:BooleanValue>
                            </l7:Property>
                            <l7:Property key="wssProcessingEnabled">
                                <l7:BooleanValue>false</l7:BooleanValue>
                            </l7:Property>
                        </l7:Properties>
                    </l7:ServiceDetail>
                    <l7:Resources>
                        <l7:ResourceSet tag="policy">
                            <l7:Resource type="policy" version="0">&lt;?xml version=&quot;1.0&quot; encoding=&quot;UTF-8&quot;?&gt;
&lt;wsp:Policy
                                xmlns:L7p=&quot;http://www.layer7tech.com/ws/policy&quot;
                                xmlns:wsp=&quot;http://schemas.xmlsoap.org/ws/2002/12/policy&quot;&gt;
    &lt;wsp:All wsp:Usage=&quot;Required&quot;&gt;
        &lt;L7p:SetVariable&gt;
            &lt;L7p:Base64Expression stringValue=&quot;UmVxdWVzdDogUE9TVCByZXF1ZXN0IHRvIHRoaXMgZW5kcG9pbnQgd2l0aCANCiogSFRUUCBwYXJhbWV0ZXIgJ2pkYmNOYW1lJyBtYXRjaGluZyB0aGUgY29ubmVjdGlvbiBuYW1lIGluIHRoZSBHYXRld2F5Lg0KKiBIVFRQIHBhcmFtZXRlciAnY3VzdG9tZXJJZCcgd2l0aCB0aGUgdmFsdWUgb2YgdGhlIGlkIHRvIHJlbW92ZQ0KUmVzcG9uc2U6IFJvdyBjb3VudCBpZiBzdWNjZXNzZnVsLCBlcnJvciBtZXNzYWdlIG90aGVyd2lzZS4=&quot;/&gt;
            &lt;L7p:VariableToSet stringValue=&quot;help&quot;/&gt;
        &lt;/L7p:SetVariable&gt;
        &lt;L7p:Include&gt;
            &lt;L7p:PolicyGuid stringValue=&quot;6f016e20-e7b7-4228-a22f-e64c6fb0ae51&quot;/&gt;
        &lt;/L7p:Include&gt;
        &lt;L7p:Include&gt;
            &lt;L7p:PolicyGuid stringValue=&quot;34c9541b-ae5b-4850-b196-bad6fd641919&quot;/&gt;
        &lt;/L7p:Include&gt;
        &lt;L7p:Include&gt;
            &lt;L7p:PolicyGuid stringValue=&quot;81d7a287-a457-4282-80c7-5a24b811b6d6&quot;/&gt;
        &lt;/L7p:Include&gt;
        &lt;L7p:Include&gt;
            &lt;L7p:PolicyGuid stringValue=&quot;2a8fb270-e722-4a3a-9b2c-ebb0e539031d&quot;/&gt;
        &lt;/L7p:Include&gt;
        &lt;L7p:HardcodedResponse&gt;
            &lt;L7p:Base64ResponseBody stringValue=&quot;JHtyZXR1cm5NZXNzYWdlfQ==&quot;/&gt;
            &lt;L7p:ResponseContentType stringValue=&quot;text/plain; charset=UTF-8&quot;/&gt;
            &lt;L7p:ResponseStatus stringValue=&quot;${returnCode}&quot;/&gt;
        &lt;/L7p:HardcodedResponse&gt;
    &lt;/wsp:All&gt;
&lt;/wsp:Policy&gt;

                            </l7:Resource>
                        </l7:ResourceSet>
                    </l7:Resources>
                </l7:Service>
            </l7:Resource>
        </l7:Item>
        <l7:Item>
            <l7:Name>regex - email</l7:Name>
            <l7:Id>71489e6b3f531c24ce7c3749511a8af3</l7:Id>
            <l7:Type>POLICY</l7:Type>
            <l7:TimeStamp>2019-01-22T11:08:12.640-08:00</l7:TimeStamp>
            <l7:Resource>
                <l7:Policy guid="ea419410-d5b8-43a2-92ec-9ee1db777d34" id="71489e6b3f531c24ce7c3749511a8af3" version="1">
                    <l7:PolicyDetail folderId="71489e6b3f531c24ce7c3749511a430b" guid="ea419410-d5b8-43a2-92ec-9ee1db777d34" id="71489e6b3f531c24ce7c3749511a8af3" version="1">
                        <l7:Name>regex - email</l7:Name>
                        <l7:PolicyType>Include</l7:PolicyType>
                        <l7:Properties>
                            <l7:Property key="revision">
                                <l7:LongValue>1</l7:LongValue>
                            </l7:Property>
                            <l7:Property key="soap">
                                <l7:BooleanValue>false</l7:BooleanValue>
                            </l7:Property>
                        </l7:Properties>
                    </l7:PolicyDetail>
                    <l7:Resources>
                        <l7:ResourceSet tag="policy">
                            <l7:Resource type="policy">&lt;?xml version=&quot;1.0&quot; encoding=&quot;UTF-8&quot;?&gt;
&lt;wsp:Policy
                                xmlns:L7p=&quot;http://www.layer7tech.com/ws/policy&quot;
                                xmlns:wsp=&quot;http://schemas.xmlsoap.org/ws/2002/12/policy&quot;&gt;
    &lt;wsp:All wsp:Usage=&quot;Required&quot;&gt;
        &lt;wsp:All wsp:Usage=&quot;Required&quot;&gt;
            &lt;L7p:ComparisonAssertion&gt;
                &lt;L7p:Expression1 stringValue=&quot;${regexpattern}&quot;/&gt;
                &lt;L7p:Expression2 stringValue=&quot;email&quot;/&gt;
                &lt;L7p:ExpressionIsVariable booleanValue=&quot;false&quot;/&gt;
                &lt;L7p:Predicates predicates=&quot;included&quot;&gt;
                    &lt;L7p:item binary=&quot;included&quot;&gt;
                        &lt;L7p:RightValue stringValue=&quot;email&quot;/&gt;
                    &lt;/L7p:item&gt;
                &lt;/L7p:Predicates&gt;
            &lt;/L7p:ComparisonAssertion&gt;
            &lt;L7p:SetVariable&gt;
                &lt;L7p:Base64Expression stringValue=&quot;JHtyZXF1ZXN0Lm1haW5wYXJ0fQ==&quot;/&gt;
                &lt;L7p:VariableToSet stringValue=&quot;searchString&quot;/&gt;
            &lt;/L7p:SetVariable&gt;
            &lt;L7p:Regex&gt;
                &lt;L7p:AutoTarget booleanValue=&quot;false&quot;/&gt;
                &lt;L7p:CaptureVar stringValue=&quot;values&quot;/&gt;
                &lt;L7p:FindAll booleanValue=&quot;true&quot;/&gt;
                &lt;L7p:OtherTargetMessageVariable stringValue=&quot;searchString&quot;/&gt;
                &lt;L7p:Regex stringValue=&quot;(^[^@]{3}|(?!^)\G)[^@]&quot;/&gt;
                &lt;L7p:RegexName stringValue=&quot;email&quot;/&gt;
                &lt;L7p:Replace booleanValue=&quot;true&quot;/&gt;
                &lt;L7p:Replacement stringValue=&quot;$1*&quot;/&gt;
                &lt;L7p:Target target=&quot;OTHER&quot;/&gt;
            &lt;/L7p:Regex&gt;
            &lt;L7p:SetVariable&gt;
                &lt;L7p:Base64Expression stringValue=&quot;TWFza2VkIGVtYWlsIGxvb2tzIGxpa2U6DQoke3NlYXJjaFN0cmluZ30=&quot;/&gt;
                &lt;L7p:VariableToSet stringValue=&quot;returnMessage&quot;/&gt;
            &lt;/L7p:SetVariable&gt;
            &lt;L7p:ExportVariables&gt;
                &lt;L7p:ExportedVars stringArrayValue=&quot;included&quot;&gt;
                    &lt;L7p:item stringValue=&quot;returnMessage&quot;/&gt;
                &lt;/L7p:ExportedVars&gt;
            &lt;/L7p:ExportVariables&gt;
            &lt;L7p:assertionComment&gt;
                &lt;L7p:Properties mapValue=&quot;included&quot;&gt;
                    &lt;L7p:entry&gt;
                        &lt;L7p:key stringValue=&quot;RIGHT.COMMENT&quot;/&gt;
                        &lt;L7p:value stringValue=&quot;Email mask&quot;/&gt;
                    &lt;/L7p:entry&gt;
                &lt;/L7p:Properties&gt;
            &lt;/L7p:assertionComment&gt;
        &lt;/wsp:All&gt;
    &lt;/wsp:All&gt;
&lt;/wsp:Policy&gt;

                            </l7:Resource>
                        </l7:ResourceSet>
                    </l7:Resources>
                </l7:Policy>
            </l7:Resource>
        </l7:Item>
        <l7:Item>
            <l7:Name>regex - ipv4</l7:Name>
            <l7:Id>71489e6b3f531c24ce7c3749511a8ab3</l7:Id>
            <l7:Type>POLICY</l7:Type>
            <l7:TimeStamp>2019-01-22T11:08:12.821-08:00</l7:TimeStamp>
            <l7:Resource>
                <l7:Policy guid="f7b32756-68f3-481e-a2e7-f05d0d473ba9" id="71489e6b3f531c24ce7c3749511a8ab3" version="1">
                    <l7:PolicyDetail folderId="71489e6b3f531c24ce7c3749511a430b" guid="f7b32756-68f3-481e-a2e7-f05d0d473ba9" id="71489e6b3f531c24ce7c3749511a8ab3" version="1">
                        <l7:Name>regex - ipv4</l7:Name>
                        <l7:PolicyType>Include</l7:PolicyType>
                        <l7:Properties>
                            <l7:Property key="revision">
                                <l7:LongValue>1</l7:LongValue>
                            </l7:Property>
                            <l7:Property key="soap">
                                <l7:BooleanValue>false</l7:BooleanValue>
                            </l7:Property>
                        </l7:Properties>
                    </l7:PolicyDetail>
                    <l7:Resources>
                        <l7:ResourceSet tag="policy">
                            <l7:Resource type="policy">&lt;?xml version=&quot;1.0&quot; encoding=&quot;UTF-8&quot;?&gt;
&lt;wsp:Policy
                                xmlns:L7p=&quot;http://www.layer7tech.com/ws/policy&quot;
                                xmlns:wsp=&quot;http://schemas.xmlsoap.org/ws/2002/12/policy&quot;&gt;
    &lt;wsp:All wsp:Usage=&quot;Required&quot;&gt;
        &lt;wsp:All wsp:Usage=&quot;Required&quot;&gt;
            &lt;L7p:ComparisonAssertion&gt;
                &lt;L7p:Expression1 stringValue=&quot;${regexpattern}&quot;/&gt;
                &lt;L7p:Expression2 stringValue=&quot;ipv4&quot;/&gt;
                &lt;L7p:ExpressionIsVariable booleanValue=&quot;false&quot;/&gt;
                &lt;L7p:Predicates predicates=&quot;included&quot;&gt;
                    &lt;L7p:item binary=&quot;included&quot;&gt;
                        &lt;L7p:RightValue stringValue=&quot;ipv4&quot;/&gt;
                    &lt;/L7p:item&gt;
                &lt;/L7p:Predicates&gt;
            &lt;/L7p:ComparisonAssertion&gt;
            &lt;L7p:Regex&gt;
                &lt;L7p:AutoTarget booleanValue=&quot;false&quot;/&gt;
                &lt;L7p:CaptureVar stringValue=&quot;values&quot;/&gt;
                &lt;L7p:FindAll booleanValue=&quot;true&quot;/&gt;
                &lt;L7p:OtherTargetMessageVariable stringValue=&quot;request.mainpart&quot;/&gt;
                &lt;L7p:Regex stringValue=&quot;(?:(?:25[0-5]|2[0-4][0-9]|[01]?[0-9][0-9]?)\.){3}(?:25[0-5]|2[0-4][0-9]|[01]?[0-9][0-9]?)&quot;/&gt;
                &lt;L7p:RegexName stringValue=&quot;ipv4&quot;/&gt;
                &lt;L7p:Replacement stringValue=&quot;&quot;/&gt;
                &lt;L7p:Target target=&quot;OTHER&quot;/&gt;
            &lt;/L7p:Regex&gt;
            &lt;L7p:SetVariable&gt;
                &lt;L7p:Base64Expression stringValue=&quot;Rm91bmQgJHt2YWx1ZXMubGVuZ3RofSBpbnN0YW5jZXM6&quot;/&gt;
                &lt;L7p:VariableToSet stringValue=&quot;returnMessage&quot;/&gt;
            &lt;/L7p:SetVariable&gt;
            &lt;L7p:ForEachLoop L7p:Usage=&quot;Required&quot; loopVariable=&quot;values&quot; variablePrefix=&quot;v&quot;&gt;
                &lt;L7p:SetVariable&gt;
                    &lt;L7p:Base64Expression stringValue=&quot;JHtyZXR1cm5NZXNzYWdlfQ0KJHt2LmN1cnJlbnR9&quot;/&gt;
                    &lt;L7p:VariableToSet stringValue=&quot;returnMessage&quot;/&gt;
                &lt;/L7p:SetVariable&gt;
            &lt;/L7p:ForEachLoop&gt;
            &lt;L7p:ExportVariables&gt;
                &lt;L7p:ExportedVars stringArrayValue=&quot;included&quot;&gt;
                    &lt;L7p:item stringValue=&quot;returnMessage&quot;/&gt;
                &lt;/L7p:ExportedVars&gt;
            &lt;/L7p:ExportVariables&gt;
            &lt;L7p:assertionComment&gt;
                &lt;L7p:Properties mapValue=&quot;included&quot;&gt;
                    &lt;L7p:entry&gt;
                        &lt;L7p:key stringValue=&quot;RIGHT.COMMENT&quot;/&gt;
                        &lt;L7p:value stringValue=&quot;IPv4 validation&quot;/&gt;
                    &lt;/L7p:entry&gt;
                &lt;/L7p:Properties&gt;
            &lt;/L7p:assertionComment&gt;
        &lt;/wsp:All&gt;
    &lt;/wsp:All&gt;
&lt;/wsp:Policy&gt;

                            </l7:Resource>
                        </l7:ResourceSet>
                    </l7:Resources>
                </l7:Policy>
            </l7:Resource>
        </l7:Item>
        <l7:Item>
            <l7:Name>regex - password</l7:Name>
            <l7:Id>71489e6b3f531c24ce7c3749511a8ade</l7:Id>
            <l7:Type>POLICY</l7:Type>
            <l7:TimeStamp>2019-01-22T11:08:12.842-08:00</l7:TimeStamp>
            <l7:Resource>
                <l7:Policy guid="5293d9da-f0e6-41a4-965a-3a042af138ac" id="71489e6b3f531c24ce7c3749511a8ade" version="1">
                    <l7:PolicyDetail folderId="71489e6b3f531c24ce7c3749511a430b" guid="5293d9da-f0e6-41a4-965a-3a042af138ac" id="71489e6b3f531c24ce7c3749511a8ade" version="1">
                        <l7:Name>regex - password</l7:Name>
                        <l7:PolicyType>Include</l7:PolicyType>
                        <l7:Properties>
                            <l7:Property key="revision">
                                <l7:LongValue>1</l7:LongValue>
                            </l7:Property>
                            <l7:Property key="soap">
                                <l7:BooleanValue>false</l7:BooleanValue>
                            </l7:Property>
                        </l7:Properties>
                    </l7:PolicyDetail>
                    <l7:Resources>
                        <l7:ResourceSet tag="policy">
                            <l7:Resource type="policy">&lt;?xml version=&quot;1.0&quot; encoding=&quot;UTF-8&quot;?&gt;
&lt;wsp:Policy
                                xmlns:L7p=&quot;http://www.layer7tech.com/ws/policy&quot;
                                xmlns:wsp=&quot;http://schemas.xmlsoap.org/ws/2002/12/policy&quot;&gt;
    &lt;wsp:All wsp:Usage=&quot;Required&quot;&gt;
        &lt;wsp:All wsp:Usage=&quot;Required&quot;&gt;
            &lt;L7p:CommentAssertion&gt;
                &lt;L7p:Comment stringValue=&quot;**** 6 to 12 characters in length     Must have at least one uppercase letter     Must have at least one lower case letter     Must have at least one digit     Should contain other characters ****&quot;/&gt;
            &lt;/L7p:CommentAssertion&gt;
            &lt;L7p:ComparisonAssertion&gt;
                &lt;L7p:Expression1 stringValue=&quot;${regexpattern}&quot;/&gt;
                &lt;L7p:Expression2 stringValue=&quot;password&quot;/&gt;
                &lt;L7p:ExpressionIsVariable booleanValue=&quot;false&quot;/&gt;
                &lt;L7p:Predicates predicates=&quot;included&quot;&gt;
                    &lt;L7p:item binary=&quot;included&quot;&gt;
                        &lt;L7p:RightValue stringValue=&quot;password&quot;/&gt;
                    &lt;/L7p:item&gt;
                &lt;/L7p:Predicates&gt;
            &lt;/L7p:ComparisonAssertion&gt;
            &lt;L7p:Regex&gt;
                &lt;L7p:AutoTarget booleanValue=&quot;false&quot;/&gt;
                &lt;L7p:CaptureVar stringValue=&quot;values&quot;/&gt;
                &lt;L7p:FindAll booleanValue=&quot;true&quot;/&gt;
                &lt;L7p:OtherTargetMessageVariable stringValue=&quot;request.mainpart&quot;/&gt;
                &lt;L7p:Regex stringValue=&quot;(?=.*[a-z])(?=.*[A-Z])(?=.*\d).{6,12}&quot;/&gt;
                &lt;L7p:RegexName stringValue=&quot;password&quot;/&gt;
                &lt;L7p:Replacement stringValue=&quot;&quot;/&gt;
                &lt;L7p:Target target=&quot;OTHER&quot;/&gt;
            &lt;/L7p:Regex&gt;
            &lt;L7p:SetVariable&gt;
                &lt;L7p:Base64Expression stringValue=&quot;Rm91bmQgJHt2YWx1ZXMubGVuZ3RofSBpbnN0YW5jZXM6&quot;/&gt;
                &lt;L7p:VariableToSet stringValue=&quot;returnMessage&quot;/&gt;
            &lt;/L7p:SetVariable&gt;
            &lt;L7p:ForEachLoop L7p:Usage=&quot;Required&quot; loopVariable=&quot;values&quot; variablePrefix=&quot;v&quot;&gt;
                &lt;L7p:SetVariable&gt;
                    &lt;L7p:Base64Expression stringValue=&quot;JHtyZXR1cm5NZXNzYWdlfQ0KJHt2LmN1cnJlbnR9&quot;/&gt;
                    &lt;L7p:VariableToSet stringValue=&quot;returnMessage&quot;/&gt;
                &lt;/L7p:SetVariable&gt;
            &lt;/L7p:ForEachLoop&gt;
            &lt;L7p:ExportVariables&gt;
                &lt;L7p:ExportedVars stringArrayValue=&quot;included&quot;/&gt;
            &lt;/L7p:ExportVariables&gt;
            &lt;L7p:assertionComment&gt;
                &lt;L7p:Properties mapValue=&quot;included&quot;&gt;
                    &lt;L7p:entry&gt;
                        &lt;L7p:key stringValue=&quot;RIGHT.COMMENT&quot;/&gt;
                        &lt;L7p:value stringValue=&quot;Complex password branch&quot;/&gt;
                    &lt;/L7p:entry&gt;
                &lt;/L7p:Properties&gt;
            &lt;/L7p:assertionComment&gt;
        &lt;/wsp:All&gt;
    &lt;/wsp:All&gt;
&lt;/wsp:Policy&gt;

                            </l7:Resource>
                        </l7:ResourceSet>
                    </l7:Resources>
                </l7:Policy>
            </l7:Resource>
        </l7:Item>
        <l7:Item>
            <l7:Name>regex - nanp</l7:Name>
            <l7:Id>71489e6b3f531c24ce7c3749511a8ac8</l7:Id>
            <l7:Type>POLICY</l7:Type>
            <l7:TimeStamp>2019-01-22T11:08:12.849-08:00</l7:TimeStamp>
            <l7:Resource>
                <l7:Policy guid="f4543307-bd1d-49d9-a2b1-375b0e915f98" id="71489e6b3f531c24ce7c3749511a8ac8" version="1">
                    <l7:PolicyDetail folderId="71489e6b3f531c24ce7c3749511a430b" guid="f4543307-bd1d-49d9-a2b1-375b0e915f98" id="71489e6b3f531c24ce7c3749511a8ac8" version="1">
                        <l7:Name>regex - nanp</l7:Name>
                        <l7:PolicyType>Include</l7:PolicyType>
                        <l7:Properties>
                            <l7:Property key="revision">
                                <l7:LongValue>1</l7:LongValue>
                            </l7:Property>
                            <l7:Property key="soap">
                                <l7:BooleanValue>false</l7:BooleanValue>
                            </l7:Property>
                        </l7:Properties>
                    </l7:PolicyDetail>
                    <l7:Resources>
                        <l7:ResourceSet tag="policy">
                            <l7:Resource type="policy">&lt;?xml version=&quot;1.0&quot; encoding=&quot;UTF-8&quot;?&gt;
&lt;wsp:Policy
                                xmlns:L7p=&quot;http://www.layer7tech.com/ws/policy&quot;
                                xmlns:wsp=&quot;http://schemas.xmlsoap.org/ws/2002/12/policy&quot;&gt;
    &lt;wsp:All wsp:Usage=&quot;Required&quot;&gt;
        &lt;wsp:All wsp:Usage=&quot;Required&quot;&gt;
            &lt;L7p:ComparisonAssertion&gt;
                &lt;L7p:Expression1 stringValue=&quot;${regexpattern}&quot;/&gt;
                &lt;L7p:Expression2 stringValue=&quot;nanp&quot;/&gt;
                &lt;L7p:ExpressionIsVariable booleanValue=&quot;false&quot;/&gt;
                &lt;L7p:Predicates predicates=&quot;included&quot;&gt;
                    &lt;L7p:item binary=&quot;included&quot;&gt;
                        &lt;L7p:RightValue stringValue=&quot;nanp&quot;/&gt;
                    &lt;/L7p:item&gt;
                &lt;/L7p:Predicates&gt;
            &lt;/L7p:ComparisonAssertion&gt;
            &lt;L7p:Regex&gt;
                &lt;L7p:AutoTarget booleanValue=&quot;false&quot;/&gt;
                &lt;L7p:CaptureVar stringValue=&quot;values&quot;/&gt;
                &lt;L7p:FindAll booleanValue=&quot;true&quot;/&gt;
                &lt;L7p:OtherTargetMessageVariable stringValue=&quot;request.mainpart&quot;/&gt;
                &lt;L7p:Regex stringValue=&quot;\(?[2-9][0-8][0-9]\)?[-. ]?[0-9]{3}[-. ]?[0-9]{4}&quot;/&gt;
                &lt;L7p:RegexName stringValue=&quot;nanp&quot;/&gt;
                &lt;L7p:Replacement stringValue=&quot;&quot;/&gt;
                &lt;L7p:Target target=&quot;OTHER&quot;/&gt;
            &lt;/L7p:Regex&gt;
            &lt;L7p:SetVariable&gt;
                &lt;L7p:Base64Expression stringValue=&quot;Rm91bmQgJHt2YWx1ZXMubGVuZ3RofSBpbnN0YW5jZXM6&quot;/&gt;
                &lt;L7p:VariableToSet stringValue=&quot;returnMessage&quot;/&gt;
            &lt;/L7p:SetVariable&gt;
            &lt;L7p:ForEachLoop L7p:Usage=&quot;Required&quot; loopVariable=&quot;values&quot; variablePrefix=&quot;v&quot;&gt;
                &lt;L7p:SetVariable&gt;
                    &lt;L7p:Base64Expression stringValue=&quot;JHtyZXR1cm5NZXNzYWdlfQ0KJHt2LmN1cnJlbnR9&quot;/&gt;
                    &lt;L7p:VariableToSet stringValue=&quot;returnMessage&quot;/&gt;
                &lt;/L7p:SetVariable&gt;
            &lt;/L7p:ForEachLoop&gt;
            &lt;L7p:ExportVariables&gt;
                &lt;L7p:ExportedVars stringArrayValue=&quot;included&quot;&gt;
                    &lt;L7p:item stringValue=&quot;returnMessage&quot;/&gt;
                &lt;/L7p:ExportedVars&gt;
            &lt;/L7p:ExportVariables&gt;
            &lt;L7p:assertionComment&gt;
                &lt;L7p:Properties mapValue=&quot;included&quot;&gt;
                    &lt;L7p:entry&gt;
                        &lt;L7p:key stringValue=&quot;RIGHT.COMMENT&quot;/&gt;
                        &lt;L7p:value stringValue=&quot;North American Number Plan&quot;/&gt;
                    &lt;/L7p:entry&gt;
                &lt;/L7p:Properties&gt;
            &lt;/L7p:assertionComment&gt;
        &lt;/wsp:All&gt;
    &lt;/wsp:All&gt;
&lt;/wsp:Policy&gt;

                            </l7:Resource>
                        </l7:ResourceSet>
                    </l7:Resources>
                </l7:Policy>
            </l7:Resource>
        </l7:Item>
        <l7:Item>
            <l7:Name>regex - search</l7:Name>
            <l7:Id>71489e6b3f531c24ce7c3749511a434d</l7:Id>
            <l7:Type>POLICY</l7:Type>
            <l7:TimeStamp>2019-01-22T11:08:12.851-08:00</l7:TimeStamp>
            <l7:Resource>
                <l7:Policy guid="e637be03-31c9-4fae-9135-4d7708f8ff54" id="71489e6b3f531c24ce7c3749511a434d" version="1">
                    <l7:PolicyDetail folderId="71489e6b3f531c24ce7c3749511a430b" guid="e637be03-31c9-4fae-9135-4d7708f8ff54" id="71489e6b3f531c24ce7c3749511a434d" version="1">
                        <l7:Name>regex - search</l7:Name>
                        <l7:PolicyType>Include</l7:PolicyType>
                        <l7:Properties>
                            <l7:Property key="revision">
                                <l7:LongValue>1</l7:LongValue>
                            </l7:Property>
                            <l7:Property key="soap">
                                <l7:BooleanValue>false</l7:BooleanValue>
                            </l7:Property>
                        </l7:Properties>
                    </l7:PolicyDetail>
                    <l7:Resources>
                        <l7:ResourceSet tag="policy">
                            <l7:Resource type="policy">&lt;?xml version=&quot;1.0&quot; encoding=&quot;UTF-8&quot;?&gt;
&lt;wsp:Policy
                                xmlns:L7p=&quot;http://www.layer7tech.com/ws/policy&quot;
                                xmlns:wsp=&quot;http://schemas.xmlsoap.org/ws/2002/12/policy&quot;&gt;
    &lt;wsp:All wsp:Usage=&quot;Required&quot;&gt;
        &lt;L7p:SetVariable&gt;
            &lt;L7p:Base64Expression stringValue=&quot;JHtyZXF1ZXN0Lmh0dHAucGFyYW1ldGVyLnJlZ2V4cGF0dGVybn0=&quot;/&gt;
            &lt;L7p:VariableToSet stringValue=&quot;regexpattern&quot;/&gt;
        &lt;/L7p:SetVariable&gt;
        &lt;wsp:All wsp:Usage=&quot;Required&quot;&gt;
            &lt;wsp:OneOrMore wsp:Usage=&quot;Required&quot;&gt;
                &lt;L7p:Include&gt;
                    &lt;L7p:PolicyGuid stringValue=&quot;ea419410-d5b8-43a2-92ec-9ee1db777d34&quot;/&gt;
                &lt;/L7p:Include&gt;
                &lt;L7p:Include&gt;
                    &lt;L7p:PolicyGuid stringValue=&quot;f7b32756-68f3-481e-a2e7-f05d0d473ba9&quot;/&gt;
                &lt;/L7p:Include&gt;
                &lt;L7p:Include&gt;
                    &lt;L7p:PolicyGuid stringValue=&quot;5293d9da-f0e6-41a4-965a-3a042af138ac&quot;/&gt;
                &lt;/L7p:Include&gt;
                &lt;L7p:Include&gt;
                    &lt;L7p:PolicyGuid stringValue=&quot;f4543307-bd1d-49d9-a2b1-375b0e915f98&quot;/&gt;
                &lt;/L7p:Include&gt;
                &lt;L7p:SetVariable&gt;
                    &lt;L7p:Base64Expression stringValue=&quot;Rm91bmQgMCBpbnN0YW5jZXM=&quot;/&gt;
                    &lt;L7p:VariableToSet stringValue=&quot;returnMessage&quot;/&gt;
                &lt;/L7p:SetVariable&gt;
            &lt;/wsp:OneOrMore&gt;
        &lt;/wsp:All&gt;
        &lt;L7p:ExportVariables&gt;
            &lt;L7p:ExportedVars stringArrayValue=&quot;included&quot;&gt;
                &lt;L7p:item stringValue=&quot;returnMessage&quot;/&gt;
            &lt;/L7p:ExportedVars&gt;
        &lt;/L7p:ExportVariables&gt;
    &lt;/wsp:All&gt;
&lt;/wsp:Policy&gt;

                            </l7:Resource>
                        </l7:ResourceSet>
                    </l7:Resources>
                </l7:Policy>
            </l7:Resource>
        </l7:Item>
        <l7:Item>
            <l7:Name>regex</l7:Name>
            <l7:Id>71489e6b3f531c24ce7c3749511a425f</l7:Id>
            <l7:Type>SERVICE</l7:Type>
            <l7:TimeStamp>2019-01-22T11:08:12.854-08:00</l7:TimeStamp>
            <l7:Resource>
                <l7:Service id="71489e6b3f531c24ce7c3749511a425f" version="4">
                    <l7:ServiceDetail folderId="71489e6b3f531c24ce7c374951182470" id="71489e6b3f531c24ce7c3749511a425f" version="4">
                        <l7:Name>regex</l7:Name>
                        <l7:Enabled>true</l7:Enabled>
                        <l7:ServiceMappings>
                            <l7:HttpMapping>
                                <l7:UrlPattern>/test/regex</l7:UrlPattern>
                                <l7:Verbs>
                                    <l7:Verb>GET</l7:Verb>
                                    <l7:Verb>POST</l7:Verb>
                                    <l7:Verb>PUT</l7:Verb>
                                    <l7:Verb>DELETE</l7:Verb>
                                </l7:Verbs>
                            </l7:HttpMapping>
                        </l7:ServiceMappings>
                        <l7:Properties>
                            <l7:Property key="internal">
                                <l7:BooleanValue>false</l7:BooleanValue>
                            </l7:Property>
                            <l7:Property key="policyRevision">
                                <l7:LongValue>1</l7:LongValue>
                            </l7:Property>
                            <l7:Property key="property.latencyMetrics.captureClientAndFolder">
                                <l7:StringValue>false|false</l7:StringValue>
                            </l7:Property>
                            <l7:Property key="property.latencyMetrics.settings">
                                <l7:StringValue>false|INTERVAL|15000</l7:StringValue>
                            </l7:Property>
                            <l7:Property key="property.latencyMetrics.subservices">
                                <l7:StringValue></l7:StringValue>
                            </l7:Property>
                            <l7:Property key="soap">
                                <l7:BooleanValue>false</l7:BooleanValue>
                            </l7:Property>
                            <l7:Property key="tracingEnabled">
                                <l7:BooleanValue>false</l7:BooleanValue>
                            </l7:Property>
                            <l7:Property key="wssProcessingEnabled">
                                <l7:BooleanValue>false</l7:BooleanValue>
                            </l7:Property>
                        </l7:Properties>
                    </l7:ServiceDetail>
                    <l7:Resources>
                        <l7:ResourceSet tag="policy">
                            <l7:Resource type="policy" version="1">&lt;?xml version=&quot;1.0&quot; encoding=&quot;UTF-8&quot;?&gt;
&lt;wsp:Policy
                                xmlns:L7p=&quot;http://www.layer7tech.com/ws/policy&quot;
                                xmlns:wsp=&quot;http://schemas.xmlsoap.org/ws/2002/12/policy&quot;&gt;
    &lt;wsp:All wsp:Usage=&quot;Required&quot;&gt;
        &lt;L7p:SetVariable&gt;
            &lt;L7p:Base64Expression stringValue=&quot;UmVxdWVzdDogUE9TVCByZXF1ZXN0IHRvIHRoaXMgZW5kcG9pbnQgd2l0aCBodHRwIHBhcmFtZXRlciAncmVnZXhwYXR0ZXJuJyBjb250YWludGluZyB0eXBlcyBvZiBzZWFyY2hlcyB0byBjb25kdWN0IGFuZCB0aGUgYm9keSB3aXRoIGNvbnRlbnQgdG8gYmUgdmFsaWRhdGVkDQpyZWdleHBhdHRlcm4gY2FuIGJlIG9mIHR5cGUNCiogZW1haWwgLSBtYXNrcyBlbWFpbCBhZGRyZXNzZXMNCiogaXB2NCAtIHZhbGlkYXRlcyBJUCBhZGRyZXNzZXMNCiogbmFucCAtIHZhbGlkYXRlcyBOb3J0aCBBbWVyaWNhbiBOdW1iZXJpbmcgUGxhbiAocGhvbmUgbnVtYmVycykNCiogcGFzc3dvcmQgLSB2YWxpZGF0ZXMgcGFzc3dvcmQgc3RyaW5ncw0KUmVzcG9uc2U6IFJvdyBjb3VudCBpZiBzdWNjZXNzZnVsIGFsb25nIHdpdGggbWF0Y2hlZCBjb250ZW50cw==&quot;/&gt;
            &lt;L7p:VariableToSet stringValue=&quot;help&quot;/&gt;
        &lt;/L7p:SetVariable&gt;
        &lt;L7p:Include&gt;
            &lt;L7p:PolicyGuid stringValue=&quot;6f016e20-e7b7-4228-a22f-e64c6fb0ae51&quot;/&gt;
        &lt;/L7p:Include&gt;
        &lt;L7p:Include&gt;
            &lt;L7p:PolicyGuid stringValue=&quot;34c9541b-ae5b-4850-b196-bad6fd641919&quot;/&gt;
        &lt;/L7p:Include&gt;
        &lt;L7p:Include&gt;
            &lt;L7p:PolicyGuid stringValue=&quot;81d7a287-a457-4282-80c7-5a24b811b6d6&quot;/&gt;
        &lt;/L7p:Include&gt;
        &lt;L7p:Include&gt;
            &lt;L7p:PolicyGuid stringValue=&quot;e637be03-31c9-4fae-9135-4d7708f8ff54&quot;/&gt;
        &lt;/L7p:Include&gt;
        &lt;L7p:HardcodedResponse&gt;
            &lt;L7p:Base64ResponseBody stringValue=&quot;JHtyZXR1cm5NZXNzYWdlfQ==&quot;/&gt;
            &lt;L7p:ResponseContentType stringValue=&quot;text/plain; charset=UTF-8&quot;/&gt;
        &lt;/L7p:HardcodedResponse&gt;
    &lt;/wsp:All&gt;
&lt;/wsp:Policy&gt;

                            </l7:Resource>
                        </l7:ResourceSet>
                    </l7:Resources>
                </l7:Service>
            </l7:Resource>
        </l7:Item>
        <l7:Item>
            <l7:Name>regex - validate ipv4</l7:Name>
            <l7:Id>71489e6b3f531c24ce7c3749511a8981</l7:Id>
            <l7:Type>SERVICE</l7:Type>
            <l7:TimeStamp>2019-01-22T11:08:12.857-08:00</l7:TimeStamp>
            <l7:Resource>
                <l7:Service id="71489e6b3f531c24ce7c3749511a8981" version="2">
                    <l7:ServiceDetail folderId="71489e6b3f531c24ce7c374951182470" id="71489e6b3f531c24ce7c3749511a8981" version="2">
                        <l7:Name>regex - validate ipv4</l7:Name>
                        <l7:Enabled>true</l7:Enabled>
                        <l7:ServiceMappings>
                            <l7:HttpMapping>
                                <l7:UrlPattern>/test/regex/ipv4</l7:UrlPattern>
                                <l7:Verbs>
                                    <l7:Verb>GET</l7:Verb>
                                    <l7:Verb>POST</l7:Verb>
                                    <l7:Verb>PUT</l7:Verb>
                                    <l7:Verb>DELETE</l7:Verb>
                                </l7:Verbs>
                            </l7:HttpMapping>
                        </l7:ServiceMappings>
                        <l7:Properties>
                            <l7:Property key="internal">
                                <l7:BooleanValue>false</l7:BooleanValue>
                            </l7:Property>
                            <l7:Property key="policyRevision">
                                <l7:LongValue>1</l7:LongValue>
                            </l7:Property>
                            <l7:Property key="soap">
                                <l7:BooleanValue>false</l7:BooleanValue>
                            </l7:Property>
                            <l7:Property key="tracingEnabled">
                                <l7:BooleanValue>false</l7:BooleanValue>
                            </l7:Property>
                            <l7:Property key="wssProcessingEnabled">
                                <l7:BooleanValue>false</l7:BooleanValue>
                            </l7:Property>
                        </l7:Properties>
                    </l7:ServiceDetail>
                    <l7:Resources>
                        <l7:ResourceSet tag="policy">
                            <l7:Resource type="policy" version="1">&lt;?xml version=&quot;1.0&quot; encoding=&quot;UTF-8&quot;?&gt;
&lt;wsp:Policy
                                xmlns:L7p=&quot;http://www.layer7tech.com/ws/policy&quot;
                                xmlns:wsp=&quot;http://schemas.xmlsoap.org/ws/2002/12/policy&quot;&gt;
    &lt;wsp:All wsp:Usage=&quot;Required&quot;&gt;
        &lt;L7p:SetVariable&gt;
            &lt;L7p:Base64Expression stringValue=&quot;UmVxdWVzdDogUE9TVCByZXF1ZXN0IHRvIHRoaXMgZW5kcG9pbnQgd2l0aCBodHRwIHBhcmFtZXRlciAncmVnZXhwYXR0ZXJuJyBhbmQgYm9keSB3aXRoIElQdjQgYWRkcmVzc2VzIHRvIHZhbGlkYXRlDQpyZWdleHBhdHRlcm4gaXMgb2YgdHlwZSAgaXB2NA0KUmVzcG9uc2U6IFJvdyBjb3VudCBpZiBzdWNjZXNzZnVsIGFsb25nIHdpdGggbWF0Y2hlZCBjb250ZW50cw==&quot;/&gt;
            &lt;L7p:VariableToSet stringValue=&quot;help&quot;/&gt;
        &lt;/L7p:SetVariable&gt;
        &lt;L7p:Include&gt;
            &lt;L7p:PolicyGuid stringValue=&quot;6f016e20-e7b7-4228-a22f-e64c6fb0ae51&quot;/&gt;
        &lt;/L7p:Include&gt;
        &lt;L7p:Include&gt;
            &lt;L7p:PolicyGuid stringValue=&quot;34c9541b-ae5b-4850-b196-bad6fd641919&quot;/&gt;
        &lt;/L7p:Include&gt;
        &lt;L7p:Include&gt;
            &lt;L7p:PolicyGuid stringValue=&quot;81d7a287-a457-4282-80c7-5a24b811b6d6&quot;/&gt;
        &lt;/L7p:Include&gt;
        &lt;L7p:SetVariable&gt;
            &lt;L7p:Base64Expression stringValue=&quot;JHtyZXF1ZXN0Lmh0dHAucGFyYW1ldGVyLnJlZ2V4cGF0dGVybn0=&quot;/&gt;
            &lt;L7p:VariableToSet stringValue=&quot;regexpattern&quot;/&gt;
        &lt;/L7p:SetVariable&gt;
        &lt;L7p:Include&gt;
            &lt;L7p:PolicyGuid stringValue=&quot;f7b32756-68f3-481e-a2e7-f05d0d473ba9&quot;/&gt;
        &lt;/L7p:Include&gt;
        &lt;L7p:HardcodedResponse&gt;
            &lt;L7p:Base64ResponseBody stringValue=&quot;JHtyZXR1cm5NZXNzYWdlfQ==&quot;/&gt;
            &lt;L7p:ResponseContentType stringValue=&quot;text/plain; charset=UTF-8&quot;/&gt;
        &lt;/L7p:HardcodedResponse&gt;
    &lt;/wsp:All&gt;
&lt;/wsp:Policy&gt;

                            </l7:Resource>
                        </l7:ResourceSet>
                    </l7:Resources>
                </l7:Service>
            </l7:Resource>
        </l7:Item>
        <l7:Item>
            <l7:Name>regex - validate nanp</l7:Name>
            <l7:Id>71489e6b3f531c24ce7c3749511a89cf</l7:Id>
            <l7:Type>SERVICE</l7:Type>
            <l7:TimeStamp>2019-01-22T11:08:12.862-08:00</l7:TimeStamp>
            <l7:Resource>
                <l7:Service id="71489e6b3f531c24ce7c3749511a89cf" version="2">
                    <l7:ServiceDetail folderId="71489e6b3f531c24ce7c374951182470" id="71489e6b3f531c24ce7c3749511a89cf" version="2">
                        <l7:Name>regex - validate nanp</l7:Name>
                        <l7:Enabled>true</l7:Enabled>
                        <l7:ServiceMappings>
                            <l7:HttpMapping>
                                <l7:UrlPattern>/test/regex/nanp</l7:UrlPattern>
                                <l7:Verbs>
                                    <l7:Verb>GET</l7:Verb>
                                    <l7:Verb>POST</l7:Verb>
                                    <l7:Verb>PUT</l7:Verb>
                                    <l7:Verb>DELETE</l7:Verb>
                                </l7:Verbs>
                            </l7:HttpMapping>
                        </l7:ServiceMappings>
                        <l7:Properties>
                            <l7:Property key="internal">
                                <l7:BooleanValue>false</l7:BooleanValue>
                            </l7:Property>
                            <l7:Property key="policyRevision">
                                <l7:LongValue>1</l7:LongValue>
                            </l7:Property>
                            <l7:Property key="soap">
                                <l7:BooleanValue>false</l7:BooleanValue>
                            </l7:Property>
                            <l7:Property key="tracingEnabled">
                                <l7:BooleanValue>false</l7:BooleanValue>
                            </l7:Property>
                            <l7:Property key="wssProcessingEnabled">
                                <l7:BooleanValue>false</l7:BooleanValue>
                            </l7:Property>
                        </l7:Properties>
                    </l7:ServiceDetail>
                    <l7:Resources>
                        <l7:ResourceSet tag="policy">
                            <l7:Resource type="policy" version="1">&lt;?xml version=&quot;1.0&quot; encoding=&quot;UTF-8&quot;?&gt;
&lt;wsp:Policy
                                xmlns:L7p=&quot;http://www.layer7tech.com/ws/policy&quot;
                                xmlns:wsp=&quot;http://schemas.xmlsoap.org/ws/2002/12/policy&quot;&gt;
    &lt;wsp:All wsp:Usage=&quot;Required&quot;&gt;
        &lt;L7p:SetVariable&gt;
            &lt;L7p:Base64Expression stringValue=&quot;UmVxdWVzdDogUE9TVCByZXF1ZXN0IHRvIHRoaXMgZW5kcG9pbnQgd2l0aCBodHRwIHBhcmFtZXRlciAncmVnZXhwYXR0ZXJuJyBhbmQgdGhlIGJvZHkgd2l0aCBOb3J0aCBBbWVyaWNhbiBOdW1iZXJpbmcgUGxhbiAocGhvbmUgbnVtYmVycykNCnJlZ2V4cGF0dGVybiBjYW4gYmUgb2YgdHlwZSBvZiBuYW5wIA0KUmVzcG9uc2U6IFJvdyBjb3VudCBpZiBzdWNjZXNzZnVsIGFsb25nIHdpdGggbWF0Y2hlZCBjb250ZW50cw==&quot;/&gt;
            &lt;L7p:VariableToSet stringValue=&quot;help&quot;/&gt;
        &lt;/L7p:SetVariable&gt;
        &lt;L7p:Include&gt;
            &lt;L7p:PolicyGuid stringValue=&quot;6f016e20-e7b7-4228-a22f-e64c6fb0ae51&quot;/&gt;
        &lt;/L7p:Include&gt;
        &lt;L7p:Include&gt;
            &lt;L7p:PolicyGuid stringValue=&quot;34c9541b-ae5b-4850-b196-bad6fd641919&quot;/&gt;
        &lt;/L7p:Include&gt;
        &lt;L7p:Include&gt;
            &lt;L7p:PolicyGuid stringValue=&quot;81d7a287-a457-4282-80c7-5a24b811b6d6&quot;/&gt;
        &lt;/L7p:Include&gt;
        &lt;L7p:SetVariable&gt;
            &lt;L7p:Base64Expression stringValue=&quot;JHtyZXF1ZXN0Lmh0dHAucGFyYW1ldGVyLnJlZ2V4cGF0dGVybn0=&quot;/&gt;
            &lt;L7p:VariableToSet stringValue=&quot;regexpattern&quot;/&gt;
        &lt;/L7p:SetVariable&gt;
        &lt;L7p:Include&gt;
            &lt;L7p:PolicyGuid stringValue=&quot;f4543307-bd1d-49d9-a2b1-375b0e915f98&quot;/&gt;
        &lt;/L7p:Include&gt;
        &lt;L7p:HardcodedResponse&gt;
            &lt;L7p:Base64ResponseBody stringValue=&quot;JHtyZXR1cm5NZXNzYWdlfQ==&quot;/&gt;
            &lt;L7p:ResponseContentType stringValue=&quot;text/plain; charset=UTF-8&quot;/&gt;
        &lt;/L7p:HardcodedResponse&gt;
    &lt;/wsp:All&gt;
&lt;/wsp:Policy&gt;

                            </l7:Resource>
                        </l7:ResourceSet>
                    </l7:Resources>
                </l7:Service>
            </l7:Resource>
        </l7:Item>
        <l7:Item>
            <l7:Name>regex - validate complex password</l7:Name>
            <l7:Id>71489e6b3f531c24ce7c3749511a8a1a</l7:Id>
            <l7:Type>SERVICE</l7:Type>
            <l7:TimeStamp>2019-01-22T11:08:12.905-08:00</l7:TimeStamp>
            <l7:Resource>
                <l7:Service id="71489e6b3f531c24ce7c3749511a8a1a" version="4">
                    <l7:ServiceDetail folderId="71489e6b3f531c24ce7c374951182470" id="71489e6b3f531c24ce7c3749511a8a1a" version="4">
                        <l7:Name>regex - validate complex password</l7:Name>
                        <l7:Enabled>true</l7:Enabled>
                        <l7:ServiceMappings>
                            <l7:HttpMapping>
                                <l7:UrlPattern>/test/regex/password</l7:UrlPattern>
                                <l7:Verbs>
                                    <l7:Verb>GET</l7:Verb>
                                    <l7:Verb>POST</l7:Verb>
                                    <l7:Verb>PUT</l7:Verb>
                                    <l7:Verb>DELETE</l7:Verb>
                                </l7:Verbs>
                            </l7:HttpMapping>
                        </l7:ServiceMappings>
                        <l7:Properties>
                            <l7:Property key="internal">
                                <l7:BooleanValue>false</l7:BooleanValue>
                            </l7:Property>
                            <l7:Property key="policyRevision">
                                <l7:LongValue>5</l7:LongValue>
                            </l7:Property>
                            <l7:Property key="property.latencyMetrics.captureClientAndFolder">
                                <l7:StringValue>false|false</l7:StringValue>
                            </l7:Property>
                            <l7:Property key="property.latencyMetrics.settings">
                                <l7:StringValue>false|INTERVAL|15000</l7:StringValue>
                            </l7:Property>
                            <l7:Property key="property.latencyMetrics.subservices">
                                <l7:StringValue></l7:StringValue>
                            </l7:Property>
                            <l7:Property key="soap">
                                <l7:BooleanValue>false</l7:BooleanValue>
                            </l7:Property>
                            <l7:Property key="tracingEnabled">
                                <l7:BooleanValue>false</l7:BooleanValue>
                            </l7:Property>
                            <l7:Property key="wssProcessingEnabled">
                                <l7:BooleanValue>false</l7:BooleanValue>
                            </l7:Property>
                        </l7:Properties>
                    </l7:ServiceDetail>
                    <l7:Resources>
                        <l7:ResourceSet tag="policy">
                            <l7:Resource type="policy" version="4">&lt;?xml version=&quot;1.0&quot; encoding=&quot;UTF-8&quot;?&gt;
&lt;wsp:Policy
                                xmlns:L7p=&quot;http://www.layer7tech.com/ws/policy&quot;
                                xmlns:wsp=&quot;http://schemas.xmlsoap.org/ws/2002/12/policy&quot;&gt;
    &lt;wsp:All wsp:Usage=&quot;Required&quot;&gt;
        &lt;L7p:SetVariable&gt;
            &lt;L7p:Base64Expression stringValue=&quot;UmVxdWVzdDogUE9TVCByZXF1ZXN0IHRvIHRoaXMgZW5kcG9pbnQgd2l0aCBodHRwIHBhcmFtZXRlciAncmVnZXhwYXR0ZXJuJyBjb250YWludGluZyBhIGNvbXBsZXggcGFzc3dvcmQNCnJlZ2V4cGF0dGVybiBpcyBvZiB0eXBlIHBhc3N3b3JkDQpSZXNwb25zZTogUm93IGNvdW50IGlmIHN1Y2Nlc3NmdWwgYWxvbmcgd2l0aCBtYXRjaGVkIGNvbnRlbnRz&quot;/&gt;
            &lt;L7p:VariableToSet stringValue=&quot;help&quot;/&gt;
        &lt;/L7p:SetVariable&gt;
        &lt;L7p:Include&gt;
            &lt;L7p:Enabled booleanValue=&quot;false&quot;/&gt;
            &lt;L7p:PolicyGuid stringValue=&quot;6f016e20-e7b7-4228-a22f-e64c6fb0ae51&quot;/&gt;
        &lt;/L7p:Include&gt;
        &lt;L7p:Include&gt;
            &lt;L7p:Enabled booleanValue=&quot;false&quot;/&gt;
            &lt;L7p:PolicyGuid stringValue=&quot;34c9541b-ae5b-4850-b196-bad6fd641919&quot;/&gt;
        &lt;/L7p:Include&gt;
        &lt;L7p:Include&gt;
            &lt;L7p:Enabled booleanValue=&quot;false&quot;/&gt;
            &lt;L7p:PolicyGuid stringValue=&quot;81d7a287-a457-4282-80c7-5a24b811b6d6&quot;/&gt;
        &lt;/L7p:Include&gt;
        &lt;L7p:SetVariable&gt;
            &lt;L7p:Base64Expression stringValue=&quot;JHtyZXF1ZXN0Lmh0dHAucGFyYW1ldGVyLnJlZ2V4cGF0dGVybn0=&quot;/&gt;
            &lt;L7p:VariableToSet stringValue=&quot;regexpattern&quot;/&gt;
        &lt;/L7p:SetVariable&gt;
        &lt;L7p:Include&gt;
            &lt;L7p:PolicyGuid stringValue=&quot;5293d9da-f0e6-41a4-965a-3a042af138ac&quot;/&gt;
        &lt;/L7p:Include&gt;
        &lt;L7p:HardcodedResponse&gt;
            &lt;L7p:Base64ResponseBody stringValue=&quot;JHtyZXR1cm5NZXNzYWdlfQ==&quot;/&gt;
            &lt;L7p:ResponseContentType stringValue=&quot;text/plain; charset=UTF-8&quot;/&gt;
        &lt;/L7p:HardcodedResponse&gt;
    &lt;/wsp:All&gt;
&lt;/wsp:Policy&gt;

                            </l7:Resource>
                        </l7:ResourceSet>
                    </l7:Resources>
                </l7:Service>
            </l7:Resource>
        </l7:Item>
        <l7:Item>
            <l7:Name>regex - mask email</l7:Name>
            <l7:Id>71489e6b3f531c24ce7c3749511a8a63</l7:Id>
            <l7:Type>SERVICE</l7:Type>
            <l7:TimeStamp>2019-01-22T11:08:12.920-08:00</l7:TimeStamp>
            <l7:Resource>
                <l7:Service id="71489e6b3f531c24ce7c3749511a8a63" version="2">
                    <l7:ServiceDetail folderId="71489e6b3f531c24ce7c374951182470" id="71489e6b3f531c24ce7c3749511a8a63" version="2">
                        <l7:Name>regex - mask email</l7:Name>
                        <l7:Enabled>true</l7:Enabled>
                        <l7:ServiceMappings>
                            <l7:HttpMapping>
                                <l7:UrlPattern>/test/regex/email</l7:UrlPattern>
                                <l7:Verbs>
                                    <l7:Verb>GET</l7:Verb>
                                    <l7:Verb>POST</l7:Verb>
                                    <l7:Verb>PUT</l7:Verb>
                                    <l7:Verb>DELETE</l7:Verb>
                                </l7:Verbs>
                            </l7:HttpMapping>
                        </l7:ServiceMappings>
                        <l7:Properties>
                            <l7:Property key="internal">
                                <l7:BooleanValue>false</l7:BooleanValue>
                            </l7:Property>
                            <l7:Property key="policyRevision">
                                <l7:LongValue>3</l7:LongValue>
                            </l7:Property>
                            <l7:Property key="soap">
                                <l7:BooleanValue>false</l7:BooleanValue>
                            </l7:Property>
                            <l7:Property key="tracingEnabled">
                                <l7:BooleanValue>false</l7:BooleanValue>
                            </l7:Property>
                            <l7:Property key="wssProcessingEnabled">
                                <l7:BooleanValue>false</l7:BooleanValue>
                            </l7:Property>
                        </l7:Properties>
                    </l7:ServiceDetail>
                    <l7:Resources>
                        <l7:ResourceSet tag="policy">
                            <l7:Resource type="policy" version="2">&lt;?xml version=&quot;1.0&quot; encoding=&quot;UTF-8&quot;?&gt;
&lt;wsp:Policy
                                xmlns:L7p=&quot;http://www.layer7tech.com/ws/policy&quot;
                                xmlns:wsp=&quot;http://schemas.xmlsoap.org/ws/2002/12/policy&quot;&gt;
    &lt;wsp:All wsp:Usage=&quot;Required&quot;&gt;
        &lt;L7p:SetVariable&gt;
            &lt;L7p:Base64Expression stringValue=&quot;UmVxdWVzdDogUE9TVCByZXF1ZXN0IHRvIHRoaXMgZW5kcG9pbnQgd2l0aCBodHRwIHBhcmFtZXRlciAncmVnZXhwYXR0ZXJuJyBjb250YWludGluZyBlbWFpbCBhZGRyZXNzIGFzIGNvbnRlbnQNCnJlZ2V4cGF0dGVybiBpcyBvZiB0eXBlIGVtYWlsIA0KUmVzcG9uc2U6IE1hc2tlZCBlbWFpbCBhZGRyZXNz&quot;/&gt;
            &lt;L7p:VariableToSet stringValue=&quot;help&quot;/&gt;
        &lt;/L7p:SetVariable&gt;
        &lt;L7p:Include&gt;
            &lt;L7p:Enabled booleanValue=&quot;false&quot;/&gt;
            &lt;L7p:PolicyGuid stringValue=&quot;6f016e20-e7b7-4228-a22f-e64c6fb0ae51&quot;/&gt;
        &lt;/L7p:Include&gt;
        &lt;L7p:Include&gt;
            &lt;L7p:Enabled booleanValue=&quot;false&quot;/&gt;
            &lt;L7p:PolicyGuid stringValue=&quot;34c9541b-ae5b-4850-b196-bad6fd641919&quot;/&gt;
        &lt;/L7p:Include&gt;
        &lt;L7p:Include&gt;
            &lt;L7p:Enabled booleanValue=&quot;false&quot;/&gt;
            &lt;L7p:PolicyGuid stringValue=&quot;81d7a287-a457-4282-80c7-5a24b811b6d6&quot;/&gt;
        &lt;/L7p:Include&gt;
        &lt;L7p:SetVariable&gt;
            &lt;L7p:Base64Expression stringValue=&quot;JHtyZXF1ZXN0Lmh0dHAucGFyYW1ldGVyLnJlZ2V4cGF0dGVybn0=&quot;/&gt;
            &lt;L7p:VariableToSet stringValue=&quot;regexpattern&quot;/&gt;
        &lt;/L7p:SetVariable&gt;
        &lt;L7p:Include&gt;
            &lt;L7p:PolicyGuid stringValue=&quot;ea419410-d5b8-43a2-92ec-9ee1db777d34&quot;/&gt;
        &lt;/L7p:Include&gt;
        &lt;L7p:HardcodedResponse&gt;
            &lt;L7p:Base64ResponseBody stringValue=&quot;JHtyZXR1cm5NZXNzYWdlfQ==&quot;/&gt;
            &lt;L7p:ResponseContentType stringValue=&quot;text/plain; charset=UTF-8&quot;/&gt;
        &lt;/L7p:HardcodedResponse&gt;
    &lt;/wsp:All&gt;
&lt;/wsp:Policy&gt;

                            </l7:Resource>
                        </l7:ResourceSet>
                    </l7:Resources>
                </l7:Service>
            </l7:Resource>
        </l7:Item>
        <l7:Item>
            <l7:Name>xpath 1.0 - elements starts with</l7:Name>
            <l7:Id>c45657033a1a2f683672b349d6a75a34</l7:Id>
            <l7:Type>POLICY</l7:Type>
            <l7:TimeStamp>2019-01-22T11:08:12.973-08:00</l7:TimeStamp>
            <l7:Resource>
                <l7:Policy guid="ee8ec0f0-2764-4777-ad5b-6d23601c3e16" id="c45657033a1a2f683672b349d6a75a34" version="1">
                    <l7:PolicyDetail folderId="c45657033a1a2f683672b349d6a76621" guid="ee8ec0f0-2764-4777-ad5b-6d23601c3e16" id="c45657033a1a2f683672b349d6a75a34" version="1">
                        <l7:Name>xpath 1.0 - elements starts with</l7:Name>
                        <l7:PolicyType>Include</l7:PolicyType>
                        <l7:Properties>
                            <l7:Property key="revision">
                                <l7:LongValue>1</l7:LongValue>
                            </l7:Property>
                            <l7:Property key="soap">
                                <l7:BooleanValue>false</l7:BooleanValue>
                            </l7:Property>
                        </l7:Properties>
                    </l7:PolicyDetail>
                    <l7:Resources>
                        <l7:ResourceSet tag="policy">
                            <l7:Resource type="policy">&lt;?xml version=&quot;1.0&quot; encoding=&quot;UTF-8&quot;?&gt;
&lt;wsp:Policy
                                xmlns:L7p=&quot;http://www.layer7tech.com/ws/policy&quot;
                                xmlns:wsp=&quot;http://schemas.xmlsoap.org/ws/2002/12/policy&quot;&gt;
    &lt;wsp:All wsp:Usage=&quot;Required&quot;&gt;
        &lt;L7p:SetVariable&gt;
            &lt;L7p:Base64Expression stringValue=&quot;JHtyZXF1ZXN0Lmh0dHAucGFyYW1ldGVyLnNlYXJjaH0=&quot;/&gt;
            &lt;L7p:VariableToSet stringValue=&quot;containsVar&quot;/&gt;
        &lt;/L7p:SetVariable&gt;
        &lt;wsp:OneOrMore wsp:Usage=&quot;Required&quot;&gt;
            &lt;wsp:All wsp:Usage=&quot;Required&quot;&gt;
                &lt;L7p:ComparisonAssertion&gt;
                    &lt;L7p:CaseSensitive booleanValue=&quot;false&quot;/&gt;
                    &lt;L7p:Expression1 stringValue=&quot;${containsVar}&quot;/&gt;
                    &lt;L7p:ExpressionIsVariable booleanValue=&quot;false&quot;/&gt;
                    &lt;L7p:Operator operatorNull=&quot;null&quot;/&gt;
                    &lt;L7p:Predicates predicates=&quot;included&quot;&gt;
                        &lt;L7p:item dataType=&quot;included&quot;&gt;
                            &lt;L7p:Type variableDataType=&quot;string&quot;/&gt;
                        &lt;/L7p:item&gt;
                        &lt;L7p:item binary=&quot;included&quot;&gt;
                            &lt;L7p:Negated booleanValue=&quot;true&quot;/&gt;
                            &lt;L7p:Operator operator=&quot;EMPTY&quot;/&gt;
                            &lt;L7p:RightValue stringValue=&quot;&quot;/&gt;
                        &lt;/L7p:item&gt;
                    &lt;/L7p:Predicates&gt;
                &lt;/L7p:ComparisonAssertion&gt;
                &lt;L7p:SetVariable&gt;
                    &lt;L7p:Base64Expression stringValue=&quot;Ly8qW3N0YXJ0cy13aXRoKG5hbWUoKSwnJHtjb250YWluc1Zhcn0nKV0=&quot;/&gt;
                    &lt;L7p:VariableToSet stringValue=&quot;xpathVar&quot;/&gt;
                &lt;/L7p:SetVariable&gt;
                &lt;L7p:RequestXpathAssertion&gt;
                    &lt;L7p:VariablePrefix stringValue=&quot;&quot;/&gt;
                    &lt;L7p:XpathExpression xpathExpressionValue=&quot;included&quot;&gt;
                        &lt;L7p:Expression stringValue=&quot;${xpathVar}&quot;/&gt;
                        &lt;L7p:Namespaces mapValue=&quot;included&quot;&gt;
                            &lt;L7p:entry&gt;
                                &lt;L7p:key stringValue=&quot;s&quot;/&gt;
                                &lt;L7p:value stringValue=&quot;http://schemas.xmlsoap.org/soap/envelope/&quot;/&gt;
                            &lt;/L7p:entry&gt;
                        &lt;/L7p:Namespaces&gt;
                        &lt;L7p:XpathVersion xpathVersion=&quot;XPATH_1_0&quot;/&gt;
                    &lt;/L7p:XpathExpression&gt;
                &lt;/L7p:RequestXpathAssertion&gt;
                &lt;L7p:SetVariable&gt;
                    &lt;L7p:Base64Expression stringValue=&quot;U2VhcmNoZWQgZm9yIGVsZW1lbnRzIHdpdGggbmFtZXMgdGhhdCBzdGFydCB3aXRoOiAke2NvbnRhaW5zVmFyfQ0KRm91bmQgJHtyZXF1ZXN0WHBhdGguY291bnR9IA0KRWxlbWVudHM6ICR7cmVxdWVzdFhwYXRoLmVsZW1lbnRzfQ==&quot;/&gt;
                    &lt;L7p:VariableToSet stringValue=&quot;returnMessage&quot;/&gt;
                &lt;/L7p:SetVariable&gt;
            &lt;/wsp:All&gt;
            &lt;L7p:SetVariable&gt;
                &lt;L7p:Base64Expression stringValue=&quot;U2VhcmNoZWQgZm9yIGVsZW1lbnRzIHN0YXJ0aW5nIHdpdGg6ICR7Y29udGFpbnNWYXJ9LiANClhwYXRoIHNlYXJjaCBmYWlsZWQu&quot;/&gt;
                &lt;L7p:VariableToSet stringValue=&quot;returnMessage&quot;/&gt;
            &lt;/L7p:SetVariable&gt;
        &lt;/wsp:OneOrMore&gt;
    &lt;/wsp:All&gt;
&lt;/wsp:Policy&gt;

                            </l7:Resource>
                        </l7:ResourceSet>
                    </l7:Resources>
                </l7:Policy>
            </l7:Resource>
        </l7:Item>
        <l7:Item>
            <l7:Name>xpath 1.0 - element starts with</l7:Name>
            <l7:Id>c45657033a1a2f683672b349d6a7608e</l7:Id>
            <l7:Type>SERVICE</l7:Type>
            <l7:TimeStamp>2019-01-22T11:08:12.990-08:00</l7:TimeStamp>
            <l7:Resource>
                <l7:Service id="c45657033a1a2f683672b349d6a7608e" version="2">
                    <l7:ServiceDetail folderId="c45657033a1a2f683672b349d6a76045" id="c45657033a1a2f683672b349d6a7608e" version="2">
                        <l7:Name>xpath 1.0 - element starts with</l7:Name>
                        <l7:Enabled>true</l7:Enabled>
                        <l7:ServiceMappings>
                            <l7:HttpMapping>
                                <l7:UrlPattern>/test/xpath/1.0/elementStartsWith</l7:UrlPattern>
                                <l7:Verbs>
                                    <l7:Verb>POST</l7:Verb>
                                </l7:Verbs>
                            </l7:HttpMapping>
                        </l7:ServiceMappings>
                        <l7:Properties>
                            <l7:Property key="internal">
                                <l7:BooleanValue>false</l7:BooleanValue>
                            </l7:Property>
                            <l7:Property key="policyRevision">
                                <l7:LongValue>1</l7:LongValue>
                            </l7:Property>
                            <l7:Property key="soap">
                                <l7:BooleanValue>false</l7:BooleanValue>
                            </l7:Property>
                            <l7:Property key="tracingEnabled">
                                <l7:BooleanValue>false</l7:BooleanValue>
                            </l7:Property>
                            <l7:Property key="wssProcessingEnabled">
                                <l7:BooleanValue>false</l7:BooleanValue>
                            </l7:Property>
                        </l7:Properties>
                    </l7:ServiceDetail>
                    <l7:Resources>
                        <l7:ResourceSet tag="policy">
                            <l7:Resource type="policy" version="1">&lt;?xml version=&quot;1.0&quot; encoding=&quot;UTF-8&quot;?&gt;
&lt;wsp:Policy
                                xmlns:L7p=&quot;http://www.layer7tech.com/ws/policy&quot;
                                xmlns:wsp=&quot;http://schemas.xmlsoap.org/ws/2002/12/policy&quot;&gt;
    &lt;wsp:All wsp:Usage=&quot;Required&quot;&gt;
        &lt;L7p:SetVariable&gt;
            &lt;L7p:Base64Expression stringValue=&quot;UmVxdWVzdDogUE9TVCByZXF1ZXN0IHRvIHRoaXMgZW5kcG9pbnQgd2l0aCBhbiBYTUwgYm9keSBhbmQgQ29udGVudC1UeXBlIGhlYWRlciB0ZXh0L3htbCBoZWFkZXIgYW5kIEhUVFAgcGFyYW10ZXIgJ3NlYXJjaCcgY29udGFpbmluZyB0aGUgcGFydGlhbCBtYXRjaCBvZiB0aGUgdGFncw0KUmVzcG9uc2U6IHRoZSBkZWZhdWx0IHRyYW5zZm9ybWVkIFhNTCBib2R5LiBJdCBzaG91bGQgYmUgdGhlIHNhbWUgYXMgdGhlIHJlcXVlc3Q=&quot;/&gt;
            &lt;L7p:VariableToSet stringValue=&quot;help&quot;/&gt;
        &lt;/L7p:SetVariable&gt;
        &lt;L7p:Include&gt;
            &lt;L7p:PolicyGuid stringValue=&quot;6f016e20-e7b7-4228-a22f-e64c6fb0ae51&quot;/&gt;
        &lt;/L7p:Include&gt;
        &lt;L7p:Include&gt;
            &lt;L7p:PolicyGuid stringValue=&quot;34c9541b-ae5b-4850-b196-bad6fd641919&quot;/&gt;
        &lt;/L7p:Include&gt;
        &lt;L7p:Include&gt;
            &lt;L7p:PolicyGuid stringValue=&quot;81d7a287-a457-4282-80c7-5a24b811b6d6&quot;/&gt;
        &lt;/L7p:Include&gt;
        &lt;L7p:Include&gt;
            &lt;L7p:PolicyGuid stringValue=&quot;ee8ec0f0-2764-4777-ad5b-6d23601c3e16&quot;/&gt;
        &lt;/L7p:Include&gt;
        &lt;L7p:HardcodedResponse&gt;
            &lt;L7p:Base64ResponseBody stringValue=&quot;JHtyZXR1cm5NZXNzYWdlfQ==&quot;/&gt;
            &lt;L7p:ResponseContentType stringValue=&quot;text/plain; charset=UTF-8&quot;/&gt;
        &lt;/L7p:HardcodedResponse&gt;
    &lt;/wsp:All&gt;
&lt;/wsp:Policy&gt;

                            </l7:Resource>
                        </l7:ResourceSet>
                    </l7:Resources>
                </l7:Service>
            </l7:Resource>
        </l7:Item>
        <l7:Item>
            <l7:Name>xpath 1.0 - element contains</l7:Name>
            <l7:Id>c45657033a1a2f683672b349d6a76dd7</l7:Id>
            <l7:Type>POLICY</l7:Type>
            <l7:TimeStamp>2019-01-22T11:08:13.028-08:00</l7:TimeStamp>
            <l7:Resource>
                <l7:Policy guid="54e81c8e-3d34-43e8-ad2c-d19e297a8ecb" id="c45657033a1a2f683672b349d6a76dd7" version="1">
                    <l7:PolicyDetail folderId="c45657033a1a2f683672b349d6a76621" guid="54e81c8e-3d34-43e8-ad2c-d19e297a8ecb" id="c45657033a1a2f683672b349d6a76dd7" version="1">
                        <l7:Name>xpath 1.0 - element contains</l7:Name>
                        <l7:PolicyType>Include</l7:PolicyType>
                        <l7:Properties>
                            <l7:Property key="revision">
                                <l7:LongValue>1</l7:LongValue>
                            </l7:Property>
                            <l7:Property key="soap">
                                <l7:BooleanValue>false</l7:BooleanValue>
                            </l7:Property>
                        </l7:Properties>
                    </l7:PolicyDetail>
                    <l7:Resources>
                        <l7:ResourceSet tag="policy">
                            <l7:Resource type="policy">&lt;?xml version=&quot;1.0&quot; encoding=&quot;UTF-8&quot;?&gt;
&lt;wsp:Policy
                                xmlns:L7p=&quot;http://www.layer7tech.com/ws/policy&quot;
                                xmlns:wsp=&quot;http://schemas.xmlsoap.org/ws/2002/12/policy&quot;&gt;
    &lt;wsp:All wsp:Usage=&quot;Required&quot;&gt;
        &lt;L7p:SetVariable&gt;
            &lt;L7p:Base64Expression stringValue=&quot;JHtyZXF1ZXN0Lmh0dHAucGFyYW1ldGVyLnNlYXJjaH0=&quot;/&gt;
            &lt;L7p:VariableToSet stringValue=&quot;containsVar&quot;/&gt;
        &lt;/L7p:SetVariable&gt;
        &lt;wsp:OneOrMore wsp:Usage=&quot;Required&quot;&gt;
            &lt;wsp:All wsp:Usage=&quot;Required&quot;&gt;
                &lt;L7p:ComparisonAssertion&gt;
                    &lt;L7p:CaseSensitive booleanValue=&quot;false&quot;/&gt;
                    &lt;L7p:Expression1 stringValue=&quot;${containsVar}&quot;/&gt;
                    &lt;L7p:ExpressionIsVariable booleanValue=&quot;false&quot;/&gt;
                    &lt;L7p:Operator operatorNull=&quot;null&quot;/&gt;
                    &lt;L7p:Predicates predicates=&quot;included&quot;&gt;
                        &lt;L7p:item dataType=&quot;included&quot;&gt;
                            &lt;L7p:Type variableDataType=&quot;string&quot;/&gt;
                        &lt;/L7p:item&gt;
                        &lt;L7p:item binary=&quot;included&quot;&gt;
                            &lt;L7p:Negated booleanValue=&quot;true&quot;/&gt;
                            &lt;L7p:Operator operator=&quot;EMPTY&quot;/&gt;
                            &lt;L7p:RightValue stringValue=&quot;&quot;/&gt;
                        &lt;/L7p:item&gt;
                    &lt;/L7p:Predicates&gt;
                &lt;/L7p:ComparisonAssertion&gt;
                &lt;L7p:SetVariable&gt;
                    &lt;L7p:Base64Expression stringValue=&quot;Ly8qW2NvbnRhaW5zKG5hbWUoKSwnJHtjb250YWluc1Zhcn0nKV0=&quot;/&gt;
                    &lt;L7p:VariableToSet stringValue=&quot;xpathVar&quot;/&gt;
                &lt;/L7p:SetVariable&gt;
                &lt;L7p:RequestXpathAssertion&gt;
                    &lt;L7p:VariablePrefix stringValue=&quot;&quot;/&gt;
                    &lt;L7p:XpathExpression xpathExpressionValue=&quot;included&quot;&gt;
                        &lt;L7p:Expression stringValue=&quot;${xpathVar}&quot;/&gt;
                        &lt;L7p:Namespaces mapValue=&quot;included&quot;&gt;
                            &lt;L7p:entry&gt;
                                &lt;L7p:key stringValue=&quot;s&quot;/&gt;
                                &lt;L7p:value stringValue=&quot;http://schemas.xmlsoap.org/soap/envelope/&quot;/&gt;
                            &lt;/L7p:entry&gt;
                        &lt;/L7p:Namespaces&gt;
                        &lt;L7p:XpathVersion xpathVersion=&quot;XPATH_1_0&quot;/&gt;
                    &lt;/L7p:XpathExpression&gt;
                &lt;/L7p:RequestXpathAssertion&gt;
                &lt;L7p:SetVariable&gt;
                    &lt;L7p:Base64Expression stringValue=&quot;U2VhcmNoZWQgZm9yIGVsZW1lbnRzIHdpdGggbmFtZXMgdGhhdCBjb250YWluOiAke2NvbnRhaW5zVmFyfQ0KRm91bmQgJHtyZXF1ZXN0WHBhdGguY291bnR9IA0KRWxlbWVudHM6ICR7cmVxdWVzdFhwYXRoLmVsZW1lbnRzfQ==&quot;/&gt;
                    &lt;L7p:VariableToSet stringValue=&quot;returnMessage&quot;/&gt;
                &lt;/L7p:SetVariable&gt;
            &lt;/wsp:All&gt;
            &lt;L7p:SetVariable&gt;
                &lt;L7p:Base64Expression stringValue=&quot;U2VhcmNoZWQgZm9yIGVsZW1lbnRzIGNvbnRhaW5pbmc6ICR7Y29udGFpbnNWYXJ9Lg0KWHBhdGggc2VhcmNoIGZhaWxlZC4=&quot;/&gt;
                &lt;L7p:VariableToSet stringValue=&quot;returnMessage&quot;/&gt;
            &lt;/L7p:SetVariable&gt;
        &lt;/wsp:OneOrMore&gt;
    &lt;/wsp:All&gt;
&lt;/wsp:Policy&gt;

                            </l7:Resource>
                        </l7:ResourceSet>
                    </l7:Resources>
                </l7:Policy>
            </l7:Resource>
        </l7:Item>
        <l7:Item>
            <l7:Name>xpath 1.0 - element contains</l7:Name>
            <l7:Id>c45657033a1a2f683672b349d6a76e30</l7:Id>
            <l7:Type>SERVICE</l7:Type>
            <l7:TimeStamp>2019-01-22T11:08:13.042-08:00</l7:TimeStamp>
            <l7:Resource>
                <l7:Service id="c45657033a1a2f683672b349d6a76e30" version="2">
                    <l7:ServiceDetail folderId="c45657033a1a2f683672b349d6a76045" id="c45657033a1a2f683672b349d6a76e30" version="2">
                        <l7:Name>xpath 1.0 - element contains</l7:Name>
                        <l7:Enabled>true</l7:Enabled>
                        <l7:ServiceMappings>
                            <l7:HttpMapping>
                                <l7:UrlPattern>/test/xpath/1.0/elementContains</l7:UrlPattern>
                                <l7:Verbs>
                                    <l7:Verb>POST</l7:Verb>
                                </l7:Verbs>
                            </l7:HttpMapping>
                        </l7:ServiceMappings>
                        <l7:Properties>
                            <l7:Property key="internal">
                                <l7:BooleanValue>false</l7:BooleanValue>
                            </l7:Property>
                            <l7:Property key="policyRevision">
                                <l7:LongValue>1</l7:LongValue>
                            </l7:Property>
                            <l7:Property key="soap">
                                <l7:BooleanValue>false</l7:BooleanValue>
                            </l7:Property>
                            <l7:Property key="tracingEnabled">
                                <l7:BooleanValue>false</l7:BooleanValue>
                            </l7:Property>
                            <l7:Property key="wssProcessingEnabled">
                                <l7:BooleanValue>false</l7:BooleanValue>
                            </l7:Property>
                        </l7:Properties>
                    </l7:ServiceDetail>
                    <l7:Resources>
                        <l7:ResourceSet tag="policy">
                            <l7:Resource type="policy" version="1">&lt;?xml version=&quot;1.0&quot; encoding=&quot;UTF-8&quot;?&gt;
&lt;wsp:Policy
                                xmlns:L7p=&quot;http://www.layer7tech.com/ws/policy&quot;
                                xmlns:wsp=&quot;http://schemas.xmlsoap.org/ws/2002/12/policy&quot;&gt;
    &lt;wsp:All wsp:Usage=&quot;Required&quot;&gt;
        &lt;L7p:SetVariable&gt;
            &lt;L7p:Base64Expression stringValue=&quot;UmVxdWVzdDogUE9TVCByZXF1ZXN0IHRvIHRoaXMgZW5kcG9pbnQgd2l0aCBhbiBYTUwgYm9keSBhbmQgQ29udGVudC1UeXBlIGhlYWRlciB0ZXh0L3htbCBoZWFkZXIgYW5kIEhUVFAgcGFyYW10ZXIgJ3NlYXJjaCcgY29udGFpbmluZyB0aGUgcGFydGlhbCBtYXRjaCBvZiB0aGUgdGFncw0KUmVzcG9uc2U6IHRoZSBkZWZhdWx0IHRyYW5zZm9ybWVkIFhNTCBib2R5LiBJdCBzaG91bGQgYmUgdGhlIHNhbWUgYXMgdGhlIHJlcXVlc3Q=&quot;/&gt;
            &lt;L7p:VariableToSet stringValue=&quot;help&quot;/&gt;
        &lt;/L7p:SetVariable&gt;
        &lt;L7p:Include&gt;
            &lt;L7p:PolicyGuid stringValue=&quot;6f016e20-e7b7-4228-a22f-e64c6fb0ae51&quot;/&gt;
        &lt;/L7p:Include&gt;
        &lt;L7p:Include&gt;
            &lt;L7p:PolicyGuid stringValue=&quot;34c9541b-ae5b-4850-b196-bad6fd641919&quot;/&gt;
        &lt;/L7p:Include&gt;
        &lt;L7p:Include&gt;
            &lt;L7p:PolicyGuid stringValue=&quot;81d7a287-a457-4282-80c7-5a24b811b6d6&quot;/&gt;
        &lt;/L7p:Include&gt;
        &lt;L7p:Include&gt;
            &lt;L7p:PolicyGuid stringValue=&quot;54e81c8e-3d34-43e8-ad2c-d19e297a8ecb&quot;/&gt;
        &lt;/L7p:Include&gt;
        &lt;L7p:HardcodedResponse&gt;
            &lt;L7p:Base64ResponseBody stringValue=&quot;JHtyZXR1cm5NZXNzYWdlfQ==&quot;/&gt;
            &lt;L7p:ResponseContentType stringValue=&quot;text/plain; charset=UTF-8&quot;/&gt;
        &lt;/L7p:HardcodedResponse&gt;
    &lt;/wsp:All&gt;
&lt;/wsp:Policy&gt;

                            </l7:Resource>
                        </l7:ResourceSet>
                    </l7:Resources>
                </l7:Service>
            </l7:Resource>
        </l7:Item>
        <l7:Item>
            <l7:Name>xpath 2.0 - elements starts with</l7:Name>
            <l7:Id>c45657033a1a2f683672b349d6a766a5</l7:Id>
            <l7:Type>POLICY</l7:Type>
            <l7:TimeStamp>2019-01-22T11:08:13.067-08:00</l7:TimeStamp>
            <l7:Resource>
                <l7:Policy guid="ccf20f0b-d9c4-4eea-889b-2ccdd874fa3f" id="c45657033a1a2f683672b349d6a766a5" version="1">
                    <l7:PolicyDetail folderId="c45657033a1a2f683672b349d6a76663" guid="ccf20f0b-d9c4-4eea-889b-2ccdd874fa3f" id="c45657033a1a2f683672b349d6a766a5" version="1">
                        <l7:Name>xpath 2.0 - elements starts with</l7:Name>
                        <l7:PolicyType>Include</l7:PolicyType>
                        <l7:Properties>
                            <l7:Property key="revision">
                                <l7:LongValue>1</l7:LongValue>
                            </l7:Property>
                            <l7:Property key="soap">
                                <l7:BooleanValue>false</l7:BooleanValue>
                            </l7:Property>
                        </l7:Properties>
                    </l7:PolicyDetail>
                    <l7:Resources>
                        <l7:ResourceSet tag="policy">
                            <l7:Resource type="policy">&lt;?xml version=&quot;1.0&quot; encoding=&quot;UTF-8&quot;?&gt;
&lt;wsp:Policy
                                xmlns:L7p=&quot;http://www.layer7tech.com/ws/policy&quot;
                                xmlns:wsp=&quot;http://schemas.xmlsoap.org/ws/2002/12/policy&quot;&gt;
    &lt;wsp:All wsp:Usage=&quot;Required&quot;&gt;
        &lt;L7p:SetVariable&gt;
            &lt;L7p:Base64Expression stringValue=&quot;JHtyZXF1ZXN0Lmh0dHAucGFyYW1ldGVyLnNlYXJjaH0=&quot;/&gt;
            &lt;L7p:VariableToSet stringValue=&quot;containsVar&quot;/&gt;
        &lt;/L7p:SetVariable&gt;
        &lt;wsp:OneOrMore wsp:Usage=&quot;Required&quot;&gt;
            &lt;wsp:All wsp:Usage=&quot;Required&quot;&gt;
                &lt;L7p:ComparisonAssertion&gt;
                    &lt;L7p:CaseSensitive booleanValue=&quot;false&quot;/&gt;
                    &lt;L7p:Expression1 stringValue=&quot;${containsVar}&quot;/&gt;
                    &lt;L7p:ExpressionIsVariable booleanValue=&quot;false&quot;/&gt;
                    &lt;L7p:Operator operatorNull=&quot;null&quot;/&gt;
                    &lt;L7p:Predicates predicates=&quot;included&quot;&gt;
                        &lt;L7p:item dataType=&quot;included&quot;&gt;
                            &lt;L7p:Type variableDataType=&quot;string&quot;/&gt;
                        &lt;/L7p:item&gt;
                        &lt;L7p:item binary=&quot;included&quot;&gt;
                            &lt;L7p:Negated booleanValue=&quot;true&quot;/&gt;
                            &lt;L7p:Operator operator=&quot;EMPTY&quot;/&gt;
                            &lt;L7p:RightValue stringValue=&quot;&quot;/&gt;
                        &lt;/L7p:item&gt;
                    &lt;/L7p:Predicates&gt;
                &lt;/L7p:ComparisonAssertion&gt;
                &lt;L7p:SetVariable&gt;
                    &lt;L7p:Base64Expression stringValue=&quot;Ly8qW3N0YXJ0cy13aXRoKG5hbWUoKSwnJHtjb250YWluc1Zhcn0nKV0=&quot;/&gt;
                    &lt;L7p:VariableToSet stringValue=&quot;xpathVar&quot;/&gt;
                &lt;/L7p:SetVariable&gt;
                &lt;L7p:RequestXpathAssertion&gt;
                    &lt;L7p:VariablePrefix stringValue=&quot;&quot;/&gt;
                    &lt;L7p:XpathExpression xpathExpressionValue=&quot;included&quot;&gt;
                        &lt;L7p:Expression stringValue=&quot;${xpathVar}&quot;/&gt;
                        &lt;L7p:Namespaces mapValue=&quot;included&quot;&gt;
                            &lt;L7p:entry&gt;
                                &lt;L7p:key stringValue=&quot;s&quot;/&gt;
                                &lt;L7p:value stringValue=&quot;http://schemas.xmlsoap.org/soap/envelope/&quot;/&gt;
                            &lt;/L7p:entry&gt;
                        &lt;/L7p:Namespaces&gt;
                        &lt;L7p:XpathVersion xpathVersion=&quot;XPATH_2_0&quot;/&gt;
                    &lt;/L7p:XpathExpression&gt;
                &lt;/L7p:RequestXpathAssertion&gt;
                &lt;L7p:SetVariable&gt;
                    &lt;L7p:Base64Expression stringValue=&quot;U2VhcmNoZWQgZm9yIGVsZW1lbnRzIHdpdGggbmFtZXMgdGhhdCBzdGFydCB3aXRoOiAke2NvbnRhaW5zVmFyfQ0KRm91bmQgJHtyZXF1ZXN0WHBhdGguY291bnR9IA0KRWxlbWVudHM6ICR7cmVxdWVzdFhwYXRoLmVsZW1lbnRzfQ==&quot;/&gt;
                    &lt;L7p:VariableToSet stringValue=&quot;returnMessage&quot;/&gt;
                &lt;/L7p:SetVariable&gt;
            &lt;/wsp:All&gt;
            &lt;L7p:SetVariable&gt;
                &lt;L7p:Base64Expression stringValue=&quot;U2VhcmNoZWQgZm9yIGVsZW1lbnRzIHN0YXJ0aW5nIHdpdGg6ICR7Y29udGFpbnNWYXJ9LiANClhwYXRoIHNlYXJjaCBmYWlsZWQu&quot;/&gt;
                &lt;L7p:VariableToSet stringValue=&quot;returnMessage&quot;/&gt;
            &lt;/L7p:SetVariable&gt;
        &lt;/wsp:OneOrMore&gt;
    &lt;/wsp:All&gt;
&lt;/wsp:Policy&gt;

                            </l7:Resource>
                        </l7:ResourceSet>
                    </l7:Resources>
                </l7:Policy>
            </l7:Resource>
        </l7:Item>
        <l7:Item>
            <l7:Name>xpath 2.0 - element starts with</l7:Name>
            <l7:Id>c45657033a1a2f683672b349d6a765dd</l7:Id>
            <l7:Type>SERVICE</l7:Type>
            <l7:TimeStamp>2019-01-22T11:08:13.074-08:00</l7:TimeStamp>
            <l7:Resource>
                <l7:Service id="c45657033a1a2f683672b349d6a765dd" version="2">
                    <l7:ServiceDetail folderId="c45657033a1a2f683672b349d6a76599" id="c45657033a1a2f683672b349d6a765dd" version="2">
                        <l7:Name>xpath 2.0 - element starts with</l7:Name>
                        <l7:Enabled>true</l7:Enabled>
                        <l7:ServiceMappings>
                            <l7:HttpMapping>
                                <l7:UrlPattern>/test/xpath/2.0/elementStartsWith</l7:UrlPattern>
                                <l7:Verbs>
                                    <l7:Verb>POST</l7:Verb>
                                </l7:Verbs>
                            </l7:HttpMapping>
                        </l7:ServiceMappings>
                        <l7:Properties>
                            <l7:Property key="internal">
                                <l7:BooleanValue>false</l7:BooleanValue>
                            </l7:Property>
                            <l7:Property key="policyRevision">
                                <l7:LongValue>1</l7:LongValue>
                            </l7:Property>
                            <l7:Property key="soap">
                                <l7:BooleanValue>false</l7:BooleanValue>
                            </l7:Property>
                            <l7:Property key="tracingEnabled">
                                <l7:BooleanValue>false</l7:BooleanValue>
                            </l7:Property>
                            <l7:Property key="wssProcessingEnabled">
                                <l7:BooleanValue>false</l7:BooleanValue>
                            </l7:Property>
                        </l7:Properties>
                    </l7:ServiceDetail>
                    <l7:Resources>
                        <l7:ResourceSet tag="policy">
                            <l7:Resource type="policy" version="1">&lt;?xml version=&quot;1.0&quot; encoding=&quot;UTF-8&quot;?&gt;
&lt;wsp:Policy
                                xmlns:L7p=&quot;http://www.layer7tech.com/ws/policy&quot;
                                xmlns:wsp=&quot;http://schemas.xmlsoap.org/ws/2002/12/policy&quot;&gt;
    &lt;wsp:All wsp:Usage=&quot;Required&quot;&gt;
        &lt;L7p:SetVariable&gt;
            &lt;L7p:Base64Expression stringValue=&quot;UmVxdWVzdDogUE9TVCByZXF1ZXN0IHRvIHRoaXMgZW5kcG9pbnQgd2l0aCBjb250ZW50LiBBcyB3ZWxsLCB0aGUgZm9sbG93aW5nIEhUVFAgcGFyYW1ldGVycyBhcmUgcmVxdWlyZWQ6DQpkZWxheSAtIHdpdGggYW4gaW50ZWdlciBtaWxsaXNlY29uZCB2YWx1ZQ0KYmFja2VuZCAtIFVSTCB0byByb3V0ZSB0bw0KUmVzcG9uc2U6IFJlc3BvbnNlIGZyb20gdGhlIFJvdXRlIEFzc2VydGlvbiBpZiBzdWNjZXNzZnVs&quot;/&gt;
            &lt;L7p:VariableToSet stringValue=&quot;help&quot;/&gt;
        &lt;/L7p:SetVariable&gt;
        &lt;L7p:Include&gt;
            &lt;L7p:PolicyGuid stringValue=&quot;6f016e20-e7b7-4228-a22f-e64c6fb0ae51&quot;/&gt;
        &lt;/L7p:Include&gt;
        &lt;L7p:Include&gt;
            &lt;L7p:PolicyGuid stringValue=&quot;34c9541b-ae5b-4850-b196-bad6fd641919&quot;/&gt;
        &lt;/L7p:Include&gt;
        &lt;L7p:Include&gt;
            &lt;L7p:PolicyGuid stringValue=&quot;81d7a287-a457-4282-80c7-5a24b811b6d6&quot;/&gt;
        &lt;/L7p:Include&gt;
        &lt;L7p:Include&gt;
            &lt;L7p:PolicyGuid stringValue=&quot;ccf20f0b-d9c4-4eea-889b-2ccdd874fa3f&quot;/&gt;
        &lt;/L7p:Include&gt;
        &lt;L7p:HardcodedResponse&gt;
            &lt;L7p:Base64ResponseBody stringValue=&quot;JHtyZXR1cm5NZXNzYWdlfQ==&quot;/&gt;
            &lt;L7p:ResponseContentType stringValue=&quot;text/plain; charset=UTF-8&quot;/&gt;
        &lt;/L7p:HardcodedResponse&gt;
    &lt;/wsp:All&gt;
&lt;/wsp:Policy&gt;

                            </l7:Resource>
                        </l7:ResourceSet>
                    </l7:Resources>
                </l7:Service>
            </l7:Resource>
        </l7:Item>
        <l7:Item>
            <l7:Name>xpath 2.0 - element contains</l7:Name>
            <l7:Id>c45657033a1a2f683672b349d6a76dfc</l7:Id>
            <l7:Type>POLICY</l7:Type>
            <l7:TimeStamp>2019-01-22T11:08:13.078-08:00</l7:TimeStamp>
            <l7:Resource>
                <l7:Policy guid="ee910a58-da62-4422-bc5b-58c54f264725" id="c45657033a1a2f683672b349d6a76dfc" version="1">
                    <l7:PolicyDetail folderId="c45657033a1a2f683672b349d6a76663" guid="ee910a58-da62-4422-bc5b-58c54f264725" id="c45657033a1a2f683672b349d6a76dfc" version="1">
                        <l7:Name>xpath 2.0 - element contains</l7:Name>
                        <l7:PolicyType>Include</l7:PolicyType>
                        <l7:Properties>
                            <l7:Property key="revision">
                                <l7:LongValue>1</l7:LongValue>
                            </l7:Property>
                            <l7:Property key="soap">
                                <l7:BooleanValue>false</l7:BooleanValue>
                            </l7:Property>
                        </l7:Properties>
                    </l7:PolicyDetail>
                    <l7:Resources>
                        <l7:ResourceSet tag="policy">
                            <l7:Resource type="policy">&lt;?xml version=&quot;1.0&quot; encoding=&quot;UTF-8&quot;?&gt;
&lt;wsp:Policy
                                xmlns:L7p=&quot;http://www.layer7tech.com/ws/policy&quot;
                                xmlns:wsp=&quot;http://schemas.xmlsoap.org/ws/2002/12/policy&quot;&gt;
    &lt;wsp:All wsp:Usage=&quot;Required&quot;&gt;
        &lt;L7p:SetVariable&gt;
            &lt;L7p:Base64Expression stringValue=&quot;JHtyZXF1ZXN0Lmh0dHAucGFyYW1ldGVyLnNlYXJjaH0=&quot;/&gt;
            &lt;L7p:VariableToSet stringValue=&quot;containsVar&quot;/&gt;
        &lt;/L7p:SetVariable&gt;
        &lt;wsp:OneOrMore wsp:Usage=&quot;Required&quot;&gt;
            &lt;wsp:All wsp:Usage=&quot;Required&quot;&gt;
                &lt;L7p:ComparisonAssertion&gt;
                    &lt;L7p:CaseSensitive booleanValue=&quot;false&quot;/&gt;
                    &lt;L7p:Expression1 stringValue=&quot;${containsVar}&quot;/&gt;
                    &lt;L7p:ExpressionIsVariable booleanValue=&quot;false&quot;/&gt;
                    &lt;L7p:Operator operatorNull=&quot;null&quot;/&gt;
                    &lt;L7p:Predicates predicates=&quot;included&quot;&gt;
                        &lt;L7p:item dataType=&quot;included&quot;&gt;
                            &lt;L7p:Type variableDataType=&quot;string&quot;/&gt;
                        &lt;/L7p:item&gt;
                        &lt;L7p:item binary=&quot;included&quot;&gt;
                            &lt;L7p:Negated booleanValue=&quot;true&quot;/&gt;
                            &lt;L7p:Operator operator=&quot;EMPTY&quot;/&gt;
                            &lt;L7p:RightValue stringValue=&quot;&quot;/&gt;
                        &lt;/L7p:item&gt;
                    &lt;/L7p:Predicates&gt;
                &lt;/L7p:ComparisonAssertion&gt;
                &lt;L7p:SetVariable&gt;
                    &lt;L7p:Base64Expression stringValue=&quot;Ly8qW2NvbnRhaW5zKG5hbWUoKSwnJHtjb250YWluc1Zhcn0nKV0=&quot;/&gt;
                    &lt;L7p:VariableToSet stringValue=&quot;xpathVar&quot;/&gt;
                &lt;/L7p:SetVariable&gt;
                &lt;L7p:RequestXpathAssertion&gt;
                    &lt;L7p:VariablePrefix stringValue=&quot;&quot;/&gt;
                    &lt;L7p:XpathExpression xpathExpressionValue=&quot;included&quot;&gt;
                        &lt;L7p:Expression stringValue=&quot;${xpathVar}&quot;/&gt;
                        &lt;L7p:Namespaces mapValue=&quot;included&quot;&gt;
                            &lt;L7p:entry&gt;
                                &lt;L7p:key stringValue=&quot;s&quot;/&gt;
                                &lt;L7p:value stringValue=&quot;http://schemas.xmlsoap.org/soap/envelope/&quot;/&gt;
                            &lt;/L7p:entry&gt;
                        &lt;/L7p:Namespaces&gt;
                        &lt;L7p:XpathVersion xpathVersion=&quot;XPATH_2_0&quot;/&gt;
                    &lt;/L7p:XpathExpression&gt;
                &lt;/L7p:RequestXpathAssertion&gt;
                &lt;L7p:SetVariable&gt;
                    &lt;L7p:Base64Expression stringValue=&quot;U2VhcmNoZWQgZm9yIGVsZW1lbnRzIHdpdGggbmFtZXMgdGhhdCBjb250YWluOiAke2NvbnRhaW5zVmFyfQ0KRm91bmQgJHtyZXF1ZXN0WHBhdGguY291bnR9IA0KRWxlbWVudHM6ICR7cmVxdWVzdFhwYXRoLmVsZW1lbnRzfQ==&quot;/&gt;
                    &lt;L7p:VariableToSet stringValue=&quot;returnMessage&quot;/&gt;
                &lt;/L7p:SetVariable&gt;
            &lt;/wsp:All&gt;
            &lt;L7p:SetVariable&gt;
                &lt;L7p:Base64Expression stringValue=&quot;U2VhcmNoZWQgZm9yIGVsZW1lbnRzIGNvbnRhaW5pbmc6ICR7Y29udGFpbnNWYXJ9Lg0KWHBhdGggc2VhcmNoIGZhaWxlZC4=&quot;/&gt;
                &lt;L7p:VariableToSet stringValue=&quot;returnMessage&quot;/&gt;
            &lt;/L7p:SetVariable&gt;
        &lt;/wsp:OneOrMore&gt;
    &lt;/wsp:All&gt;
&lt;/wsp:Policy&gt;

                            </l7:Resource>
                        </l7:ResourceSet>
                    </l7:Resources>
                </l7:Policy>
            </l7:Resource>
        </l7:Item>
        <l7:Item>
            <l7:Name>xpath 2.0 - element contains</l7:Name>
            <l7:Id>c45657033a1a2f683672b349d6a7a1b0</l7:Id>
            <l7:Type>SERVICE</l7:Type>
            <l7:TimeStamp>2019-01-22T11:08:13.085-08:00</l7:TimeStamp>
            <l7:Resource>
                <l7:Service id="c45657033a1a2f683672b349d6a7a1b0" version="2">
                    <l7:ServiceDetail folderId="c45657033a1a2f683672b349d6a76599" id="c45657033a1a2f683672b349d6a7a1b0" version="2">
                        <l7:Name>xpath 2.0 - element contains</l7:Name>
                        <l7:Enabled>true</l7:Enabled>
                        <l7:ServiceMappings>
                            <l7:HttpMapping>
                                <l7:UrlPattern>/test/xpath/2.0/elementContains</l7:UrlPattern>
                                <l7:Verbs>
                                    <l7:Verb>POST</l7:Verb>
                                </l7:Verbs>
                            </l7:HttpMapping>
                        </l7:ServiceMappings>
                        <l7:Properties>
                            <l7:Property key="internal">
                                <l7:BooleanValue>false</l7:BooleanValue>
                            </l7:Property>
                            <l7:Property key="policyRevision">
                                <l7:LongValue>1</l7:LongValue>
                            </l7:Property>
                            <l7:Property key="soap">
                                <l7:BooleanValue>false</l7:BooleanValue>
                            </l7:Property>
                            <l7:Property key="tracingEnabled">
                                <l7:BooleanValue>false</l7:BooleanValue>
                            </l7:Property>
                            <l7:Property key="wssProcessingEnabled">
                                <l7:BooleanValue>false</l7:BooleanValue>
                            </l7:Property>
                        </l7:Properties>
                    </l7:ServiceDetail>
                    <l7:Resources>
                        <l7:ResourceSet tag="policy">
                            <l7:Resource type="policy" version="1">&lt;?xml version=&quot;1.0&quot; encoding=&quot;UTF-8&quot;?&gt;
&lt;wsp:Policy
                                xmlns:L7p=&quot;http://www.layer7tech.com/ws/policy&quot;
                                xmlns:wsp=&quot;http://schemas.xmlsoap.org/ws/2002/12/policy&quot;&gt;
    &lt;wsp:All wsp:Usage=&quot;Required&quot;&gt;
        &lt;L7p:SetVariable&gt;
            &lt;L7p:Base64Expression stringValue=&quot;UmVxdWVzdDogUE9TVCByZXF1ZXN0IHRvIHRoaXMgZW5kcG9pbnQgd2l0aCBjb250ZW50LiBBcyB3ZWxsLCB0aGUgZm9sbG93aW5nIEhUVFAgcGFyYW1ldGVycyBhcmUgcmVxdWlyZWQ6DQpkZWxheSAtIHdpdGggYW4gaW50ZWdlciBtaWxsaXNlY29uZCB2YWx1ZQ0KYmFja2VuZCAtIFVSTCB0byByb3V0ZSB0bw0KUmVzcG9uc2U6IFJlc3BvbnNlIGZyb20gdGhlIFJvdXRlIEFzc2VydGlvbiBpZiBzdWNjZXNzZnVs&quot;/&gt;
            &lt;L7p:VariableToSet stringValue=&quot;help&quot;/&gt;
        &lt;/L7p:SetVariable&gt;
        &lt;L7p:Include&gt;
            &lt;L7p:PolicyGuid stringValue=&quot;6f016e20-e7b7-4228-a22f-e64c6fb0ae51&quot;/&gt;
        &lt;/L7p:Include&gt;
        &lt;L7p:Include&gt;
            &lt;L7p:PolicyGuid stringValue=&quot;34c9541b-ae5b-4850-b196-bad6fd641919&quot;/&gt;
        &lt;/L7p:Include&gt;
        &lt;L7p:Include&gt;
            &lt;L7p:PolicyGuid stringValue=&quot;81d7a287-a457-4282-80c7-5a24b811b6d6&quot;/&gt;
        &lt;/L7p:Include&gt;
        &lt;L7p:Include&gt;
            &lt;L7p:PolicyGuid stringValue=&quot;ee910a58-da62-4422-bc5b-58c54f264725&quot;/&gt;
        &lt;/L7p:Include&gt;
        &lt;L7p:HardcodedResponse&gt;
            &lt;L7p:Base64ResponseBody stringValue=&quot;JHtyZXR1cm5NZXNzYWdlfQ==&quot;/&gt;
            &lt;L7p:ResponseContentType stringValue=&quot;text/plain; charset=UTF-8&quot;/&gt;
        &lt;/L7p:HardcodedResponse&gt;
    &lt;/wsp:All&gt;
&lt;/wsp:Policy&gt;

                            </l7:Resource>
                        </l7:ResourceSet>
                    </l7:Resources>
                </l7:Service>
            </l7:Resource>
        </l7:Item>
        <l7:Item>
            <l7:Name>xslt 1.0 - basic transformation</l7:Name>
            <l7:Id>71489e6b3f531c24ce7c3749511b0a9b</l7:Id>
            <l7:Type>POLICY</l7:Type>
            <l7:TimeStamp>2019-01-22T11:08:13.088-08:00</l7:TimeStamp>
            <l7:Resource>
                <l7:Policy guid="30ecb2ff-8573-4d7c-b0f0-dbad4e5c8039" id="71489e6b3f531c24ce7c3749511b0a9b" version="1">
                    <l7:PolicyDetail folderId="71489e6b3f531c24ce7c3749511b0b2a" guid="30ecb2ff-8573-4d7c-b0f0-dbad4e5c8039" id="71489e6b3f531c24ce7c3749511b0a9b" version="1">
                        <l7:Name>xslt 1.0 - basic transformation</l7:Name>
                        <l7:PolicyType>Include</l7:PolicyType>
                        <l7:Properties>
                            <l7:Property key="revision">
                                <l7:LongValue>1</l7:LongValue>
                            </l7:Property>
                            <l7:Property key="soap">
                                <l7:BooleanValue>false</l7:BooleanValue>
                            </l7:Property>
                        </l7:Properties>
                    </l7:PolicyDetail>
                    <l7:Resources>
                        <l7:ResourceSet tag="policy">
                            <l7:Resource type="policy">&lt;?xml version=&quot;1.0&quot; encoding=&quot;UTF-8&quot;?&gt;
&lt;wsp:Policy
                                xmlns:L7p=&quot;http://www.layer7tech.com/ws/policy&quot;
                                xmlns:wsp=&quot;http://schemas.xmlsoap.org/ws/2002/12/policy&quot;&gt;
    &lt;wsp:All wsp:Usage=&quot;Required&quot;&gt;
        &lt;L7p:XslTransformation&gt;
            &lt;L7p:AssertionComment assertionComment=&quot;included&quot;&gt;
                &lt;L7p:Properties mapValue=&quot;included&quot;&gt;
                    &lt;L7p:entry&gt;
                        &lt;L7p:key stringValue=&quot;RIGHT.COMMENT&quot;/&gt;
                        &lt;L7p:value stringValue=&quot;Default transformation&quot;/&gt;
                    &lt;/L7p:entry&gt;
                &lt;/L7p:Properties&gt;
            &lt;/L7p:AssertionComment&gt;
            &lt;L7p:ResourceInfo staticResourceInfo=&quot;included&quot;&gt;
                &lt;L7p:Document stringValueReference=&quot;inline&quot;&gt;&lt;![CDATA[&lt;xsl:stylesheet version=&quot;1.0&quot;
                                xmlns:xsl=&quot;http://www.w3.org/1999/XSL/Transform&quot;&gt;
                                &lt;!-- Identity transform --&gt;
                                &lt;xsl:template match=&quot;@*|*|processing-instruction()|comment()&quot;&gt;
                                &lt;xsl:copy&gt;
                                &lt;xsl:apply-templates select=&quot;*|@*|text()|processing-instruction()|comment()&quot;/&gt;
                                &lt;/xsl:copy&gt;
                                &lt;/xsl:template&gt;
                                &lt;/xsl:stylesheet&gt;]]&gt;&lt;/L7p:Document&gt;
            &lt;/L7p:ResourceInfo&gt;
            &lt;L7p:TransformName stringValue=&quot;&quot;/&gt;
            &lt;L7p:XsltVersion stringValue=&quot;1.0&quot;/&gt;
        &lt;/L7p:XslTransformation&gt;
        &lt;L7p:SetVariable&gt;
            &lt;L7p:Base64Expression stringValue=&quot;JHtyZXF1ZXN0Lm1haW5wYXJ0fQ==&quot;/&gt;
            &lt;L7p:VariableToSet stringValue=&quot;returnMessage&quot;/&gt;
        &lt;/L7p:SetVariable&gt;
    &lt;/wsp:All&gt;
&lt;/wsp:Policy&gt;

                            </l7:Resource>
                        </l7:ResourceSet>
                    </l7:Resources>
                </l7:Policy>
            </l7:Resource>
        </l7:Item>
        <l7:Item>
            <l7:Name>xslt 1.0 - default</l7:Name>
            <l7:Id>71489e6b3f531c24ce7c3749511b0c2e</l7:Id>
            <l7:Type>SERVICE</l7:Type>
            <l7:TimeStamp>2019-01-22T11:08:13.107-08:00</l7:TimeStamp>
            <l7:Resource>
                <l7:Service id="71489e6b3f531c24ce7c3749511b0c2e" version="2">
                    <l7:ServiceDetail folderId="71489e6b3f531c24ce7c3749511b0be5" id="71489e6b3f531c24ce7c3749511b0c2e" version="2">
                        <l7:Name>xslt 1.0 - default</l7:Name>
                        <l7:Enabled>true</l7:Enabled>
                        <l7:ServiceMappings>
                            <l7:HttpMapping>
                                <l7:UrlPattern>/test/xslt/1.0/default</l7:UrlPattern>
                                <l7:Verbs>
                                    <l7:Verb>GET</l7:Verb>
                                    <l7:Verb>POST</l7:Verb>
                                    <l7:Verb>PUT</l7:Verb>
                                    <l7:Verb>DELETE</l7:Verb>
                                </l7:Verbs>
                            </l7:HttpMapping>
                        </l7:ServiceMappings>
                        <l7:Properties>
                            <l7:Property key="internal">
                                <l7:BooleanValue>false</l7:BooleanValue>
                            </l7:Property>
                            <l7:Property key="policyRevision">
                                <l7:LongValue>1</l7:LongValue>
                            </l7:Property>
                            <l7:Property key="soap">
                                <l7:BooleanValue>false</l7:BooleanValue>
                            </l7:Property>
                            <l7:Property key="tracingEnabled">
                                <l7:BooleanValue>false</l7:BooleanValue>
                            </l7:Property>
                            <l7:Property key="wssProcessingEnabled">
                                <l7:BooleanValue>false</l7:BooleanValue>
                            </l7:Property>
                        </l7:Properties>
                    </l7:ServiceDetail>
                    <l7:Resources>
                        <l7:ResourceSet tag="policy">
                            <l7:Resource type="policy" version="1">&lt;?xml version=&quot;1.0&quot; encoding=&quot;UTF-8&quot;?&gt;
&lt;wsp:Policy
                                xmlns:L7p=&quot;http://www.layer7tech.com/ws/policy&quot;
                                xmlns:wsp=&quot;http://schemas.xmlsoap.org/ws/2002/12/policy&quot;&gt;
    &lt;wsp:All wsp:Usage=&quot;Required&quot;&gt;
        &lt;L7p:SetVariable&gt;
            &lt;L7p:Base64Expression stringValue=&quot;UmVxdWVzdDogUE9TVCByZXF1ZXN0IHRvIHRoaXMgZW5kcG9pbnQgd2l0aCBhbiBYTUwgYm9keSBhbmQgQ29udGVudC1UeXBlIGhlYWRlciB0ZXh0L3htbCBoZWFkZXINClJlc3BvbnNlOiB0aGUgZGVmYXVsdCB0cmFuc2Zvcm1lZCBYTUwgYm9keS4gSXQgc2hvdWxkIGJlIHRoZSBzYW1lIGFzIHRoZSByZXF1ZXN0&quot;/&gt;
            &lt;L7p:VariableToSet stringValue=&quot;help&quot;/&gt;
        &lt;/L7p:SetVariable&gt;
        &lt;L7p:Include&gt;
            &lt;L7p:PolicyGuid stringValue=&quot;6f016e20-e7b7-4228-a22f-e64c6fb0ae51&quot;/&gt;
        &lt;/L7p:Include&gt;
        &lt;L7p:Include&gt;
            &lt;L7p:PolicyGuid stringValue=&quot;34c9541b-ae5b-4850-b196-bad6fd641919&quot;/&gt;
        &lt;/L7p:Include&gt;
        &lt;L7p:Include&gt;
            &lt;L7p:PolicyGuid stringValue=&quot;81d7a287-a457-4282-80c7-5a24b811b6d6&quot;/&gt;
        &lt;/L7p:Include&gt;
        &lt;L7p:Include&gt;
            &lt;L7p:PolicyGuid stringValue=&quot;30ecb2ff-8573-4d7c-b0f0-dbad4e5c8039&quot;/&gt;
        &lt;/L7p:Include&gt;
        &lt;L7p:HardcodedResponse&gt;
            &lt;L7p:Base64ResponseBody stringValue=&quot;JHtyZXR1cm5NZXNzYWdlfQ==&quot;/&gt;
            &lt;L7p:ResponseContentType stringValue=&quot;text/plain; charset=UTF-8&quot;/&gt;
        &lt;/L7p:HardcodedResponse&gt;
    &lt;/wsp:All&gt;
&lt;/wsp:Policy&gt;

                            </l7:Resource>
                        </l7:ResourceSet>
                    </l7:Resources>
                </l7:Service>
            </l7:Resource>
        </l7:Item>
        <l7:Item>
            <l7:Name>xslt 1.0 - to uppercase</l7:Name>
            <l7:Id>c45657033a1a2f683672b349d6a71cf1</l7:Id>
            <l7:Type>POLICY</l7:Type>
            <l7:TimeStamp>2019-01-22T11:08:13.114-08:00</l7:TimeStamp>
            <l7:Resource>
                <l7:Policy guid="00ca2d8c-9db5-44fa-b856-cc4e2e5f041d" id="c45657033a1a2f683672b349d6a71cf1" version="1">
                    <l7:PolicyDetail folderId="71489e6b3f531c24ce7c3749511b0b2a" guid="00ca2d8c-9db5-44fa-b856-cc4e2e5f041d" id="c45657033a1a2f683672b349d6a71cf1" version="1">
                        <l7:Name>xslt 1.0 - to uppercase</l7:Name>
                        <l7:PolicyType>Include</l7:PolicyType>
                        <l7:Properties>
                            <l7:Property key="revision">
                                <l7:LongValue>1</l7:LongValue>
                            </l7:Property>
                            <l7:Property key="soap">
                                <l7:BooleanValue>false</l7:BooleanValue>
                            </l7:Property>
                        </l7:Properties>
                    </l7:PolicyDetail>
                    <l7:Resources>
                        <l7:ResourceSet tag="policy">
                            <l7:Resource type="policy">&lt;?xml version=&quot;1.0&quot; encoding=&quot;UTF-8&quot;?&gt;
&lt;wsp:Policy
                                xmlns:L7p=&quot;http://www.layer7tech.com/ws/policy&quot;
                                xmlns:wsp=&quot;http://schemas.xmlsoap.org/ws/2002/12/policy&quot;&gt;
    &lt;wsp:All wsp:Usage=&quot;Required&quot;&gt;
        &lt;L7p:XslTransformation&gt;
            &lt;L7p:AssertionComment assertionComment=&quot;included&quot;&gt;
                &lt;L7p:Properties mapValue=&quot;included&quot;&gt;
                    &lt;L7p:entry&gt;
                        &lt;L7p:key stringValue=&quot;RIGHT.COMMENT&quot;/&gt;
                        &lt;L7p:value stringValue=&quot;Converts all elements to upper case&quot;/&gt;
                    &lt;/L7p:entry&gt;
                &lt;/L7p:Properties&gt;
            &lt;/L7p:AssertionComment&gt;
            &lt;L7p:ResourceInfo staticResourceInfo=&quot;included&quot;&gt;
                &lt;L7p:Document stringValueReference=&quot;inline&quot;&gt;&lt;![CDATA[&lt;?xml version=&quot;1.0&quot;?&gt;
                                &lt;xsl:stylesheet
                                xmlns:xsl=&quot;http://www.w3.org/1999/XSL/Transform&quot; version=&quot;1.0&quot;&gt;
                                &lt;!-- Identity transform --&gt;
                                &lt;xsl:template match=&quot;@*|node()&quot;&gt;
                                &lt;xsl:copy&gt;
                                &lt;xsl:apply-templates select=&quot;@*|node()&quot;/&gt;
                                &lt;/xsl:copy&gt;
                                &lt;/xsl:template&gt;
                                &lt;xsl:variable name=&quot;lower&quot;&gt;abcdefghijklmnopqrstuvwxyz&lt;/xsl:variable&gt;
                                &lt;xsl:variable name=&quot;upper&quot;&gt;ABCDEFGHIJKLMNOPQRSTUVWXYZ&lt;/xsl:variable&gt;
                                &lt;xsl:template match=&quot;*&quot;&gt;
                                &lt;xsl:element name=&quot;{translate(local-name(), $lower, $upper)}&quot;&gt;
                                &lt;xsl:apply-templates select=&quot;@*|node()&quot;/&gt;
                                &lt;/xsl:element&gt;
                                &lt;/xsl:template&gt;
                                &lt;/xsl:stylesheet&gt;]]&gt;&lt;/L7p:Document&gt;
            &lt;/L7p:ResourceInfo&gt;
            &lt;L7p:TransformName stringValue=&quot;&quot;/&gt;
            &lt;L7p:XsltVersion stringValue=&quot;1.0&quot;/&gt;
        &lt;/L7p:XslTransformation&gt;
        &lt;L7p:SetVariable&gt;
            &lt;L7p:Base64Expression stringValue=&quot;JHtyZXF1ZXN0Lm1haW5wYXJ0fQ==&quot;/&gt;
            &lt;L7p:VariableToSet stringValue=&quot;returnMessage&quot;/&gt;
        &lt;/L7p:SetVariable&gt;
    &lt;/wsp:All&gt;
&lt;/wsp:Policy&gt;

                            </l7:Resource>
                        </l7:ResourceSet>
                    </l7:Resources>
                </l7:Policy>
            </l7:Resource>
        </l7:Item>
        <l7:Item>
            <l7:Name>xslt 1.0 - uppercase</l7:Name>
            <l7:Id>c45657033a1a2f683672b349d6a71d17</l7:Id>
            <l7:Type>SERVICE</l7:Type>
            <l7:TimeStamp>2019-01-22T11:08:13.149-08:00</l7:TimeStamp>
            <l7:Resource>
                <l7:Service id="c45657033a1a2f683672b349d6a71d17" version="2">
                    <l7:ServiceDetail folderId="71489e6b3f531c24ce7c3749511b0be5" id="c45657033a1a2f683672b349d6a71d17" version="2">
                        <l7:Name>xslt 1.0 - uppercase</l7:Name>
                        <l7:Enabled>true</l7:Enabled>
                        <l7:ServiceMappings>
                            <l7:HttpMapping>
                                <l7:UrlPattern>/test/xslt/1.0/touppercase</l7:UrlPattern>
                                <l7:Verbs>
                                    <l7:Verb>POST</l7:Verb>
                                </l7:Verbs>
                            </l7:HttpMapping>
                        </l7:ServiceMappings>
                        <l7:Properties>
                            <l7:Property key="internal">
                                <l7:BooleanValue>false</l7:BooleanValue>
                            </l7:Property>
                            <l7:Property key="policyRevision">
                                <l7:LongValue>1</l7:LongValue>
                            </l7:Property>
                            <l7:Property key="soap">
                                <l7:BooleanValue>false</l7:BooleanValue>
                            </l7:Property>
                            <l7:Property key="tracingEnabled">
                                <l7:BooleanValue>false</l7:BooleanValue>
                            </l7:Property>
                            <l7:Property key="wssProcessingEnabled">
                                <l7:BooleanValue>false</l7:BooleanValue>
                            </l7:Property>
                        </l7:Properties>
                    </l7:ServiceDetail>
                    <l7:Resources>
                        <l7:ResourceSet tag="policy">
                            <l7:Resource type="policy" version="1">&lt;?xml version=&quot;1.0&quot; encoding=&quot;UTF-8&quot;?&gt;
&lt;wsp:Policy
                                xmlns:L7p=&quot;http://www.layer7tech.com/ws/policy&quot;
                                xmlns:wsp=&quot;http://schemas.xmlsoap.org/ws/2002/12/policy&quot;&gt;
    &lt;wsp:All wsp:Usage=&quot;Required&quot;&gt;
        &lt;L7p:SetVariable&gt;
            &lt;L7p:Base64Expression stringValue=&quot;UmVxdWVzdDogUE9TVCByZXF1ZXN0IHRvIHRoaXMgZW5kcG9pbnQgd2l0aCBhbiBYTUwgYm9keSBhbmQgQ29udGVudC1UeXBlIGhlYWRlciB0ZXh0L3htbCBoZWFkZXINClJlc3BvbnNlOiB0aGUgcmVxdWVzdCBlbGVtZW50cyBjb252ZXJ0ZWQgdG8gdXBwZXJjYXNl&quot;/&gt;
            &lt;L7p:VariableToSet stringValue=&quot;help&quot;/&gt;
        &lt;/L7p:SetVariable&gt;
        &lt;L7p:Include&gt;
            &lt;L7p:PolicyGuid stringValue=&quot;6f016e20-e7b7-4228-a22f-e64c6fb0ae51&quot;/&gt;
        &lt;/L7p:Include&gt;
        &lt;L7p:Include&gt;
            &lt;L7p:PolicyGuid stringValue=&quot;34c9541b-ae5b-4850-b196-bad6fd641919&quot;/&gt;
        &lt;/L7p:Include&gt;
        &lt;L7p:Include&gt;
            &lt;L7p:PolicyGuid stringValue=&quot;81d7a287-a457-4282-80c7-5a24b811b6d6&quot;/&gt;
        &lt;/L7p:Include&gt;
        &lt;L7p:Include&gt;
            &lt;L7p:PolicyGuid stringValue=&quot;00ca2d8c-9db5-44fa-b856-cc4e2e5f041d&quot;/&gt;
        &lt;/L7p:Include&gt;
        &lt;L7p:HardcodedResponse&gt;
            &lt;L7p:Base64ResponseBody stringValue=&quot;JHtyZXR1cm5NZXNzYWdlfQ==&quot;/&gt;
            &lt;L7p:ResponseContentType stringValue=&quot;text/plain; charset=UTF-8&quot;/&gt;
        &lt;/L7p:HardcodedResponse&gt;
    &lt;/wsp:All&gt;
&lt;/wsp:Policy&gt;

                            </l7:Resource>
                        </l7:ResourceSet>
                    </l7:Resources>
                </l7:Service>
            </l7:Resource>
        </l7:Item>
        <l7:Item>
            <l7:Name>xslt 1.0 - to lowercase</l7:Name>
            <l7:Id>c45657033a1a2f683672b349d6a71db7</l7:Id>
            <l7:Type>POLICY</l7:Type>
            <l7:TimeStamp>2019-01-22T11:08:13.152-08:00</l7:TimeStamp>
            <l7:Resource>
                <l7:Policy guid="ecce0564-c535-4a8f-8750-98981052b017" id="c45657033a1a2f683672b349d6a71db7" version="1">
                    <l7:PolicyDetail folderId="71489e6b3f531c24ce7c3749511b0b2a" guid="ecce0564-c535-4a8f-8750-98981052b017" id="c45657033a1a2f683672b349d6a71db7" version="1">
                        <l7:Name>xslt 1.0 - to lowercase</l7:Name>
                        <l7:PolicyType>Include</l7:PolicyType>
                        <l7:Properties>
                            <l7:Property key="revision">
                                <l7:LongValue>1</l7:LongValue>
                            </l7:Property>
                            <l7:Property key="soap">
                                <l7:BooleanValue>false</l7:BooleanValue>
                            </l7:Property>
                        </l7:Properties>
                    </l7:PolicyDetail>
                    <l7:Resources>
                        <l7:ResourceSet tag="policy">
                            <l7:Resource type="policy">&lt;?xml version=&quot;1.0&quot; encoding=&quot;UTF-8&quot;?&gt;
&lt;wsp:Policy
                                xmlns:L7p=&quot;http://www.layer7tech.com/ws/policy&quot;
                                xmlns:wsp=&quot;http://schemas.xmlsoap.org/ws/2002/12/policy&quot;&gt;
    &lt;wsp:All wsp:Usage=&quot;Required&quot;&gt;
        &lt;L7p:XslTransformation&gt;
            &lt;L7p:AssertionComment assertionComment=&quot;included&quot;&gt;
                &lt;L7p:Properties mapValue=&quot;included&quot;&gt;
                    &lt;L7p:entry&gt;
                        &lt;L7p:key stringValue=&quot;RIGHT.COMMENT&quot;/&gt;
                        &lt;L7p:value stringValue=&quot;Converts all elements to lower case&quot;/&gt;
                    &lt;/L7p:entry&gt;
                &lt;/L7p:Properties&gt;
            &lt;/L7p:AssertionComment&gt;
            &lt;L7p:ResourceInfo staticResourceInfo=&quot;included&quot;&gt;
                &lt;L7p:Document stringValueReference=&quot;inline&quot;&gt;&lt;![CDATA[&lt;xsl:stylesheet version=&quot;1.0&quot;
                                xmlns:xsl=&quot;http://www.w3.org/1999/XSL/Transform&quot;&gt;
                                &lt;!-- Identity transform --&gt;
                                &lt;xsl:template match=&quot;@*|node()&quot;&gt;
                                &lt;xsl:copy&gt;
                                &lt;xsl:apply-templates select=&quot;@*|node()&quot;/&gt;
                                &lt;/xsl:copy&gt;
                                &lt;/xsl:template&gt;
                                &lt;xsl:variable name=&quot;lower&quot;&gt;abcdefghijklmnopqrstuvwxyz&lt;/xsl:variable&gt;
                                &lt;xsl:variable name=&quot;upper&quot;&gt;ABCDEFGHIJKLMNOPQRSTUVWXYZ&lt;/xsl:variable&gt;
                                &lt;xsl:template match=&quot;*&quot;&gt;
                                &lt;xsl:element name=&quot;{translate(local-name(), $upper, $lower)}&quot;&gt;
                                &lt;xsl:apply-templates select=&quot;@*|node()&quot;/&gt;
                                &lt;/xsl:element&gt;
                                &lt;/xsl:template&gt;
                                &lt;/xsl:stylesheet&gt;]]&gt;&lt;/L7p:Document&gt;
            &lt;/L7p:ResourceInfo&gt;
            &lt;L7p:TransformName stringValue=&quot;&quot;/&gt;
            &lt;L7p:XsltVersion stringValue=&quot;1.0&quot;/&gt;
        &lt;/L7p:XslTransformation&gt;
        &lt;L7p:SetVariable&gt;
            &lt;L7p:Base64Expression stringValue=&quot;JHtyZXF1ZXN0Lm1haW5wYXJ0fQ==&quot;/&gt;
            &lt;L7p:VariableToSet stringValue=&quot;returnMessage&quot;/&gt;
        &lt;/L7p:SetVariable&gt;
    &lt;/wsp:All&gt;
&lt;/wsp:Policy&gt;

                            </l7:Resource>
                        </l7:ResourceSet>
                    </l7:Resources>
                </l7:Policy>
            </l7:Resource>
        </l7:Item>
        <l7:Item>
            <l7:Name>xslt 1.0 - lowercase</l7:Name>
            <l7:Id>c45657033a1a2f683672b349d6a71dd8</l7:Id>
            <l7:Type>SERVICE</l7:Type>
            <l7:TimeStamp>2019-01-22T11:08:13.173-08:00</l7:TimeStamp>
            <l7:Resource>
                <l7:Service id="c45657033a1a2f683672b349d6a71dd8" version="2">
                    <l7:ServiceDetail folderId="71489e6b3f531c24ce7c3749511b0be5" id="c45657033a1a2f683672b349d6a71dd8" version="2">
                        <l7:Name>xslt 1.0 - lowercase</l7:Name>
                        <l7:Enabled>true</l7:Enabled>
                        <l7:ServiceMappings>
                            <l7:HttpMapping>
                                <l7:UrlPattern>/test/xslt/1.0/tolowercase</l7:UrlPattern>
                                <l7:Verbs>
                                    <l7:Verb>POST</l7:Verb>
                                </l7:Verbs>
                            </l7:HttpMapping>
                        </l7:ServiceMappings>
                        <l7:Properties>
                            <l7:Property key="internal">
                                <l7:BooleanValue>false</l7:BooleanValue>
                            </l7:Property>
                            <l7:Property key="policyRevision">
                                <l7:LongValue>1</l7:LongValue>
                            </l7:Property>
                            <l7:Property key="soap">
                                <l7:BooleanValue>false</l7:BooleanValue>
                            </l7:Property>
                            <l7:Property key="tracingEnabled">
                                <l7:BooleanValue>false</l7:BooleanValue>
                            </l7:Property>
                            <l7:Property key="wssProcessingEnabled">
                                <l7:BooleanValue>false</l7:BooleanValue>
                            </l7:Property>
                        </l7:Properties>
                    </l7:ServiceDetail>
                    <l7:Resources>
                        <l7:ResourceSet tag="policy">
                            <l7:Resource type="policy" version="1">&lt;?xml version=&quot;1.0&quot; encoding=&quot;UTF-8&quot;?&gt;
&lt;wsp:Policy
                                xmlns:L7p=&quot;http://www.layer7tech.com/ws/policy&quot;
                                xmlns:wsp=&quot;http://schemas.xmlsoap.org/ws/2002/12/policy&quot;&gt;
    &lt;wsp:All wsp:Usage=&quot;Required&quot;&gt;
        &lt;L7p:SetVariable&gt;
            &lt;L7p:Base64Expression stringValue=&quot;UmVxdWVzdDogUE9TVCByZXF1ZXN0IHRvIHRoaXMgZW5kcG9pbnQgd2l0aCBhbiBYTUwgYm9keSBhbmQgQ29udGVudC1UeXBlIGhlYWRlciB0ZXh0L3htbCBoZWFkZXINClJlc3BvbnNlOiB0aGUgcmVxdWVzdCBlbGVtZW50cyBjb252ZXJ0ZWQgdG8gbG93ZXJjYXNl&quot;/&gt;
            &lt;L7p:VariableToSet stringValue=&quot;help&quot;/&gt;
        &lt;/L7p:SetVariable&gt;
        &lt;L7p:Include&gt;
            &lt;L7p:PolicyGuid stringValue=&quot;6f016e20-e7b7-4228-a22f-e64c6fb0ae51&quot;/&gt;
        &lt;/L7p:Include&gt;
        &lt;L7p:Include&gt;
            &lt;L7p:PolicyGuid stringValue=&quot;34c9541b-ae5b-4850-b196-bad6fd641919&quot;/&gt;
        &lt;/L7p:Include&gt;
        &lt;L7p:Include&gt;
            &lt;L7p:PolicyGuid stringValue=&quot;81d7a287-a457-4282-80c7-5a24b811b6d6&quot;/&gt;
        &lt;/L7p:Include&gt;
        &lt;L7p:Include&gt;
            &lt;L7p:PolicyGuid stringValue=&quot;ecce0564-c535-4a8f-8750-98981052b017&quot;/&gt;
        &lt;/L7p:Include&gt;
        &lt;L7p:HardcodedResponse&gt;
            &lt;L7p:Base64ResponseBody stringValue=&quot;JHtyZXR1cm5NZXNzYWdlfQ==&quot;/&gt;
            &lt;L7p:ResponseContentType stringValue=&quot;text/plain; charset=UTF-8&quot;/&gt;
        &lt;/L7p:HardcodedResponse&gt;
    &lt;/wsp:All&gt;
&lt;/wsp:Policy&gt;

                            </l7:Resource>
                        </l7:ResourceSet>
                    </l7:Resources>
                </l7:Service>
            </l7:Resource>
        </l7:Item>
        <l7:Item>
            <l7:Name>xslt 1.0 - remove comments</l7:Name>
            <l7:Id>c45657033a1a2f683672b349d6a7202c</l7:Id>
            <l7:Type>POLICY</l7:Type>
            <l7:TimeStamp>2019-01-22T11:08:13.174-08:00</l7:TimeStamp>
            <l7:Resource>
                <l7:Policy guid="8e9c23a4-e433-4e28-b027-af3aa6e99905" id="c45657033a1a2f683672b349d6a7202c" version="1">
                    <l7:PolicyDetail folderId="71489e6b3f531c24ce7c3749511b0b2a" guid="8e9c23a4-e433-4e28-b027-af3aa6e99905" id="c45657033a1a2f683672b349d6a7202c" version="1">
                        <l7:Name>xslt 1.0 - remove comments</l7:Name>
                        <l7:PolicyType>Include</l7:PolicyType>
                        <l7:Properties>
                            <l7:Property key="revision">
                                <l7:LongValue>1</l7:LongValue>
                            </l7:Property>
                            <l7:Property key="soap">
                                <l7:BooleanValue>false</l7:BooleanValue>
                            </l7:Property>
                        </l7:Properties>
                    </l7:PolicyDetail>
                    <l7:Resources>
                        <l7:ResourceSet tag="policy">
                            <l7:Resource type="policy">&lt;?xml version=&quot;1.0&quot; encoding=&quot;UTF-8&quot;?&gt;
&lt;wsp:Policy
                                xmlns:L7p=&quot;http://www.layer7tech.com/ws/policy&quot;
                                xmlns:wsp=&quot;http://schemas.xmlsoap.org/ws/2002/12/policy&quot;&gt;
    &lt;wsp:All wsp:Usage=&quot;Required&quot;&gt;
        &lt;L7p:XslTransformation&gt;
            &lt;L7p:AssertionComment assertionComment=&quot;included&quot;&gt;
                &lt;L7p:Properties mapValue=&quot;included&quot;&gt;
                    &lt;L7p:entry&gt;
                        &lt;L7p:key stringValue=&quot;RIGHT.COMMENT&quot;/&gt;
                        &lt;L7p:value stringValue=&quot;Converts all elements to upper case&quot;/&gt;
                    &lt;/L7p:entry&gt;
                &lt;/L7p:Properties&gt;
            &lt;/L7p:AssertionComment&gt;
            &lt;L7p:ResourceInfo staticResourceInfo=&quot;included&quot;&gt;
                &lt;L7p:Document stringValueReference=&quot;inline&quot;&gt;&lt;![CDATA[&lt;xsl:stylesheet version=&quot;1.0&quot;
                                xmlns:xsl=&quot;http://www.w3.org/1999/XSL/Transform&quot;&gt;
                                &lt;xsl:template match=&quot;@*|node()&quot;&gt;
                                &lt;xsl:copy&gt;
                                &lt;xsl:apply-templates select=&quot;@*|node()&quot;/&gt;
                                &lt;/xsl:copy&gt;
                                &lt;/xsl:template&gt;
                                &lt;xsl:template match=&quot;comment()&quot;/&gt;
                                &lt;/xsl:stylesheet&gt;]]&gt;&lt;/L7p:Document&gt;
            &lt;/L7p:ResourceInfo&gt;
            &lt;L7p:TransformName stringValue=&quot;&quot;/&gt;
            &lt;L7p:XsltVersion stringValue=&quot;1.0&quot;/&gt;
        &lt;/L7p:XslTransformation&gt;
        &lt;L7p:SetVariable&gt;
            &lt;L7p:Base64Expression stringValue=&quot;JHtyZXF1ZXN0Lm1haW5wYXJ0fQ==&quot;/&gt;
            &lt;L7p:VariableToSet stringValue=&quot;returnMessage&quot;/&gt;
        &lt;/L7p:SetVariable&gt;
    &lt;/wsp:All&gt;
&lt;/wsp:Policy&gt;

                            </l7:Resource>
                        </l7:ResourceSet>
                    </l7:Resources>
                </l7:Policy>
            </l7:Resource>
        </l7:Item>
        <l7:Item>
            <l7:Name>xslt 1.0 - remove comments</l7:Name>
            <l7:Id>c45657033a1a2f683672b349d6a7204d</l7:Id>
            <l7:Type>SERVICE</l7:Type>
            <l7:TimeStamp>2019-01-22T11:08:13.185-08:00</l7:TimeStamp>
            <l7:Resource>
                <l7:Service id="c45657033a1a2f683672b349d6a7204d" version="2">
                    <l7:ServiceDetail folderId="71489e6b3f531c24ce7c3749511b0be5" id="c45657033a1a2f683672b349d6a7204d" version="2">
                        <l7:Name>xslt 1.0 - remove comments</l7:Name>
                        <l7:Enabled>true</l7:Enabled>
                        <l7:ServiceMappings>
                            <l7:HttpMapping>
                                <l7:UrlPattern>/test/xslt/1.0/removecomments</l7:UrlPattern>
                                <l7:Verbs>
                                    <l7:Verb>POST</l7:Verb>
                                </l7:Verbs>
                            </l7:HttpMapping>
                        </l7:ServiceMappings>
                        <l7:Properties>
                            <l7:Property key="internal">
                                <l7:BooleanValue>false</l7:BooleanValue>
                            </l7:Property>
                            <l7:Property key="policyRevision">
                                <l7:LongValue>1</l7:LongValue>
                            </l7:Property>
                            <l7:Property key="soap">
                                <l7:BooleanValue>false</l7:BooleanValue>
                            </l7:Property>
                            <l7:Property key="tracingEnabled">
                                <l7:BooleanValue>false</l7:BooleanValue>
                            </l7:Property>
                            <l7:Property key="wssProcessingEnabled">
                                <l7:BooleanValue>false</l7:BooleanValue>
                            </l7:Property>
                        </l7:Properties>
                    </l7:ServiceDetail>
                    <l7:Resources>
                        <l7:ResourceSet tag="policy">
                            <l7:Resource type="policy" version="1">&lt;?xml version=&quot;1.0&quot; encoding=&quot;UTF-8&quot;?&gt;
&lt;wsp:Policy
                                xmlns:L7p=&quot;http://www.layer7tech.com/ws/policy&quot;
                                xmlns:wsp=&quot;http://schemas.xmlsoap.org/ws/2002/12/policy&quot;&gt;
    &lt;wsp:All wsp:Usage=&quot;Required&quot;&gt;
        &lt;L7p:SetVariable&gt;
            &lt;L7p:Base64Expression stringValue=&quot;UmVxdWVzdDogUE9TVCByZXF1ZXN0IHRvIHRoaXMgZW5kcG9pbnQgd2l0aCBhbiBYTUwgYm9keSBhbmQgQ29udGVudC1UeXBlIGhlYWRlciB0ZXh0L3htbCBoZWFkZXINClJlc3BvbnNlOiB0aGUgcmVxdWVzdCBlbGVtZW50cyBjb252ZXJ0ZWQgdG8gdXBwZXJjYXNl&quot;/&gt;
            &lt;L7p:VariableToSet stringValue=&quot;help&quot;/&gt;
        &lt;/L7p:SetVariable&gt;
        &lt;L7p:Include&gt;
            &lt;L7p:PolicyGuid stringValue=&quot;6f016e20-e7b7-4228-a22f-e64c6fb0ae51&quot;/&gt;
        &lt;/L7p:Include&gt;
        &lt;L7p:Include&gt;
            &lt;L7p:PolicyGuid stringValue=&quot;34c9541b-ae5b-4850-b196-bad6fd641919&quot;/&gt;
        &lt;/L7p:Include&gt;
        &lt;L7p:Include&gt;
            &lt;L7p:PolicyGuid stringValue=&quot;81d7a287-a457-4282-80c7-5a24b811b6d6&quot;/&gt;
        &lt;/L7p:Include&gt;
        &lt;L7p:Include&gt;
            &lt;L7p:PolicyGuid stringValue=&quot;8e9c23a4-e433-4e28-b027-af3aa6e99905&quot;/&gt;
        &lt;/L7p:Include&gt;
        &lt;L7p:HardcodedResponse&gt;
            &lt;L7p:Base64ResponseBody stringValue=&quot;JHtyZXR1cm5NZXNzYWdlfQ==&quot;/&gt;
            &lt;L7p:ResponseContentType stringValue=&quot;text/plain; charset=UTF-8&quot;/&gt;
        &lt;/L7p:HardcodedResponse&gt;
    &lt;/wsp:All&gt;
&lt;/wsp:Policy&gt;

                            </l7:Resource>
                        </l7:ResourceSet>
                    </l7:Resources>
                </l7:Service>
            </l7:Resource>
        </l7:Item>
        <l7:Item>
            <l7:Name>xslt 2.0 - basic transformation</l7:Name>
            <l7:Id>71489e6b3f531c24ce7c3749511b0cde</l7:Id>
            <l7:Type>POLICY</l7:Type>
            <l7:TimeStamp>2019-01-22T11:08:13.187-08:00</l7:TimeStamp>
            <l7:Resource>
                <l7:Policy guid="89057e34-eed6-4f78-a167-884ce7d5be7f" id="71489e6b3f531c24ce7c3749511b0cde" version="1">
                    <l7:PolicyDetail folderId="71489e6b3f531c24ce7c3749511b0ace" guid="89057e34-eed6-4f78-a167-884ce7d5be7f" id="71489e6b3f531c24ce7c3749511b0cde" version="1">
                        <l7:Name>xslt 2.0 - basic transformation</l7:Name>
                        <l7:PolicyType>Include</l7:PolicyType>
                        <l7:Properties>
                            <l7:Property key="revision">
                                <l7:LongValue>1</l7:LongValue>
                            </l7:Property>
                            <l7:Property key="soap">
                                <l7:BooleanValue>false</l7:BooleanValue>
                            </l7:Property>
                        </l7:Properties>
                    </l7:PolicyDetail>
                    <l7:Resources>
                        <l7:ResourceSet tag="policy">
                            <l7:Resource type="policy">&lt;?xml version=&quot;1.0&quot; encoding=&quot;UTF-8&quot;?&gt;
&lt;wsp:Policy
                                xmlns:L7p=&quot;http://www.layer7tech.com/ws/policy&quot;
                                xmlns:wsp=&quot;http://schemas.xmlsoap.org/ws/2002/12/policy&quot;&gt;
    &lt;wsp:All wsp:Usage=&quot;Required&quot;&gt;
        &lt;L7p:XslTransformation&gt;
            &lt;L7p:AssertionComment assertionComment=&quot;included&quot;&gt;
                &lt;L7p:Properties mapValue=&quot;included&quot;&gt;
                    &lt;L7p:entry&gt;
                        &lt;L7p:key stringValue=&quot;RIGHT.COMMENT&quot;/&gt;
                        &lt;L7p:value stringValue=&quot;Default transformation&quot;/&gt;
                    &lt;/L7p:entry&gt;
                &lt;/L7p:Properties&gt;
            &lt;/L7p:AssertionComment&gt;
            &lt;L7p:ResourceInfo staticResourceInfo=&quot;included&quot;&gt;
                &lt;L7p:Document stringValueReference=&quot;inline&quot;&gt;&lt;![CDATA[&lt;xsl:stylesheet version=&quot;1.0&quot;
                                xmlns:xsl=&quot;http://www.w3.org/1999/XSL/Transform&quot;&gt;
                                &lt;!-- Identity transform --&gt;
                                &lt;xsl:template match=&quot;@*|*|processing-instruction()|comment()&quot;&gt;
                                &lt;xsl:copy&gt;
                                &lt;xsl:apply-templates select=&quot;*|@*|text()|processing-instruction()|comment()&quot;/&gt;
                                &lt;/xsl:copy&gt;
                                &lt;/xsl:template&gt;
                                &lt;/xsl:stylesheet&gt;]]&gt;&lt;/L7p:Document&gt;
            &lt;/L7p:ResourceInfo&gt;
            &lt;L7p:TransformName stringValue=&quot;&quot;/&gt;
            &lt;L7p:XsltVersion stringValue=&quot;2.0&quot;/&gt;
        &lt;/L7p:XslTransformation&gt;
        &lt;L7p:SetVariable&gt;
            &lt;L7p:Base64Expression stringValue=&quot;JHtyZXF1ZXN0Lm1haW5wYXJ0fQ==&quot;/&gt;
            &lt;L7p:VariableToSet stringValue=&quot;returnMessage&quot;/&gt;
        &lt;/L7p:SetVariable&gt;
    &lt;/wsp:All&gt;
&lt;/wsp:Policy&gt;

                            </l7:Resource>
                        </l7:ResourceSet>
                    </l7:Resources>
                </l7:Policy>
            </l7:Resource>
        </l7:Item>
        <l7:Item>
            <l7:Name>xslt 2.0 - default</l7:Name>
            <l7:Id>71489e6b3f531c24ce7c3749511b0cfa</l7:Id>
            <l7:Type>SERVICE</l7:Type>
            <l7:TimeStamp>2019-01-22T11:08:13.214-08:00</l7:TimeStamp>
            <l7:Resource>
                <l7:Service id="71489e6b3f531c24ce7c3749511b0cfa" version="2">
                    <l7:ServiceDetail folderId="71489e6b3f531c24ce7c3749511c1d1d" id="71489e6b3f531c24ce7c3749511b0cfa" version="2">
                        <l7:Name>xslt 2.0 - default</l7:Name>
                        <l7:Enabled>true</l7:Enabled>
                        <l7:ServiceMappings>
                            <l7:HttpMapping>
                                <l7:UrlPattern>/test/xslt/2.0/default</l7:UrlPattern>
                                <l7:Verbs>
                                    <l7:Verb>GET</l7:Verb>
                                    <l7:Verb>POST</l7:Verb>
                                    <l7:Verb>PUT</l7:Verb>
                                    <l7:Verb>DELETE</l7:Verb>
                                </l7:Verbs>
                            </l7:HttpMapping>
                        </l7:ServiceMappings>
                        <l7:Properties>
                            <l7:Property key="internal">
                                <l7:BooleanValue>false</l7:BooleanValue>
                            </l7:Property>
                            <l7:Property key="policyRevision">
                                <l7:LongValue>1</l7:LongValue>
                            </l7:Property>
                            <l7:Property key="soap">
                                <l7:BooleanValue>false</l7:BooleanValue>
                            </l7:Property>
                            <l7:Property key="tracingEnabled">
                                <l7:BooleanValue>false</l7:BooleanValue>
                            </l7:Property>
                            <l7:Property key="wssProcessingEnabled">
                                <l7:BooleanValue>false</l7:BooleanValue>
                            </l7:Property>
                        </l7:Properties>
                    </l7:ServiceDetail>
                    <l7:Resources>
                        <l7:ResourceSet tag="policy">
                            <l7:Resource type="policy" version="1">&lt;?xml version=&quot;1.0&quot; encoding=&quot;UTF-8&quot;?&gt;
&lt;wsp:Policy
                                xmlns:L7p=&quot;http://www.layer7tech.com/ws/policy&quot;
                                xmlns:wsp=&quot;http://schemas.xmlsoap.org/ws/2002/12/policy&quot;&gt;
    &lt;wsp:All wsp:Usage=&quot;Required&quot;&gt;
        &lt;L7p:SetVariable&gt;
            &lt;L7p:Base64Expression stringValue=&quot;UmVxdWVzdDogUE9TVCByZXF1ZXN0IHRvIHRoaXMgZW5kcG9pbnQgd2l0aCBhbiBYTUwgYm9keSBhbmQgQ29udGVudC1UeXBlIGhlYWRlciB0ZXh0L3htbCBoZWFkZXINClJlc3BvbnNlOiB0aGUgZGVmYXVsdCB0cmFuc2Zvcm1lZCBYTUwgYm9keS4gSXQgc2hvdWxkIGJlIHRoZSBzYW1lIGFzIHRoZSByZXF1ZXN0&quot;/&gt;
            &lt;L7p:VariableToSet stringValue=&quot;help&quot;/&gt;
        &lt;/L7p:SetVariable&gt;
        &lt;L7p:Include&gt;
            &lt;L7p:PolicyGuid stringValue=&quot;6f016e20-e7b7-4228-a22f-e64c6fb0ae51&quot;/&gt;
        &lt;/L7p:Include&gt;
        &lt;L7p:Include&gt;
            &lt;L7p:PolicyGuid stringValue=&quot;34c9541b-ae5b-4850-b196-bad6fd641919&quot;/&gt;
        &lt;/L7p:Include&gt;
        &lt;L7p:Include&gt;
            &lt;L7p:PolicyGuid stringValue=&quot;81d7a287-a457-4282-80c7-5a24b811b6d6&quot;/&gt;
        &lt;/L7p:Include&gt;
        &lt;L7p:Include&gt;
            &lt;L7p:PolicyGuid stringValue=&quot;89057e34-eed6-4f78-a167-884ce7d5be7f&quot;/&gt;
        &lt;/L7p:Include&gt;
        &lt;L7p:HardcodedResponse&gt;
            &lt;L7p:Base64ResponseBody stringValue=&quot;JHtyZXR1cm5NZXNzYWdlfQ==&quot;/&gt;
            &lt;L7p:ResponseContentType stringValue=&quot;text/plain; charset=UTF-8&quot;/&gt;
        &lt;/L7p:HardcodedResponse&gt;
    &lt;/wsp:All&gt;
&lt;/wsp:Policy&gt;

                            </l7:Resource>
                        </l7:ResourceSet>
                    </l7:Resources>
                </l7:Service>
            </l7:Resource>
        </l7:Item>
        <l7:Item>
            <l7:Name>xslt 2.0 - to uppercase</l7:Name>
            <l7:Id>71489e6b3f531c24ce7c3749511c1ca9</l7:Id>
            <l7:Type>POLICY</l7:Type>
            <l7:TimeStamp>2019-01-22T11:08:13.215-08:00</l7:TimeStamp>
            <l7:Resource>
                <l7:Policy guid="bdabf253-3e83-47bb-b045-38d008d6e016" id="71489e6b3f531c24ce7c3749511c1ca9" version="1">
                    <l7:PolicyDetail folderId="71489e6b3f531c24ce7c3749511b0ace" guid="bdabf253-3e83-47bb-b045-38d008d6e016" id="71489e6b3f531c24ce7c3749511c1ca9" version="1">
                        <l7:Name>xslt 2.0 - to uppercase</l7:Name>
                        <l7:PolicyType>Include</l7:PolicyType>
                        <l7:Properties>
                            <l7:Property key="revision">
                                <l7:LongValue>1</l7:LongValue>
                            </l7:Property>
                            <l7:Property key="soap">
                                <l7:BooleanValue>false</l7:BooleanValue>
                            </l7:Property>
                        </l7:Properties>
                    </l7:PolicyDetail>
                    <l7:Resources>
                        <l7:ResourceSet tag="policy">
                            <l7:Resource type="policy">&lt;?xml version=&quot;1.0&quot; encoding=&quot;UTF-8&quot;?&gt;
&lt;wsp:Policy
                                xmlns:L7p=&quot;http://www.layer7tech.com/ws/policy&quot;
                                xmlns:wsp=&quot;http://schemas.xmlsoap.org/ws/2002/12/policy&quot;&gt;
    &lt;wsp:All wsp:Usage=&quot;Required&quot;&gt;
        &lt;L7p:XslTransformation&gt;
            &lt;L7p:AssertionComment assertionComment=&quot;included&quot;&gt;
                &lt;L7p:Properties mapValue=&quot;included&quot;&gt;
                    &lt;L7p:entry&gt;
                        &lt;L7p:key stringValue=&quot;RIGHT.COMMENT&quot;/&gt;
                        &lt;L7p:value stringValue=&quot;Converts all elements to upper case&quot;/&gt;
                    &lt;/L7p:entry&gt;
                &lt;/L7p:Properties&gt;
            &lt;/L7p:AssertionComment&gt;
            &lt;L7p:ResourceInfo staticResourceInfo=&quot;included&quot;&gt;
                &lt;L7p:Document stringValueReference=&quot;inline&quot;&gt;&lt;![CDATA[&lt;xsl:stylesheet version=&quot;1.0&quot;
                                xmlns:xsl=&quot;http://www.w3.org/1999/XSL/Transform&quot;&gt;
                                &lt;!-- Identity transform --&gt;
                                &lt;xsl:template match=&quot;@*|node()&quot;&gt;
                                &lt;xsl:copy&gt;
                                &lt;xsl:apply-templates select=&quot;@*|node()&quot;/&gt;
                                &lt;/xsl:copy&gt;
                                &lt;/xsl:template&gt;
                                &lt;xsl:template match=&quot;*&quot;&gt;
                                &lt;xsl:element name=&quot;{upper-case(local-name())}&quot;&gt;
                                &lt;xsl:apply-templates select=&quot;@*|node()&quot;/&gt;
                                &lt;/xsl:element&gt;
                                &lt;/xsl:template&gt;
                                &lt;/xsl:stylesheet&gt;]]&gt;&lt;/L7p:Document&gt;
            &lt;/L7p:ResourceInfo&gt;
            &lt;L7p:TransformName stringValue=&quot;&quot;/&gt;
            &lt;L7p:XsltVersion stringValue=&quot;2.0&quot;/&gt;
        &lt;/L7p:XslTransformation&gt;
        &lt;L7p:SetVariable&gt;
            &lt;L7p:Base64Expression stringValue=&quot;JHtyZXF1ZXN0Lm1haW5wYXJ0fQ==&quot;/&gt;
            &lt;L7p:VariableToSet stringValue=&quot;returnMessage&quot;/&gt;
        &lt;/L7p:SetVariable&gt;
    &lt;/wsp:All&gt;
&lt;/wsp:Policy&gt;

                            </l7:Resource>
                        </l7:ResourceSet>
                    </l7:Resources>
                </l7:Policy>
            </l7:Resource>
        </l7:Item>
        <l7:Item>
            <l7:Name>xslt 2.0 - uppercase</l7:Name>
            <l7:Id>71489e6b3f531c24ce7c3749511c1d6a</l7:Id>
            <l7:Type>SERVICE</l7:Type>
            <l7:TimeStamp>2019-01-22T11:08:13.238-08:00</l7:TimeStamp>
            <l7:Resource>
                <l7:Service id="71489e6b3f531c24ce7c3749511c1d6a" version="2">
                    <l7:ServiceDetail folderId="71489e6b3f531c24ce7c3749511c1d1d" id="71489e6b3f531c24ce7c3749511c1d6a" version="2">
                        <l7:Name>xslt 2.0 - uppercase</l7:Name>
                        <l7:Enabled>true</l7:Enabled>
                        <l7:ServiceMappings>
                            <l7:HttpMapping>
                                <l7:UrlPattern>/test/xslt/2.0/touppercase</l7:UrlPattern>
                                <l7:Verbs>
                                    <l7:Verb>POST</l7:Verb>
                                </l7:Verbs>
                            </l7:HttpMapping>
                        </l7:ServiceMappings>
                        <l7:Properties>
                            <l7:Property key="internal">
                                <l7:BooleanValue>false</l7:BooleanValue>
                            </l7:Property>
                            <l7:Property key="policyRevision">
                                <l7:LongValue>1</l7:LongValue>
                            </l7:Property>
                            <l7:Property key="soap">
                                <l7:BooleanValue>false</l7:BooleanValue>
                            </l7:Property>
                            <l7:Property key="tracingEnabled">
                                <l7:BooleanValue>false</l7:BooleanValue>
                            </l7:Property>
                            <l7:Property key="wssProcessingEnabled">
                                <l7:BooleanValue>false</l7:BooleanValue>
                            </l7:Property>
                        </l7:Properties>
                    </l7:ServiceDetail>
                    <l7:Resources>
                        <l7:ResourceSet tag="policy">
                            <l7:Resource type="policy" version="1">&lt;?xml version=&quot;1.0&quot; encoding=&quot;UTF-8&quot;?&gt;
&lt;wsp:Policy
                                xmlns:L7p=&quot;http://www.layer7tech.com/ws/policy&quot;
                                xmlns:wsp=&quot;http://schemas.xmlsoap.org/ws/2002/12/policy&quot;&gt;
    &lt;wsp:All wsp:Usage=&quot;Required&quot;&gt;
        &lt;L7p:SetVariable&gt;
            &lt;L7p:Base64Expression stringValue=&quot;UmVxdWVzdDogUE9TVCByZXF1ZXN0IHRvIHRoaXMgZW5kcG9pbnQgd2l0aCBhbiBYTUwgYm9keSBhbmQgQ29udGVudC1UeXBlIGhlYWRlciB0ZXh0L3htbCBoZWFkZXINClJlc3BvbnNlOiB0aGUgcmVxdWVzdCBlbGVtZW50cyBjb252ZXJ0ZWQgdG8gdXBwZXJjYXNl&quot;/&gt;
            &lt;L7p:VariableToSet stringValue=&quot;help&quot;/&gt;
        &lt;/L7p:SetVariable&gt;
        &lt;L7p:Include&gt;
            &lt;L7p:PolicyGuid stringValue=&quot;6f016e20-e7b7-4228-a22f-e64c6fb0ae51&quot;/&gt;
        &lt;/L7p:Include&gt;
        &lt;L7p:Include&gt;
            &lt;L7p:PolicyGuid stringValue=&quot;34c9541b-ae5b-4850-b196-bad6fd641919&quot;/&gt;
        &lt;/L7p:Include&gt;
        &lt;L7p:Include&gt;
            &lt;L7p:PolicyGuid stringValue=&quot;81d7a287-a457-4282-80c7-5a24b811b6d6&quot;/&gt;
        &lt;/L7p:Include&gt;
        &lt;L7p:Include&gt;
            &lt;L7p:PolicyGuid stringValue=&quot;bdabf253-3e83-47bb-b045-38d008d6e016&quot;/&gt;
        &lt;/L7p:Include&gt;
        &lt;L7p:HardcodedResponse&gt;
            &lt;L7p:Base64ResponseBody stringValue=&quot;JHtyZXR1cm5NZXNzYWdlfQ==&quot;/&gt;
            &lt;L7p:ResponseContentType stringValue=&quot;text/plain; charset=UTF-8&quot;/&gt;
        &lt;/L7p:HardcodedResponse&gt;
    &lt;/wsp:All&gt;
&lt;/wsp:Policy&gt;

                            </l7:Resource>
                        </l7:ResourceSet>
                    </l7:Resources>
                </l7:Service>
            </l7:Resource>
        </l7:Item>
        <l7:Item>
            <l7:Name>xslt 2.0 - to lowercase</l7:Name>
            <l7:Id>c45657033a1a2f683672b349d6a71e30</l7:Id>
            <l7:Type>POLICY</l7:Type>
            <l7:TimeStamp>2019-01-22T11:08:13.249-08:00</l7:TimeStamp>
            <l7:Resource>
                <l7:Policy guid="5b513e5f-8dbe-41a4-9012-ebf8cad967fc" id="c45657033a1a2f683672b349d6a71e30" version="1">
                    <l7:PolicyDetail folderId="71489e6b3f531c24ce7c3749511b0ace" guid="5b513e5f-8dbe-41a4-9012-ebf8cad967fc" id="c45657033a1a2f683672b349d6a71e30" version="1">
                        <l7:Name>xslt 2.0 - to lowercase</l7:Name>
                        <l7:PolicyType>Include</l7:PolicyType>
                        <l7:Properties>
                            <l7:Property key="revision">
                                <l7:LongValue>1</l7:LongValue>
                            </l7:Property>
                            <l7:Property key="soap">
                                <l7:BooleanValue>false</l7:BooleanValue>
                            </l7:Property>
                        </l7:Properties>
                    </l7:PolicyDetail>
                    <l7:Resources>
                        <l7:ResourceSet tag="policy">
                            <l7:Resource type="policy">&lt;?xml version=&quot;1.0&quot; encoding=&quot;UTF-8&quot;?&gt;
&lt;wsp:Policy
                                xmlns:L7p=&quot;http://www.layer7tech.com/ws/policy&quot;
                                xmlns:wsp=&quot;http://schemas.xmlsoap.org/ws/2002/12/policy&quot;&gt;
    &lt;wsp:All wsp:Usage=&quot;Required&quot;&gt;
        &lt;L7p:XslTransformation&gt;
            &lt;L7p:AssertionComment assertionComment=&quot;included&quot;&gt;
                &lt;L7p:Properties mapValue=&quot;included&quot;&gt;
                    &lt;L7p:entry&gt;
                        &lt;L7p:key stringValue=&quot;RIGHT.COMMENT&quot;/&gt;
                        &lt;L7p:value stringValue=&quot;Converts all elements to lower case&quot;/&gt;
                    &lt;/L7p:entry&gt;
                &lt;/L7p:Properties&gt;
            &lt;/L7p:AssertionComment&gt;
            &lt;L7p:ResourceInfo staticResourceInfo=&quot;included&quot;&gt;
                &lt;L7p:Document stringValueReference=&quot;inline&quot;&gt;&lt;![CDATA[&lt;xsl:stylesheet version=&quot;1.0&quot;
                                xmlns:xsl=&quot;http://www.w3.org/1999/XSL/Transform&quot;&gt;
                                &lt;!-- Identity transform --&gt;
                                &lt;xsl:template match=&quot;@*|node()&quot;&gt;
                                &lt;xsl:copy&gt;
                                &lt;xsl:apply-templates select=&quot;@*|node()&quot;/&gt;
                                &lt;/xsl:copy&gt;
                                &lt;/xsl:template&gt;
                                &lt;xsl:template match=&quot;*&quot;&gt;
                                &lt;xsl:element name=&quot;{lower-case(local-name())}&quot;&gt;
                                &lt;xsl:apply-templates select=&quot;@*|node()&quot;/&gt;
                                &lt;/xsl:element&gt;
                                &lt;/xsl:template&gt;
                                &lt;/xsl:stylesheet&gt;]]&gt;&lt;/L7p:Document&gt;
            &lt;/L7p:ResourceInfo&gt;
            &lt;L7p:TransformName stringValue=&quot;&quot;/&gt;
            &lt;L7p:XsltVersion stringValue=&quot;2.0&quot;/&gt;
        &lt;/L7p:XslTransformation&gt;
        &lt;L7p:SetVariable&gt;
            &lt;L7p:Base64Expression stringValue=&quot;JHtyZXF1ZXN0Lm1haW5wYXJ0fQ==&quot;/&gt;
            &lt;L7p:VariableToSet stringValue=&quot;returnMessage&quot;/&gt;
        &lt;/L7p:SetVariable&gt;
    &lt;/wsp:All&gt;
&lt;/wsp:Policy&gt;

                            </l7:Resource>
                        </l7:ResourceSet>
                    </l7:Resources>
                </l7:Policy>
            </l7:Resource>
        </l7:Item>
        <l7:Item>
            <l7:Name>xslt 2.0 - lowercase</l7:Name>
            <l7:Id>c45657033a1a2f683672b349d6a71e54</l7:Id>
            <l7:Type>SERVICE</l7:Type>
            <l7:TimeStamp>2019-01-22T11:08:13.258-08:00</l7:TimeStamp>
            <l7:Resource>
                <l7:Service id="c45657033a1a2f683672b349d6a71e54" version="4">
                    <l7:ServiceDetail folderId="71489e6b3f531c24ce7c3749511c1d1d" id="c45657033a1a2f683672b349d6a71e54" version="4">
                        <l7:Name>xslt 2.0 - lowercase</l7:Name>
                        <l7:Enabled>true</l7:Enabled>
                        <l7:ServiceMappings>
                            <l7:HttpMapping>
                                <l7:UrlPattern>/test/xslt/2.0/tolowercase</l7:UrlPattern>
                                <l7:Verbs>
                                    <l7:Verb>POST</l7:Verb>
                                </l7:Verbs>
                            </l7:HttpMapping>
                        </l7:ServiceMappings>
                        <l7:Properties>
                            <l7:Property key="internal">
                                <l7:BooleanValue>false</l7:BooleanValue>
                            </l7:Property>
                            <l7:Property key="policyRevision">
                                <l7:LongValue>3</l7:LongValue>
                            </l7:Property>
                            <l7:Property key="property.latencyMetrics.captureClientAndFolder">
                                <l7:StringValue>false|false</l7:StringValue>
                            </l7:Property>
                            <l7:Property key="property.latencyMetrics.settings">
                                <l7:StringValue>false|INTERVAL|15000</l7:StringValue>
                            </l7:Property>
                            <l7:Property key="property.latencyMetrics.subservices">
                                <l7:StringValue></l7:StringValue>
                            </l7:Property>
                            <l7:Property key="soap">
                                <l7:BooleanValue>false</l7:BooleanValue>
                            </l7:Property>
                            <l7:Property key="tracingEnabled">
                                <l7:BooleanValue>false</l7:BooleanValue>
                            </l7:Property>
                            <l7:Property key="wssProcessingEnabled">
                                <l7:BooleanValue>false</l7:BooleanValue>
                            </l7:Property>
                        </l7:Properties>
                    </l7:ServiceDetail>
                    <l7:Resources>
                        <l7:ResourceSet tag="policy">
                            <l7:Resource type="policy" version="2">&lt;?xml version=&quot;1.0&quot; encoding=&quot;UTF-8&quot;?&gt;
&lt;wsp:Policy
                                xmlns:L7p=&quot;http://www.layer7tech.com/ws/policy&quot;
                                xmlns:wsp=&quot;http://schemas.xmlsoap.org/ws/2002/12/policy&quot;&gt;
    &lt;wsp:All wsp:Usage=&quot;Required&quot;&gt;
        &lt;L7p:SetVariable&gt;
            &lt;L7p:Base64Expression stringValue=&quot;UmVxdWVzdDogUE9TVCByZXF1ZXN0IHRvIHRoaXMgZW5kcG9pbnQgd2l0aCBhbiBYTUwgYm9keSBhbmQgQ29udGVudC1UeXBlIGhlYWRlciB0ZXh0L3htbCBoZWFkZXINClJlc3BvbnNlOiB0aGUgcmVxdWVzdCBlbGVtZW50cyBjb252ZXJ0ZWQgdG8gbG93ZXJjYXNl&quot;/&gt;
            &lt;L7p:VariableToSet stringValue=&quot;help&quot;/&gt;
        &lt;/L7p:SetVariable&gt;
        &lt;L7p:Include&gt;
            &lt;L7p:Enabled booleanValue=&quot;false&quot;/&gt;
            &lt;L7p:PolicyGuid stringValue=&quot;6f016e20-e7b7-4228-a22f-e64c6fb0ae51&quot;/&gt;
        &lt;/L7p:Include&gt;
        &lt;L7p:Include&gt;
            &lt;L7p:Enabled booleanValue=&quot;false&quot;/&gt;
            &lt;L7p:PolicyGuid stringValue=&quot;34c9541b-ae5b-4850-b196-bad6fd641919&quot;/&gt;
        &lt;/L7p:Include&gt;
        &lt;L7p:Include&gt;
            &lt;L7p:Enabled booleanValue=&quot;false&quot;/&gt;
            &lt;L7p:PolicyGuid stringValue=&quot;81d7a287-a457-4282-80c7-5a24b811b6d6&quot;/&gt;
        &lt;/L7p:Include&gt;
        &lt;L7p:Include&gt;
            &lt;L7p:PolicyGuid stringValue=&quot;5b513e5f-8dbe-41a4-9012-ebf8cad967fc&quot;/&gt;
        &lt;/L7p:Include&gt;
        &lt;L7p:HardcodedResponse&gt;
            &lt;L7p:Base64ResponseBody stringValue=&quot;JHtyZXR1cm5NZXNzYWdlfQ==&quot;/&gt;
            &lt;L7p:ResponseContentType stringValue=&quot;text/plain; charset=UTF-8&quot;/&gt;
        &lt;/L7p:HardcodedResponse&gt;
    &lt;/wsp:All&gt;
&lt;/wsp:Policy&gt;

                            </l7:Resource>
                        </l7:ResourceSet>
                    </l7:Resources>
                </l7:Service>
            </l7:Resource>
        </l7:Item>
        <l7:Item>
            <l7:Name>xslt 2.0 - remove comments</l7:Name>
            <l7:Id>c45657033a1a2f683672b349d6a71f9f</l7:Id>
            <l7:Type>POLICY</l7:Type>
            <l7:TimeStamp>2019-01-22T11:08:13.274-08:00</l7:TimeStamp>
            <l7:Resource>
                <l7:Policy guid="662f752c-78e3-4d76-b7fb-bf1e777ecace" id="c45657033a1a2f683672b349d6a71f9f" version="1">
                    <l7:PolicyDetail folderId="71489e6b3f531c24ce7c3749511b0ace" guid="662f752c-78e3-4d76-b7fb-bf1e777ecace" id="c45657033a1a2f683672b349d6a71f9f" version="1">
                        <l7:Name>xslt 2.0 - remove comments</l7:Name>
                        <l7:PolicyType>Include</l7:PolicyType>
                        <l7:Properties>
                            <l7:Property key="revision">
                                <l7:LongValue>1</l7:LongValue>
                            </l7:Property>
                            <l7:Property key="soap">
                                <l7:BooleanValue>false</l7:BooleanValue>
                            </l7:Property>
                        </l7:Properties>
                    </l7:PolicyDetail>
                    <l7:Resources>
                        <l7:ResourceSet tag="policy">
                            <l7:Resource type="policy">&lt;?xml version=&quot;1.0&quot; encoding=&quot;UTF-8&quot;?&gt;
&lt;wsp:Policy
                                xmlns:L7p=&quot;http://www.layer7tech.com/ws/policy&quot;
                                xmlns:wsp=&quot;http://schemas.xmlsoap.org/ws/2002/12/policy&quot;&gt;
    &lt;wsp:All wsp:Usage=&quot;Required&quot;&gt;
        &lt;L7p:XslTransformation&gt;
            &lt;L7p:AssertionComment assertionComment=&quot;included&quot;&gt;
                &lt;L7p:Properties mapValue=&quot;included&quot;&gt;
                    &lt;L7p:entry&gt;
                        &lt;L7p:key stringValue=&quot;RIGHT.COMMENT&quot;/&gt;
                        &lt;L7p:value stringValue=&quot;Removes XML comments&quot;/&gt;
                    &lt;/L7p:entry&gt;
                &lt;/L7p:Properties&gt;
            &lt;/L7p:AssertionComment&gt;
            &lt;L7p:ResourceInfo staticResourceInfo=&quot;included&quot;&gt;
                &lt;L7p:Document stringValueReference=&quot;inline&quot;&gt;&lt;![CDATA[&lt;xsl:stylesheet version=&quot;1.0&quot;
                                xmlns:xsl=&quot;http://www.w3.org/1999/XSL/Transform&quot;&gt;
                                &lt;xsl:template match=&quot;@*|node()&quot;&gt;
                                &lt;xsl:copy&gt;
                                &lt;xsl:apply-templates select=&quot;@*|node()&quot;/&gt;
                                &lt;/xsl:copy&gt;
                                &lt;/xsl:template&gt;
                                &lt;xsl:template match=&quot;comment()&quot;/&gt;
                                &lt;/xsl:stylesheet&gt;]]&gt;&lt;/L7p:Document&gt;
            &lt;/L7p:ResourceInfo&gt;
            &lt;L7p:TransformName stringValue=&quot;&quot;/&gt;
            &lt;L7p:XsltVersion stringValue=&quot;2.0&quot;/&gt;
        &lt;/L7p:XslTransformation&gt;
        &lt;L7p:SetVariable&gt;
            &lt;L7p:Base64Expression stringValue=&quot;JHtyZXF1ZXN0Lm1haW5wYXJ0fQ==&quot;/&gt;
            &lt;L7p:VariableToSet stringValue=&quot;returnMessage&quot;/&gt;
        &lt;/L7p:SetVariable&gt;
    &lt;/wsp:All&gt;
&lt;/wsp:Policy&gt;

                            </l7:Resource>
                        </l7:ResourceSet>
                    </l7:Resources>
                </l7:Policy>
            </l7:Resource>
        </l7:Item>
        <l7:Item>
            <l7:Name>xslt 2.0 - remove comments</l7:Name>
            <l7:Id>c45657033a1a2f683672b349d6a71fc5</l7:Id>
            <l7:Type>SERVICE</l7:Type>
            <l7:TimeStamp>2019-01-22T11:08:13.287-08:00</l7:TimeStamp>
            <l7:Resource>
                <l7:Service id="c45657033a1a2f683672b349d6a71fc5" version="2">
                    <l7:ServiceDetail folderId="71489e6b3f531c24ce7c3749511c1d1d" id="c45657033a1a2f683672b349d6a71fc5" version="2">
                        <l7:Name>xslt 2.0 - remove comments</l7:Name>
                        <l7:Enabled>true</l7:Enabled>
                        <l7:ServiceMappings>
                            <l7:HttpMapping>
                                <l7:UrlPattern>/test/xslt/2.0/removecomments</l7:UrlPattern>
                                <l7:Verbs>
                                    <l7:Verb>POST</l7:Verb>
                                </l7:Verbs>
                            </l7:HttpMapping>
                        </l7:ServiceMappings>
                        <l7:Properties>
                            <l7:Property key="internal">
                                <l7:BooleanValue>false</l7:BooleanValue>
                            </l7:Property>
                            <l7:Property key="policyRevision">
                                <l7:LongValue>1</l7:LongValue>
                            </l7:Property>
                            <l7:Property key="soap">
                                <l7:BooleanValue>false</l7:BooleanValue>
                            </l7:Property>
                            <l7:Property key="tracingEnabled">
                                <l7:BooleanValue>false</l7:BooleanValue>
                            </l7:Property>
                            <l7:Property key="wssProcessingEnabled">
                                <l7:BooleanValue>false</l7:BooleanValue>
                            </l7:Property>
                        </l7:Properties>
                    </l7:ServiceDetail>
                    <l7:Resources>
                        <l7:ResourceSet tag="policy">
                            <l7:Resource type="policy" version="1">&lt;?xml version=&quot;1.0&quot; encoding=&quot;UTF-8&quot;?&gt;
&lt;wsp:Policy
                                xmlns:L7p=&quot;http://www.layer7tech.com/ws/policy&quot;
                                xmlns:wsp=&quot;http://schemas.xmlsoap.org/ws/2002/12/policy&quot;&gt;
    &lt;wsp:All wsp:Usage=&quot;Required&quot;&gt;
        &lt;L7p:SetVariable&gt;
            &lt;L7p:Base64Expression stringValue=&quot;UmVxdWVzdDogUE9TVCByZXF1ZXN0IHRvIHRoaXMgZW5kcG9pbnQgd2l0aCBhbiBYTUwgYm9keSBhbmQgQ29udGVudC1UeXBlIGhlYWRlciB0ZXh0L3htbCBoZWFkZXINClJlc3BvbnNlOiB0aGUgcmVxdWVzdCB3aXRob3V0IGFueSBjb21tZW50IG5vZGVz&quot;/&gt;
            &lt;L7p:VariableToSet stringValue=&quot;help&quot;/&gt;
        &lt;/L7p:SetVariable&gt;
        &lt;L7p:Include&gt;
            &lt;L7p:PolicyGuid stringValue=&quot;6f016e20-e7b7-4228-a22f-e64c6fb0ae51&quot;/&gt;
        &lt;/L7p:Include&gt;
        &lt;L7p:Include&gt;
            &lt;L7p:PolicyGuid stringValue=&quot;34c9541b-ae5b-4850-b196-bad6fd641919&quot;/&gt;
        &lt;/L7p:Include&gt;
        &lt;L7p:Include&gt;
            &lt;L7p:PolicyGuid stringValue=&quot;81d7a287-a457-4282-80c7-5a24b811b6d6&quot;/&gt;
        &lt;/L7p:Include&gt;
        &lt;L7p:Include&gt;
            &lt;L7p:PolicyGuid stringValue=&quot;662f752c-78e3-4d76-b7fb-bf1e777ecace&quot;/&gt;
        &lt;/L7p:Include&gt;
        &lt;L7p:HardcodedResponse&gt;
            &lt;L7p:Base64ResponseBody stringValue=&quot;JHtyZXR1cm5NZXNzYWdlfQ==&quot;/&gt;
            &lt;L7p:ResponseContentType stringValue=&quot;text/plain; charset=UTF-8&quot;/&gt;
        &lt;/L7p:HardcodedResponse&gt;
    &lt;/wsp:All&gt;
&lt;/wsp:Policy&gt;

                            </l7:Resource>
                        </l7:ResourceSet>
                    </l7:Resources>
                </l7:Service>
            </l7:Resource>
        </l7:Item>
        <l7:Item>
            <l7:Name>perf-activemq outbound</l7:Name>
            <l7:Id>7bbaa20c818d93d8cdee010f3051d366</l7:Id>
            <l7:Type>JMS_ENDPOINT</l7:Type>
            <l7:TimeStamp>2019-01-22T11:08:13.557-08:00</l7:TimeStamp>
            <l7:Resource>
                <l7:JMSDestination id="7bbaa20c818d93d8cdee010f3051d366" version="0">
                    <l7:JMSDestinationDetail id="7bbaa20c818d93d8cdee010f3051d366" version="0">
                        <l7:Name>perf-activemq outbound</l7:Name>
                        <l7:DestinationName>jmsQueueLookup</l7:DestinationName>
                        <l7:Inbound>false</l7:Inbound>
                        <l7:Enabled>true</l7:Enabled>
                        <l7:Template>false</l7:Template>
                        <l7:Properties>
                            <l7:Property key="inbound.acknowledgementType">
                                <l7:StringValue>AUTOMATIC</l7:StringValue>
                            </l7:Property>
                            <l7:Property key="inbound.maximumSize">
                                <l7:LongValue>-1</l7:LongValue>
                            </l7:Property>
                            <l7:Property key="outbound.MessageType">
                                <l7:StringValue>AUTOMATIC</l7:StringValue>
                            </l7:Property>
                            <l7:Property key="replyType">
                                <l7:StringValue>NO_REPLY</l7:StringValue>
                            </l7:Property>
                            <l7:Property key="type">
                                <l7:StringValue>Queue</l7:StringValue>
                            </l7:Property>
                            <l7:Property key="useRequestCorrelationId">
                                <l7:BooleanValue>false</l7:BooleanValue>
                            </l7:Property>
                        </l7:Properties>
                    </l7:JMSDestinationDetail>
                    <l7:JMSConnection id="e7c842643f822aa77fa10fbb230d8c2d" version="0">
                        <l7:Template>false</l7:Template>
                        <l7:Properties>
                            <l7:Property key="jndi.initialContextFactoryClassname">
                                <l7:StringValue>org.apache.qpid.jms.jndi.JmsInitialContextFactory</l7:StringValue>
                            </l7:Property>
                            <l7:Property key="jndi.providerUrl">
                                <l7:StringValue></l7:StringValue>
                            </l7:Property>
                            <l7:Property key="queue.connectionFactoryName">
                                <l7:StringValue>jmsFactoryLookup</l7:StringValue>
                            </l7:Property>
                        </l7:Properties>
                        <l7:ContextPropertiesTemplate>
                            <l7:Property key="com.l7tech.server.jms.prop.connection.pool.enable">
                                <l7:StringValue>false</l7:StringValue>
                            </l7:Property>
                            <l7:Property key="com.l7tech.server.jms.prop.contentType.source">
                                <l7:StringValue></l7:StringValue>
                            </l7:Property>
                            <l7:Property key="com.l7tech.server.jms.prop.contentType.value">
                                <l7:StringValue></l7:StringValue>
                            </l7:Property>
                            <l7:Property key="com.l7tech.server.jms.prop.hardwired.service.bool">
                                <l7:StringValue>false</l7:StringValue>
                            </l7:Property>
                            <l7:Property key="connectionfactory.jmsFactoryLookup">
                                <l7:StringValue>amqp://perf-activemq.l7tech.com:5672</l7:StringValue>
                            </l7:Property>
                            <l7:Property key="queue.jmsQueueLookup">
                                <l7:StringValue>jms_queue</l7:StringValue>
                            </l7:Property>
                        </l7:ContextPropertiesTemplate>
                    </l7:JMSConnection>
                </l7:JMSDestination>
            </l7:Resource>
        </l7:Item>
        <l7:Item>
            <l7:Name>jms - outbound</l7:Name>
            <l7:Id>7bbaa20c818d93d8cdee010f3051d416</l7:Id>
            <l7:Type>POLICY</l7:Type>
            <l7:TimeStamp>2019-01-22T11:08:13.563-08:00</l7:TimeStamp>
            <l7:Resource>
                <l7:Policy guid="c9b49630-5f43-476a-a7e5-6400bd1d5861" id="7bbaa20c818d93d8cdee010f3051d416" version="1">
                    <l7:PolicyDetail folderId="7bbaa20c818d93d8cdee010f3051d3b1" guid="c9b49630-5f43-476a-a7e5-6400bd1d5861" id="7bbaa20c818d93d8cdee010f3051d416" version="1">
                        <l7:Name>jms - outbound</l7:Name>
                        <l7:PolicyType>Include</l7:PolicyType>
                        <l7:Properties>
                            <l7:Property key="revision">
                                <l7:LongValue>1</l7:LongValue>
                            </l7:Property>
                            <l7:Property key="soap">
                                <l7:BooleanValue>false</l7:BooleanValue>
                            </l7:Property>
                        </l7:Properties>
                    </l7:PolicyDetail>
                    <l7:Resources>
                        <l7:ResourceSet tag="policy">
                            <l7:Resource type="policy">&lt;?xml version=&quot;1.0&quot; encoding=&quot;UTF-8&quot;?&gt;
&lt;wsp:Policy
                                xmlns:L7p=&quot;http://www.layer7tech.com/ws/policy&quot;
                                xmlns:wsp=&quot;http://schemas.xmlsoap.org/ws/2002/12/policy&quot;&gt;
    &lt;wsp:All wsp:Usage=&quot;Required&quot;&gt;
        &lt;wsp:OneOrMore wsp:Usage=&quot;Required&quot;&gt;
            &lt;wsp:All wsp:Usage=&quot;Required&quot;&gt;
                &lt;L7p:JmsRoutingAssertion&gt;
                    &lt;L7p:EndpointName stringValue=&quot;perf-activemq&quot;/&gt;
                    &lt;L7p:EndpointOid goidValue=&quot;7bbaa20c818d93d8cdee010f3051d366&quot;/&gt;
                    &lt;L7p:RequestJmsMessagePropertyRuleSet jmsMessagePropertyRuleSet=&quot;included&quot;&gt;
                        &lt;L7p:Rules jmsMessagePropertyRuleArray=&quot;included&quot;/&gt;
                    &lt;/L7p:RequestJmsMessagePropertyRuleSet&gt;
                    &lt;L7p:ResponseJmsMessagePropertyRuleSet jmsMessagePropertyRuleSet=&quot;included&quot;&gt;
                        &lt;L7p:Rules jmsMessagePropertyRuleArray=&quot;included&quot;/&gt;
                    &lt;/L7p:ResponseJmsMessagePropertyRuleSet&gt;
                    &lt;L7p:ResponseTarget MessageTarget=&quot;included&quot;&gt;
                        &lt;L7p:OtherTargetMessageVariable stringValue=&quot;jms&quot;/&gt;
                        &lt;L7p:Target target=&quot;OTHER&quot;/&gt;
                        &lt;L7p:TargetModifiedByGateway booleanValue=&quot;true&quot;/&gt;
                    &lt;/L7p:ResponseTarget&gt;
                &lt;/L7p:JmsRoutingAssertion&gt;
                &lt;L7p:SetVariable&gt;
                    &lt;L7p:AssertionComment assertionComment=&quot;included&quot;&gt;
                        &lt;L7p:Properties mapValue=&quot;included&quot;&gt;
                            &lt;L7p:entry&gt;
                                &lt;L7p:key stringValue=&quot;RIGHT.COMMENT&quot;/&gt;
                                &lt;L7p:value stringValue=&quot;This will be empty because the JMS Outbound connector we have configured is not waiting for a reply, so the 'jms' message object we get back will be empty.&quot;/&gt;
                            &lt;/L7p:entry&gt;
                        &lt;/L7p:Properties&gt;
                    &lt;/L7p:AssertionComment&gt;
                    &lt;L7p:Base64Expression stringValue=&quot;JHtqbXMubWFpbnBhcnR9&quot;/&gt;
                    &lt;L7p:VariableToSet stringValue=&quot;returnMessage&quot;/&gt;
                &lt;/L7p:SetVariable&gt;
                &lt;L7p:SetVariable&gt;
                    &lt;L7p:Base64Expression stringValue=&quot;MjAw&quot;/&gt;
                    &lt;L7p:DataType variableDataType=&quot;int&quot;/&gt;
                    &lt;L7p:VariableToSet stringValue=&quot;returnCode&quot;/&gt;
                &lt;/L7p:SetVariable&gt;
            &lt;/wsp:All&gt;
            &lt;L7p:SetVariable&gt;
                &lt;L7p:Base64Expression stringValue=&quot;Um91dGUgdG8gSk1TIG91dGJvdW5kIGZhaWxlZA==&quot;/&gt;
                &lt;L7p:VariableToSet stringValue=&quot;returnMessage&quot;/&gt;
            &lt;/L7p:SetVariable&gt;
            &lt;L7p:SetVariable&gt;
                &lt;L7p:Base64Expression stringValue=&quot;NTAw&quot;/&gt;
                &lt;L7p:DataType variableDataType=&quot;int&quot;/&gt;
                &lt;L7p:VariableToSet stringValue=&quot;returnCode&quot;/&gt;
            &lt;/L7p:SetVariable&gt;
        &lt;/wsp:OneOrMore&gt;
    &lt;/wsp:All&gt;
&lt;/wsp:Policy&gt;

                            </l7:Resource>
                        </l7:ResourceSet>
                    </l7:Resources>
                </l7:Policy>
            </l7:Resource>
        </l7:Item>
        <l7:Item>
            <l7:Name>jms</l7:Name>
            <l7:Id>7bbaa20c818d93d8cdee010f3051d49c</l7:Id>
            <l7:Type>SERVICE</l7:Type>
            <l7:TimeStamp>2019-01-22T11:08:13.566-08:00</l7:TimeStamp>
            <l7:Resource>
                <l7:Service id="7bbaa20c818d93d8cdee010f3051d49c" version="2">
                    <l7:ServiceDetail folderId="7bbaa20c818d93d8cdee010f3051d443" id="7bbaa20c818d93d8cdee010f3051d49c" version="2">
                        <l7:Name>jms</l7:Name>
                        <l7:Enabled>true</l7:Enabled>
                        <l7:ServiceMappings>
                            <l7:HttpMapping>
                                <l7:UrlPattern>/test/jms/insert</l7:UrlPattern>
                                <l7:Verbs>
                                    <l7:Verb>GET</l7:Verb>
                                    <l7:Verb>POST</l7:Verb>
                                    <l7:Verb>PUT</l7:Verb>
                                    <l7:Verb>DELETE</l7:Verb>
                                </l7:Verbs>
                            </l7:HttpMapping>
                        </l7:ServiceMappings>
                        <l7:Properties>
                            <l7:Property key="internal">
                                <l7:BooleanValue>false</l7:BooleanValue>
                            </l7:Property>
                            <l7:Property key="policyRevision">
                                <l7:LongValue>1</l7:LongValue>
                            </l7:Property>
                            <l7:Property key="soap">
                                <l7:BooleanValue>false</l7:BooleanValue>
                            </l7:Property>
                            <l7:Property key="tracingEnabled">
                                <l7:BooleanValue>false</l7:BooleanValue>
                            </l7:Property>
                            <l7:Property key="wssProcessingEnabled">
                                <l7:BooleanValue>false</l7:BooleanValue>
                            </l7:Property>
                        </l7:Properties>
                    </l7:ServiceDetail>
                    <l7:Resources>
                        <l7:ResourceSet tag="policy">
                            <l7:Resource type="policy" version="1">&lt;?xml version=&quot;1.0&quot; encoding=&quot;UTF-8&quot;?&gt;
&lt;wsp:Policy
                                xmlns:L7p=&quot;http://www.layer7tech.com/ws/policy&quot;
                                xmlns:wsp=&quot;http://schemas.xmlsoap.org/ws/2002/12/policy&quot;&gt;
    &lt;wsp:All wsp:Usage=&quot;Required&quot;&gt;
        &lt;L7p:SetVariable&gt;
            &lt;L7p:Base64Expression stringValue=&quot;UmVxdWVzdDogUE9TVCByZXF1ZXN0IHRvIHRoaXMgZW5kcG9pbnQuIENvbnRlbnQgc2VudCBoZXJlIHdpbGwgYmUgcm91dGVkIHRvIGEgSk1TIHNlcnZlci4gQ29udGVudCBuZWVkcyB0byBoYXZlIGEgQ29udGVudC1UeXBlIGhlYWRlciBhcyB3ZWxsIGFzIHByb3Blcmx5IGZvcm1hdHRlZCBjb250ZW50IChYTUwgb3IgSlNPTikuIA0KUmVzcG9uc2U6IFN1Y2Nlc3MgbWVzc2FnZSwgZXJyb3IgbWVzc2FnZSBpZiBmYWlsdXJlLg==&quot;/&gt;
            &lt;L7p:VariableToSet stringValue=&quot;help&quot;/&gt;
        &lt;/L7p:SetVariable&gt;
        &lt;L7p:Include&gt;
            &lt;L7p:PolicyGuid stringValue=&quot;34c9541b-ae5b-4850-b196-bad6fd641919&quot;/&gt;
        &lt;/L7p:Include&gt;
        &lt;L7p:Include&gt;
            &lt;L7p:PolicyGuid stringValue=&quot;6f016e20-e7b7-4228-a22f-e64c6fb0ae51&quot;/&gt;
        &lt;/L7p:Include&gt;
        &lt;L7p:Include&gt;
            &lt;L7p:PolicyGuid stringValue=&quot;81d7a287-a457-4282-80c7-5a24b811b6d6&quot;/&gt;
        &lt;/L7p:Include&gt;
        &lt;L7p:Include&gt;
            &lt;L7p:PolicyGuid stringValue=&quot;c9b49630-5f43-476a-a7e5-6400bd1d5861&quot;/&gt;
        &lt;/L7p:Include&gt;
        &lt;L7p:HardcodedResponse&gt;
            &lt;L7p:Base64ResponseBody stringValue=&quot;JHtyZXR1cm5NZXNzYWdlfQ==&quot;/&gt;
            &lt;L7p:ResponseStatus stringValue=&quot;${returnCode}&quot;/&gt;
        &lt;/L7p:HardcodedResponse&gt;
    &lt;/wsp:All&gt;
&lt;/wsp:Policy&gt;

                            </l7:Resource>
                        </l7:ResourceSet>
                    </l7:Resources>
                </l7:Service>
            </l7:Resource>
        </l7:Item>
        <l7:Item>
            <l7:Name>JSON 2.0 - validate</l7:Name>
            <l7:Id>89f8b4e6dc54f3be57cf17a83bb9ab54</l7:Id>
            <l7:Type>POLICY</l7:Type>
            <l7:TimeStamp>2019-01-22T11:08:13.573-08:00</l7:TimeStamp>
            <l7:Resource>
                <l7:Policy guid="9db125dd-fec2-441a-a1ba-e55db435c0d3" id="89f8b4e6dc54f3be57cf17a83bb9ab54" version="1">
                    <l7:PolicyDetail folderId="89f8b4e6dc54f3be57cf17a83bb9ab0e" guid="9db125dd-fec2-441a-a1ba-e55db435c0d3" id="89f8b4e6dc54f3be57cf17a83bb9ab54" version="1">
                        <l7:Name>JSON 2.0 - validate</l7:Name>
                        <l7:PolicyType>Include</l7:PolicyType>
                        <l7:Properties>
                            <l7:Property key="revision">
                                <l7:LongValue>1</l7:LongValue>
                            </l7:Property>
                            <l7:Property key="soap">
                                <l7:BooleanValue>false</l7:BooleanValue>
                            </l7:Property>
                        </l7:Properties>
                    </l7:PolicyDetail>
                    <l7:Resources>
                        <l7:ResourceSet tag="policy">
                            <l7:Resource type="policy">&lt;?xml version=&quot;1.0&quot; encoding=&quot;UTF-8&quot;?&gt;
&lt;wsp:Policy
                                xmlns:L7p=&quot;http://www.layer7tech.com/ws/policy&quot;
                                xmlns:wsp=&quot;http://schemas.xmlsoap.org/ws/2002/12/policy&quot;&gt;
    &lt;wsp:All wsp:Usage=&quot;Required&quot;&gt;
        &lt;L7p:JSONSchema&gt;
            &lt;L7p:ResourceInfo staticResourceInfo=&quot;included&quot;&gt;
                &lt;L7p:Document stringValue=&quot;{ &amp;quot;type&amp;quot;: &amp;quot;array&amp;quot;, &amp;quot;uniqueItems&amp;quot;: true, &amp;quot;items&amp;quot;: { &amp;quot;title&amp;quot;: &amp;quot;product&amp;quot;, &amp;quot;type&amp;quot;: &amp;quot;object&amp;quot;, &amp;quot;properties&amp;quot;: { &amp;quot;id&amp;quot;: { &amp;quot;type&amp;quot;: &amp;quot;number&amp;quot; }, &amp;quot;name&amp;quot;: { &amp;quot;type&amp;quot;: &amp;quot;string&amp;quot; }, &amp;quot;price&amp;quot;: { &amp;quot;type&amp;quot;: &amp;quot;number&amp;quot;, &amp;quot;minimum&amp;quot;: 0, &amp;quot;minimumCanEqual&amp;quot;: true }, &amp;quot;phone&amp;quot;: { &amp;quot;type&amp;quot;: &amp;quot;string&amp;quot;, &amp;quot;pattern&amp;quot;: &amp;quot;^(\\([0-9]{3}\\))?( )*[0-9]{3}-[0-9]{4}$&amp;quot; }, &amp;quot;visible&amp;quot; : { &amp;quot;type&amp;quot; : &amp;quot;boolean&amp;quot; }, &amp;quot;warehouse&amp;quot; : { &amp;quot;enum&amp;quot; : [&amp;quot;A&amp;quot;, &amp;quot;B&amp;quot;, &amp;quot;C&amp;quot;] }, &amp;quot;stack&amp;quot;: { &amp;quot;type&amp;quot;: &amp;quot;object&amp;quot;, &amp;quot;properties&amp;quot;: { &amp;quot;a&amp;quot;: { &amp;quot;type&amp;quot;: &amp;quot;object&amp;quot;, &amp;quot;properties&amp;quot;: { &amp;quot;b&amp;quot;: { &amp;quot;type&amp;quot;: &amp;quot;object&amp;quot;, &amp;quot;properties&amp;quot;: { &amp;quot;c&amp;quot;: { &amp;quot;type&amp;quot;: &amp;quot;object&amp;quot;, &amp;quot;properties&amp;quot;: { &amp;quot;d&amp;quot;: { &amp;quot;type&amp;quot;: &amp;quot;object&amp;quot;, &amp;quot;properties&amp;quot;: { &amp;quot;e&amp;quot;: { &amp;quot;type&amp;quot;: &amp;quot;object&amp;quot;, &amp;quot;properties&amp;quot;: { &amp;quot;f&amp;quot;: { &amp;quot;type&amp;quot;: &amp;quot;object&amp;quot;, &amp;quot;properties&amp;quot;: { &amp;quot;g&amp;quot;: { &amp;quot;type&amp;quot;: &amp;quot;object&amp;quot;, &amp;quot;properties&amp;quot;: { &amp;quot;h&amp;quot;: { &amp;quot;type&amp;quot;: &amp;quot;object&amp;quot;, &amp;quot;properties&amp;quot;: { &amp;quot;i&amp;quot;: { &amp;quot;type&amp;quot;: &amp;quot;object&amp;quot;, &amp;quot;properties&amp;quot;: { &amp;quot;j&amp;quot;: { &amp;quot;type&amp;quot;: &amp;quot;string&amp;quot; } } } } } } } } } } } } } } } } } } } } } }, &amp;quot;additionalProperties&amp;quot;: false } }&quot;/&gt;
            &lt;/L7p:ResourceInfo&gt;
        &lt;/L7p:JSONSchema&gt;
        &lt;L7p:SetVariable&gt;
            &lt;L7p:Base64Expression stringValue=&quot;SlNPTiBWYWxpZGF0ZWQu&quot;/&gt;
            &lt;L7p:VariableToSet stringValue=&quot;returnMessage&quot;/&gt;
        &lt;/L7p:SetVariable&gt;
    &lt;/wsp:All&gt;
&lt;/wsp:Policy&gt;

                            </l7:Resource>
                        </l7:ResourceSet>
                    </l7:Resources>
                </l7:Policy>
            </l7:Resource>
        </l7:Item>
        <l7:Item>
            <l7:Name>JSON 2.0 - Validate</l7:Name>
            <l7:Id>89f8b4e6dc54f3be57cf17a83bb9acc5</l7:Id>
            <l7:Type>SERVICE</l7:Type>
            <l7:TimeStamp>2019-01-22T11:08:13.584-08:00</l7:TimeStamp>
            <l7:Resource>
                <l7:Service id="89f8b4e6dc54f3be57cf17a83bb9acc5" version="4">
                    <l7:ServiceDetail folderId="89f8b4e6dc54f3be57cf17a83bb9ac86" id="89f8b4e6dc54f3be57cf17a83bb9acc5" version="4">
                        <l7:Name>JSON 2.0 - Validate</l7:Name>
                        <l7:Enabled>true</l7:Enabled>
                        <l7:ServiceMappings>
                            <l7:HttpMapping>
                                <l7:UrlPattern>/test/json/2.0/validate</l7:UrlPattern>
                                <l7:Verbs>
                                    <l7:Verb>POST</l7:Verb>
                                    <l7:Verb>PUT</l7:Verb>
                                </l7:Verbs>
                            </l7:HttpMapping>
                        </l7:ServiceMappings>
                        <l7:Properties>
                            <l7:Property key="internal">
                                <l7:BooleanValue>false</l7:BooleanValue>
                            </l7:Property>
                            <l7:Property key="policyRevision">
                                <l7:LongValue>3</l7:LongValue>
                            </l7:Property>
                            <l7:Property key="property.latencyMetrics.captureClientAndFolder">
                                <l7:StringValue>false|false</l7:StringValue>
                            </l7:Property>
                            <l7:Property key="property.latencyMetrics.settings">
                                <l7:StringValue>false|INTERVAL|15000</l7:StringValue>
                            </l7:Property>
                            <l7:Property key="property.latencyMetrics.subservices">
                                <l7:StringValue></l7:StringValue>
                            </l7:Property>
                            <l7:Property key="soap">
                                <l7:BooleanValue>false</l7:BooleanValue>
                            </l7:Property>
                            <l7:Property key="tracingEnabled">
                                <l7:BooleanValue>false</l7:BooleanValue>
                            </l7:Property>
                            <l7:Property key="wssProcessingEnabled">
                                <l7:BooleanValue>false</l7:BooleanValue>
                            </l7:Property>
                        </l7:Properties>
                    </l7:ServiceDetail>
                    <l7:Resources>
                        <l7:ResourceSet tag="policy">
                            <l7:Resource type="policy" version="2">&lt;?xml version=&quot;1.0&quot; encoding=&quot;UTF-8&quot;?&gt;
&lt;wsp:Policy
                                xmlns:L7p=&quot;http://www.layer7tech.com/ws/policy&quot;
                                xmlns:wsp=&quot;http://schemas.xmlsoap.org/ws/2002/12/policy&quot;&gt;
    &lt;wsp:All wsp:Usage=&quot;Required&quot;&gt;
        &lt;L7p:SetVariable&gt;
            &lt;L7p:Base64Expression stringValue=&quot;UmVxdWVzdDogUE9TVCByZXF1ZXN0IHRvIHRoaXMgZW5kcG9pbnQgd2l0aA0KKiBBdXRob3JpemF0aW9uIEhlYWRlciAoQmFzaWMgQ3JlZGVudGlhbHMpDQoqIENvbnRlbnQtVHlwZSBoZWFkZXIgb2YgdHlwZSAndGV4dC94bWwnDQoqIEEgdmFsaWQgU0FNTCBUb2tlbiBhcyBjb250ZW50DQpSZXNwb25zZTogQSB2YWxpZCBTQU1MIHRva2Vu&quot;/&gt;
            &lt;L7p:VariableToSet stringValue=&quot;help&quot;/&gt;
        &lt;/L7p:SetVariable&gt;
        &lt;L7p:Include&gt;
            &lt;L7p:PolicyGuid stringValue=&quot;0a6000c1-cc95-4d68-ad7b-722ee4802067&quot;/&gt;
        &lt;/L7p:Include&gt;
        &lt;L7p:Include&gt;
            &lt;L7p:PolicyGuid stringValue=&quot;522a722d-5ecc-42d7-ab15-17c91d0a6bc5&quot;/&gt;
        &lt;/L7p:Include&gt;
        &lt;L7p:Include&gt;
            &lt;L7p:Enabled booleanValue=&quot;false&quot;/&gt;
            &lt;L7p:PolicyGuid stringValue=&quot;6f016e20-e7b7-4228-a22f-e64c6fb0ae51&quot;/&gt;
        &lt;/L7p:Include&gt;
        &lt;L7p:Include&gt;
            &lt;L7p:Enabled booleanValue=&quot;false&quot;/&gt;
            &lt;L7p:PolicyGuid stringValue=&quot;34c9541b-ae5b-4850-b196-bad6fd641919&quot;/&gt;
        &lt;/L7p:Include&gt;
        &lt;L7p:Include&gt;
            &lt;L7p:Enabled booleanValue=&quot;false&quot;/&gt;
            &lt;L7p:PolicyGuid stringValue=&quot;81d7a287-a457-4282-80c7-5a24b811b6d6&quot;/&gt;
        &lt;/L7p:Include&gt;
        &lt;L7p:Include&gt;
            &lt;L7p:PolicyGuid stringValue=&quot;9db125dd-fec2-441a-a1ba-e55db435c0d3&quot;/&gt;
        &lt;/L7p:Include&gt;
        &lt;L7p:HardcodedResponse&gt;
            &lt;L7p:Base64ResponseBody stringValue=&quot;JHtyZXR1cm5NZXNzYWdlfQ==&quot;/&gt;
            &lt;L7p:ResponseContentType stringValue=&quot;text/plain; charset=UTF-8&quot;/&gt;
        &lt;/L7p:HardcodedResponse&gt;
    &lt;/wsp:All&gt;
&lt;/wsp:Policy&gt;

                            </l7:Resource>
                        </l7:ResourceSet>
                    </l7:Resources>
                </l7:Service>
            </l7:Resource>
        </l7:Item>
        <l7:Item>
            <l7:Name>perf-ibmmq8-linux-credentials</l7:Name>
            <l7:Id>e12ad0f1af60960b6745d40ba3c181dc</l7:Id>
            <l7:Type>SECURE_PASSWORD</l7:Type>
            <l7:TimeStamp>2019-01-22T11:08:13.592-08:00</l7:TimeStamp>
            <l7:Resource>
                <l7:StoredPassword id="e12ad0f1af60960b6745d40ba3c181dc" version="0">
                    <l7:Name>perf-ibmmq8-linux-credentials</l7:Name>
                    <l7:Properties>
                        <l7:Property key="description">
                            <l7:StringValue>root user credentials for perf-ibmmq8.0.0.4-linux.lvn.broadcom.net</l7:StringValue>
                        </l7:Property>
                        <l7:Property key="lastUpdated">
                            <l7:DateValue>2018-10-17T12:54:15.208-07:00</l7:DateValue>
                        </l7:Property>
                        <l7:Property key="type">
                            <l7:StringValue>Password</l7:StringValue>
                        </l7:Property>
                        <l7:Property key="usageFromVariable">
                            <l7:BooleanValue>false</l7:BooleanValue>
                        </l7:Property>
                    </l7:Properties>
                </l7:StoredPassword>
            </l7:Resource>
        </l7:Item>
        <l7:Item>
            <l7:Name>MQ Native outbound to perf-ibmmq8-linux</l7:Name>
            <l7:Id>e12ad0f1af60960b6745d40ba3c181fe</l7:Id>
            <l7:Type>SSG_ACTIVE_CONNECTOR</l7:Type>
            <l7:TimeStamp>2019-01-22T11:08:13.597-08:00</l7:TimeStamp>
            <l7:Resource>
                <l7:ActiveConnector id="e12ad0f1af60960b6745d40ba3c181fe" version="4">
                    <l7:Name>MQ Native outbound to perf-ibmmq8-linux</l7:Name>
                    <l7:Enabled>true</l7:Enabled>
                    <l7:Type>MqNative</l7:Type>
                    <l7:Properties>
                        <l7:Property key="MqNativeChannel">
                            <l7:StringValue>SYSTEM.DEF.SVRCONN</l7:StringValue>
                        </l7:Property>
                        <l7:Property key="MqNativeHostName">
                            <l7:StringValue>perf-ibmmq8.0.0.4-linux.lvn.broadcom.net</l7:StringValue>
                        </l7:Property>
                        <l7:Property key="MqNativeInboundIsFailedQueuePutMessageOptionsUsed">
                            <l7:StringValue>false</l7:StringValue>
                        </l7:Property>
                        <l7:Property key="MqNativeInboundIsGetMessageOptionsUsed">
                            <l7:StringValue>false</l7:StringValue>
                        </l7:Property>
                        <l7:Property key="MqNativeInboundIsOpenOptionsUsed">
                            <l7:StringValue>false</l7:StringValue>
                        </l7:Property>
                        <l7:Property key="MqNativeInboundIsReplyQueuePutMessageOptionsUsed">
                            <l7:StringValue>false</l7:StringValue>
                        </l7:Property>
                        <l7:Property key="MqNativeIsQueueCredentialRequired">
                            <l7:StringValue>true</l7:StringValue>
                        </l7:Property>
                        <l7:Property key="MqNativeIsSslEnabled">
                            <l7:StringValue>false</l7:StringValue>
                        </l7:Property>
                        <l7:Property key="MqNativeOutboundConnectionPoolMaxActive">
                            <l7:StringValue>500</l7:StringValue>
                        </l7:Property>
                        <l7:Property key="MqNativeOutboundIsReplyQueueGetMessageOptionsUsed">
                            <l7:StringValue>false</l7:StringValue>
                        </l7:Property>
                        <l7:Property key="MqNativeOutboundIsTemplateQueue">
                            <l7:StringValue>false</l7:StringValue>
                        </l7:Property>
                        <l7:Property key="MqNativeOutboundMessageFormat">
                            <l7:StringValue>AUTOMATIC</l7:StringValue>
                        </l7:Property>
                        <l7:Property key="MqNativePort">
                            <l7:StringValue>1415</l7:StringValue>
                        </l7:Property>
                        <l7:Property key="MqNativeQueueManagerName">
                            <l7:StringValue>mkQueueMgr</l7:StringValue>
                        </l7:Property>
                        <l7:Property key="MqNativeReplyType">
                            <l7:StringValue>REPLY_NONE</l7:StringValue>
                        </l7:Property>
                        <l7:Property key="MqNativeSecurePasswordOid">
                            <l7:StringValue>e12ad0f1af60960b6745d40ba3c181dc</l7:StringValue>
                        </l7:Property>
                        <l7:Property key="MqNativeTargetQueueName">
                            <l7:StringValue>MKQUEUE</l7:StringValue>
                        </l7:Property>
                        <l7:Property key="MqNativeUserId">
                            <l7:StringValue>root</l7:StringValue>
                        </l7:Property>
                        <l7:Property key="inbound">
                            <l7:StringValue>false</l7:StringValue>
                        </l7:Property>
                    </l7:Properties>
                </l7:ActiveConnector>
            </l7:Resource>
        </l7:Item>
        <l7:Item>
            <l7:Name>mq - insert</l7:Name>
            <l7:Id>e12ad0f1af60960b6745d40ba3b3f801</l7:Id>
            <l7:Type>POLICY</l7:Type>
            <l7:TimeStamp>2019-01-22T11:08:13.631-08:00</l7:TimeStamp>
            <l7:Resource>
                <l7:Policy guid="788e4157-ff20-466e-9df0-be91a4a135e0" id="e12ad0f1af60960b6745d40ba3b3f801" version="1">
                    <l7:PolicyDetail folderId="e12ad0f1af60960b6745d40ba3b3f7bf" guid="788e4157-ff20-466e-9df0-be91a4a135e0" id="e12ad0f1af60960b6745d40ba3b3f801" version="1">
                        <l7:Name>mq - insert</l7:Name>
                        <l7:PolicyType>Include</l7:PolicyType>
                        <l7:Properties>
                            <l7:Property key="revision">
                                <l7:LongValue>1</l7:LongValue>
                            </l7:Property>
                            <l7:Property key="soap">
                                <l7:BooleanValue>false</l7:BooleanValue>
                            </l7:Property>
                        </l7:Properties>
                    </l7:PolicyDetail>
                    <l7:Resources>
                        <l7:ResourceSet tag="policy">
                            <l7:Resource type="policy">&lt;?xml version=&quot;1.0&quot; encoding=&quot;UTF-8&quot;?&gt;
&lt;wsp:Policy
                                xmlns:L7p=&quot;http://www.layer7tech.com/ws/policy&quot;
                                xmlns:wsp=&quot;http://schemas.xmlsoap.org/ws/2002/12/policy&quot;&gt;
    &lt;wsp:All wsp:Usage=&quot;Required&quot;&gt;
        &lt;wsp:OneOrMore wsp:Usage=&quot;Required&quot;&gt;
            &lt;wsp:All wsp:Usage=&quot;Required&quot;&gt;
                &lt;L7p:MqNativeRouting&gt;
                    &lt;L7p:RequestMessageAdvancedProperties mapValueNull=&quot;null&quot;/&gt;
                    &lt;L7p:RequestMqNativeMessagePropertyRuleSet mappingRuleSet=&quot;included&quot;/&gt;
                    &lt;L7p:ResponseMessageAdvancedProperties mapValueNull=&quot;null&quot;/&gt;
                    &lt;L7p:ResponseMqNativeMessagePropertyRuleSet mappingRuleSet=&quot;included&quot;/&gt;
                    &lt;L7p:ResponseTarget MessageTarget=&quot;included&quot;&gt;
                        &lt;L7p:Target target=&quot;RESPONSE&quot;/&gt;
                    &lt;/L7p:ResponseTarget&gt;
                    &lt;L7p:SsgActiveConnectorGoid goidValue=&quot;e12ad0f1af60960b6745d40ba3c181fe&quot;/&gt;
                    &lt;L7p:SsgActiveConnectorId goidValue=&quot;e12ad0f1af60960b6745d40ba3c181fe&quot;/&gt;
                    &lt;L7p:SsgActiveConnectorName stringValue=&quot;MQ Native outbound to perf-ibmmq8-linux&quot;/&gt;
                &lt;/L7p:MqNativeRouting&gt;
                &lt;L7p:SetVariable&gt;
                    &lt;L7p:Base64Expression stringValue=&quot;TVEgQ29tcGxldGlvbiBDb2RlOiAke21xLmNvbXBsZXRpb24uY29kZX0NCk1RIFJlYXNvbiBDb2RlOiAke21xLnJlYXNvbi5jb2RlfQ==&quot;/&gt;
                    &lt;L7p:VariableToSet stringValue=&quot;returnMessage&quot;/&gt;
                &lt;/L7p:SetVariable&gt;
                &lt;L7p:SetVariable&gt;
                    &lt;L7p:Base64Expression stringValue=&quot;MjAw&quot;/&gt;
                    &lt;L7p:DataType variableDataType=&quot;int&quot;/&gt;
                    &lt;L7p:VariableToSet stringValue=&quot;returnCode&quot;/&gt;
                &lt;/L7p:SetVariable&gt;
            &lt;/wsp:All&gt;
            &lt;L7p:SetVariable&gt;
                &lt;L7p:Base64Expression stringValue=&quot;Um91dGUgdG8gTVEgTmF0aXZlIG91dGJvdW5kIGZhaWxlZC4=&quot;/&gt;
                &lt;L7p:VariableToSet stringValue=&quot;returnMessage&quot;/&gt;
            &lt;/L7p:SetVariable&gt;
            &lt;L7p:SetVariable&gt;
                &lt;L7p:Base64Expression stringValue=&quot;NTAw&quot;/&gt;
                &lt;L7p:DataType variableDataType=&quot;int&quot;/&gt;
                &lt;L7p:VariableToSet stringValue=&quot;returnCode&quot;/&gt;
            &lt;/L7p:SetVariable&gt;
        &lt;/wsp:OneOrMore&gt;
    &lt;/wsp:All&gt;
&lt;/wsp:Policy&gt;

                            </l7:Resource>
                        </l7:ResourceSet>
                    </l7:Resources>
                </l7:Policy>
            </l7:Resource>
        </l7:Item>
        <l7:Item>
            <l7:Name>MQ - insert</l7:Name>
            <l7:Id>967ef3ce158d563a541d66f83a55908e</l7:Id>
            <l7:Type>SERVICE</l7:Type>
            <l7:TimeStamp>2019-01-22T11:08:13.646-08:00</l7:TimeStamp>
            <l7:Resource>
                <l7:Service id="967ef3ce158d563a541d66f83a55908e" version="4">
                    <l7:ServiceDetail folderId="967ef3ce158d563a541d66f83a55902e" id="967ef3ce158d563a541d66f83a55908e" version="4">
                        <l7:Name>MQ - insert</l7:Name>
                        <l7:Enabled>true</l7:Enabled>
                        <l7:ServiceMappings>
                            <l7:HttpMapping>
                                <l7:UrlPattern>/test/mq/insert</l7:UrlPattern>
                                <l7:Verbs>
                                    <l7:Verb>GET</l7:Verb>
                                    <l7:Verb>POST</l7:Verb>
                                    <l7:Verb>PUT</l7:Verb>
                                    <l7:Verb>DELETE</l7:Verb>
                                </l7:Verbs>
                            </l7:HttpMapping>
                        </l7:ServiceMappings>
                        <l7:Properties>
                            <l7:Property key="internal">
                                <l7:BooleanValue>false</l7:BooleanValue>
                            </l7:Property>
                            <l7:Property key="policyRevision">
                                <l7:LongValue>3</l7:LongValue>
                            </l7:Property>
                            <l7:Property key="property.latencyMetrics.captureClientAndFolder">
                                <l7:StringValue>false|false</l7:StringValue>
                            </l7:Property>
                            <l7:Property key="property.latencyMetrics.settings">
                                <l7:StringValue>false|INTERVAL|15000</l7:StringValue>
                            </l7:Property>
                            <l7:Property key="property.latencyMetrics.subservices">
                                <l7:StringValue></l7:StringValue>
                            </l7:Property>
                            <l7:Property key="soap">
                                <l7:BooleanValue>false</l7:BooleanValue>
                            </l7:Property>
                            <l7:Property key="tracingEnabled">
                                <l7:BooleanValue>false</l7:BooleanValue>
                            </l7:Property>
                            <l7:Property key="wssProcessingEnabled">
                                <l7:BooleanValue>false</l7:BooleanValue>
                            </l7:Property>
                        </l7:Properties>
                    </l7:ServiceDetail>
                    <l7:Resources>
                        <l7:ResourceSet tag="policy">
                            <l7:Resource type="policy" version="2">&lt;?xml version=&quot;1.0&quot; encoding=&quot;UTF-8&quot;?&gt;
&lt;wsp:Policy
                                xmlns:L7p=&quot;http://www.layer7tech.com/ws/policy&quot;
                                xmlns:wsp=&quot;http://schemas.xmlsoap.org/ws/2002/12/policy&quot;&gt;
    &lt;wsp:All wsp:Usage=&quot;Required&quot;&gt;
        &lt;L7p:SetVariable&gt;
            &lt;L7p:Base64Expression stringValue=&quot;UmVxdWVzdDogUE9TVCByZXF1ZXN0IHRvIHRoaXMgZW5kcG9pbnQuIENvbnRlbnQgc2VudCBoZXJlIHdpbGwgYmUgcm91dGVkIHRvIGFuIE1RIHNlcnZlci4gQ29udGVudCBuZWVkcyB0byBoYXZlIGEgQ29udGVudC1UeXBlIGhlYWRlciBhcyB3ZWxsIGFzIHByb3Blcmx5IGZvcm1hdHRlZCBjb250ZW50IChYTUwgb3IgSlNPTikuIA0KUmVzcG9uc2U6IFN1Y2Nlc3MgbWVzc2FnZSwgZXJyb3IgbWVzc2FnZSBpZiBmYWlsdXJlLiA=&quot;/&gt;
            &lt;L7p:VariableToSet stringValue=&quot;help&quot;/&gt;
        &lt;/L7p:SetVariable&gt;
        &lt;L7p:Include&gt;
            &lt;L7p:Enabled booleanValue=&quot;false&quot;/&gt;
            &lt;L7p:PolicyGuid stringValue=&quot;6f016e20-e7b7-4228-a22f-e64c6fb0ae51&quot;/&gt;
        &lt;/L7p:Include&gt;
        &lt;L7p:Include&gt;
            &lt;L7p:Enabled booleanValue=&quot;false&quot;/&gt;
            &lt;L7p:PolicyGuid stringValue=&quot;34c9541b-ae5b-4850-b196-bad6fd641919&quot;/&gt;
        &lt;/L7p:Include&gt;
        &lt;L7p:Include&gt;
            &lt;L7p:Enabled booleanValue=&quot;false&quot;/&gt;
            &lt;L7p:PolicyGuid stringValue=&quot;81d7a287-a457-4282-80c7-5a24b811b6d6&quot;/&gt;
        &lt;/L7p:Include&gt;
        &lt;L7p:Include&gt;
            &lt;L7p:PolicyGuid stringValue=&quot;788e4157-ff20-466e-9df0-be91a4a135e0&quot;/&gt;
        &lt;/L7p:Include&gt;
        &lt;L7p:HardcodedResponse&gt;
            &lt;L7p:Base64ResponseBody stringValue=&quot;JHtyZXR1cm5NZXNzYWdlfQ==&quot;/&gt;
            &lt;L7p:ResponseContentType stringValue=&quot;text/plain; charset=UTF-8&quot;/&gt;
            &lt;L7p:ResponseStatus stringValue=&quot;${returnCode}&quot;/&gt;
        &lt;/L7p:HardcodedResponse&gt;
    &lt;/wsp:All&gt;
&lt;/wsp:Policy&gt;

                            </l7:Resource>
                        </l7:ResourceSet>
                    </l7:Resources>
                </l7:Service>
            </l7:Resource>
        </l7:Item>
		<l7:Item>
                    <l7:Name>mq-insert-put-timeout</l7:Name>
                    <l7:Id>e00151f230444365ca363c516ba48a30</l7:Id>
                    <l7:Type>SERVICE</l7:Type>
                    <l7:TimeStamp>2020-05-28T02:05:31.547-07:00</l7:TimeStamp>
                    <l7:Resource>
                        <l7:Service id="e00151f230444365ca363c516ba48a30" version="2">
                            <l7:ServiceDetail folderId="967ef3ce158d563a541d66f83a55902e" id="e00151f230444365ca363c516ba48a30" version="2">
                                <l7:Name>mq-insert-put-timeout</l7:Name>
                                <l7:Enabled>true</l7:Enabled>
                                <l7:ServiceMappings>
                                    <l7:HttpMapping>
                                        <l7:UrlPattern>/test/mq/insert/puttimeout</l7:UrlPattern>
                                        <l7:Verbs>
                                            <l7:Verb>GET</l7:Verb>
                                            <l7:Verb>POST</l7:Verb>
                                            <l7:Verb>PUT</l7:Verb>
                                            <l7:Verb>DELETE</l7:Verb>
                                        </l7:Verbs>
                                    </l7:HttpMapping>
                                </l7:ServiceMappings>
                                <l7:Properties>
                                    <l7:Property key="internal">
                                        <l7:BooleanValue>false</l7:BooleanValue>
                                    </l7:Property>
                                    <l7:Property key="policyRevision">
                                        <l7:LongValue>2</l7:LongValue>
                                    </l7:Property>
                                    <l7:Property key="soap">
                                        <l7:BooleanValue>false</l7:BooleanValue>
                                    </l7:Property>
                                    <l7:Property key="tracingEnabled">
                                        <l7:BooleanValue>false</l7:BooleanValue>
                                    </l7:Property>
                                    <l7:Property key="wssProcessingEnabled">
                                        <l7:BooleanValue>false</l7:BooleanValue>
                                    </l7:Property>
                                </l7:Properties>
                            </l7:ServiceDetail>
                            <l7:Resources>
                                <l7:ResourceSet tag="policy">
                                    <l7:Resource type="policy" version="1">&lt;?xml version=&quot;1.0&quot; encoding=&quot;UTF-8&quot;?&gt;
&lt;wsp:Policy xmlns:L7p=&quot;http://www.layer7tech.com/ws/policy&quot; xmlns:wsp=&quot;http://schemas.xmlsoap.org/ws/2002/12/policy&quot;&gt;
    &lt;wsp:All wsp:Usage=&quot;Required&quot;&gt;
        &lt;L7p:SetVariable&gt;
            &lt;L7p:Base64Expression stringValue=&quot;UmVxdWVzdDogUE9TVCByZXF1ZXN0IHRvIHRoaXMgZW5kcG9pbnQuIENvbnRlbnQgc2VudCBoZXJlIHdpbGwgYmUgcm91dGVkIHRvIGFuIE1RIHNlcnZlci4gQ29udGVudCBuZWVkcyB0byBoYXZlIGEgQ29udGVudC1UeXBlIGhlYWRlciBhcyB3ZWxsIGFzIHByb3Blcmx5IGZvcm1hdHRlZCBjb250ZW50IChYTUwgb3IgSlNPTikuIA0KUmVzcG9uc2U6IFN1Y2Nlc3MgbWVzc2FnZSwgZXJyb3IgbWVzc2FnZSBpZiBmYWlsdXJlLiA=&quot;/&gt;
            &lt;L7p:VariableToSet stringValue=&quot;help&quot;/&gt;
        &lt;/L7p:SetVariable&gt;
        &lt;L7p:Include&gt;
            &lt;L7p:PolicyGuid stringValue=&quot;c338c634-efcc-412e-9b50-24774a6a54eb&quot;/&gt;
        &lt;/L7p:Include&gt;
        &lt;L7p:HardcodedResponse&gt;
            &lt;L7p:Base64ResponseBody stringValue=&quot;JHtyZXR1cm5NZXNzYWdlfQ==&quot;/&gt;
            &lt;L7p:ResponseContentType stringValue=&quot;text/plain; charset=UTF-8&quot;/&gt;
            &lt;L7p:ResponseStatus stringValue=&quot;${returnCode}&quot;/&gt;
        &lt;/L7p:HardcodedResponse&gt;
    &lt;/wsp:All&gt;
&lt;/wsp:Policy&gt;
</l7:Resource>
                                </l7:ResourceSet>
                            </l7:Resources>
                        </l7:Service>
                    </l7:Resource>
                </l7:Item>
        <l7:Item>
            <l7:Name>no-op - simple</l7:Name>
            <l7:Id>a75021d1d21226a4af3ee792daa0b3fe</l7:Id>
            <l7:Type>SERVICE</l7:Type>
            <l7:TimeStamp>2019-01-22T11:08:13.666-08:00</l7:TimeStamp>
            <l7:Resource>
                <l7:Service id="a75021d1d21226a4af3ee792daa0b3fe" version="5">
                    <l7:ServiceDetail folderId="a75021d1d21226a4af3ee792daa0b3be" id="a75021d1d21226a4af3ee792daa0b3fe" version="5">
                        <l7:Name>no-op - simple</l7:Name>
                        <l7:Enabled>true</l7:Enabled>
                        <l7:ServiceMappings>
                            <l7:HttpMapping>
                                <l7:UrlPattern>/test/no-op/simple</l7:UrlPattern>
                                <l7:Verbs>
                                    <l7:Verb>GET</l7:Verb>
                                    <l7:Verb>POST</l7:Verb>
                                    <l7:Verb>PUT</l7:Verb>
                                    <l7:Verb>DELETE</l7:Verb>
                                </l7:Verbs>
                            </l7:HttpMapping>
                        </l7:ServiceMappings>
                        <l7:Properties>
                            <l7:Property key="internal">
                                <l7:BooleanValue>false</l7:BooleanValue>
                            </l7:Property>
                            <l7:Property key="policyRevision">
                                <l7:LongValue>1</l7:LongValue>
                            </l7:Property>
                            <l7:Property key="property.latencyMetrics.captureClientAndFolder">
                                <l7:StringValue>false|false</l7:StringValue>
                            </l7:Property>
                            <l7:Property key="property.latencyMetrics.settings">
                                <l7:StringValue>false|INTERVAL|15000</l7:StringValue>
                            </l7:Property>
                            <l7:Property key="property.latencyMetrics.subservices">
                                <l7:StringValue></l7:StringValue>
                            </l7:Property>
                            <l7:Property key="soap">
                                <l7:BooleanValue>false</l7:BooleanValue>
                            </l7:Property>
                            <l7:Property key="tracingEnabled">
                                <l7:BooleanValue>false</l7:BooleanValue>
                            </l7:Property>
                            <l7:Property key="wssProcessingEnabled">
                                <l7:BooleanValue>false</l7:BooleanValue>
                            </l7:Property>
                        </l7:Properties>
                    </l7:ServiceDetail>
                    <l7:Resources>
                        <l7:ResourceSet tag="policy">
                            <l7:Resource type="policy" version="1">&lt;?xml version=&quot;1.0&quot; encoding=&quot;UTF-8&quot;?&gt;
&lt;wsp:Policy
                                xmlns:L7p=&quot;http://www.layer7tech.com/ws/policy&quot;
                                xmlns:wsp=&quot;http://schemas.xmlsoap.org/ws/2002/12/policy&quot;&gt;
    &lt;wsp:All wsp:Usage=&quot;Required&quot;&gt;
        &lt;L7p:HardcodedResponse&gt;
            &lt;L7p:Base64ResponseBody stringValue=&quot;U3VjY2VzcyAtIHNpbXBsZQ==&quot;/&gt;
            &lt;L7p:ResponseContentType stringValue=&quot;text/plain; charset=UTF-8&quot;/&gt;
        &lt;/L7p:HardcodedResponse&gt;
    &lt;/wsp:All&gt;
&lt;/wsp:Policy&gt;

                            </l7:Resource>
                        </l7:ResourceSet>
                    </l7:Resources>
                </l7:Service>
            </l7:Resource>
        </l7:Item>
        <l7:Item>
            <l7:Name>no-op - complex</l7:Name>
            <l7:Id>a75021d1d21226a4af3ee792daa0b3a4</l7:Id>
            <l7:Type>POLICY</l7:Type>
            <l7:TimeStamp>2019-01-22T11:08:13.675-08:00</l7:TimeStamp>
            <l7:Resource>
                <l7:Policy guid="579bd1ec-3972-4dfa-a52f-07bda08ac840" id="a75021d1d21226a4af3ee792daa0b3a4" version="1">
                    <l7:PolicyDetail folderId="a75021d1d21226a4af3ee792daa0b35f" guid="579bd1ec-3972-4dfa-a52f-07bda08ac840" id="a75021d1d21226a4af3ee792daa0b3a4" version="1">
                        <l7:Name>no-op - complex</l7:Name>
                        <l7:PolicyType>Include</l7:PolicyType>
                        <l7:Properties>
                            <l7:Property key="revision">
                                <l7:LongValue>1</l7:LongValue>
                            </l7:Property>
                            <l7:Property key="soap">
                                <l7:BooleanValue>false</l7:BooleanValue>
                            </l7:Property>
                        </l7:Properties>
                    </l7:PolicyDetail>
                    <l7:Resources>
                        <l7:ResourceSet tag="policy">
                            <l7:Resource type="policy">&lt;?xml version=&quot;1.0&quot; encoding=&quot;UTF-8&quot;?&gt;
&lt;wsp:Policy
                                xmlns:L7p=&quot;http://www.layer7tech.com/ws/policy&quot;
                                xmlns:wsp=&quot;http://schemas.xmlsoap.org/ws/2002/12/policy&quot;&gt;
    &lt;wsp:All wsp:Usage=&quot;Required&quot;&gt;
        &lt;wsp:OneOrMore wsp:Usage=&quot;Required&quot;&gt;
            &lt;L7p:SetVariable&gt;
                &lt;L7p:AssertionComment assertionComment=&quot;included&quot;&gt;
                    &lt;L7p:Properties mapValue=&quot;included&quot;&gt;
                        &lt;L7p:entry&gt;
                            &lt;L7p:key stringValue=&quot;RIGHT.COMMENT&quot;/&gt;
                            &lt;L7p:value stringValue=&quot;This is a more complex return template policy, called via a Fragment&quot;/&gt;
                        &lt;/L7p:entry&gt;
                    &lt;/L7p:Properties&gt;
                &lt;/L7p:AssertionComment&gt;
                &lt;L7p:Base64Expression stringValue=&quot;U3VjY2VzcyAtIGNvbXBsZXggcG9saWN5&quot;/&gt;
                &lt;L7p:VariableToSet stringValue=&quot;returnMessage&quot;/&gt;
            &lt;/L7p:SetVariable&gt;
        &lt;/wsp:OneOrMore&gt;
    &lt;/wsp:All&gt;
&lt;/wsp:Policy&gt;

                            </l7:Resource>
                        </l7:ResourceSet>
                    </l7:Resources>
                </l7:Policy>
            </l7:Resource>
        </l7:Item>
        <l7:Item>
            <l7:Name>no-op - complex</l7:Name>
            <l7:Id>a75021d1d21226a4af3ee792daa0b443</l7:Id>
            <l7:Type>SERVICE</l7:Type>
            <l7:TimeStamp>2019-01-22T11:08:13.704-08:00</l7:TimeStamp>
            <l7:Resource>
                <l7:Service id="a75021d1d21226a4af3ee792daa0b443" version="4">
                    <l7:ServiceDetail folderId="a75021d1d21226a4af3ee792daa0b3be" id="a75021d1d21226a4af3ee792daa0b443" version="4">
                        <l7:Name>no-op - complex</l7:Name>
                        <l7:Enabled>true</l7:Enabled>
                        <l7:ServiceMappings>
                            <l7:HttpMapping>
                                <l7:UrlPattern>/test/no-op/complex</l7:UrlPattern>
                                <l7:Verbs>
                                    <l7:Verb>GET</l7:Verb>
                                    <l7:Verb>POST</l7:Verb>
                                    <l7:Verb>PUT</l7:Verb>
                                    <l7:Verb>DELETE</l7:Verb>
                                </l7:Verbs>
                            </l7:HttpMapping>
                        </l7:ServiceMappings>
                        <l7:Properties>
                            <l7:Property key="internal">
                                <l7:BooleanValue>false</l7:BooleanValue>
                            </l7:Property>
                            <l7:Property key="policyRevision">
                                <l7:LongValue>1</l7:LongValue>
                            </l7:Property>
                            <l7:Property key="property.latencyMetrics.captureClientAndFolder">
                                <l7:StringValue>false|false</l7:StringValue>
                            </l7:Property>
                            <l7:Property key="property.latencyMetrics.settings">
                                <l7:StringValue>false|INTERVAL|15000</l7:StringValue>
                            </l7:Property>
                            <l7:Property key="property.latencyMetrics.subservices">
                                <l7:StringValue></l7:StringValue>
                            </l7:Property>
                            <l7:Property key="soap">
                                <l7:BooleanValue>false</l7:BooleanValue>
                            </l7:Property>
                            <l7:Property key="tracingEnabled">
                                <l7:BooleanValue>false</l7:BooleanValue>
                            </l7:Property>
                            <l7:Property key="wssProcessingEnabled">
                                <l7:BooleanValue>false</l7:BooleanValue>
                            </l7:Property>
                        </l7:Properties>
                    </l7:ServiceDetail>
                    <l7:Resources>
                        <l7:ResourceSet tag="policy">
                            <l7:Resource type="policy" version="1">&lt;?xml version=&quot;1.0&quot; encoding=&quot;UTF-8&quot;?&gt;
&lt;wsp:Policy
                                xmlns:L7p=&quot;http://www.layer7tech.com/ws/policy&quot;
                                xmlns:wsp=&quot;http://schemas.xmlsoap.org/ws/2002/12/policy&quot;&gt;
    &lt;wsp:All wsp:Usage=&quot;Required&quot;&gt;
        &lt;L7p:SetVariable&gt;
            &lt;L7p:Base64Expression stringValue=&quot;UmVxdWVzdDogR0VUIHJlcXVlc3QgdG8gdGhpcyBlbmRwb2ludC4NClJlc3BvbnNlOiBTdWNjZXNzIG1lc3NhZ2UuIA==&quot;/&gt;
            &lt;L7p:VariableToSet stringValue=&quot;help&quot;/&gt;
        &lt;/L7p:SetVariable&gt;
        &lt;L7p:Include&gt;
            &lt;L7p:PolicyGuid stringValue=&quot;81d7a287-a457-4282-80c7-5a24b811b6d6&quot;/&gt;
        &lt;/L7p:Include&gt;
        &lt;L7p:Include&gt;
            &lt;L7p:PolicyGuid stringValue=&quot;6f016e20-e7b7-4228-a22f-e64c6fb0ae51&quot;/&gt;
        &lt;/L7p:Include&gt;
        &lt;L7p:Include&gt;
            &lt;L7p:PolicyGuid stringValue=&quot;34c9541b-ae5b-4850-b196-bad6fd641919&quot;/&gt;
        &lt;/L7p:Include&gt;
        &lt;L7p:Include&gt;
            &lt;L7p:PolicyGuid stringValue=&quot;579bd1ec-3972-4dfa-a52f-07bda08ac840&quot;/&gt;
        &lt;/L7p:Include&gt;
        &lt;L7p:HardcodedResponse&gt;
            &lt;L7p:Base64ResponseBody stringValue=&quot;JHtyZXR1cm5NZXNzYWdlfQ==&quot;/&gt;
            &lt;L7p:ResponseContentType stringValue=&quot;text/plain; charset=UTF-8&quot;/&gt;
        &lt;/L7p:HardcodedResponse&gt;
    &lt;/wsp:All&gt;
&lt;/wsp:Policy&gt;

                            </l7:Resource>
                        </l7:ResourceSet>
                    </l7:Resources>
                </l7:Service>
            </l7:Resource>
        </l7:Item>
        <l7:Item>
            <l7:Name>route - to backend with latency</l7:Name>
            <l7:Id>c45657033a1a2f683672b349d6a7221a</l7:Id>
            <l7:Type>SERVICE</l7:Type>
            <l7:TimeStamp>2019-01-22T11:08:13.786-08:00</l7:TimeStamp>
            <l7:Resource>
                <l7:Service id="c45657033a1a2f683672b349d6a7221a" version="4">
                    <l7:ServiceDetail folderId="c45657033a1a2f683672b349d6a721c7" id="c45657033a1a2f683672b349d6a7221a" version="4">
                        <l7:Name>route - to backend with latency</l7:Name>
                        <l7:Enabled>true</l7:Enabled>
                        <l7:ServiceMappings>
                            <l7:HttpMapping>
                                <l7:UrlPattern>/test/route/delay</l7:UrlPattern>
                                <l7:Verbs>
                                    <l7:Verb>GET</l7:Verb>
                                    <l7:Verb>POST</l7:Verb>
                                    <l7:Verb>PUT</l7:Verb>
                                    <l7:Verb>DELETE</l7:Verb>
                                </l7:Verbs>
                            </l7:HttpMapping>
                        </l7:ServiceMappings>
                        <l7:Properties>
                            <l7:Property key="internal">
                                <l7:BooleanValue>false</l7:BooleanValue>
                            </l7:Property>
                            <l7:Property key="policyRevision">
                                <l7:LongValue>26</l7:LongValue>
                            </l7:Property>
                            <l7:Property key="property.latencyMetrics.captureClientAndFolder">
                                <l7:StringValue>false|false</l7:StringValue>
                            </l7:Property>
                            <l7:Property key="property.latencyMetrics.settings">
                                <l7:StringValue>false|INTERVAL|15000</l7:StringValue>
                            </l7:Property>
                            <l7:Property key="property.latencyMetrics.subservices">
                                <l7:StringValue></l7:StringValue>
                            </l7:Property>
                            <l7:Property key="soap">
                                <l7:BooleanValue>false</l7:BooleanValue>
                            </l7:Property>
                            <l7:Property key="tracingEnabled">
                                <l7:BooleanValue>false</l7:BooleanValue>
                            </l7:Property>
                            <l7:Property key="wssProcessingEnabled">
                                <l7:BooleanValue>false</l7:BooleanValue>
                            </l7:Property>
                        </l7:Properties>
                    </l7:ServiceDetail>
                    <l7:Resources>
                        <l7:ResourceSet tag="policy">
                            <l7:Resource type="policy" version="25">&lt;?xml version=&quot;1.0&quot; encoding=&quot;UTF-8&quot;?&gt;
&lt;wsp:Policy
                                xmlns:L7p=&quot;http://www.layer7tech.com/ws/policy&quot;
                                xmlns:wsp=&quot;http://schemas.xmlsoap.org/ws/2002/12/policy&quot;&gt;
    &lt;wsp:All wsp:Usage=&quot;Required&quot;&gt;
        &lt;L7p:SetVariable&gt;
            &lt;L7p:Base64Expression stringValue=&quot;UmVxdWVzdDogUE9TVCByZXF1ZXN0IHRvIHRoaXMgZW5kcG9pbnQgd2l0aCBjb250ZW50LiBBcyB3ZWxsLCB0aGUgZm9sbG93aW5nIEhUVFAgcGFyYW1ldGVycyBhcmUgcmVxdWlyZWQ6DQpkZWxheSAtIHdpdGggYW4gaW50ZWdlciBtaWxsaXNlY29uZCB2YWx1ZQ0KYmFja2VuZCAtIFVSTCB0byByb3V0ZSB0bw0KUmVzcG9uc2U6IFJlc3BvbnNlIGZyb20gdGhlIFJvdXRlIEFzc2VydGlvbiBpZiBzdWNjZXNzZnVs&quot;/&gt;
            &lt;L7p:Enabled booleanValue=&quot;false&quot;/&gt;
            &lt;L7p:VariableToSet stringValue=&quot;help&quot;/&gt;
        &lt;/L7p:SetVariable&gt;
        &lt;L7p:Include&gt;
            &lt;L7p:Enabled booleanValue=&quot;false&quot;/&gt;
            &lt;L7p:PolicyGuid stringValue=&quot;6f016e20-e7b7-4228-a22f-e64c6fb0ae51&quot;/&gt;
        &lt;/L7p:Include&gt;
        &lt;L7p:Include&gt;
            &lt;L7p:Enabled booleanValue=&quot;false&quot;/&gt;
            &lt;L7p:PolicyGuid stringValue=&quot;34c9541b-ae5b-4850-b196-bad6fd641919&quot;/&gt;
        &lt;/L7p:Include&gt;
        &lt;L7p:Include&gt;
            &lt;L7p:Enabled booleanValue=&quot;false&quot;/&gt;
            &lt;L7p:PolicyGuid stringValue=&quot;81d7a287-a457-4282-80c7-5a24b811b6d6&quot;/&gt;
        &lt;/L7p:Include&gt;
        &lt;L7p:Include&gt;
            &lt;L7p:PolicyGuid stringValue=&quot;cd6d70ab-c14e-4785-b15a-031fa2547c12&quot;/&gt;
        &lt;/L7p:Include&gt;
        &lt;L7p:HttpRoutingAssertion&gt;
            &lt;L7p:Enabled booleanValue=&quot;false&quot;/&gt;
            &lt;L7p:ProtectedServiceUrl stringValue=&quot;http://10.7.43.124:8080/delay?delay=50&quot;/&gt;
            &lt;L7p:ProxyPassword stringValueNull=&quot;null&quot;/&gt;
            &lt;L7p:ProxyUsername stringValueNull=&quot;null&quot;/&gt;
            &lt;L7p:RequestHeaderRules httpPassthroughRuleSet=&quot;included&quot;&gt;
                &lt;L7p:ForwardAll booleanValue=&quot;true&quot;/&gt;
                &lt;L7p:Rules httpPassthroughRules=&quot;included&quot;&gt;
                    &lt;L7p:item httpPassthroughRule=&quot;included&quot;&gt;
                        &lt;L7p:Name stringValue=&quot;Cookie&quot;/&gt;
                    &lt;/L7p:item&gt;
                    &lt;L7p:item httpPassthroughRule=&quot;included&quot;&gt;
                        &lt;L7p:Name stringValue=&quot;SOAPAction&quot;/&gt;
                    &lt;/L7p:item&gt;
                &lt;/L7p:Rules&gt;
            &lt;/L7p:RequestHeaderRules&gt;
            &lt;L7p:RequestParamRules httpPassthroughRuleSet=&quot;included&quot;&gt;
                &lt;L7p:ForwardAll booleanValue=&quot;true&quot;/&gt;
                &lt;L7p:Rules httpPassthroughRules=&quot;included&quot;/&gt;
            &lt;/L7p:RequestParamRules&gt;
            &lt;L7p:ResponseHeaderRules httpPassthroughRuleSet=&quot;included&quot;&gt;
                &lt;L7p:ForwardAll booleanValue=&quot;true&quot;/&gt;
                &lt;L7p:Rules httpPassthroughRules=&quot;included&quot;&gt;
                    &lt;L7p:item httpPassthroughRule=&quot;included&quot;&gt;
                        &lt;L7p:Name stringValue=&quot;Set-Cookie&quot;/&gt;
                    &lt;/L7p:item&gt;
                &lt;/L7p:Rules&gt;
            &lt;/L7p:ResponseHeaderRules&gt;
            &lt;L7p:SamlAssertionVersion intValue=&quot;2&quot;/&gt;
        &lt;/L7p:HttpRoutingAssertion&gt;
        &lt;L7p:HardcodedResponse&gt;
            &lt;L7p:Base64ResponseBody stringValue=&quot;JHtyZXR1cm5NZXNzYWdlfQ==&quot;/&gt;
            &lt;L7p:Enabled booleanValue=&quot;false&quot;/&gt;
            &lt;L7p:ResponseContentType stringValue=&quot;text/plain; charset=UTF-8&quot;/&gt;
        &lt;/L7p:HardcodedResponse&gt;
    &lt;/wsp:All&gt;
&lt;/wsp:Policy&gt;

                            </l7:Resource>
                        </l7:ResourceSet>
                    </l7:Resources>
                </l7:Service>
            </l7:Resource>
        </l7:Item>
		<l7:Item>
			<l7:Name>route - to tls13 backend</l7:Name>
			<l7:Id>3d14e9497fb11b707c85db416c919082</l7:Id>
			<l7:Type>POLICY</l7:Type>
			<l7:TimeStamp>2020-10-14T04:22:15.026-07:00</l7:TimeStamp>
			<l7:Resource>
				<l7:Policy guid="b414699f-8771-43a1-8686-8ea63f37359b" id="3d14e9497fb11b707c85db416c919082" version="1">
					<l7:PolicyDetail folderId="c45657033a1a2f683672b349d6a720ea" guid="b414699f-8771-43a1-8686-8ea63f37359b" id="3d14e9497fb11b707c85db416c919082" version="1">
						<l7:Name>route - to tls13 backend</l7:Name>
						<l7:PolicyType>Include</l7:PolicyType>
						<l7:Properties>
							<l7:Property key="hasRouting">
								<l7:BooleanValue>true</l7:BooleanValue>
							</l7:Property>
							<l7:Property key="revision">
								<l7:LongValue>2</l7:LongValue>
							</l7:Property>
							<l7:Property key="soap">
								<l7:BooleanValue>false</l7:BooleanValue>
							</l7:Property>
						</l7:Properties>
					</l7:PolicyDetail>
					<l7:Resources>
						<l7:ResourceSet tag="policy">
							<l7:Resource type="policy">&lt;?xml version=&quot;1.0&quot; encoding=&quot;UTF-8&quot;?&gt;
							&lt;wsp:Policy xmlns:L7p=&quot;http://www.layer7tech.com/ws/policy&quot; xmlns:wsp=&quot;http://schemas.xmlsoap.org/ws/2002/12/policy&quot;&gt;
							&lt;wsp:All wsp:Usage=&quot;Required&quot;&gt;
							&lt;L7p:SetVariable&gt;
								&lt;L7p:Base64Expression stringValue=&quot;JHtyZXF1ZXN0Lmh0dHAucGFyYW1ldGVyLmJhY2tlbmR9&quot;/&gt;
								&lt;L7p:VariableToSet stringValue=&quot;backend&quot;/&gt;
							&lt;/L7p:SetVariable&gt;
							&lt;L7p:SetVariable&gt;
								&lt;L7p:Base64Expression stringValue=&quot;JHtyZXF1ZXN0Lmh0dHAucGFyYW1ldGVyLmRlbGF5fQ==&quot;/&gt;
								&lt;L7p:VariableToSet stringValue=&quot;delay&quot;/&gt;
							&lt;/L7p:SetVariable&gt;
							&lt;L7p:SetVariable&gt;
								&lt;L7p:Base64Expression stringValue=&quot;JHtyZXF1ZXN0Lmh0dHAucGFyYW1ldGVyLnJhbmRvbX0=&quot;/&gt;
								&lt;L7p:VariableToSet stringValue=&quot;random&quot;/&gt;
							&lt;/L7p:SetVariable&gt;
							&lt;wsp:OneOrMore wsp:Usage=&quot;Required&quot;&gt;
								&lt;wsp:All wsp:Usage=&quot;Required&quot;&gt;
									&lt;L7p:ComparisonAssertion&gt;
										&lt;L7p:Expression1 stringValue=&quot;${backend}&quot;/&gt;
										&lt;L7p:Expression2 stringValue=&quot;&quot;/&gt;
										&lt;L7p:ExpressionIsVariable booleanValue=&quot;false&quot;/&gt;
										&lt;L7p:Negate booleanValue=&quot;true&quot;/&gt;
										&lt;L7p:Operator operator=&quot;EMPTY&quot;/&gt;
										&lt;L7p:Predicates predicates=&quot;included&quot;&gt;
											&lt;L7p:item binary=&quot;included&quot;&gt;
												&lt;L7p:Negated booleanValue=&quot;true&quot;/&gt;
												&lt;L7p:Operator operator=&quot;EMPTY&quot;/&gt;
												&lt;L7p:RightValue stringValue=&quot;&quot;/&gt;
											&lt;/L7p:item&gt;
										&lt;/L7p:Predicates&gt;
									&lt;/L7p:ComparisonAssertion&gt;
									&lt;L7p:ComparisonAssertion&gt;
										&lt;L7p:CaseSensitive booleanValue=&quot;false&quot;/&gt;
										&lt;L7p:Expression1 stringValue=&quot;${delay}&quot;/&gt;
										&lt;L7p:ExpressionIsVariable booleanValue=&quot;false&quot;/&gt;
										&lt;L7p:Operator operatorNull=&quot;null&quot;/&gt;
										&lt;L7p:Predicates predicates=&quot;included&quot;&gt;
											&lt;L7p:item binary=&quot;included&quot;&gt;
												&lt;L7p:Negated booleanValue=&quot;true&quot;/&gt;
												&lt;L7p:Operator operator=&quot;EMPTY&quot;/&gt;
												&lt;L7p:RightValue stringValue=&quot;&quot;/&gt;
											&lt;/L7p:item&gt;
											&lt;L7p:item binary=&quot;included&quot;&gt;
												&lt;L7p:Operator operator=&quot;GT&quot;/&gt;
												&lt;L7p:RightValue stringValue=&quot;0&quot;/&gt;
											&lt;/L7p:item&gt;
										&lt;/L7p:Predicates&gt;
									&lt;/L7p:ComparisonAssertion&gt;
									&lt;wsp:OneOrMore wsp:Usage=&quot;Required&quot;&gt;
										&lt;wsp:All wsp:Usage=&quot;Required&quot;&gt;
											&lt;L7p:ComparisonAssertion&gt;
												&lt;L7p:CaseSensitive booleanValue=&quot;false&quot;/&gt;
												&lt;L7p:Expression1 stringValue=&quot;${random}&quot;/&gt;
												&lt;L7p:ExpressionIsVariable booleanValue=&quot;false&quot;/&gt;
												&lt;L7p:Operator operatorNull=&quot;null&quot;/&gt;
												&lt;L7p:Predicates predicates=&quot;included&quot;&gt;
													&lt;L7p:item binary=&quot;included&quot;&gt;
														&lt;L7p:Negated booleanValue=&quot;true&quot;/&gt;
														&lt;L7p:Operator operator=&quot;EMPTY&quot;/&gt;
														&lt;L7p:RightValue stringValue=&quot;&quot;/&gt;
													&lt;/L7p:item&gt;
													&lt;L7p:item binary=&quot;included&quot;&gt;
														&lt;L7p:RightValue stringValue=&quot;true&quot;/&gt;
													&lt;/L7p:item&gt;
												&lt;/L7p:Predicates&gt;
											&lt;/L7p:ComparisonAssertion&gt;
											&lt;L7p:SetVariable&gt;
												&lt;L7p:AssertionComment assertionComment=&quot;included&quot;&gt;
													&lt;L7p:Properties mapValue=&quot;included&quot;&gt;
														&lt;L7p:entry&gt;
														&lt;L7p:key stringValue=&quot;RIGHT.COMMENT&quot;/&gt;
														&lt;L7p:value stringValue=&quot;This controls delay length. Currenly this maxes out at 2 byte unsigned integer.&quot;/&gt;
														&lt;/L7p:entry&gt;
													&lt;/L7p:Properties&gt;
												&lt;/L7p:AssertionComment&gt;
												&lt;L7p:Base64Expression stringValue=&quot;JHtnYXRld2F5LnJhbmRvbS4yLnVuc2lnbmVkfQ==&quot;/&gt;
												&lt;L7p:VariableToSet stringValue=&quot;randomDelay&quot;/&gt;
											&lt;/L7p:SetVariable&gt;
											&lt;L7p:HttpRoutingAssertion&gt;
												&lt;L7p:ProtectedServiceUrl stringValue=&quot;http://${backend}:8080/delay?delay=${delay}&quot;/&gt;
												&lt;L7p:ProxyPassword stringValueNull=&quot;null&quot;/&gt;
												&lt;L7p:ProxyUsername stringValueNull=&quot;null&quot;/&gt;
												&lt;L7p:RequestHeaderRules httpPassthroughRuleSet=&quot;included&quot;&gt;
													&lt;L7p:ForwardAll booleanValue=&quot;true&quot;/&gt;
													&lt;L7p:Rules httpPassthroughRules=&quot;included&quot;&gt;
														&lt;L7p:item httpPassthroughRule=&quot;included&quot;&gt;
														&lt;L7p:Name stringValue=&quot;Cookie&quot;/&gt;
														&lt;/L7p:item&gt;
														&lt;L7p:item httpPassthroughRule=&quot;included&quot;&gt;
														&lt;L7p:Name stringValue=&quot;SOAPAction&quot;/&gt;
														&lt;/L7p:item&gt;
													&lt;/L7p:Rules&gt;
												&lt;/L7p:RequestHeaderRules&gt;
												&lt;L7p:RequestParamRules httpPassthroughRuleSet=&quot;included&quot;&gt;
													&lt;L7p:Rules httpPassthroughRules=&quot;included&quot;&gt;
														&lt;L7p:item httpPassthroughRule=&quot;included&quot;&gt;
														&lt;L7p:Name stringValue=&quot;request.http.parameter.delay&quot;/&gt;
														&lt;/L7p:item&gt;
													&lt;/L7p:Rules&gt;
												&lt;/L7p:RequestParamRules&gt;
												&lt;L7p:ResponseHeaderRules httpPassthroughRuleSet=&quot;included&quot;&gt;
													&lt;L7p:ForwardAll booleanValue=&quot;true&quot;/&gt;
													&lt;L7p:Rules httpPassthroughRules=&quot;included&quot;&gt;
														&lt;L7p:item httpPassthroughRule=&quot;included&quot;&gt;
														&lt;L7p:Name stringValue=&quot;Set-Cookie&quot;/&gt;
														&lt;/L7p:item&gt;
													&lt;/L7p:Rules&gt;
												&lt;/L7p:ResponseHeaderRules&gt;
												&lt;L7p:SamlAssertionVersion intValue=&quot;2&quot;/&gt;
											&lt;/L7p:HttpRoutingAssertion&gt;
										&lt;/wsp:All&gt;
										&lt;L7p:HttpRoutingAssertion&gt;
											&lt;L7p:ProtectedServiceUrl stringValue=&quot;https://${backend}:8443/delay?delay=${delay}&quot;/&gt;
											&lt;L7p:ProxyPassword stringValueNull=&quot;null&quot;/&gt;
											&lt;L7p:ProxyUsername stringValueNull=&quot;null&quot;/&gt;
											&lt;L7p:RequestHeaderRules httpPassthroughRuleSet=&quot;included&quot;&gt;
												&lt;L7p:ForwardAll booleanValue=&quot;true&quot;/&gt;
												&lt;L7p:Rules httpPassthroughRules=&quot;included&quot;&gt;
													&lt;L7p:item httpPassthroughRule=&quot;included&quot;&gt;
														&lt;L7p:Name stringValue=&quot;Cookie&quot;/&gt;
													&lt;/L7p:item&gt;
													&lt;L7p:item httpPassthroughRule=&quot;included&quot;&gt;
														&lt;L7p:Name stringValue=&quot;SOAPAction&quot;/&gt;
													&lt;/L7p:item&gt;
												&lt;/L7p:Rules&gt;
											&lt;/L7p:RequestHeaderRules&gt;
											&lt;L7p:RequestParamRules httpPassthroughRuleSet=&quot;included&quot;&gt;
												&lt;L7p:Rules httpPassthroughRules=&quot;included&quot;&gt;
													&lt;L7p:item httpPassthroughRule=&quot;included&quot;&gt;
														&lt;L7p:Name stringValue=&quot;request.http.parameter.delay&quot;/&gt;
													&lt;/L7p:item&gt;
												&lt;/L7p:Rules&gt;
											&lt;/L7p:RequestParamRules&gt;
											&lt;L7p:ResponseHeaderRules httpPassthroughRuleSet=&quot;included&quot;&gt;
												&lt;L7p:ForwardAll booleanValue=&quot;true&quot;/&gt;
												&lt;L7p:Rules httpPassthroughRules=&quot;included&quot;&gt;
													&lt;L7p:item httpPassthroughRule=&quot;included&quot;&gt;
														&lt;L7p:Name stringValue=&quot;Set-Cookie&quot;/&gt;
													&lt;/L7p:item&gt;
												&lt;/L7p:Rules&gt;
											&lt;/L7p:ResponseHeaderRules&gt;
											&lt;L7p:SamlAssertionVersion intValue=&quot;2&quot;/&gt;
											&lt;L7p:TlsVersion stringValue=&quot;TLSv1.3&quot;/&gt;
										&lt;/L7p:HttpRoutingAssertion&gt;
									&lt;/wsp:OneOrMore&gt;
									&lt;L7p:SetVariable&gt;
										&lt;L7p:Base64Expression stringValue=&quot;Um91dGluZyBMYXRlbmN5OiAke2h0dHBSb3V0aW5nLmxhdGVuY3l9DQpSZXNwb25zZSBmcm9tIHRoZSBSb3V0ZSBBc3NlcnRpb246ICR7cmVzcG9uc2UubWFpbnBhcnR9&quot;/&gt;
										&lt;L7p:VariableToSet stringValue=&quot;returnMessage&quot;/&gt;
									&lt;/L7p:SetVariable&gt;
									&lt;L7p:SetVariable&gt;
										&lt;L7p:Base64Expression stringValue=&quot;MjAw&quot;/&gt;
										&lt;L7p:DataType variableDataType=&quot;int&quot;/&gt;
										&lt;L7p:VariableToSet stringValue=&quot;returnCode&quot;/&gt;
									&lt;/L7p:SetVariable&gt;
								&lt;/wsp:All&gt;
								&lt;L7p:SetVariable&gt;
									&lt;L7p:Base64Expression stringValue=&quot;VGhlIGJhY2tlbmQgb3IgZGVsYXkgSFRUUCBwYXJhbWV0ZXIgd2VyZSBub3Qgc2V0IGNvcnJlY3RseSBvciB0aGUgcm91dGUgZmFpbGVk&quot;/&gt;
									&lt;L7p:VariableToSet stringValue=&quot;returnMessage&quot;/&gt;
								&lt;/L7p:SetVariable&gt;
								&lt;L7p:SetVariable&gt;
									&lt;L7p:Base64Expression stringValue=&quot;NTAw&quot;/&gt;
									&lt;L7p:DataType variableDataType=&quot;int&quot;/&gt;
									&lt;L7p:VariableToSet stringValue=&quot;returnCode&quot;/&gt;
								&lt;/L7p:SetVariable&gt;
							&lt;/wsp:OneOrMore&gt;
							&lt;/wsp:All&gt;
							&lt;/wsp:Policy&gt;
							</l7:Resource>
						</l7:ResourceSet>
					</l7:Resources>
				</l7:Policy>
			</l7:Resource>
		</l7:Item>
		<l7:Item>
			<l7:Name>route - to tls13 backend with latency</l7:Name>
			<l7:Id>3d14e9497fb11b707c85db416c9190a7</l7:Id>
			<l7:Type>SERVICE</l7:Type>
			<l7:TimeStamp>2020-10-14T04:22:15.034-07:00</l7:TimeStamp>
			<l7:Resource>
				<l7:Service id="3d14e9497fb11b707c85db416c9190a7" version="2">
					<l7:ServiceDetail folderId="c45657033a1a2f683672b349d6a721c7" id="3d14e9497fb11b707c85db416c9190a7" version="2">
						<l7:Name>route - to tls13 backend with latency</l7:Name>
						<l7:Enabled>true</l7:Enabled>
						<l7:ServiceMappings>
							<l7:HttpMapping>
								<l7:UrlPattern>/test/routetls13/delay</l7:UrlPattern>
								<l7:Verbs>
									<l7:Verb>GET</l7:Verb>
									<l7:Verb>POST</l7:Verb>
									<l7:Verb>PUT</l7:Verb>
									<l7:Verb>DELETE</l7:Verb>
								</l7:Verbs>
							</l7:HttpMapping>
						</l7:ServiceMappings>
						<l7:Properties>
							<l7:Property key="hasRouting">
								<l7:BooleanValue>false</l7:BooleanValue>
							</l7:Property>
							<l7:Property key="internal">
								<l7:BooleanValue>false</l7:BooleanValue>
							</l7:Property>
							<l7:Property key="policyRevision">
								<l7:LongValue>2</l7:LongValue>
							</l7:Property>
							<l7:Property key="soap">
								<l7:BooleanValue>false</l7:BooleanValue>
							</l7:Property>
							<l7:Property key="tracingEnabled">
								<l7:BooleanValue>false</l7:BooleanValue>
							</l7:Property>
							<l7:Property key="wssProcessingEnabled">
								<l7:BooleanValue>false</l7:BooleanValue>
							</l7:Property>
						</l7:Properties>
					</l7:ServiceDetail>
					<l7:Resources>
						<l7:ResourceSet tag="policy">
							<l7:Resource type="policy" version="1">&lt;?xml version=&quot;1.0&quot; encoding=&quot;UTF-8&quot;?&gt;
							&lt;wsp:Policy xmlns:L7p=&quot;http://www.layer7tech.com/ws/policy&quot; xmlns:wsp=&quot;http://schemas.xmlsoap.org/ws/2002/12/policy&quot;&gt;
							&lt;wsp:All wsp:Usage=&quot;Required&quot;&gt;
							&lt;L7p:Include&gt;
								&lt;L7p:PolicyGuid stringValue=&quot;b414699f-8771-43a1-8686-8ea63f37359b&quot;/&gt;
							&lt;/L7p:Include&gt;
							&lt;/wsp:All&gt;
							&lt;/wsp:Policy&gt;
							</l7:Resource>
						</l7:ResourceSet>
					</l7:Resources>
				</l7:Service>
			</l7:Resource>
		</l7:Item>
		<l7:Item>
			<l7:Name>route - to http2 backend</l7:Name>
			<l7:Id>d2fa89d89c7bad79d78c8911f74ee11c</l7:Id>
			<l7:Type>SERVICE</l7:Type>
			<l7:TimeStamp>2020-10-20T03:01:19.670-07:00</l7:TimeStamp>
			<l7:Resource>
				<l7:Service id="d2fa89d89c7bad79d78c8911f74ee11c" version="1">
					<l7:ServiceDetail folderId="c45657033a1a2f683672b349d6a721c7" id="d2fa89d89c7bad79d78c8911f74ee11c" version="1">
						<l7:Name>route - to http2 backend</l7:Name>
						<l7:Enabled>true</l7:Enabled>
						<l7:ServiceMappings>
							<l7:HttpMapping>
								<l7:UrlPattern>/test/routeHttp2/delay</l7:UrlPattern>
								<l7:Verbs>
									<l7:Verb>GET</l7:Verb>
									<l7:Verb>POST</l7:Verb>
									<l7:Verb>PUT</l7:Verb>
									<l7:Verb>DELETE</l7:Verb>
								</l7:Verbs>
							</l7:HttpMapping>
						</l7:ServiceMappings>
						<l7:Properties>
							<l7:Property key="hasRouting">
								<l7:BooleanValue>false</l7:BooleanValue>
							</l7:Property>
							<l7:Property key="internal">
								<l7:BooleanValue>false</l7:BooleanValue>
							</l7:Property>
							<l7:Property key="policyRevision">
								<l7:LongValue>2</l7:LongValue>
							</l7:Property>
							<l7:Property key="soap">
								<l7:BooleanValue>false</l7:BooleanValue>
							</l7:Property>
							<l7:Property key="tracingEnabled">
								<l7:BooleanValue>false</l7:BooleanValue>
							</l7:Property>
							<l7:Property key="wssProcessingEnabled">
								<l7:BooleanValue>false</l7:BooleanValue>
							</l7:Property>
						</l7:Properties>
					</l7:ServiceDetail>
					<l7:Resources>
						<l7:ResourceSet tag="policy">
							<l7:Resource type="policy" version="1">&lt;?xml version=&quot;1.0&quot; encoding=&quot;UTF-8&quot;?&gt;
							&lt;wsp:Policy xmlns:L7p=&quot;http://www.layer7tech.com/ws/policy&quot; xmlns:wsp=&quot;http://schemas.xmlsoap.org/ws/2002/12/policy&quot;&gt;
							&lt;wsp:All wsp:Usage=&quot;Required&quot;&gt;
							&lt;L7p:Include&gt;
								&lt;L7p:PolicyGuid stringValue=&quot;791f72ef-873b-483e-9c11-f33a435fd7fc&quot;/&gt;
							&lt;/L7p:Include&gt;
							&lt;/wsp:All&gt;
							&lt;/wsp:Policy&gt;
							</l7:Resource>
						</l7:ResourceSet>
					</l7:Resources>
				</l7:Service>
			</l7:Resource>
		</l7:Item>
		<l7:Item>
			<l7:Name>route - to http2 backend</l7:Name>
			<l7:Id>d2fa89d89c7bad79d78c8911f74ee0f3</l7:Id>
			<l7:Type>POLICY</l7:Type>
			<l7:TimeStamp>2020-10-20T03:01:19.663-07:00</l7:TimeStamp>
			<l7:Resource>
				<l7:Policy guid="791f72ef-873b-483e-9c11-f33a435fd7fc" id="d2fa89d89c7bad79d78c8911f74ee0f3" version="1">
					<l7:PolicyDetail folderId="c45657033a1a2f683672b349d6a720ea" guid="791f72ef-873b-483e-9c11-f33a435fd7fc" id="d2fa89d89c7bad79d78c8911f74ee0f3" version="1">
						<l7:Name>route - to http2 backend</l7:Name>
						<l7:PolicyType>Include</l7:PolicyType>
						<l7:Properties>
							<l7:Property key="hasRouting">
								<l7:BooleanValue>true</l7:BooleanValue>
							</l7:Property>
							<l7:Property key="revision">
								<l7:LongValue>2</l7:LongValue>
							</l7:Property>
							<l7:Property key="soap">
								<l7:BooleanValue>false</l7:BooleanValue>
							</l7:Property>
						</l7:Properties>
					</l7:PolicyDetail>
					<l7:Resources>
						<l7:ResourceSet tag="policy">
							<l7:Resource type="policy">&lt;?xml version=&quot;1.0&quot; encoding=&quot;UTF-8&quot;?&gt;
							&lt;wsp:Policy xmlns:L7p=&quot;http://www.layer7tech.com/ws/policy&quot; xmlns:wsp=&quot;http://schemas.xmlsoap.org/ws/2002/12/policy&quot;&gt;
							&lt;wsp:All wsp:Usage=&quot;Required&quot;&gt;
							&lt;L7p:SetVariable&gt;
							&lt;L7p:Base64Expression stringValue=&quot;JHtyZXF1ZXN0Lmh0dHAucGFyYW1ldGVyLmJhY2tlbmR9&quot;/&gt;
							&lt;L7p:VariableToSet stringValue=&quot;backend&quot;/&gt;
							&lt;/L7p:SetVariable&gt;
							&lt;L7p:SetVariable&gt;
							&lt;L7p:Base64Expression stringValue=&quot;JHtyZXF1ZXN0Lmh0dHAucGFyYW1ldGVyLmRlbGF5fQ==&quot;/&gt;
							&lt;L7p:VariableToSet stringValue=&quot;delay&quot;/&gt;
							&lt;/L7p:SetVariable&gt;
							&lt;L7p:SetVariable&gt;
							&lt;L7p:Base64Expression stringValue=&quot;JHtyZXF1ZXN0Lmh0dHAucGFyYW1ldGVyLnJhbmRvbX0=&quot;/&gt;
							&lt;L7p:VariableToSet stringValue=&quot;random&quot;/&gt;
							&lt;/L7p:SetVariable&gt;
							&lt;wsp:OneOrMore wsp:Usage=&quot;Required&quot;&gt;
							&lt;wsp:All wsp:Usage=&quot;Required&quot;&gt;
								&lt;L7p:ComparisonAssertion&gt;
									&lt;L7p:Expression1 stringValue=&quot;${backend}&quot;/&gt;
									&lt;L7p:Expression2 stringValue=&quot;&quot;/&gt;
									&lt;L7p:ExpressionIsVariable booleanValue=&quot;false&quot;/&gt;
									&lt;L7p:Negate booleanValue=&quot;true&quot;/&gt;
									&lt;L7p:Operator operator=&quot;EMPTY&quot;/&gt;
									&lt;L7p:Predicates predicates=&quot;included&quot;&gt;
										&lt;L7p:item binary=&quot;included&quot;&gt;
											&lt;L7p:Negated booleanValue=&quot;true&quot;/&gt;
											&lt;L7p:Operator operator=&quot;EMPTY&quot;/&gt;
											&lt;L7p:RightValue stringValue=&quot;&quot;/&gt;
										&lt;/L7p:item&gt;
									&lt;/L7p:Predicates&gt;
								&lt;/L7p:ComparisonAssertion&gt;
								&lt;L7p:ComparisonAssertion&gt;
									&lt;L7p:CaseSensitive booleanValue=&quot;false&quot;/&gt;
									&lt;L7p:Expression1 stringValue=&quot;${delay}&quot;/&gt;
									&lt;L7p:ExpressionIsVariable booleanValue=&quot;false&quot;/&gt;
									&lt;L7p:Operator operatorNull=&quot;null&quot;/&gt;
									&lt;L7p:Predicates predicates=&quot;included&quot;&gt;
										&lt;L7p:item binary=&quot;included&quot;&gt;
											&lt;L7p:Negated booleanValue=&quot;true&quot;/&gt;
											&lt;L7p:Operator operator=&quot;EMPTY&quot;/&gt;
											&lt;L7p:RightValue stringValue=&quot;&quot;/&gt;
										&lt;/L7p:item&gt;
										&lt;L7p:item binary=&quot;included&quot;&gt;
											&lt;L7p:Operator operator=&quot;GT&quot;/&gt;
											&lt;L7p:RightValue stringValue=&quot;0&quot;/&gt;
										&lt;/L7p:item&gt;
									&lt;/L7p:Predicates&gt;
								&lt;/L7p:ComparisonAssertion&gt;
								&lt;wsp:OneOrMore wsp:Usage=&quot;Required&quot;&gt;
									&lt;wsp:All wsp:Usage=&quot;Required&quot;&gt;
										&lt;L7p:ComparisonAssertion&gt;
											&lt;L7p:CaseSensitive booleanValue=&quot;false&quot;/&gt;
											&lt;L7p:Expression1 stringValue=&quot;${random}&quot;/&gt;
											&lt;L7p:ExpressionIsVariable booleanValue=&quot;false&quot;/&gt;
											&lt;L7p:Operator operatorNull=&quot;null&quot;/&gt;
											&lt;L7p:Predicates predicates=&quot;included&quot;&gt;
												&lt;L7p:item binary=&quot;included&quot;&gt;
													&lt;L7p:Negated booleanValue=&quot;true&quot;/&gt;
													&lt;L7p:Operator operator=&quot;EMPTY&quot;/&gt;
													&lt;L7p:RightValue stringValue=&quot;&quot;/&gt;
												&lt;/L7p:item&gt;
												&lt;L7p:item binary=&quot;included&quot;&gt;
													&lt;L7p:RightValue stringValue=&quot;true&quot;/&gt;
												&lt;/L7p:item&gt;
											&lt;/L7p:Predicates&gt;
										&lt;/L7p:ComparisonAssertion&gt;
										&lt;L7p:SetVariable&gt;
											&lt;L7p:AssertionComment assertionComment=&quot;included&quot;&gt;
												&lt;L7p:Properties mapValue=&quot;included&quot;&gt;
													&lt;L7p:entry&gt;
													&lt;L7p:key stringValue=&quot;RIGHT.COMMENT&quot;/&gt;
													&lt;L7p:value stringValue=&quot;This controls delay length. Currenly this maxes out at 2 byte unsigned integer.&quot;/&gt;
													&lt;/L7p:entry&gt;
												&lt;/L7p:Properties&gt;
											&lt;/L7p:AssertionComment&gt;
											&lt;L7p:Base64Expression stringValue=&quot;JHtnYXRld2F5LnJhbmRvbS4yLnVuc2lnbmVkfQ==&quot;/&gt;
											&lt;L7p:VariableToSet stringValue=&quot;randomDelay&quot;/&gt;
										&lt;/L7p:SetVariable&gt;
										&lt;L7p:Http2Routing&gt;
											&lt;L7p:Http2ClientConfigName stringValue=&quot;&amp;lt;Default Config&gt;&quot;/&gt;
											&lt;L7p:ProtectedServiceUrl stringValue=&quot;http://${backend}:6060/delay?delay=${delay}&quot;/&gt;
										&lt;/L7p:Http2Routing&gt;
									&lt;/wsp:All&gt;
									&lt;L7p:Http2Routing&gt;
										&lt;L7p:Http2ClientConfigName stringValue=&quot;&amp;lt;Default Config&gt;&quot;/&gt;
										&lt;L7p:ProtectedServiceUrl stringValue=&quot;http://${backend}:6060/delay?delay=${delay}&quot;/&gt;
									&lt;/L7p:Http2Routing&gt;
								&lt;/wsp:OneOrMore&gt;
								&lt;L7p:SetVariable&gt;
									&lt;L7p:Base64Expression stringValue=&quot;Um91dGluZyBMYXRlbmN5OiAke2h0dHBSb3V0aW5nLmxhdGVuY3l9DQpSZXNwb25zZSBmcm9tIHRoZSBSb3V0ZSBBc3NlcnRpb246ICR7cmVzcG9uc2UubWFpbnBhcnR9&quot;/&gt;
									&lt;L7p:VariableToSet stringValue=&quot;returnMessage&quot;/&gt;
								&lt;/L7p:SetVariable&gt;
								&lt;L7p:SetVariable&gt;
									&lt;L7p:Base64Expression stringValue=&quot;MjAw&quot;/&gt;
									&lt;L7p:DataType variableDataType=&quot;int&quot;/&gt;
									&lt;L7p:VariableToSet stringValue=&quot;returnCode&quot;/&gt;
								&lt;/L7p:SetVariable&gt;
							&lt;/wsp:All&gt;
							&lt;L7p:SetVariable&gt;
								&lt;L7p:Base64Expression stringValue=&quot;VGhlIGJhY2tlbmQgb3IgZGVsYXkgSFRUUCBwYXJhbWV0ZXIgd2VyZSBub3Qgc2V0IGNvcnJlY3RseSBvciB0aGUgcm91dGUgZmFpbGVk&quot;/&gt;
								&lt;L7p:VariableToSet stringValue=&quot;returnMessage&quot;/&gt;
							&lt;/L7p:SetVariable&gt;
							&lt;L7p:SetVariable&gt;
								&lt;L7p:Base64Expression stringValue=&quot;NTAw&quot;/&gt;
								&lt;L7p:DataType variableDataType=&quot;int&quot;/&gt;
								&lt;L7p:VariableToSet stringValue=&quot;returnCode&quot;/&gt;
							&lt;/L7p:SetVariable&gt;
							&lt;/wsp:OneOrMore&gt;
							&lt;/wsp:All&gt;
							&lt;/wsp:Policy&gt;
							</l7:Resource>
						</l7:ResourceSet>
					</l7:Resources>
				</l7:Policy>
			</l7:Resource>
		</l7:Item>
		<l7:Item>
			<l7:Name>route - to tls12 http2 backend</l7:Name>
			<l7:Id>d2fa89d89c7bad79d78c8911f74e0108</l7:Id>
			<l7:Type>POLICY</l7:Type>
			<l7:TimeStamp>2020-10-20T03:09:05.563-07:00</l7:TimeStamp>
			<l7:Resource>
				<l7:Policy guid="64d4c203-b691-41e3-a6b4-e8774f7ac99a" id="d2fa89d89c7bad79d78c8911f74e0108" version="2">
					<l7:PolicyDetail folderId="c45657033a1a2f683672b349d6a720ea" guid="64d4c203-b691-41e3-a6b4-e8774f7ac99a" id="d2fa89d89c7bad79d78c8911f74e0108" version="2">
						<l7:Name>route - to tls12 http2 backend</l7:Name>
						<l7:PolicyType>Include</l7:PolicyType>
						<l7:Properties>
							<l7:Property key="hasRouting">
								<l7:BooleanValue>true</l7:BooleanValue>
							</l7:Property>
							<l7:Property key="revision">
								<l7:LongValue>3</l7:LongValue>
							</l7:Property>
							<l7:Property key="soap">
								<l7:BooleanValue>false</l7:BooleanValue>
							</l7:Property>
						</l7:Properties>
					</l7:PolicyDetail>
					<l7:Resources>
						<l7:ResourceSet tag="policy">
							<l7:Resource type="policy">&lt;?xml version=&quot;1.0&quot; encoding=&quot;UTF-8&quot;?&gt;
							&lt;wsp:Policy xmlns:L7p=&quot;http://www.layer7tech.com/ws/policy&quot; xmlns:wsp=&quot;http://schemas.xmlsoap.org/ws/2002/12/policy&quot;&gt;
							&lt;wsp:All wsp:Usage=&quot;Required&quot;&gt;
							&lt;L7p:SetVariable&gt;
								&lt;L7p:Base64Expression stringValue=&quot;JHtyZXF1ZXN0Lmh0dHAucGFyYW1ldGVyLmJhY2tlbmR9&quot;/&gt;
								&lt;L7p:VariableToSet stringValue=&quot;backend&quot;/&gt;
							&lt;/L7p:SetVariable&gt;
							&lt;L7p:SetVariable&gt;
								&lt;L7p:Base64Expression stringValue=&quot;JHtyZXF1ZXN0Lmh0dHAucGFyYW1ldGVyLmRlbGF5fQ==&quot;/&gt;
								&lt;L7p:VariableToSet stringValue=&quot;delay&quot;/&gt;
							&lt;/L7p:SetVariable&gt;
							&lt;L7p:SetVariable&gt;
								&lt;L7p:Base64Expression stringValue=&quot;JHtyZXF1ZXN0Lmh0dHAucGFyYW1ldGVyLnJhbmRvbX0=&quot;/&gt;
								&lt;L7p:VariableToSet stringValue=&quot;random&quot;/&gt;
							&lt;/L7p:SetVariable&gt;
							&lt;wsp:OneOrMore wsp:Usage=&quot;Required&quot;&gt;
								&lt;wsp:All wsp:Usage=&quot;Required&quot;&gt;
									&lt;L7p:ComparisonAssertion&gt;
										&lt;L7p:Expression1 stringValue=&quot;${backend}&quot;/&gt;
										&lt;L7p:Expression2 stringValue=&quot;&quot;/&gt;
										&lt;L7p:ExpressionIsVariable booleanValue=&quot;false&quot;/&gt;
										&lt;L7p:Negate booleanValue=&quot;true&quot;/&gt;
										&lt;L7p:Operator operator=&quot;EMPTY&quot;/&gt;
										&lt;L7p:Predicates predicates=&quot;included&quot;&gt;
											&lt;L7p:item binary=&quot;included&quot;&gt;
												&lt;L7p:Negated booleanValue=&quot;true&quot;/&gt;
												&lt;L7p:Operator operator=&quot;EMPTY&quot;/&gt;
												&lt;L7p:RightValue stringValue=&quot;&quot;/&gt;
											&lt;/L7p:item&gt;
										&lt;/L7p:Predicates&gt;
									&lt;/L7p:ComparisonAssertion&gt;
									&lt;L7p:ComparisonAssertion&gt;
										&lt;L7p:CaseSensitive booleanValue=&quot;false&quot;/&gt;
										&lt;L7p:Expression1 stringValue=&quot;${delay}&quot;/&gt;
										&lt;L7p:ExpressionIsVariable booleanValue=&quot;false&quot;/&gt;
										&lt;L7p:Operator operatorNull=&quot;null&quot;/&gt;
										&lt;L7p:Predicates predicates=&quot;included&quot;&gt;
											&lt;L7p:item binary=&quot;included&quot;&gt;
												&lt;L7p:Negated booleanValue=&quot;true&quot;/&gt;
												&lt;L7p:Operator operator=&quot;EMPTY&quot;/&gt;
												&lt;L7p:RightValue stringValue=&quot;&quot;/&gt;
											&lt;/L7p:item&gt;
											&lt;L7p:item binary=&quot;included&quot;&gt;
												&lt;L7p:Operator operator=&quot;GT&quot;/&gt;
												&lt;L7p:RightValue stringValue=&quot;0&quot;/&gt;
											&lt;/L7p:item&gt;
										&lt;/L7p:Predicates&gt;
									&lt;/L7p:ComparisonAssertion&gt;
									&lt;wsp:OneOrMore wsp:Usage=&quot;Required&quot;&gt;
										&lt;wsp:All wsp:Usage=&quot;Required&quot;&gt;
											&lt;L7p:ComparisonAssertion&gt;
												&lt;L7p:CaseSensitive booleanValue=&quot;false&quot;/&gt;
												&lt;L7p:Expression1 stringValue=&quot;${random}&quot;/&gt;
												&lt;L7p:ExpressionIsVariable booleanValue=&quot;false&quot;/&gt;
												&lt;L7p:Operator operatorNull=&quot;null&quot;/&gt;
												&lt;L7p:Predicates predicates=&quot;included&quot;&gt;
													&lt;L7p:item binary=&quot;included&quot;&gt;
														&lt;L7p:Negated booleanValue=&quot;true&quot;/&gt;
														&lt;L7p:Operator operator=&quot;EMPTY&quot;/&gt;
														&lt;L7p:RightValue stringValue=&quot;&quot;/&gt;
													&lt;/L7p:item&gt;
													&lt;L7p:item binary=&quot;included&quot;&gt;
														&lt;L7p:RightValue stringValue=&quot;true&quot;/&gt;
													&lt;/L7p:item&gt;
												&lt;/L7p:Predicates&gt;
											&lt;/L7p:ComparisonAssertion&gt;
											&lt;L7p:SetVariable&gt;
												&lt;L7p:AssertionComment assertionComment=&quot;included&quot;&gt;
													&lt;L7p:Properties mapValue=&quot;included&quot;&gt;
														&lt;L7p:entry&gt;
														&lt;L7p:key stringValue=&quot;RIGHT.COMMENT&quot;/&gt;
														&lt;L7p:value stringValue=&quot;This controls delay length. Currenly this maxes out at 2 byte unsigned integer.&quot;/&gt;
														&lt;/L7p:entry&gt;
													&lt;/L7p:Properties&gt;
												&lt;/L7p:AssertionComment&gt;
												&lt;L7p:Base64Expression stringValue=&quot;JHtnYXRld2F5LnJhbmRvbS4yLnVuc2lnbmVkfQ==&quot;/&gt;
												&lt;L7p:VariableToSet stringValue=&quot;randomDelay&quot;/&gt;
											&lt;/L7p:SetVariable&gt;
											&lt;L7p:Http2Routing&gt;
												&lt;L7p:Http2ClientConfigGoid goidValue=&quot;d2fa89d89c7bad79d78c8911f74e017f&quot;/&gt;
												&lt;L7p:Http2ClientConfigName stringValue=&quot;HTTP2 Secure TLS1.2&quot;/&gt;
												&lt;L7p:ProtectedServiceUrl stringValue=&quot;https://${backend}:6443/delay?delay=${delay}&quot;/&gt;
											&lt;/L7p:Http2Routing&gt;
										&lt;/wsp:All&gt;
										&lt;L7p:Http2Routing&gt;
											&lt;L7p:Http2ClientConfigGoid goidValue=&quot;d2fa89d89c7bad79d78c8911f74e017f&quot;/&gt;
											&lt;L7p:Http2ClientConfigName stringValue=&quot;HTTP2 Secure TLS1.2&quot;/&gt;
											&lt;L7p:ProtectedServiceUrl stringValue=&quot;https://${backend}:6443/delay?delay=${delay}&quot;/&gt;
										&lt;/L7p:Http2Routing&gt;
									&lt;/wsp:OneOrMore&gt;
									&lt;L7p:SetVariable&gt;
										&lt;L7p:Base64Expression stringValue=&quot;Um91dGluZyBMYXRlbmN5OiAke2h0dHBSb3V0aW5nLmxhdGVuY3l9DQpSZXNwb25zZSBmcm9tIHRoZSBSb3V0ZSBBc3NlcnRpb246ICR7cmVzcG9uc2UubWFpbnBhcnR9&quot;/&gt;
										&lt;L7p:VariableToSet stringValue=&quot;returnMessage&quot;/&gt;
									&lt;/L7p:SetVariable&gt;
									&lt;L7p:SetVariable&gt;
										&lt;L7p:Base64Expression stringValue=&quot;MjAw&quot;/&gt;
										&lt;L7p:DataType variableDataType=&quot;int&quot;/&gt;
										&lt;L7p:VariableToSet stringValue=&quot;returnCode&quot;/&gt;
									&lt;/L7p:SetVariable&gt;
								&lt;/wsp:All&gt;
								&lt;L7p:SetVariable&gt;
									&lt;L7p:Base64Expression stringValue=&quot;VGhlIGJhY2tlbmQgb3IgZGVsYXkgSFRUUCBwYXJhbWV0ZXIgd2VyZSBub3Qgc2V0IGNvcnJlY3RseSBvciB0aGUgcm91dGUgZmFpbGVk&quot;/&gt;
									&lt;L7p:VariableToSet stringValue=&quot;returnMessage&quot;/&gt;
								&lt;/L7p:SetVariable&gt;
								&lt;L7p:SetVariable&gt;
									&lt;L7p:Base64Expression stringValue=&quot;NTAw&quot;/&gt;
									&lt;L7p:DataType variableDataType=&quot;int&quot;/&gt;
									&lt;L7p:VariableToSet stringValue=&quot;returnCode&quot;/&gt;
								&lt;/L7p:SetVariable&gt;
							&lt;/wsp:OneOrMore&gt;
							&lt;/wsp:All&gt;
							&lt;/wsp:Policy&gt;
							</l7:Resource>
						</l7:ResourceSet>
					</l7:Resources>
				</l7:Policy>
			</l7:Resource>
		</l7:Item>
		<l7:Item>
			<l7:Name>route - to http2 tls12 backend</l7:Name>
			<l7:Id>d2fa89d89c7bad79d78c8911f74e01b4</l7:Id>
			<l7:Type>SERVICE</l7:Type>
			<l7:TimeStamp>2020-10-20T03:09:05.569-07:00</l7:TimeStamp>
			<l7:Resource>
				<l7:Service id="d2fa89d89c7bad79d78c8911f74e01b4" version="2">
					<l7:ServiceDetail folderId="c45657033a1a2f683672b349d6a721c7" id="d2fa89d89c7bad79d78c8911f74e01b4" version="2">
						<l7:Name>route - to http2 tls12 backend</l7:Name>
						<l7:Enabled>true</l7:Enabled>
						<l7:ServiceMappings>
							<l7:HttpMapping>
								<l7:UrlPattern>/test/routeHttp2Tls12/delay</l7:UrlPattern>
								<l7:Verbs>
									<l7:Verb>GET</l7:Verb>
									<l7:Verb>POST</l7:Verb>
									<l7:Verb>PUT</l7:Verb>
									<l7:Verb>DELETE</l7:Verb>
								</l7:Verbs>
							</l7:HttpMapping>
						</l7:ServiceMappings>
						<l7:Properties>
							<l7:Property key="hasRouting">
								<l7:BooleanValue>false</l7:BooleanValue>
							</l7:Property>
							<l7:Property key="internal">
								<l7:BooleanValue>false</l7:BooleanValue>
							</l7:Property>
							<l7:Property key="policyRevision">
								<l7:LongValue>2</l7:LongValue>
							</l7:Property>
							<l7:Property key="soap">
								<l7:BooleanValue>false</l7:BooleanValue>
							</l7:Property>
							<l7:Property key="tracingEnabled">
								<l7:BooleanValue>false</l7:BooleanValue>
							</l7:Property>
							<l7:Property key="wssProcessingEnabled">
								<l7:BooleanValue>false</l7:BooleanValue>
							</l7:Property>
						</l7:Properties>
					</l7:ServiceDetail>
					<l7:Resources>
						<l7:ResourceSet tag="policy">
							<l7:Resource type="policy" version="1">&lt;?xml version=&quot;1.0&quot; encoding=&quot;UTF-8&quot;?&gt;
							&lt;wsp:Policy xmlns:L7p=&quot;http://www.layer7tech.com/ws/policy&quot; xmlns:wsp=&quot;http://schemas.xmlsoap.org/ws/2002/12/policy&quot;&gt;
							&lt;wsp:All wsp:Usage=&quot;Required&quot;&gt;
							&lt;L7p:Include&gt;
								&lt;L7p:PolicyGuid stringValue=&quot;64d4c203-b691-41e3-a6b4-e8774f7ac99a&quot;/&gt;
							&lt;/L7p:Include&gt;
							&lt;/wsp:All&gt;
							&lt;/wsp:Policy&gt;
							</l7:Resource>
						</l7:ResourceSet>
					</l7:Resources>
				</l7:Service>
			</l7:Resource>
		</l7:Item>
		<l7:Item>
			<l7:Name>route - to tls13 http2 backend</l7:Name>
			<l7:Id>d2fa89d89c7bad79d78c8911f74e011c</l7:Id>
			<l7:Type>POLICY</l7:Type>
			<l7:TimeStamp>2020-10-20T03:12:31.084-07:00</l7:TimeStamp>
			<l7:Resource>
				<l7:Policy guid="bc3a3e82-5c5c-4cb9-905b-e226b0418083" id="d2fa89d89c7bad79d78c8911f74e011c" version="3">
					<l7:PolicyDetail folderId="c45657033a1a2f683672b349d6a720ea" guid="bc3a3e82-5c5c-4cb9-905b-e226b0418083" id="d2fa89d89c7bad79d78c8911f74e011c" version="3">
						<l7:Name>route - to tls13 http2 backend</l7:Name>
						<l7:PolicyType>Include</l7:PolicyType>
						<l7:Properties>
							<l7:Property key="hasRouting">
								<l7:BooleanValue>true</l7:BooleanValue>
							</l7:Property>
							<l7:Property key="revision">
								<l7:LongValue>4</l7:LongValue>
							</l7:Property>
							<l7:Property key="soap">
								<l7:BooleanValue>false</l7:BooleanValue>
							</l7:Property>
						</l7:Properties>
					</l7:PolicyDetail>
					<l7:Resources>
						<l7:ResourceSet tag="policy">
							<l7:Resource type="policy">&lt;?xml version=&quot;1.0&quot; encoding=&quot;UTF-8&quot;?&gt;
							&lt;wsp:Policy xmlns:L7p=&quot;http://www.layer7tech.com/ws/policy&quot; xmlns:wsp=&quot;http://schemas.xmlsoap.org/ws/2002/12/policy&quot;&gt;
							&lt;wsp:All wsp:Usage=&quot;Required&quot;&gt;
							&lt;L7p:SetVariable&gt;
								&lt;L7p:Base64Expression stringValue=&quot;JHtyZXF1ZXN0Lmh0dHAucGFyYW1ldGVyLmJhY2tlbmR9&quot;/&gt;
								&lt;L7p:VariableToSet stringValue=&quot;backend&quot;/&gt;
							&lt;/L7p:SetVariable&gt;
							&lt;L7p:SetVariable&gt;
								&lt;L7p:Base64Expression stringValue=&quot;JHtyZXF1ZXN0Lmh0dHAucGFyYW1ldGVyLmRlbGF5fQ==&quot;/&gt;
								&lt;L7p:VariableToSet stringValue=&quot;delay&quot;/&gt;
							&lt;/L7p:SetVariable&gt;
							&lt;L7p:SetVariable&gt;
								&lt;L7p:Base64Expression stringValue=&quot;JHtyZXF1ZXN0Lmh0dHAucGFyYW1ldGVyLnJhbmRvbX0=&quot;/&gt;
								&lt;L7p:VariableToSet stringValue=&quot;random&quot;/&gt;
							&lt;/L7p:SetVariable&gt;
							&lt;wsp:OneOrMore wsp:Usage=&quot;Required&quot;&gt;
								&lt;wsp:All wsp:Usage=&quot;Required&quot;&gt;
									&lt;L7p:ComparisonAssertion&gt;
										&lt;L7p:Expression1 stringValue=&quot;${backend}&quot;/&gt;
										&lt;L7p:Expression2 stringValue=&quot;&quot;/&gt;
										&lt;L7p:ExpressionIsVariable booleanValue=&quot;false&quot;/&gt;
										&lt;L7p:Negate booleanValue=&quot;true&quot;/&gt;
										&lt;L7p:Operator operator=&quot;EMPTY&quot;/&gt;
										&lt;L7p:Predicates predicates=&quot;included&quot;&gt;
											&lt;L7p:item binary=&quot;included&quot;&gt;
												&lt;L7p:Negated booleanValue=&quot;true&quot;/&gt;
												&lt;L7p:Operator operator=&quot;EMPTY&quot;/&gt;
												&lt;L7p:RightValue stringValue=&quot;&quot;/&gt;
											&lt;/L7p:item&gt;
										&lt;/L7p:Predicates&gt;
									&lt;/L7p:ComparisonAssertion&gt;
									&lt;L7p:ComparisonAssertion&gt;
										&lt;L7p:CaseSensitive booleanValue=&quot;false&quot;/&gt;
										&lt;L7p:Expression1 stringValue=&quot;${delay}&quot;/&gt;
										&lt;L7p:ExpressionIsVariable booleanValue=&quot;false&quot;/&gt;
										&lt;L7p:Operator operatorNull=&quot;null&quot;/&gt;
										&lt;L7p:Predicates predicates=&quot;included&quot;&gt;
											&lt;L7p:item binary=&quot;included&quot;&gt;
												&lt;L7p:Negated booleanValue=&quot;true&quot;/&gt;
												&lt;L7p:Operator operator=&quot;EMPTY&quot;/&gt;
												&lt;L7p:RightValue stringValue=&quot;&quot;/&gt;
											&lt;/L7p:item&gt;
											&lt;L7p:item binary=&quot;included&quot;&gt;
												&lt;L7p:Operator operator=&quot;GT&quot;/&gt;
												&lt;L7p:RightValue stringValue=&quot;0&quot;/&gt;
											&lt;/L7p:item&gt;
										&lt;/L7p:Predicates&gt;
									&lt;/L7p:ComparisonAssertion&gt;
									&lt;wsp:OneOrMore wsp:Usage=&quot;Required&quot;&gt;
										&lt;wsp:All wsp:Usage=&quot;Required&quot;&gt;
											&lt;L7p:ComparisonAssertion&gt;
												&lt;L7p:CaseSensitive booleanValue=&quot;false&quot;/&gt;
												&lt;L7p:Expression1 stringValue=&quot;${random}&quot;/&gt;
												&lt;L7p:ExpressionIsVariable booleanValue=&quot;false&quot;/&gt;
												&lt;L7p:Operator operatorNull=&quot;null&quot;/&gt;
												&lt;L7p:Predicates predicates=&quot;included&quot;&gt;
													&lt;L7p:item binary=&quot;included&quot;&gt;
														&lt;L7p:Negated booleanValue=&quot;true&quot;/&gt;
														&lt;L7p:Operator operator=&quot;EMPTY&quot;/&gt;
														&lt;L7p:RightValue stringValue=&quot;&quot;/&gt;
													&lt;/L7p:item&gt;
													&lt;L7p:item binary=&quot;included&quot;&gt;
														&lt;L7p:RightValue stringValue=&quot;true&quot;/&gt;
													&lt;/L7p:item&gt;
												&lt;/L7p:Predicates&gt;
											&lt;/L7p:ComparisonAssertion&gt;
											&lt;L7p:SetVariable&gt;
												&lt;L7p:AssertionComment assertionComment=&quot;included&quot;&gt;
													&lt;L7p:Properties mapValue=&quot;included&quot;&gt;
														&lt;L7p:entry&gt;
														&lt;L7p:key stringValue=&quot;RIGHT.COMMENT&quot;/&gt;
														&lt;L7p:value stringValue=&quot;This controls delay length. Currenly this maxes out at 2 byte unsigned integer.&quot;/&gt;
														&lt;/L7p:entry&gt;
													&lt;/L7p:Properties&gt;
												&lt;/L7p:AssertionComment&gt;
												&lt;L7p:Base64Expression stringValue=&quot;JHtnYXRld2F5LnJhbmRvbS4yLnVuc2lnbmVkfQ==&quot;/&gt;
												&lt;L7p:VariableToSet stringValue=&quot;randomDelay&quot;/&gt;
											&lt;/L7p:SetVariable&gt;
											&lt;L7p:Http2Routing&gt;
												&lt;L7p:Http2ClientConfigGoid goidValue=&quot;d2fa89d89c7bad79d78c8911f74e01a3&quot;/&gt;
												&lt;L7p:Http2ClientConfigName stringValue=&quot;Http2 Secure TLS1.3&quot;/&gt;
												&lt;L7p:ProtectedServiceUrl stringValue=&quot;https://${backend}:7443/delay?delay=${delay}&quot;/&gt;
											&lt;/L7p:Http2Routing&gt;
										&lt;/wsp:All&gt;
										&lt;L7p:Http2Routing&gt;
											&lt;L7p:Http2ClientConfigGoid goidValue=&quot;d2fa89d89c7bad79d78c8911f74e01a3&quot;/&gt;
											&lt;L7p:Http2ClientConfigName stringValue=&quot;Http2 Secure TLS1.3&quot;/&gt;
											&lt;L7p:ProtectedServiceUrl stringValue=&quot;https://${backend}:7443/delay?delay=${delay}&quot;/&gt;
										&lt;/L7p:Http2Routing&gt;
									&lt;/wsp:OneOrMore&gt;
									&lt;L7p:SetVariable&gt;
										&lt;L7p:Base64Expression stringValue=&quot;Um91dGluZyBMYXRlbmN5OiAke2h0dHBSb3V0aW5nLmxhdGVuY3l9DQpSZXNwb25zZSBmcm9tIHRoZSBSb3V0ZSBBc3NlcnRpb246ICR7cmVzcG9uc2UubWFpbnBhcnR9&quot;/&gt;
										&lt;L7p:VariableToSet stringValue=&quot;returnMessage&quot;/&gt;
									&lt;/L7p:SetVariable&gt;
									&lt;L7p:SetVariable&gt;
										&lt;L7p:Base64Expression stringValue=&quot;MjAw&quot;/&gt;
										&lt;L7p:DataType variableDataType=&quot;int&quot;/&gt;
										&lt;L7p:VariableToSet stringValue=&quot;returnCode&quot;/&gt;
									&lt;/L7p:SetVariable&gt;
								&lt;/wsp:All&gt;
								&lt;L7p:SetVariable&gt;
									&lt;L7p:Base64Expression stringValue=&quot;VGhlIGJhY2tlbmQgb3IgZGVsYXkgSFRUUCBwYXJhbWV0ZXIgd2VyZSBub3Qgc2V0IGNvcnJlY3RseSBvciB0aGUgcm91dGUgZmFpbGVk&quot;/&gt;
									&lt;L7p:VariableToSet stringValue=&quot;returnMessage&quot;/&gt;
								&lt;/L7p:SetVariable&gt;
								&lt;L7p:SetVariable&gt;
									&lt;L7p:Base64Expression stringValue=&quot;NTAw&quot;/&gt;
									&lt;L7p:DataType variableDataType=&quot;int&quot;/&gt;
									&lt;L7p:VariableToSet stringValue=&quot;returnCode&quot;/&gt;
								&lt;/L7p:SetVariable&gt;
							&lt;/wsp:OneOrMore&gt;
							&lt;/wsp:All&gt;
							&lt;/wsp:Policy&gt;
							</l7:Resource>
						</l7:ResourceSet>
					</l7:Resources>
				</l7:Policy>
			</l7:Resource>
		</l7:Item>
		<l7:Item>
			<l7:Name>route - to http2 tls13 backend</l7:Name>
			<l7:Id>d2fa89d89c7bad79d78c8911f74e01fe</l7:Id>
			<l7:Type>SERVICE</l7:Type>
			<l7:TimeStamp>2020-10-20T03:12:31.539-07:00</l7:TimeStamp>
			<l7:Resource>
				<l7:Service id="d2fa89d89c7bad79d78c8911f74e01fe" version="2">
					<l7:ServiceDetail folderId="c45657033a1a2f683672b349d6a721c7" id="d2fa89d89c7bad79d78c8911f74e01fe" version="2">
						<l7:Name>route - to http2 tls13 backend</l7:Name>
						<l7:Enabled>true</l7:Enabled>
						<l7:ServiceMappings>
							<l7:HttpMapping>
								<l7:UrlPattern>/test/routeHttp2Tls13/delay</l7:UrlPattern>
								<l7:Verbs>
									<l7:Verb>GET</l7:Verb>
									<l7:Verb>POST</l7:Verb>
									<l7:Verb>PUT</l7:Verb>
									<l7:Verb>DELETE</l7:Verb>
								</l7:Verbs>
							</l7:HttpMapping>
						</l7:ServiceMappings>
						<l7:Properties>
							<l7:Property key="hasRouting">
								<l7:BooleanValue>false</l7:BooleanValue>
							</l7:Property>
							<l7:Property key="internal">
								<l7:BooleanValue>false</l7:BooleanValue>
							</l7:Property>
							<l7:Property key="policyRevision">
								<l7:LongValue>2</l7:LongValue>
							</l7:Property>
							<l7:Property key="soap">
								<l7:BooleanValue>false</l7:BooleanValue>
							</l7:Property>
							<l7:Property key="tracingEnabled">
								<l7:BooleanValue>false</l7:BooleanValue>
							</l7:Property>
							<l7:Property key="wssProcessingEnabled">
								<l7:BooleanValue>false</l7:BooleanValue>
							</l7:Property>
						</l7:Properties>
					</l7:ServiceDetail>
					<l7:Resources>
						<l7:ResourceSet tag="policy">
							<l7:Resource type="policy" version="1">&lt;?xml version=&quot;1.0&quot; encoding=&quot;UTF-8&quot;?&gt;
							&lt;wsp:Policy xmlns:L7p=&quot;http://www.layer7tech.com/ws/policy&quot; xmlns:wsp=&quot;http://schemas.xmlsoap.org/ws/2002/12/policy&quot;&gt;
							&lt;wsp:All wsp:Usage=&quot;Required&quot;&gt;
							&lt;L7p:Include&gt;
								&lt;L7p:PolicyGuid stringValue=&quot;bc3a3e82-5c5c-4cb9-905b-e226b0418083&quot;/&gt;
							&lt;/L7p:Include&gt;
							&lt;/wsp:All&gt;
							&lt;/wsp:Policy&gt;
							</l7:Resource>
						</l7:ResourceSet>
					</l7:Resources>
				</l7:Service>
			</l7:Resource>
		</l7:Item>
		<l7:Item>
			<l7:Name>Http2 Secure TLS1.3</l7:Name>
			<l7:Id>d2fa89d89c7bad79d78c8911f74e01a3</l7:Id>
			<l7:Type>GENERIC</l7:Type>
			<l7:TimeStamp>2020-10-20T03:12:30.725-07:00</l7:TimeStamp>
			<l7:Resource>
				<l7:GenericEntity id="d2fa89d89c7bad79d78c8911f74e01a3" version="0">
					<l7:Name>Http2 Secure TLS1.3</l7:Name>
					<l7:Description></l7:Description>
					<l7:EntityClassName>com.l7tech.external.assertions.http2.routing.model.Http2ClientConfigurationEntity</l7:EntityClassName>
					<l7:Enabled>true</l7:Enabled>
					<l7:ValueXml>&lt;?xml version=&quot;1.0&quot; encoding=&quot;UTF-8&quot;?&gt;
					&lt;java version=&quot;1.8.0_272&quot; class=&quot;java.beans.XMLDecoder&quot;&gt;
					 &lt;object class=&quot;com.l7tech.external.assertions.http2.routing.model.Http2ClientConfigurationEntity&quot;&gt;
					  &lt;void property=&quot;description&quot;&gt;
					   &lt;string&gt;&lt;/string&gt;
					  &lt;/void&gt;
					  &lt;void property=&quot;name&quot;&gt;
					   &lt;string&gt;Http2 Secure TLS1.3&lt;/string&gt;
					  &lt;/void&gt;
					  &lt;void property=&quot;tlsVersion&quot;&gt;
					   &lt;string&gt;TLSv1.3&lt;/string&gt;
					  &lt;/void&gt;
					  &lt;void property=&quot;valueXml&quot;&gt;
					   &lt;string&gt;&lt;/string&gt;
					  &lt;/void&gt;
					 &lt;/object&gt;
					&lt;/java&gt;
					</l7:ValueXml>
				</l7:GenericEntity>
			</l7:Resource>
		</l7:Item>
		<l7:Item>
			<l7:Name>HTTP2 Secure TLS1.2</l7:Name>
			<l7:Id>d2fa89d89c7bad79d78c8911f74e017f</l7:Id>
			<l7:Type>GENERIC</l7:Type>
			<l7:TimeStamp>2020-10-20T03:18:50.587-07:00</l7:TimeStamp>
			<l7:Resource>
				<l7:GenericEntity id="d2fa89d89c7bad79d78c8911f74e017f" version="0">
					<l7:Name>HTTP2 Secure TLS1.2</l7:Name>
					<l7:Description></l7:Description>
					<l7:EntityClassName>com.l7tech.external.assertions.http2.routing.model.Http2ClientConfigurationEntity</l7:EntityClassName>
					<l7:Enabled>true</l7:Enabled>
					<l7:ValueXml>&lt;?xml version=&quot;1.0&quot; encoding=&quot;UTF-8&quot;?&gt;
					&lt;java version=&quot;1.8.0_272&quot; class=&quot;java.beans.XMLDecoder&quot;&gt;
					&lt;object class=&quot;com.l7tech.external.assertions.http2.routing.model.Http2ClientConfigurationEntity&quot;&gt;
					&lt;void property=&quot;description&quot;&gt;
					&lt;string&gt;&lt;/string&gt;
					&lt;/void&gt;
					&lt;void property=&quot;name&quot;&gt;
					&lt;string&gt;HTTP2 Secure TLS1.2&lt;/string&gt;
					&lt;/void&gt;
					&lt;void property=&quot;tlsVersion&quot;&gt;
					&lt;string&gt;TLSv1.2&lt;/string&gt;
					&lt;/void&gt;
					&lt;void property=&quot;valueXml&quot;&gt;
					&lt;string&gt;&lt;/string&gt;
					&lt;/void&gt;
					&lt;/object&gt;
					&lt;/java&gt;
					</l7:ValueXml>
				</l7:GenericEntity>
			</l7:Resource>
		</l7:Item>
    </l7:References>
    <l7:Mappings>
        <l7:Mapping action="NewOrExisting" srcId="0000000000000000ffffffffffffec76" srcUri="https://BMSingleNode938852.l7tech.com:8443/restman/1.0/folders/0000000000000000ffffffffffffec76" type="FOLDER">
            <l7:Properties>
                <l7:Property key="FailOnNew">
                    <l7:BooleanValue>true</l7:BooleanValue>
                </l7:Property>
            </l7:Properties>
        </l7:Mapping>
        <l7:Mapping action="NewOrExisting" srcId="71489e6b3f531c24ce7c374951175634" srcUri="https://BMSingleNode938852.l7tech.com:8443/restman/1.0/folders/71489e6b3f531c24ce7c374951175634" type="FOLDER"/>
        <l7:Mapping action="NewOrExisting" srcId="2bcbc0a3e8ba0f534e476d2cd3bdb9f8" srcUri="https://BMSingleNode938852.l7tech.com:8443/restman/1.0/folders/2bcbc0a3e8ba0f534e476d2cd3bdb9f8" type="FOLDER"/>
        <l7:Mapping action="NewOrExisting" srcId="71489e6b3f531c24ce7c374951175676" srcUri="https://BMSingleNode938852.l7tech.com:8443/restman/1.0/folders/71489e6b3f531c24ce7c374951175676" type="FOLDER"/>
        <l7:Mapping action="NewOrExisting" srcId="c45657033a1a2f683672b349d6a9cb5f" srcUri="https://BMSingleNode938852.l7tech.com:8443/restman/1.0/folders/c45657033a1a2f683672b349d6a9cb5f" type="FOLDER"/>
        <l7:Mapping action="NewOrExisting" srcId="c45657033a1a2f683672b349d6a9cba0" srcUri="https://BMSingleNode938852.l7tech.com:8443/restman/1.0/folders/c45657033a1a2f683672b349d6a9cba0" type="FOLDER"/>
        <l7:Mapping action="NewOrExisting" srcId="c45657033a1a2f683672b349d6a9dcef" srcUri="https://BMSingleNode938852.l7tech.com:8443/restman/1.0/folders/c45657033a1a2f683672b349d6a9dcef" type="FOLDER"/>
        <l7:Mapping action="NewOrExisting" srcId="71489e6b3f531c24ce7c37495117573b" srcUri="https://BMSingleNode938852.l7tech.com:8443/restman/1.0/folders/71489e6b3f531c24ce7c37495117573b" type="FOLDER"/>
        <l7:Mapping action="NewOrExisting" srcId="71489e6b3f531c24ce7c37495117577d" srcUri="https://BMSingleNode938852.l7tech.com:8443/restman/1.0/folders/71489e6b3f531c24ce7c37495117577d" type="FOLDER"/>
        <l7:Mapping action="NewOrExisting" srcId="71489e6b3f531c24ce7c3749511757bf" srcUri="https://BMSingleNode938852.l7tech.com:8443/restman/1.0/folders/71489e6b3f531c24ce7c3749511757bf" type="FOLDER"/>
        <l7:Mapping action="NewOrExisting" srcId="71489e6b3f531c24ce7c374951181ae7" srcUri="https://BMSingleNode938852.l7tech.com:8443/restman/1.0/folders/71489e6b3f531c24ce7c374951181ae7" type="FOLDER"/>
        <l7:Mapping action="NewOrExisting" srcId="71489e6b3f531c24ce7c374951182470" srcUri="https://BMSingleNode938852.l7tech.com:8443/restman/1.0/folders/71489e6b3f531c24ce7c374951182470" type="FOLDER"/>
        <l7:Mapping action="NewOrExisting" srcId="71489e6b3f531c24ce7c3749511a05d5" srcUri="https://BMSingleNode938852.l7tech.com:8443/restman/1.0/folders/71489e6b3f531c24ce7c3749511a05d5" type="FOLDER"/>
        <l7:Mapping action="NewOrExisting" srcId="c45657033a1a2f683672b349d6a76045" srcUri="https://BMSingleNode938852.l7tech.com:8443/restman/1.0/folders/c45657033a1a2f683672b349d6a76045" type="FOLDER"/>
        <l7:Mapping action="NewOrExisting" srcId="c45657033a1a2f683672b349d6a76599" srcUri="https://BMSingleNode938852.l7tech.com:8443/restman/1.0/folders/c45657033a1a2f683672b349d6a76599" type="FOLDER"/>
        <l7:Mapping action="NewOrExisting" srcId="71489e6b3f531c24ce7c3749511b069a" srcUri="https://BMSingleNode938852.l7tech.com:8443/restman/1.0/folders/71489e6b3f531c24ce7c3749511b069a" type="FOLDER"/>
        <l7:Mapping action="NewOrExisting" srcId="71489e6b3f531c24ce7c3749511b0be5" srcUri="https://BMSingleNode938852.l7tech.com:8443/restman/1.0/folders/71489e6b3f531c24ce7c3749511b0be5" type="FOLDER"/>
        <l7:Mapping action="NewOrExisting" srcId="71489e6b3f531c24ce7c3749511c1d1d" srcUri="https://BMSingleNode938852.l7tech.com:8443/restman/1.0/folders/71489e6b3f531c24ce7c3749511c1d1d" type="FOLDER"/>
        <l7:Mapping action="NewOrExisting" srcId="7bbaa20c818d93d8cdee010f3051d443" srcUri="https://BMSingleNode938852.l7tech.com:8443/restman/1.0/folders/7bbaa20c818d93d8cdee010f3051d443" type="FOLDER"/>
        <l7:Mapping action="NewOrExisting" srcId="89f8b4e6dc54f3be57cf17a83bb9ac05" srcUri="https://BMSingleNode938852.l7tech.com:8443/restman/1.0/folders/89f8b4e6dc54f3be57cf17a83bb9ac05" type="FOLDER"/>
        <l7:Mapping action="NewOrExisting" srcId="89f8b4e6dc54f3be57cf17a83bb9ac48" srcUri="https://BMSingleNode938852.l7tech.com:8443/restman/1.0/folders/89f8b4e6dc54f3be57cf17a83bb9ac48" type="FOLDER"/>
        <l7:Mapping action="NewOrExisting" srcId="89f8b4e6dc54f3be57cf17a83bb9ac86" srcUri="https://BMSingleNode938852.l7tech.com:8443/restman/1.0/folders/89f8b4e6dc54f3be57cf17a83bb9ac86" type="FOLDER"/>
        <l7:Mapping action="NewOrExisting" srcId="967ef3ce158d563a541d66f83a55902e" srcUri="https://BMSingleNode938852.l7tech.com:8443/restman/1.0/folders/967ef3ce158d563a541d66f83a55902e" type="FOLDER"/>
        <l7:Mapping action="NewOrExisting" srcId="a75021d1d21226a4af3ee792daa0b3be" srcUri="https://BMSingleNode938852.l7tech.com:8443/restman/1.0/folders/a75021d1d21226a4af3ee792daa0b3be" type="FOLDER"/>
        <l7:Mapping action="NewOrExisting" srcId="c45657033a1a2f683672b349d6a721c7" srcUri="https://BMSingleNode938852.l7tech.com:8443/restman/1.0/folders/c45657033a1a2f683672b349d6a721c7" type="FOLDER"/>
        <l7:Mapping action="NewOrExisting" srcId="71489e6b3f531c24ce7c374951182279" srcUri="https://BMSingleNode938852.l7tech.com:8443/restman/1.0/folders/71489e6b3f531c24ce7c374951182279" type="FOLDER">
            <l7:Properties>
                <l7:Property key="FailOnNew">
                    <l7:BooleanValue>true</l7:BooleanValue>
                </l7:Property>
            </l7:Properties>
        </l7:Mapping>
        <l7:Mapping action="NewOrExisting" srcId="71489e6b3f531c24ce7c3749511822e9" srcUri="https://BMSingleNode938852.l7tech.com:8443/restman/1.0/policies/71489e6b3f531c24ce7c3749511822e9" type="POLICY"/>
        <l7:Mapping action="NewOrExisting" srcId="71489e6b3f531c24ce7c3749511822d4" srcUri="https://BMSingleNode938852.l7tech.com:8443/restman/1.0/policies/71489e6b3f531c24ce7c3749511822d4" type="POLICY"/>
        <l7:Mapping action="NewOrExisting" srcId="71489e6b3f531c24ce7c3749511822be" srcUri="https://BMSingleNode938852.l7tech.com:8443/restman/1.0/policies/71489e6b3f531c24ce7c3749511822be" type="POLICY"/>
        <l7:Mapping action="NewOrExisting" srcId="2bcbc0a3e8ba0f534e476d2cd3bdb8f6" srcUri="https://BMSingleNode938852.l7tech.com:8443/restman/1.0/folders/2bcbc0a3e8ba0f534e476d2cd3bdb8f6" type="FOLDER">
            <l7:Properties>
                <l7:Property key="FailOnNew">
                    <l7:BooleanValue>true</l7:BooleanValue>
                </l7:Property>
            </l7:Properties>
        </l7:Mapping>
        <l7:Mapping action="NewOrExisting" srcId="2bcbc0a3e8ba0f534e476d2cd3bdb939" srcUri="https://BMSingleNode938852.l7tech.com:8443/restman/1.0/policies/2bcbc0a3e8ba0f534e476d2cd3bdb939" type="POLICY"/>
        <l7:Mapping action="NewOrExisting" srcId="2bcbc0a3e8ba0f534e476d2cd3bdba66" srcUri="https://BMSingleNode938852.l7tech.com:8443/restman/1.0/services/2bcbc0a3e8ba0f534e476d2cd3bdba66" type="SERVICE"/>
        <l7:Mapping action="NewOrExisting" srcId="c45657033a1a2f683672b349d6a9ce3f" srcUri="https://BMSingleNode938852.l7tech.com:8443/restman/1.0/policies/c45657033a1a2f683672b349d6a9ce3f" type="POLICY"/>
        <l7:Mapping action="NewOrExisting" srcId="0000000000000000fffffffffffffffe" srcUri="https://BMSingleNode938852.l7tech.com:8443/restman/1.0/identityProviders/0000000000000000fffffffffffffffe" type="ID_PROVIDER_CONFIG">
            <l7:Properties>
                <l7:Property key="FailOnNew">
                    <l7:BooleanValue>true</l7:BooleanValue>
                </l7:Property>
            </l7:Properties>
        </l7:Mapping>
        <l7:Mapping action="NewOrExisting" srcId="71489e6b3f531c24ce7c3749511a0618" srcUri="https://BMSingleNode938852.l7tech.com:8443/restman/1.0/folders/71489e6b3f531c24ce7c3749511a0618" type="FOLDER">
            <l7:Properties>
                <l7:Property key="FailOnNew">
                    <l7:BooleanValue>true</l7:BooleanValue>
                </l7:Property>
            </l7:Properties>
        </l7:Mapping>
        <l7:Mapping action="NewOrExisting" srcId="71489e6b3f531c24ce7c3749511a065c" srcUri="https://BMSingleNode938852.l7tech.com:8443/restman/1.0/policies/71489e6b3f531c24ce7c3749511a065c" type="POLICY"/>
        <l7:Mapping action="NewOrExisting" srcId="00000000000000000000000000000002:SSL" srcUri="https://BMSingleNode938852.l7tech.com:8443/restman/1.0/privateKeys/00000000000000000000000000000002:SSL" type="SSG_KEY_ENTRY">
            <l7:Properties>
                <l7:Property key="FailOnNew">
                    <l7:BooleanValue>true</l7:BooleanValue>
                </l7:Property>
            </l7:Properties>
        </l7:Mapping>
        <l7:Mapping action="NewOrExisting" srcId="c45657033a1a2f683672b349d6a9ca4d" srcUri="https://BMSingleNode938852.l7tech.com:8443/restman/1.0/folders/c45657033a1a2f683672b349d6a9ca4d" type="FOLDER">
            <l7:Properties>
                <l7:Property key="FailOnNew">
                    <l7:BooleanValue>true</l7:BooleanValue>
                </l7:Property>
            </l7:Properties>
        </l7:Mapping>
        <l7:Mapping action="NewOrExisting" srcId="c45657033a1a2f683672b349d6a9ca92" srcUri="https://BMSingleNode938852.l7tech.com:8443/restman/1.0/policies/c45657033a1a2f683672b349d6a9ca92" type="POLICY"/>
        <l7:Mapping action="NewOrExisting" srcId="c45657033a1a2f683672b349d6a9cb1c" srcUri="https://BMSingleNode938852.l7tech.com:8443/restman/1.0/services/c45657033a1a2f683672b349d6a9cb1c" type="SERVICE"/>
        <l7:Mapping action="NewOrExisting" srcId="c45657033a1a2f683672b349d6a9dd30" srcUri="https://BMSingleNode938852.l7tech.com:8443/restman/1.0/folders/c45657033a1a2f683672b349d6a9dd30" type="FOLDER">
            <l7:Properties>
                <l7:Property key="FailOnNew">
                    <l7:BooleanValue>true</l7:BooleanValue>
                </l7:Property>
            </l7:Properties>
        </l7:Mapping>
        <l7:Mapping action="NewOrExisting" srcId="c45657033a1a2f683672b349d6a9dd76" srcUri="https://BMSingleNode938852.l7tech.com:8443/restman/1.0/policies/c45657033a1a2f683672b349d6a9dd76" type="POLICY"/>
        <l7:Mapping action="NewOrExisting" srcId="c45657033a1a2f683672b349d6a9ddac" srcUri="https://BMSingleNode938852.l7tech.com:8443/restman/1.0/services/c45657033a1a2f683672b349d6a9ddac" type="SERVICE"/>
        <l7:Mapping action="NewOrExisting" srcId="71489e6b3f531c24ce7c3749511811f1" srcUri="https://BMSingleNode938852.l7tech.com:8443/restman/1.0/services/71489e6b3f531c24ce7c3749511811f1" type="SERVICE"/>
        <l7:Mapping action="Ignore" type="JDBC_CONNECTION">
            <l7:Properties>
                <l7:Property key="MapBy">
                    <l7:StringValue>name</l7:StringValue>
                </l7:Property>
                <l7:Property key="MapTo">
                    <l7:StringValue>${connection}</l7:StringValue>
                </l7:Property>
            </l7:Properties>
        </l7:Mapping>
        <l7:Mapping action="NewOrExisting" srcId="71489e6b3f531c24ce7c3749511939a9" srcUri="https://BMSingleNode938852.l7tech.com:8443/restman/1.0/folders/71489e6b3f531c24ce7c3749511939a9" type="FOLDER">
            <l7:Properties>
                <l7:Property key="FailOnNew">
                    <l7:BooleanValue>true</l7:BooleanValue>
                </l7:Property>
            </l7:Properties>
        </l7:Mapping>
        <l7:Mapping action="NewOrExisting" srcId="71489e6b3f531c24ce7c3749511939f5" srcUri="https://BMSingleNode938852.l7tech.com:8443/restman/1.0/policies/71489e6b3f531c24ce7c3749511939f5" type="POLICY"/>
        <l7:Mapping action="NewOrExisting" srcId="71489e6b3f531c24ce7c374951181b2f" srcUri="https://BMSingleNode938852.l7tech.com:8443/restman/1.0/services/71489e6b3f531c24ce7c374951181b2f" type="SERVICE"/>
        <l7:Mapping action="NewOrExisting" srcId="71489e6b3f531c24ce7c37495119f273" srcUri="https://BMSingleNode938852.l7tech.com:8443/restman/1.0/policies/71489e6b3f531c24ce7c37495119f273" type="POLICY"/>
        <l7:Mapping action="NewOrExisting" srcId="71489e6b3f531c24ce7c374951181b7a" srcUri="https://BMSingleNode938852.l7tech.com:8443/restman/1.0/services/71489e6b3f531c24ce7c374951181b7a" type="SERVICE"/>
        <l7:Mapping action="NewOrExisting" srcId="c45657033a1a2f683672b349d6a7a5b0" srcUri="https://BMSingleNode938852.l7tech.com:8443/restman/1.0/policies/c45657033a1a2f683672b349d6a7a5b0" type="POLICY"/>
        <l7:Mapping action="NewOrExisting" srcId="c45657033a1a2f683672b349d6a7aa26" srcUri="https://BMSingleNode938852.l7tech.com:8443/restman/1.0/services/c45657033a1a2f683672b349d6a7aa26" type="SERVICE"/>
        <l7:Mapping action="NewOrExisting" srcId="71489e6b3f531c24ce7c3749511a430b" srcUri="https://BMSingleNode938852.l7tech.com:8443/restman/1.0/folders/71489e6b3f531c24ce7c3749511a430b" type="FOLDER">
            <l7:Properties>
                <l7:Property key="FailOnNew">
                    <l7:BooleanValue>true</l7:BooleanValue>
                </l7:Property>
            </l7:Properties>
        </l7:Mapping>
		<l7:Mapping action="NewOrExisting" srcId="d2fa89d89c7bad79d78c8911f74e01a3" srcUri="https://us704414-ssg1-sec.lvn.broadcom.net:8443/restman/1.0/genericEntities/d2fa89d89c7bad79d78c8911f74e01a3" type="GENERIC"/>
        <l7:Mapping action="NewOrExisting" srcId="71489e6b3f531c24ce7c3749511a8af3" srcUri="https://BMSingleNode938852.l7tech.com:8443/restman/1.0/policies/71489e6b3f531c24ce7c3749511a8af3" type="POLICY"/>
        <l7:Mapping action="NewOrExisting" srcId="71489e6b3f531c24ce7c3749511a8ab3" srcUri="https://BMSingleNode938852.l7tech.com:8443/restman/1.0/policies/71489e6b3f531c24ce7c3749511a8ab3" type="POLICY"/>
        <l7:Mapping action="NewOrExisting" srcId="71489e6b3f531c24ce7c3749511a8ade" srcUri="https://BMSingleNode938852.l7tech.com:8443/restman/1.0/policies/71489e6b3f531c24ce7c3749511a8ade" type="POLICY"/>
        <l7:Mapping action="NewOrExisting" srcId="71489e6b3f531c24ce7c3749511a8ac8" srcUri="https://BMSingleNode938852.l7tech.com:8443/restman/1.0/policies/71489e6b3f531c24ce7c3749511a8ac8" type="POLICY"/>
        <l7:Mapping action="NewOrExisting" srcId="71489e6b3f531c24ce7c3749511a434d" srcUri="https://BMSingleNode938852.l7tech.com:8443/restman/1.0/policies/71489e6b3f531c24ce7c3749511a434d" type="POLICY"/>
        <l7:Mapping action="NewOrExisting" srcId="71489e6b3f531c24ce7c3749511a425f" srcUri="https://BMSingleNode938852.l7tech.com:8443/restman/1.0/services/71489e6b3f531c24ce7c3749511a425f" type="SERVICE"/>
        <l7:Mapping action="NewOrExisting" srcId="71489e6b3f531c24ce7c3749511a8981" srcUri="https://BMSingleNode938852.l7tech.com:8443/restman/1.0/services/71489e6b3f531c24ce7c3749511a8981" type="SERVICE"/>
        <l7:Mapping action="NewOrExisting" srcId="71489e6b3f531c24ce7c3749511a89cf" srcUri="https://BMSingleNode938852.l7tech.com:8443/restman/1.0/services/71489e6b3f531c24ce7c3749511a89cf" type="SERVICE"/>
        <l7:Mapping action="NewOrExisting" srcId="71489e6b3f531c24ce7c3749511a8a1a" srcUri="https://BMSingleNode938852.l7tech.com:8443/restman/1.0/services/71489e6b3f531c24ce7c3749511a8a1a" type="SERVICE"/>
        <l7:Mapping action="NewOrExisting" srcId="71489e6b3f531c24ce7c3749511a8a63" srcUri="https://BMSingleNode938852.l7tech.com:8443/restman/1.0/services/71489e6b3f531c24ce7c3749511a8a63" type="SERVICE"/>
        <l7:Mapping action="NewOrExisting" srcId="c45657033a1a2f683672b349d6a76621" srcUri="https://BMSingleNode938852.l7tech.com:8443/restman/1.0/folders/c45657033a1a2f683672b349d6a76621" type="FOLDER">
            <l7:Properties>
                <l7:Property key="FailOnNew">
                    <l7:BooleanValue>true</l7:BooleanValue>
                </l7:Property>
            </l7:Properties>
        </l7:Mapping>
        <l7:Mapping action="NewOrExisting" srcId="c45657033a1a2f683672b349d6a75a34" srcUri="https://BMSingleNode938852.l7tech.com:8443/restman/1.0/policies/c45657033a1a2f683672b349d6a75a34" type="POLICY"/>
        <l7:Mapping action="NewOrExisting" srcId="c45657033a1a2f683672b349d6a7608e" srcUri="https://BMSingleNode938852.l7tech.com:8443/restman/1.0/services/c45657033a1a2f683672b349d6a7608e" type="SERVICE"/>
        <l7:Mapping action="NewOrExisting" srcId="c45657033a1a2f683672b349d6a76dd7" srcUri="https://BMSingleNode938852.l7tech.com:8443/restman/1.0/policies/c45657033a1a2f683672b349d6a76dd7" type="POLICY"/>
        <l7:Mapping action="NewOrExisting" srcId="c45657033a1a2f683672b349d6a76e30" srcUri="https://BMSingleNode938852.l7tech.com:8443/restman/1.0/services/c45657033a1a2f683672b349d6a76e30" type="SERVICE"/>
        <l7:Mapping action="NewOrExisting" srcId="c45657033a1a2f683672b349d6a76663" srcUri="https://BMSingleNode938852.l7tech.com:8443/restman/1.0/folders/c45657033a1a2f683672b349d6a76663" type="FOLDER">
            <l7:Properties>
                <l7:Property key="FailOnNew">
                    <l7:BooleanValue>true</l7:BooleanValue>
                </l7:Property>
            </l7:Properties>
        </l7:Mapping>
        <l7:Mapping action="NewOrExisting" srcId="c45657033a1a2f683672b349d6a766a5" srcUri="https://BMSingleNode938852.l7tech.com:8443/restman/1.0/policies/c45657033a1a2f683672b349d6a766a5" type="POLICY"/>
        <l7:Mapping action="NewOrExisting" srcId="c45657033a1a2f683672b349d6a765dd" srcUri="https://BMSingleNode938852.l7tech.com:8443/restman/1.0/services/c45657033a1a2f683672b349d6a765dd" type="SERVICE"/>
        <l7:Mapping action="NewOrExisting" srcId="c45657033a1a2f683672b349d6a76dfc" srcUri="https://BMSingleNode938852.l7tech.com:8443/restman/1.0/policies/c45657033a1a2f683672b349d6a76dfc" type="POLICY"/>
        <l7:Mapping action="NewOrExisting" srcId="c45657033a1a2f683672b349d6a7a1b0" srcUri="https://BMSingleNode938852.l7tech.com:8443/restman/1.0/services/c45657033a1a2f683672b349d6a7a1b0" type="SERVICE"/>
        <l7:Mapping action="NewOrExisting" srcId="71489e6b3f531c24ce7c3749511b0b2a" srcUri="https://BMSingleNode938852.l7tech.com:8443/restman/1.0/folders/71489e6b3f531c24ce7c3749511b0b2a" type="FOLDER">
            <l7:Properties>
                <l7:Property key="FailOnNew">
                    <l7:BooleanValue>true</l7:BooleanValue>
                </l7:Property>
            </l7:Properties>
        </l7:Mapping>
        <l7:Mapping action="NewOrExisting" srcId="71489e6b3f531c24ce7c3749511b0a9b" srcUri="https://BMSingleNode938852.l7tech.com:8443/restman/1.0/policies/71489e6b3f531c24ce7c3749511b0a9b" type="POLICY"/>
        <l7:Mapping action="NewOrExisting" srcId="71489e6b3f531c24ce7c3749511b0c2e" srcUri="https://BMSingleNode938852.l7tech.com:8443/restman/1.0/services/71489e6b3f531c24ce7c3749511b0c2e" type="SERVICE"/>
        <l7:Mapping action="NewOrExisting" srcId="c45657033a1a2f683672b349d6a71cf1" srcUri="https://BMSingleNode938852.l7tech.com:8443/restman/1.0/policies/c45657033a1a2f683672b349d6a71cf1" type="POLICY"/>
        <l7:Mapping action="NewOrExisting" srcId="c45657033a1a2f683672b349d6a71d17" srcUri="https://BMSingleNode938852.l7tech.com:8443/restman/1.0/services/c45657033a1a2f683672b349d6a71d17" type="SERVICE"/>
        <l7:Mapping action="NewOrExisting" srcId="c45657033a1a2f683672b349d6a71db7" srcUri="https://BMSingleNode938852.l7tech.com:8443/restman/1.0/policies/c45657033a1a2f683672b349d6a71db7" type="POLICY"/>
        <l7:Mapping action="NewOrExisting" srcId="c45657033a1a2f683672b349d6a71dd8" srcUri="https://BMSingleNode938852.l7tech.com:8443/restman/1.0/services/c45657033a1a2f683672b349d6a71dd8" type="SERVICE"/>
        <l7:Mapping action="NewOrExisting" srcId="c45657033a1a2f683672b349d6a7202c" srcUri="https://BMSingleNode938852.l7tech.com:8443/restman/1.0/policies/c45657033a1a2f683672b349d6a7202c" type="POLICY"/>
        <l7:Mapping action="NewOrExisting" srcId="c45657033a1a2f683672b349d6a7204d" srcUri="https://BMSingleNode938852.l7tech.com:8443/restman/1.0/services/c45657033a1a2f683672b349d6a7204d" type="SERVICE"/>
        <l7:Mapping action="NewOrExisting" srcId="71489e6b3f531c24ce7c3749511b0ace" srcUri="https://BMSingleNode938852.l7tech.com:8443/restman/1.0/folders/71489e6b3f531c24ce7c3749511b0ace" type="FOLDER">
            <l7:Properties>
                <l7:Property key="FailOnNew">
                    <l7:BooleanValue>true</l7:BooleanValue>
                </l7:Property>
            </l7:Properties>
        </l7:Mapping>
        <l7:Mapping action="NewOrExisting" srcId="71489e6b3f531c24ce7c3749511b0cde" srcUri="https://BMSingleNode938852.l7tech.com:8443/restman/1.0/policies/71489e6b3f531c24ce7c3749511b0cde" type="POLICY"/>
        <l7:Mapping action="NewOrExisting" srcId="71489e6b3f531c24ce7c3749511b0cfa" srcUri="https://BMSingleNode938852.l7tech.com:8443/restman/1.0/services/71489e6b3f531c24ce7c3749511b0cfa" type="SERVICE"/>
        <l7:Mapping action="NewOrExisting" srcId="71489e6b3f531c24ce7c3749511c1ca9" srcUri="https://BMSingleNode938852.l7tech.com:8443/restman/1.0/policies/71489e6b3f531c24ce7c3749511c1ca9" type="POLICY"/>
        <l7:Mapping action="NewOrExisting" srcId="71489e6b3f531c24ce7c3749511c1d6a" srcUri="https://BMSingleNode938852.l7tech.com:8443/restman/1.0/services/71489e6b3f531c24ce7c3749511c1d6a" type="SERVICE"/>
        <l7:Mapping action="NewOrExisting" srcId="c45657033a1a2f683672b349d6a71e30" srcUri="https://BMSingleNode938852.l7tech.com:8443/restman/1.0/policies/c45657033a1a2f683672b349d6a71e30" type="POLICY"/>
        <l7:Mapping action="NewOrExisting" srcId="c45657033a1a2f683672b349d6a71e54" srcUri="https://BMSingleNode938852.l7tech.com:8443/restman/1.0/services/c45657033a1a2f683672b349d6a71e54" type="SERVICE"/>
        <l7:Mapping action="NewOrExisting" srcId="c45657033a1a2f683672b349d6a71f9f" srcUri="https://BMSingleNode938852.l7tech.com:8443/restman/1.0/policies/c45657033a1a2f683672b349d6a71f9f" type="POLICY"/>
        <l7:Mapping action="NewOrExisting" srcId="c45657033a1a2f683672b349d6a71fc5" srcUri="https://BMSingleNode938852.l7tech.com:8443/restman/1.0/services/c45657033a1a2f683672b349d6a71fc5" type="SERVICE"/>
        <l7:Mapping action="NewOrExisting" srcId="7bbaa20c818d93d8cdee010f3051d366" srcUri="https://BMSingleNode938852.l7tech.com:8443/restman/1.0/jmsDestinations/7bbaa20c818d93d8cdee010f3051d366" type="JMS_ENDPOINT"/>
        <l7:Mapping action="NewOrExisting" srcId="7bbaa20c818d93d8cdee010f3051d3b1" srcUri="https://BMSingleNode938852.l7tech.com:8443/restman/1.0/folders/7bbaa20c818d93d8cdee010f3051d3b1" type="FOLDER">
            <l7:Properties>
                <l7:Property key="FailOnNew">
                    <l7:BooleanValue>true</l7:BooleanValue>
                </l7:Property>
            </l7:Properties>
        </l7:Mapping>
        <l7:Mapping action="NewOrExisting" srcId="7bbaa20c818d93d8cdee010f3051d416" srcUri="https://BMSingleNode938852.l7tech.com:8443/restman/1.0/policies/7bbaa20c818d93d8cdee010f3051d416" type="POLICY"/>
        <l7:Mapping action="NewOrExisting" srcId="7bbaa20c818d93d8cdee010f3051d49c" srcUri="https://BMSingleNode938852.l7tech.com:8443/restman/1.0/services/7bbaa20c818d93d8cdee010f3051d49c" type="SERVICE"/>
        <l7:Mapping action="NewOrExisting" srcId="89f8b4e6dc54f3be57cf17a83bb9ab0e" srcUri="https://BMSingleNode938852.l7tech.com:8443/restman/1.0/folders/89f8b4e6dc54f3be57cf17a83bb9ab0e" type="FOLDER">
            <l7:Properties>
                <l7:Property key="FailOnNew">
                    <l7:BooleanValue>true</l7:BooleanValue>
                </l7:Property>
            </l7:Properties>
        </l7:Mapping>
        <l7:Mapping action="NewOrExisting" srcId="89f8b4e6dc54f3be57cf17a83bb9ab54" srcUri="https://BMSingleNode938852.l7tech.com:8443/restman/1.0/policies/89f8b4e6dc54f3be57cf17a83bb9ab54" type="POLICY"/>
        <l7:Mapping action="NewOrExisting" srcId="89f8b4e6dc54f3be57cf17a83bb9acc5" srcUri="https://BMSingleNode938852.l7tech.com:8443/restman/1.0/services/89f8b4e6dc54f3be57cf17a83bb9acc5" type="SERVICE"/>
        <l7:Mapping action="NewOrExisting" srcId="e12ad0f1af60960b6745d40ba3c181dc" srcUri="https://BMSingleNode938852.l7tech.com:8443/restman/1.0/passwords/e12ad0f1af60960b6745d40ba3c181dc" type="SECURE_PASSWORD">
            <l7:Properties>
                <l7:Property key="FailOnNew">
                    <l7:BooleanValue>true</l7:BooleanValue>
                </l7:Property>
            </l7:Properties>
        </l7:Mapping>
        <l7:Mapping action="NewOrExisting" srcId="e12ad0f1af60960b6745d40ba3c181fe" srcUri="https://BMSingleNode938852.l7tech.com:8443/restman/1.0/activeConnectors/e12ad0f1af60960b6745d40ba3c181fe" type="SSG_ACTIVE_CONNECTOR"/>
        <l7:Mapping action="NewOrExisting" srcId="e12ad0f1af60960b6745d40ba3b3f7bf" srcUri="https://BMSingleNode938852.l7tech.com:8443/restman/1.0/folders/e12ad0f1af60960b6745d40ba3b3f7bf" type="FOLDER">
            <l7:Properties>
                <l7:Property key="FailOnNew">
                    <l7:BooleanValue>true</l7:BooleanValue>
                </l7:Property>
            </l7:Properties>
        </l7:Mapping>
        <l7:Mapping action="NewOrExisting" srcId="e12ad0f1af60960b6745d40ba3b3f801" srcUri="https://BMSingleNode938852.l7tech.com:8443/restman/1.0/policies/e12ad0f1af60960b6745d40ba3b3f801" type="POLICY"/>
        <l7:Mapping action="NewOrExisting" srcId="967ef3ce158d563a541d66f83a55908e" srcUri="https://BMSingleNode938852.l7tech.com:8443/restman/1.0/services/967ef3ce158d563a541d66f83a55908e" type="SERVICE"/>
		<l7:Mapping action="NewOrExisting" srcId="e00151f230444365ca363c516ba48a30" srcUri="https://BMSingleNode938852.l7tech.com:8443/restman/1.0/services/e00151f230444365ca363c516ba48a30" type="SERVICE"/>
        <l7:Mapping action="NewOrExisting" srcId="a75021d1d21226a4af3ee792daa0b3fe" srcUri="https://BMSingleNode938852.l7tech.com:8443/restman/1.0/services/a75021d1d21226a4af3ee792daa0b3fe" type="SERVICE"/>
        <l7:Mapping action="NewOrExisting" srcId="a75021d1d21226a4af3ee792daa0b35f" srcUri="https://BMSingleNode938852.l7tech.com:8443/restman/1.0/folders/a75021d1d21226a4af3ee792daa0b35f" type="FOLDER">
            <l7:Properties>
                <l7:Property key="FailOnNew">
                    <l7:BooleanValue>true</l7:BooleanValue>
                </l7:Property>
            </l7:Properties>
        </l7:Mapping>
        <l7:Mapping action="NewOrExisting" srcId="a75021d1d21226a4af3ee792daa0b3a4" srcUri="https://BMSingleNode938852.l7tech.com:8443/restman/1.0/policies/a75021d1d21226a4af3ee792daa0b3a4" type="POLICY"/>
        <l7:Mapping action="NewOrExisting" srcId="a75021d1d21226a4af3ee792daa0b443" srcUri="https://BMSingleNode938852.l7tech.com:8443/restman/1.0/services/a75021d1d21226a4af3ee792daa0b443" type="SERVICE"/>
        <l7:Mapping action="NewOrExisting" srcId="c45657033a1a2f683672b349d6a720ea" srcUri="https://BMSingleNode938852.l7tech.com:8443/restman/1.0/folders/c45657033a1a2f683672b349d6a720ea" type="FOLDER">
            <l7:Properties>
                <l7:Property key="FailOnNew">
                    <l7:BooleanValue>true</l7:BooleanValue>
                </l7:Property>
            </l7:Properties>
        </l7:Mapping>
		<l7:Mapping action="NewOrExisting" srcId="d2fa89d89c7bad79d78c8911f74e017f" srcUri="https://us704414-ssg1-sec.lvn.broadcom.net:8443/restman/1.0/genericEntities/d2fa89d89c7bad79d78c8911f74e017f" type="GENERIC"/>
        <l7:Mapping action="NewOrExisting" srcId="c45657033a1a2f683672b349d6a7221a" srcUri="https://BMSingleNode938852.l7tech.com:8443/restman/1.0/services/c45657033a1a2f683672b349d6a7221a" type="SERVICE"/>
		<l7:Mapping action="NewOrExisting" srcId="3d14e9497fb11b707c85db416c919082" srcUri="https://us704414-ssg2.lvn.broadcom.net:8443/restman/1.0/policies/3d14e9497fb11b707c85db416c919082" type="POLICY"/>
		<l7:Mapping action="NewOrExisting" srcId="3d14e9497fb11b707c85db416c9190a7" srcUri="https://us704414-ssg2.lvn.broadcom.net:8443/restman/1.0/services/3d14e9497fb11b707c85db416c9190a7" type="SERVICE"/>
		<l7:Mapping action="NewOrExisting" srcId="d2fa89d89c7bad79d78c8911f74ee0f3" srcUri="https://us704414-ssg1-sec.lvn.broadcom.net:8443/restman/1.0/policies/d2fa89d89c7bad79d78c8911f74ee0f3" type="POLICY"/>
        <l7:Mapping action="NewOrExisting" srcId="d2fa89d89c7bad79d78c8911f74ee11c" srcUri="https://us704414-ssg1-sec.lvn.broadcom.net:8443/restman/1.0/services/d2fa89d89c7bad79d78c8911f74ee11c" type="SERVICE"/>
		<l7:Mapping action="NewOrExisting" srcId="d2fa89d89c7bad79d78c8911f74e0108" srcUri="https://us704414-ssg1-sec.lvn.broadcom.net:8443/restman/1.0/policies/d2fa89d89c7bad79d78c8911f74e0108" type="POLICY"/>
        <l7:Mapping action="NewOrExisting" srcId="d2fa89d89c7bad79d78c8911f74e01b4" srcUri="https://us704414-ssg1-sec.lvn.broadcom.net:8443/restman/1.0/services/d2fa89d89c7bad79d78c8911f74e01b4" type="SERVICE"/>
		<l7:Mapping action="NewOrExisting" srcId="d2fa89d89c7bad79d78c8911f74e011c" srcUri="https://us704414-ssg1-sec.lvn.broadcom.net:8443/restman/1.0/policies/d2fa89d89c7bad79d78c8911f74e011c" type="POLICY"/>
        <l7:Mapping action="NewOrExisting" srcId="d2fa89d89c7bad79d78c8911f74e01fe" srcUri="https://us704414-ssg1-sec.lvn.broadcom.net:8443/restman/1.0/services/d2fa89d89c7bad79d78c8911f74e01fe" type="SERVICE"/>
    </l7:Mappings>
</l7:Bundle>